==============================================================
File generated by Vivado(TM) HLS - High-Level Synthesis from C, C++ and SystemC
Version: 2015.4
Copyright (C) 2015 Xilinx Inc. All rights reserved.

==============================================================

@I [SYN-201] Setting up clock 'default' with a period of 5ns.
@I [HLS-10] Setting target device to 'xc7z020clg484-1'
@I [SIM-47] Using XSIM for RTL simulation.
@I [SIM-14] Instrumenting C test bench ...
@E [SIM-329] Aborting co-simulation: C simulation failed, no 'main' function.
@E [SIM-317] C++ compile error.
@E [SIM-321] EXE file generate failed.
@E [SIM-321] EXE file generate failed.
@E [SIM-331] Aborting co-simulation: C simulation failed, compilation errors.
@E [SIM-4] *** C/RTL co-simulation finished: FAIL ***
command 'ap_source' returned error code
    while executing
"source C:/Users/Jack/Desktop/cse291/individual/finalproject/src/hw_soln/fire_module/solution1/cosim.tcl"
    invoked from within
"hls::main C:/Users/Jack/Desktop/cse291/individual/finalproject/src/hw_soln/fire_module/solution1/cosim.tcl"
    ("uplevel" body line 1)
    invoked from within
"uplevel 1 hls::main {*}$args"
    (procedure "hls_proc" line 5)
    invoked from within
"hls_proc $argv"
