

================================================================
== Vivado HLS Report for 'fire2_combine'
================================================================
* Date:           Mon May 01 22:00:36 2017

* Version:        2015.4 (Build 1412921 on Wed Nov 18 09:58:55 AM 2015)
* Project:        fire_module
* Solution:       solution1
* Product family: zynq
* Target device:  xc7z020clg484-1


================================================================
== Performance Estimates
================================================================
+ Timing (ns): 
    * Summary: 
    +--------+-------+----------+------------+
    |  Clock | Target| Estimated| Uncertainty|
    +--------+-------+----------+------------+
    |ap_clk  |   5.00|      3.71|        0.63|
    +--------+-------+----------+------------+

+ Latency (clock cycles): 
    * Summary: 
    +------+------+------+------+---------+
    |   Latency   |   Interval  | Pipeline|
    |  min |  max |  min |  max |   Type  |
    +------+------+------+------+---------+
    |  6053|  6053|  6053|  6053|   none  |
    +------+------+------+------+---------+

    + Detail: 
        * Instance: 
        N/A

        * Loop: 
        +----------+------+------+----------+-----------+-----------+------+----------+
        |          |   Latency   | Iteration|  Initiation Interval  | Trip |          |
        | Loop Name|  min |  max |  Latency |  achieved |   target  | Count| Pipelined|
        +----------+------+------+----------+-----------+-----------+------+----------+
        |- Loop 1  |  3025|  3025|         2|          1|          1|  3025|    yes   |
        |- Loop 2  |  3025|  3025|         2|          1|          1|  3025|    yes   |
        +----------+------+------+----------+-----------+-----------+------+----------+

============================================================
+ Verbose Summary: Synthesis Manager
============================================================
InlineROM: 1
ExposeGlobal: 0
============================================================
+ Verbose Summary: CDFG Model
============================================================
IsTopModel: 0
ResetActiveHigh: 1
IsCombinational: 2
IsDatapathOnly: 0
HasWiredReturn: 1
HasMFsm: 0
HasVarLatency: 1
IsPipeline: 0
IsRtlPipelined: 0
IsInstanceOverlapped: 0
IsDontTouch: 0
HasImplIP: 0
IsGatedGlobalClock: 0

+ Individual pipeline summary: 
  * Pipeline-0: initiation interval (II) = 1, depth = 2
  * Pipeline-1: initiation interval (II) = 1, depth = 2


============================================================
+ Verbose Summary: Schedule
============================================================
* Number of FSM states: 6
* Pipeline: 2
  Pipeline-0: II = 1, D = 2, States = { 2 3 }
  Pipeline-1: II = 1, D = 2, States = { 4 5 }
* Dataflow Pipeline: 0

* FSM state transitions: 
1 --> 
	2  / true
2 --> 
	4  / (exitcond_flatten)
	3  / (!exitcond_flatten)
3 --> 
	2  / true
4 --> 
	6  / (exitcond_flatten8)
	5  / (!exitcond_flatten8)
5 --> 
	4  / true
6 --> 
* FSM state operations: 

 <State 1>: 1.57ns
ST_1: empty [1/1] 0.00ns
:0  %empty = call i32 (...)* @_ssdm_op_SpecInterface(i32* %matrix_e3x3_stream_o_63_V, [8 x i8]* @ap_fifo_str, i32 0, i32 0, i32 0, i32 0, [1 x i8]* @p_str, [1 x i8]* @p_str, [1 x i8]* @p_str, [1 x i8]* @p_str)

ST_1: empty_832 [1/1] 0.00ns
:1  %empty_832 = call i32 (...)* @_ssdm_op_SpecInterface(i32* %matrix_e3x3_stream_o_62_V, [8 x i8]* @ap_fifo_str, i32 0, i32 0, i32 0, i32 0, [1 x i8]* @p_str, [1 x i8]* @p_str, [1 x i8]* @p_str, [1 x i8]* @p_str)

ST_1: empty_833 [1/1] 0.00ns
:2  %empty_833 = call i32 (...)* @_ssdm_op_SpecInterface(i32* %matrix_e3x3_stream_o_61_V, [8 x i8]* @ap_fifo_str, i32 0, i32 0, i32 0, i32 0, [1 x i8]* @p_str, [1 x i8]* @p_str, [1 x i8]* @p_str, [1 x i8]* @p_str)

ST_1: empty_834 [1/1] 0.00ns
:3  %empty_834 = call i32 (...)* @_ssdm_op_SpecInterface(i32* %matrix_e3x3_stream_o_60_V, [8 x i8]* @ap_fifo_str, i32 0, i32 0, i32 0, i32 0, [1 x i8]* @p_str, [1 x i8]* @p_str, [1 x i8]* @p_str, [1 x i8]* @p_str)

ST_1: empty_835 [1/1] 0.00ns
:4  %empty_835 = call i32 (...)* @_ssdm_op_SpecInterface(i32* %matrix_e3x3_stream_o_59_V, [8 x i8]* @ap_fifo_str, i32 0, i32 0, i32 0, i32 0, [1 x i8]* @p_str, [1 x i8]* @p_str, [1 x i8]* @p_str, [1 x i8]* @p_str)

ST_1: empty_836 [1/1] 0.00ns
:5  %empty_836 = call i32 (...)* @_ssdm_op_SpecInterface(i32* %matrix_e3x3_stream_o_58_V, [8 x i8]* @ap_fifo_str, i32 0, i32 0, i32 0, i32 0, [1 x i8]* @p_str, [1 x i8]* @p_str, [1 x i8]* @p_str, [1 x i8]* @p_str)

ST_1: empty_837 [1/1] 0.00ns
:6  %empty_837 = call i32 (...)* @_ssdm_op_SpecInterface(i32* %matrix_e3x3_stream_o_57_V, [8 x i8]* @ap_fifo_str, i32 0, i32 0, i32 0, i32 0, [1 x i8]* @p_str, [1 x i8]* @p_str, [1 x i8]* @p_str, [1 x i8]* @p_str)

ST_1: empty_838 [1/1] 0.00ns
:7  %empty_838 = call i32 (...)* @_ssdm_op_SpecInterface(i32* %matrix_e3x3_stream_o_56_V, [8 x i8]* @ap_fifo_str, i32 0, i32 0, i32 0, i32 0, [1 x i8]* @p_str, [1 x i8]* @p_str, [1 x i8]* @p_str, [1 x i8]* @p_str)

ST_1: empty_839 [1/1] 0.00ns
:8  %empty_839 = call i32 (...)* @_ssdm_op_SpecInterface(i32* %matrix_e3x3_stream_o_55_V, [8 x i8]* @ap_fifo_str, i32 0, i32 0, i32 0, i32 0, [1 x i8]* @p_str, [1 x i8]* @p_str, [1 x i8]* @p_str, [1 x i8]* @p_str)

ST_1: empty_840 [1/1] 0.00ns
:9  %empty_840 = call i32 (...)* @_ssdm_op_SpecInterface(i32* %matrix_e3x3_stream_o_54_V, [8 x i8]* @ap_fifo_str, i32 0, i32 0, i32 0, i32 0, [1 x i8]* @p_str, [1 x i8]* @p_str, [1 x i8]* @p_str, [1 x i8]* @p_str)

ST_1: empty_841 [1/1] 0.00ns
:10  %empty_841 = call i32 (...)* @_ssdm_op_SpecInterface(i32* %matrix_e3x3_stream_o_53_V, [8 x i8]* @ap_fifo_str, i32 0, i32 0, i32 0, i32 0, [1 x i8]* @p_str, [1 x i8]* @p_str, [1 x i8]* @p_str, [1 x i8]* @p_str)

ST_1: empty_842 [1/1] 0.00ns
:11  %empty_842 = call i32 (...)* @_ssdm_op_SpecInterface(i32* %matrix_e3x3_stream_o_52_V, [8 x i8]* @ap_fifo_str, i32 0, i32 0, i32 0, i32 0, [1 x i8]* @p_str, [1 x i8]* @p_str, [1 x i8]* @p_str, [1 x i8]* @p_str)

ST_1: empty_843 [1/1] 0.00ns
:12  %empty_843 = call i32 (...)* @_ssdm_op_SpecInterface(i32* %matrix_e3x3_stream_o_51_V, [8 x i8]* @ap_fifo_str, i32 0, i32 0, i32 0, i32 0, [1 x i8]* @p_str, [1 x i8]* @p_str, [1 x i8]* @p_str, [1 x i8]* @p_str)

ST_1: empty_844 [1/1] 0.00ns
:13  %empty_844 = call i32 (...)* @_ssdm_op_SpecInterface(i32* %matrix_e3x3_stream_o_50_V, [8 x i8]* @ap_fifo_str, i32 0, i32 0, i32 0, i32 0, [1 x i8]* @p_str, [1 x i8]* @p_str, [1 x i8]* @p_str, [1 x i8]* @p_str)

ST_1: empty_845 [1/1] 0.00ns
:14  %empty_845 = call i32 (...)* @_ssdm_op_SpecInterface(i32* %matrix_e3x3_stream_o_49_V, [8 x i8]* @ap_fifo_str, i32 0, i32 0, i32 0, i32 0, [1 x i8]* @p_str, [1 x i8]* @p_str, [1 x i8]* @p_str, [1 x i8]* @p_str)

ST_1: empty_846 [1/1] 0.00ns
:15  %empty_846 = call i32 (...)* @_ssdm_op_SpecInterface(i32* %matrix_e3x3_stream_o_48_V, [8 x i8]* @ap_fifo_str, i32 0, i32 0, i32 0, i32 0, [1 x i8]* @p_str, [1 x i8]* @p_str, [1 x i8]* @p_str, [1 x i8]* @p_str)

ST_1: empty_847 [1/1] 0.00ns
:16  %empty_847 = call i32 (...)* @_ssdm_op_SpecInterface(i32* %matrix_e3x3_stream_o_47_V, [8 x i8]* @ap_fifo_str, i32 0, i32 0, i32 0, i32 0, [1 x i8]* @p_str, [1 x i8]* @p_str, [1 x i8]* @p_str, [1 x i8]* @p_str)

ST_1: empty_848 [1/1] 0.00ns
:17  %empty_848 = call i32 (...)* @_ssdm_op_SpecInterface(i32* %matrix_e3x3_stream_o_46_V, [8 x i8]* @ap_fifo_str, i32 0, i32 0, i32 0, i32 0, [1 x i8]* @p_str, [1 x i8]* @p_str, [1 x i8]* @p_str, [1 x i8]* @p_str)

ST_1: empty_849 [1/1] 0.00ns
:18  %empty_849 = call i32 (...)* @_ssdm_op_SpecInterface(i32* %matrix_e3x3_stream_o_45_V, [8 x i8]* @ap_fifo_str, i32 0, i32 0, i32 0, i32 0, [1 x i8]* @p_str, [1 x i8]* @p_str, [1 x i8]* @p_str, [1 x i8]* @p_str)

ST_1: empty_850 [1/1] 0.00ns
:19  %empty_850 = call i32 (...)* @_ssdm_op_SpecInterface(i32* %matrix_e3x3_stream_o_44_V, [8 x i8]* @ap_fifo_str, i32 0, i32 0, i32 0, i32 0, [1 x i8]* @p_str, [1 x i8]* @p_str, [1 x i8]* @p_str, [1 x i8]* @p_str)

ST_1: empty_851 [1/1] 0.00ns
:20  %empty_851 = call i32 (...)* @_ssdm_op_SpecInterface(i32* %matrix_e3x3_stream_o_43_V, [8 x i8]* @ap_fifo_str, i32 0, i32 0, i32 0, i32 0, [1 x i8]* @p_str, [1 x i8]* @p_str, [1 x i8]* @p_str, [1 x i8]* @p_str)

ST_1: empty_852 [1/1] 0.00ns
:21  %empty_852 = call i32 (...)* @_ssdm_op_SpecInterface(i32* %matrix_e3x3_stream_o_42_V, [8 x i8]* @ap_fifo_str, i32 0, i32 0, i32 0, i32 0, [1 x i8]* @p_str, [1 x i8]* @p_str, [1 x i8]* @p_str, [1 x i8]* @p_str)

ST_1: empty_853 [1/1] 0.00ns
:22  %empty_853 = call i32 (...)* @_ssdm_op_SpecInterface(i32* %matrix_e3x3_stream_o_41_V, [8 x i8]* @ap_fifo_str, i32 0, i32 0, i32 0, i32 0, [1 x i8]* @p_str, [1 x i8]* @p_str, [1 x i8]* @p_str, [1 x i8]* @p_str)

ST_1: empty_854 [1/1] 0.00ns
:23  %empty_854 = call i32 (...)* @_ssdm_op_SpecInterface(i32* %matrix_e3x3_stream_o_40_V, [8 x i8]* @ap_fifo_str, i32 0, i32 0, i32 0, i32 0, [1 x i8]* @p_str, [1 x i8]* @p_str, [1 x i8]* @p_str, [1 x i8]* @p_str)

ST_1: empty_855 [1/1] 0.00ns
:24  %empty_855 = call i32 (...)* @_ssdm_op_SpecInterface(i32* %matrix_e3x3_stream_o_39_V, [8 x i8]* @ap_fifo_str, i32 0, i32 0, i32 0, i32 0, [1 x i8]* @p_str, [1 x i8]* @p_str, [1 x i8]* @p_str, [1 x i8]* @p_str)

ST_1: empty_856 [1/1] 0.00ns
:25  %empty_856 = call i32 (...)* @_ssdm_op_SpecInterface(i32* %matrix_e3x3_stream_o_38_V, [8 x i8]* @ap_fifo_str, i32 0, i32 0, i32 0, i32 0, [1 x i8]* @p_str, [1 x i8]* @p_str, [1 x i8]* @p_str, [1 x i8]* @p_str)

ST_1: empty_857 [1/1] 0.00ns
:26  %empty_857 = call i32 (...)* @_ssdm_op_SpecInterface(i32* %matrix_e3x3_stream_o_37_V, [8 x i8]* @ap_fifo_str, i32 0, i32 0, i32 0, i32 0, [1 x i8]* @p_str, [1 x i8]* @p_str, [1 x i8]* @p_str, [1 x i8]* @p_str)

ST_1: empty_858 [1/1] 0.00ns
:27  %empty_858 = call i32 (...)* @_ssdm_op_SpecInterface(i32* %matrix_e3x3_stream_o_36_V, [8 x i8]* @ap_fifo_str, i32 0, i32 0, i32 0, i32 0, [1 x i8]* @p_str, [1 x i8]* @p_str, [1 x i8]* @p_str, [1 x i8]* @p_str)

ST_1: empty_859 [1/1] 0.00ns
:28  %empty_859 = call i32 (...)* @_ssdm_op_SpecInterface(i32* %matrix_e3x3_stream_o_35_V, [8 x i8]* @ap_fifo_str, i32 0, i32 0, i32 0, i32 0, [1 x i8]* @p_str, [1 x i8]* @p_str, [1 x i8]* @p_str, [1 x i8]* @p_str)

ST_1: empty_860 [1/1] 0.00ns
:29  %empty_860 = call i32 (...)* @_ssdm_op_SpecInterface(i32* %matrix_e3x3_stream_o_34_V, [8 x i8]* @ap_fifo_str, i32 0, i32 0, i32 0, i32 0, [1 x i8]* @p_str, [1 x i8]* @p_str, [1 x i8]* @p_str, [1 x i8]* @p_str)

ST_1: empty_861 [1/1] 0.00ns
:30  %empty_861 = call i32 (...)* @_ssdm_op_SpecInterface(i32* %matrix_e3x3_stream_o_33_V, [8 x i8]* @ap_fifo_str, i32 0, i32 0, i32 0, i32 0, [1 x i8]* @p_str, [1 x i8]* @p_str, [1 x i8]* @p_str, [1 x i8]* @p_str)

ST_1: empty_862 [1/1] 0.00ns
:31  %empty_862 = call i32 (...)* @_ssdm_op_SpecInterface(i32* %matrix_e3x3_stream_o_32_V, [8 x i8]* @ap_fifo_str, i32 0, i32 0, i32 0, i32 0, [1 x i8]* @p_str, [1 x i8]* @p_str, [1 x i8]* @p_str, [1 x i8]* @p_str)

ST_1: empty_863 [1/1] 0.00ns
:32  %empty_863 = call i32 (...)* @_ssdm_op_SpecInterface(i32* %matrix_e3x3_stream_o_31_V, [8 x i8]* @ap_fifo_str, i32 0, i32 0, i32 0, i32 0, [1 x i8]* @p_str, [1 x i8]* @p_str, [1 x i8]* @p_str, [1 x i8]* @p_str)

ST_1: empty_864 [1/1] 0.00ns
:33  %empty_864 = call i32 (...)* @_ssdm_op_SpecInterface(i32* %matrix_e3x3_stream_o_30_V, [8 x i8]* @ap_fifo_str, i32 0, i32 0, i32 0, i32 0, [1 x i8]* @p_str, [1 x i8]* @p_str, [1 x i8]* @p_str, [1 x i8]* @p_str)

ST_1: empty_865 [1/1] 0.00ns
:34  %empty_865 = call i32 (...)* @_ssdm_op_SpecInterface(i32* %matrix_e3x3_stream_o_29_V, [8 x i8]* @ap_fifo_str, i32 0, i32 0, i32 0, i32 0, [1 x i8]* @p_str, [1 x i8]* @p_str, [1 x i8]* @p_str, [1 x i8]* @p_str)

ST_1: empty_866 [1/1] 0.00ns
:35  %empty_866 = call i32 (...)* @_ssdm_op_SpecInterface(i32* %matrix_e3x3_stream_o_28_V, [8 x i8]* @ap_fifo_str, i32 0, i32 0, i32 0, i32 0, [1 x i8]* @p_str, [1 x i8]* @p_str, [1 x i8]* @p_str, [1 x i8]* @p_str)

ST_1: empty_867 [1/1] 0.00ns
:36  %empty_867 = call i32 (...)* @_ssdm_op_SpecInterface(i32* %matrix_e3x3_stream_o_27_V, [8 x i8]* @ap_fifo_str, i32 0, i32 0, i32 0, i32 0, [1 x i8]* @p_str, [1 x i8]* @p_str, [1 x i8]* @p_str, [1 x i8]* @p_str)

ST_1: empty_868 [1/1] 0.00ns
:37  %empty_868 = call i32 (...)* @_ssdm_op_SpecInterface(i32* %matrix_e3x3_stream_o_26_V, [8 x i8]* @ap_fifo_str, i32 0, i32 0, i32 0, i32 0, [1 x i8]* @p_str, [1 x i8]* @p_str, [1 x i8]* @p_str, [1 x i8]* @p_str)

ST_1: empty_869 [1/1] 0.00ns
:38  %empty_869 = call i32 (...)* @_ssdm_op_SpecInterface(i32* %matrix_e3x3_stream_o_25_V, [8 x i8]* @ap_fifo_str, i32 0, i32 0, i32 0, i32 0, [1 x i8]* @p_str, [1 x i8]* @p_str, [1 x i8]* @p_str, [1 x i8]* @p_str)

ST_1: empty_870 [1/1] 0.00ns
:39  %empty_870 = call i32 (...)* @_ssdm_op_SpecInterface(i32* %matrix_e3x3_stream_o_24_V, [8 x i8]* @ap_fifo_str, i32 0, i32 0, i32 0, i32 0, [1 x i8]* @p_str, [1 x i8]* @p_str, [1 x i8]* @p_str, [1 x i8]* @p_str)

ST_1: empty_871 [1/1] 0.00ns
:40  %empty_871 = call i32 (...)* @_ssdm_op_SpecInterface(i32* %matrix_e3x3_stream_o_23_V, [8 x i8]* @ap_fifo_str, i32 0, i32 0, i32 0, i32 0, [1 x i8]* @p_str, [1 x i8]* @p_str, [1 x i8]* @p_str, [1 x i8]* @p_str)

ST_1: empty_872 [1/1] 0.00ns
:41  %empty_872 = call i32 (...)* @_ssdm_op_SpecInterface(i32* %matrix_e3x3_stream_o_22_V, [8 x i8]* @ap_fifo_str, i32 0, i32 0, i32 0, i32 0, [1 x i8]* @p_str, [1 x i8]* @p_str, [1 x i8]* @p_str, [1 x i8]* @p_str)

ST_1: empty_873 [1/1] 0.00ns
:42  %empty_873 = call i32 (...)* @_ssdm_op_SpecInterface(i32* %matrix_e3x3_stream_o_21_V, [8 x i8]* @ap_fifo_str, i32 0, i32 0, i32 0, i32 0, [1 x i8]* @p_str, [1 x i8]* @p_str, [1 x i8]* @p_str, [1 x i8]* @p_str)

ST_1: empty_874 [1/1] 0.00ns
:43  %empty_874 = call i32 (...)* @_ssdm_op_SpecInterface(i32* %matrix_e3x3_stream_o_20_V, [8 x i8]* @ap_fifo_str, i32 0, i32 0, i32 0, i32 0, [1 x i8]* @p_str, [1 x i8]* @p_str, [1 x i8]* @p_str, [1 x i8]* @p_str)

ST_1: empty_875 [1/1] 0.00ns
:44  %empty_875 = call i32 (...)* @_ssdm_op_SpecInterface(i32* %matrix_e3x3_stream_o_19_V, [8 x i8]* @ap_fifo_str, i32 0, i32 0, i32 0, i32 0, [1 x i8]* @p_str, [1 x i8]* @p_str, [1 x i8]* @p_str, [1 x i8]* @p_str)

ST_1: empty_876 [1/1] 0.00ns
:45  %empty_876 = call i32 (...)* @_ssdm_op_SpecInterface(i32* %matrix_e3x3_stream_o_18_V, [8 x i8]* @ap_fifo_str, i32 0, i32 0, i32 0, i32 0, [1 x i8]* @p_str, [1 x i8]* @p_str, [1 x i8]* @p_str, [1 x i8]* @p_str)

ST_1: empty_877 [1/1] 0.00ns
:46  %empty_877 = call i32 (...)* @_ssdm_op_SpecInterface(i32* %matrix_e3x3_stream_o_17_V, [8 x i8]* @ap_fifo_str, i32 0, i32 0, i32 0, i32 0, [1 x i8]* @p_str, [1 x i8]* @p_str, [1 x i8]* @p_str, [1 x i8]* @p_str)

ST_1: empty_878 [1/1] 0.00ns
:47  %empty_878 = call i32 (...)* @_ssdm_op_SpecInterface(i32* %matrix_e3x3_stream_o_16_V, [8 x i8]* @ap_fifo_str, i32 0, i32 0, i32 0, i32 0, [1 x i8]* @p_str, [1 x i8]* @p_str, [1 x i8]* @p_str, [1 x i8]* @p_str)

ST_1: empty_879 [1/1] 0.00ns
:48  %empty_879 = call i32 (...)* @_ssdm_op_SpecInterface(i32* %matrix_e3x3_stream_o_15_V, [8 x i8]* @ap_fifo_str, i32 0, i32 0, i32 0, i32 0, [1 x i8]* @p_str, [1 x i8]* @p_str, [1 x i8]* @p_str, [1 x i8]* @p_str)

ST_1: empty_880 [1/1] 0.00ns
:49  %empty_880 = call i32 (...)* @_ssdm_op_SpecInterface(i32* %matrix_e3x3_stream_o_14_V, [8 x i8]* @ap_fifo_str, i32 0, i32 0, i32 0, i32 0, [1 x i8]* @p_str, [1 x i8]* @p_str, [1 x i8]* @p_str, [1 x i8]* @p_str)

ST_1: empty_881 [1/1] 0.00ns
:50  %empty_881 = call i32 (...)* @_ssdm_op_SpecInterface(i32* %matrix_e3x3_stream_o_13_V, [8 x i8]* @ap_fifo_str, i32 0, i32 0, i32 0, i32 0, [1 x i8]* @p_str, [1 x i8]* @p_str, [1 x i8]* @p_str, [1 x i8]* @p_str)

ST_1: empty_882 [1/1] 0.00ns
:51  %empty_882 = call i32 (...)* @_ssdm_op_SpecInterface(i32* %matrix_e3x3_stream_o_12_V, [8 x i8]* @ap_fifo_str, i32 0, i32 0, i32 0, i32 0, [1 x i8]* @p_str, [1 x i8]* @p_str, [1 x i8]* @p_str, [1 x i8]* @p_str)

ST_1: empty_883 [1/1] 0.00ns
:52  %empty_883 = call i32 (...)* @_ssdm_op_SpecInterface(i32* %matrix_e3x3_stream_o_11_V, [8 x i8]* @ap_fifo_str, i32 0, i32 0, i32 0, i32 0, [1 x i8]* @p_str, [1 x i8]* @p_str, [1 x i8]* @p_str, [1 x i8]* @p_str)

ST_1: empty_884 [1/1] 0.00ns
:53  %empty_884 = call i32 (...)* @_ssdm_op_SpecInterface(i32* %matrix_e3x3_stream_o_10_V, [8 x i8]* @ap_fifo_str, i32 0, i32 0, i32 0, i32 0, [1 x i8]* @p_str, [1 x i8]* @p_str, [1 x i8]* @p_str, [1 x i8]* @p_str)

ST_1: empty_885 [1/1] 0.00ns
:54  %empty_885 = call i32 (...)* @_ssdm_op_SpecInterface(i32* %matrix_e3x3_stream_o_9_V, [8 x i8]* @ap_fifo_str, i32 0, i32 0, i32 0, i32 0, [1 x i8]* @p_str, [1 x i8]* @p_str, [1 x i8]* @p_str, [1 x i8]* @p_str)

ST_1: empty_886 [1/1] 0.00ns
:55  %empty_886 = call i32 (...)* @_ssdm_op_SpecInterface(i32* %matrix_e3x3_stream_o_8_V, [8 x i8]* @ap_fifo_str, i32 0, i32 0, i32 0, i32 0, [1 x i8]* @p_str, [1 x i8]* @p_str, [1 x i8]* @p_str, [1 x i8]* @p_str)

ST_1: empty_887 [1/1] 0.00ns
:56  %empty_887 = call i32 (...)* @_ssdm_op_SpecInterface(i32* %matrix_e3x3_stream_o_7_V, [8 x i8]* @ap_fifo_str, i32 0, i32 0, i32 0, i32 0, [1 x i8]* @p_str, [1 x i8]* @p_str, [1 x i8]* @p_str, [1 x i8]* @p_str)

ST_1: empty_888 [1/1] 0.00ns
:57  %empty_888 = call i32 (...)* @_ssdm_op_SpecInterface(i32* %matrix_e3x3_stream_o_6_V, [8 x i8]* @ap_fifo_str, i32 0, i32 0, i32 0, i32 0, [1 x i8]* @p_str, [1 x i8]* @p_str, [1 x i8]* @p_str, [1 x i8]* @p_str)

ST_1: empty_889 [1/1] 0.00ns
:58  %empty_889 = call i32 (...)* @_ssdm_op_SpecInterface(i32* %matrix_e3x3_stream_o_5_V, [8 x i8]* @ap_fifo_str, i32 0, i32 0, i32 0, i32 0, [1 x i8]* @p_str, [1 x i8]* @p_str, [1 x i8]* @p_str, [1 x i8]* @p_str)

ST_1: empty_890 [1/1] 0.00ns
:59  %empty_890 = call i32 (...)* @_ssdm_op_SpecInterface(i32* %matrix_e3x3_stream_o_4_V, [8 x i8]* @ap_fifo_str, i32 0, i32 0, i32 0, i32 0, [1 x i8]* @p_str, [1 x i8]* @p_str, [1 x i8]* @p_str, [1 x i8]* @p_str)

ST_1: empty_891 [1/1] 0.00ns
:60  %empty_891 = call i32 (...)* @_ssdm_op_SpecInterface(i32* %matrix_e3x3_stream_o_3_V, [8 x i8]* @ap_fifo_str, i32 0, i32 0, i32 0, i32 0, [1 x i8]* @p_str, [1 x i8]* @p_str, [1 x i8]* @p_str, [1 x i8]* @p_str)

ST_1: empty_892 [1/1] 0.00ns
:61  %empty_892 = call i32 (...)* @_ssdm_op_SpecInterface(i32* %matrix_e3x3_stream_o_2_V, [8 x i8]* @ap_fifo_str, i32 0, i32 0, i32 0, i32 0, [1 x i8]* @p_str, [1 x i8]* @p_str, [1 x i8]* @p_str, [1 x i8]* @p_str)

ST_1: empty_893 [1/1] 0.00ns
:62  %empty_893 = call i32 (...)* @_ssdm_op_SpecInterface(i32* %matrix_e3x3_stream_o_1_V, [8 x i8]* @ap_fifo_str, i32 0, i32 0, i32 0, i32 0, [1 x i8]* @p_str, [1 x i8]* @p_str, [1 x i8]* @p_str, [1 x i8]* @p_str)

ST_1: empty_894 [1/1] 0.00ns
:63  %empty_894 = call i32 (...)* @_ssdm_op_SpecInterface(i32* %matrix_e3x3_stream_o_0_V, [8 x i8]* @ap_fifo_str, i32 0, i32 0, i32 0, i32 0, [1 x i8]* @p_str, [1 x i8]* @p_str, [1 x i8]* @p_str, [1 x i8]* @p_str)

ST_1: empty_895 [1/1] 0.00ns
:64  %empty_895 = call i32 (...)* @_ssdm_op_SpecInterface(i32* %matrix_o_0_V, [8 x i8]* @ap_fifo_str, i32 0, i32 0, i32 0, i32 0, [1 x i8]* @p_str, [1 x i8]* @p_str, [1 x i8]* @p_str, [1 x i8]* @p_str)

ST_1: empty_896 [1/1] 0.00ns
:65  %empty_896 = call i32 (...)* @_ssdm_op_SpecInterface(i32* %matrix_o_1_V, [8 x i8]* @ap_fifo_str, i32 0, i32 0, i32 0, i32 0, [1 x i8]* @p_str, [1 x i8]* @p_str, [1 x i8]* @p_str, [1 x i8]* @p_str)

ST_1: empty_897 [1/1] 0.00ns
:66  %empty_897 = call i32 (...)* @_ssdm_op_SpecInterface(i32* %matrix_o_2_V, [8 x i8]* @ap_fifo_str, i32 0, i32 0, i32 0, i32 0, [1 x i8]* @p_str, [1 x i8]* @p_str, [1 x i8]* @p_str, [1 x i8]* @p_str)

ST_1: empty_898 [1/1] 0.00ns
:67  %empty_898 = call i32 (...)* @_ssdm_op_SpecInterface(i32* %matrix_o_3_V, [8 x i8]* @ap_fifo_str, i32 0, i32 0, i32 0, i32 0, [1 x i8]* @p_str, [1 x i8]* @p_str, [1 x i8]* @p_str, [1 x i8]* @p_str)

ST_1: empty_899 [1/1] 0.00ns
:68  %empty_899 = call i32 (...)* @_ssdm_op_SpecInterface(i32* %matrix_o_4_V, [8 x i8]* @ap_fifo_str, i32 0, i32 0, i32 0, i32 0, [1 x i8]* @p_str, [1 x i8]* @p_str, [1 x i8]* @p_str, [1 x i8]* @p_str)

ST_1: empty_900 [1/1] 0.00ns
:69  %empty_900 = call i32 (...)* @_ssdm_op_SpecInterface(i32* %matrix_o_5_V, [8 x i8]* @ap_fifo_str, i32 0, i32 0, i32 0, i32 0, [1 x i8]* @p_str, [1 x i8]* @p_str, [1 x i8]* @p_str, [1 x i8]* @p_str)

ST_1: empty_901 [1/1] 0.00ns
:70  %empty_901 = call i32 (...)* @_ssdm_op_SpecInterface(i32* %matrix_o_6_V, [8 x i8]* @ap_fifo_str, i32 0, i32 0, i32 0, i32 0, [1 x i8]* @p_str, [1 x i8]* @p_str, [1 x i8]* @p_str, [1 x i8]* @p_str)

ST_1: empty_902 [1/1] 0.00ns
:71  %empty_902 = call i32 (...)* @_ssdm_op_SpecInterface(i32* %matrix_o_7_V, [8 x i8]* @ap_fifo_str, i32 0, i32 0, i32 0, i32 0, [1 x i8]* @p_str, [1 x i8]* @p_str, [1 x i8]* @p_str, [1 x i8]* @p_str)

ST_1: empty_903 [1/1] 0.00ns
:72  %empty_903 = call i32 (...)* @_ssdm_op_SpecInterface(i32* %matrix_o_8_V, [8 x i8]* @ap_fifo_str, i32 0, i32 0, i32 0, i32 0, [1 x i8]* @p_str, [1 x i8]* @p_str, [1 x i8]* @p_str, [1 x i8]* @p_str)

ST_1: empty_904 [1/1] 0.00ns
:73  %empty_904 = call i32 (...)* @_ssdm_op_SpecInterface(i32* %matrix_o_9_V, [8 x i8]* @ap_fifo_str, i32 0, i32 0, i32 0, i32 0, [1 x i8]* @p_str, [1 x i8]* @p_str, [1 x i8]* @p_str, [1 x i8]* @p_str)

ST_1: empty_905 [1/1] 0.00ns
:74  %empty_905 = call i32 (...)* @_ssdm_op_SpecInterface(i32* %matrix_o_10_V, [8 x i8]* @ap_fifo_str, i32 0, i32 0, i32 0, i32 0, [1 x i8]* @p_str, [1 x i8]* @p_str, [1 x i8]* @p_str, [1 x i8]* @p_str)

ST_1: empty_906 [1/1] 0.00ns
:75  %empty_906 = call i32 (...)* @_ssdm_op_SpecInterface(i32* %matrix_o_11_V, [8 x i8]* @ap_fifo_str, i32 0, i32 0, i32 0, i32 0, [1 x i8]* @p_str, [1 x i8]* @p_str, [1 x i8]* @p_str, [1 x i8]* @p_str)

ST_1: empty_907 [1/1] 0.00ns
:76  %empty_907 = call i32 (...)* @_ssdm_op_SpecInterface(i32* %matrix_o_12_V, [8 x i8]* @ap_fifo_str, i32 0, i32 0, i32 0, i32 0, [1 x i8]* @p_str, [1 x i8]* @p_str, [1 x i8]* @p_str, [1 x i8]* @p_str)

ST_1: empty_908 [1/1] 0.00ns
:77  %empty_908 = call i32 (...)* @_ssdm_op_SpecInterface(i32* %matrix_o_13_V, [8 x i8]* @ap_fifo_str, i32 0, i32 0, i32 0, i32 0, [1 x i8]* @p_str, [1 x i8]* @p_str, [1 x i8]* @p_str, [1 x i8]* @p_str)

ST_1: empty_909 [1/1] 0.00ns
:78  %empty_909 = call i32 (...)* @_ssdm_op_SpecInterface(i32* %matrix_o_14_V, [8 x i8]* @ap_fifo_str, i32 0, i32 0, i32 0, i32 0, [1 x i8]* @p_str, [1 x i8]* @p_str, [1 x i8]* @p_str, [1 x i8]* @p_str)

ST_1: empty_910 [1/1] 0.00ns
:79  %empty_910 = call i32 (...)* @_ssdm_op_SpecInterface(i32* %matrix_o_15_V, [8 x i8]* @ap_fifo_str, i32 0, i32 0, i32 0, i32 0, [1 x i8]* @p_str, [1 x i8]* @p_str, [1 x i8]* @p_str, [1 x i8]* @p_str)

ST_1: empty_911 [1/1] 0.00ns
:80  %empty_911 = call i32 (...)* @_ssdm_op_SpecInterface(i32* %matrix_o_16_V, [8 x i8]* @ap_fifo_str, i32 0, i32 0, i32 0, i32 0, [1 x i8]* @p_str, [1 x i8]* @p_str, [1 x i8]* @p_str, [1 x i8]* @p_str)

ST_1: empty_912 [1/1] 0.00ns
:81  %empty_912 = call i32 (...)* @_ssdm_op_SpecInterface(i32* %matrix_o_17_V, [8 x i8]* @ap_fifo_str, i32 0, i32 0, i32 0, i32 0, [1 x i8]* @p_str, [1 x i8]* @p_str, [1 x i8]* @p_str, [1 x i8]* @p_str)

ST_1: empty_913 [1/1] 0.00ns
:82  %empty_913 = call i32 (...)* @_ssdm_op_SpecInterface(i32* %matrix_o_18_V, [8 x i8]* @ap_fifo_str, i32 0, i32 0, i32 0, i32 0, [1 x i8]* @p_str, [1 x i8]* @p_str, [1 x i8]* @p_str, [1 x i8]* @p_str)

ST_1: empty_914 [1/1] 0.00ns
:83  %empty_914 = call i32 (...)* @_ssdm_op_SpecInterface(i32* %matrix_o_19_V, [8 x i8]* @ap_fifo_str, i32 0, i32 0, i32 0, i32 0, [1 x i8]* @p_str, [1 x i8]* @p_str, [1 x i8]* @p_str, [1 x i8]* @p_str)

ST_1: empty_915 [1/1] 0.00ns
:84  %empty_915 = call i32 (...)* @_ssdm_op_SpecInterface(i32* %matrix_o_20_V, [8 x i8]* @ap_fifo_str, i32 0, i32 0, i32 0, i32 0, [1 x i8]* @p_str, [1 x i8]* @p_str, [1 x i8]* @p_str, [1 x i8]* @p_str)

ST_1: empty_916 [1/1] 0.00ns
:85  %empty_916 = call i32 (...)* @_ssdm_op_SpecInterface(i32* %matrix_o_21_V, [8 x i8]* @ap_fifo_str, i32 0, i32 0, i32 0, i32 0, [1 x i8]* @p_str, [1 x i8]* @p_str, [1 x i8]* @p_str, [1 x i8]* @p_str)

ST_1: empty_917 [1/1] 0.00ns
:86  %empty_917 = call i32 (...)* @_ssdm_op_SpecInterface(i32* %matrix_o_22_V, [8 x i8]* @ap_fifo_str, i32 0, i32 0, i32 0, i32 0, [1 x i8]* @p_str, [1 x i8]* @p_str, [1 x i8]* @p_str, [1 x i8]* @p_str)

ST_1: empty_918 [1/1] 0.00ns
:87  %empty_918 = call i32 (...)* @_ssdm_op_SpecInterface(i32* %matrix_o_23_V, [8 x i8]* @ap_fifo_str, i32 0, i32 0, i32 0, i32 0, [1 x i8]* @p_str, [1 x i8]* @p_str, [1 x i8]* @p_str, [1 x i8]* @p_str)

ST_1: empty_919 [1/1] 0.00ns
:88  %empty_919 = call i32 (...)* @_ssdm_op_SpecInterface(i32* %matrix_o_24_V, [8 x i8]* @ap_fifo_str, i32 0, i32 0, i32 0, i32 0, [1 x i8]* @p_str, [1 x i8]* @p_str, [1 x i8]* @p_str, [1 x i8]* @p_str)

ST_1: empty_920 [1/1] 0.00ns
:89  %empty_920 = call i32 (...)* @_ssdm_op_SpecInterface(i32* %matrix_o_25_V, [8 x i8]* @ap_fifo_str, i32 0, i32 0, i32 0, i32 0, [1 x i8]* @p_str, [1 x i8]* @p_str, [1 x i8]* @p_str, [1 x i8]* @p_str)

ST_1: empty_921 [1/1] 0.00ns
:90  %empty_921 = call i32 (...)* @_ssdm_op_SpecInterface(i32* %matrix_o_26_V, [8 x i8]* @ap_fifo_str, i32 0, i32 0, i32 0, i32 0, [1 x i8]* @p_str, [1 x i8]* @p_str, [1 x i8]* @p_str, [1 x i8]* @p_str)

ST_1: empty_922 [1/1] 0.00ns
:91  %empty_922 = call i32 (...)* @_ssdm_op_SpecInterface(i32* %matrix_o_27_V, [8 x i8]* @ap_fifo_str, i32 0, i32 0, i32 0, i32 0, [1 x i8]* @p_str, [1 x i8]* @p_str, [1 x i8]* @p_str, [1 x i8]* @p_str)

ST_1: empty_923 [1/1] 0.00ns
:92  %empty_923 = call i32 (...)* @_ssdm_op_SpecInterface(i32* %matrix_o_28_V, [8 x i8]* @ap_fifo_str, i32 0, i32 0, i32 0, i32 0, [1 x i8]* @p_str, [1 x i8]* @p_str, [1 x i8]* @p_str, [1 x i8]* @p_str)

ST_1: empty_924 [1/1] 0.00ns
:93  %empty_924 = call i32 (...)* @_ssdm_op_SpecInterface(i32* %matrix_o_29_V, [8 x i8]* @ap_fifo_str, i32 0, i32 0, i32 0, i32 0, [1 x i8]* @p_str, [1 x i8]* @p_str, [1 x i8]* @p_str, [1 x i8]* @p_str)

ST_1: empty_925 [1/1] 0.00ns
:94  %empty_925 = call i32 (...)* @_ssdm_op_SpecInterface(i32* %matrix_o_30_V, [8 x i8]* @ap_fifo_str, i32 0, i32 0, i32 0, i32 0, [1 x i8]* @p_str, [1 x i8]* @p_str, [1 x i8]* @p_str, [1 x i8]* @p_str)

ST_1: empty_926 [1/1] 0.00ns
:95  %empty_926 = call i32 (...)* @_ssdm_op_SpecInterface(i32* %matrix_o_31_V, [8 x i8]* @ap_fifo_str, i32 0, i32 0, i32 0, i32 0, [1 x i8]* @p_str, [1 x i8]* @p_str, [1 x i8]* @p_str, [1 x i8]* @p_str)

ST_1: empty_927 [1/1] 0.00ns
:96  %empty_927 = call i32 (...)* @_ssdm_op_SpecInterface(i32* %matrix_o_32_V, [8 x i8]* @ap_fifo_str, i32 0, i32 0, i32 0, i32 0, [1 x i8]* @p_str, [1 x i8]* @p_str, [1 x i8]* @p_str, [1 x i8]* @p_str)

ST_1: empty_928 [1/1] 0.00ns
:97  %empty_928 = call i32 (...)* @_ssdm_op_SpecInterface(i32* %matrix_o_33_V, [8 x i8]* @ap_fifo_str, i32 0, i32 0, i32 0, i32 0, [1 x i8]* @p_str, [1 x i8]* @p_str, [1 x i8]* @p_str, [1 x i8]* @p_str)

ST_1: empty_929 [1/1] 0.00ns
:98  %empty_929 = call i32 (...)* @_ssdm_op_SpecInterface(i32* %matrix_o_34_V, [8 x i8]* @ap_fifo_str, i32 0, i32 0, i32 0, i32 0, [1 x i8]* @p_str, [1 x i8]* @p_str, [1 x i8]* @p_str, [1 x i8]* @p_str)

ST_1: empty_930 [1/1] 0.00ns
:99  %empty_930 = call i32 (...)* @_ssdm_op_SpecInterface(i32* %matrix_o_35_V, [8 x i8]* @ap_fifo_str, i32 0, i32 0, i32 0, i32 0, [1 x i8]* @p_str, [1 x i8]* @p_str, [1 x i8]* @p_str, [1 x i8]* @p_str)

ST_1: empty_931 [1/1] 0.00ns
:100  %empty_931 = call i32 (...)* @_ssdm_op_SpecInterface(i32* %matrix_o_36_V, [8 x i8]* @ap_fifo_str, i32 0, i32 0, i32 0, i32 0, [1 x i8]* @p_str, [1 x i8]* @p_str, [1 x i8]* @p_str, [1 x i8]* @p_str)

ST_1: empty_932 [1/1] 0.00ns
:101  %empty_932 = call i32 (...)* @_ssdm_op_SpecInterface(i32* %matrix_o_37_V, [8 x i8]* @ap_fifo_str, i32 0, i32 0, i32 0, i32 0, [1 x i8]* @p_str, [1 x i8]* @p_str, [1 x i8]* @p_str, [1 x i8]* @p_str)

ST_1: empty_933 [1/1] 0.00ns
:102  %empty_933 = call i32 (...)* @_ssdm_op_SpecInterface(i32* %matrix_o_38_V, [8 x i8]* @ap_fifo_str, i32 0, i32 0, i32 0, i32 0, [1 x i8]* @p_str, [1 x i8]* @p_str, [1 x i8]* @p_str, [1 x i8]* @p_str)

ST_1: empty_934 [1/1] 0.00ns
:103  %empty_934 = call i32 (...)* @_ssdm_op_SpecInterface(i32* %matrix_o_39_V, [8 x i8]* @ap_fifo_str, i32 0, i32 0, i32 0, i32 0, [1 x i8]* @p_str, [1 x i8]* @p_str, [1 x i8]* @p_str, [1 x i8]* @p_str)

ST_1: empty_935 [1/1] 0.00ns
:104  %empty_935 = call i32 (...)* @_ssdm_op_SpecInterface(i32* %matrix_o_40_V, [8 x i8]* @ap_fifo_str, i32 0, i32 0, i32 0, i32 0, [1 x i8]* @p_str, [1 x i8]* @p_str, [1 x i8]* @p_str, [1 x i8]* @p_str)

ST_1: empty_936 [1/1] 0.00ns
:105  %empty_936 = call i32 (...)* @_ssdm_op_SpecInterface(i32* %matrix_o_41_V, [8 x i8]* @ap_fifo_str, i32 0, i32 0, i32 0, i32 0, [1 x i8]* @p_str, [1 x i8]* @p_str, [1 x i8]* @p_str, [1 x i8]* @p_str)

ST_1: empty_937 [1/1] 0.00ns
:106  %empty_937 = call i32 (...)* @_ssdm_op_SpecInterface(i32* %matrix_o_42_V, [8 x i8]* @ap_fifo_str, i32 0, i32 0, i32 0, i32 0, [1 x i8]* @p_str, [1 x i8]* @p_str, [1 x i8]* @p_str, [1 x i8]* @p_str)

ST_1: empty_938 [1/1] 0.00ns
:107  %empty_938 = call i32 (...)* @_ssdm_op_SpecInterface(i32* %matrix_o_43_V, [8 x i8]* @ap_fifo_str, i32 0, i32 0, i32 0, i32 0, [1 x i8]* @p_str, [1 x i8]* @p_str, [1 x i8]* @p_str, [1 x i8]* @p_str)

ST_1: empty_939 [1/1] 0.00ns
:108  %empty_939 = call i32 (...)* @_ssdm_op_SpecInterface(i32* %matrix_o_44_V, [8 x i8]* @ap_fifo_str, i32 0, i32 0, i32 0, i32 0, [1 x i8]* @p_str, [1 x i8]* @p_str, [1 x i8]* @p_str, [1 x i8]* @p_str)

ST_1: empty_940 [1/1] 0.00ns
:109  %empty_940 = call i32 (...)* @_ssdm_op_SpecInterface(i32* %matrix_o_45_V, [8 x i8]* @ap_fifo_str, i32 0, i32 0, i32 0, i32 0, [1 x i8]* @p_str, [1 x i8]* @p_str, [1 x i8]* @p_str, [1 x i8]* @p_str)

ST_1: empty_941 [1/1] 0.00ns
:110  %empty_941 = call i32 (...)* @_ssdm_op_SpecInterface(i32* %matrix_o_46_V, [8 x i8]* @ap_fifo_str, i32 0, i32 0, i32 0, i32 0, [1 x i8]* @p_str, [1 x i8]* @p_str, [1 x i8]* @p_str, [1 x i8]* @p_str)

ST_1: empty_942 [1/1] 0.00ns
:111  %empty_942 = call i32 (...)* @_ssdm_op_SpecInterface(i32* %matrix_o_47_V, [8 x i8]* @ap_fifo_str, i32 0, i32 0, i32 0, i32 0, [1 x i8]* @p_str, [1 x i8]* @p_str, [1 x i8]* @p_str, [1 x i8]* @p_str)

ST_1: empty_943 [1/1] 0.00ns
:112  %empty_943 = call i32 (...)* @_ssdm_op_SpecInterface(i32* %matrix_o_48_V, [8 x i8]* @ap_fifo_str, i32 0, i32 0, i32 0, i32 0, [1 x i8]* @p_str, [1 x i8]* @p_str, [1 x i8]* @p_str, [1 x i8]* @p_str)

ST_1: empty_944 [1/1] 0.00ns
:113  %empty_944 = call i32 (...)* @_ssdm_op_SpecInterface(i32* %matrix_o_49_V, [8 x i8]* @ap_fifo_str, i32 0, i32 0, i32 0, i32 0, [1 x i8]* @p_str, [1 x i8]* @p_str, [1 x i8]* @p_str, [1 x i8]* @p_str)

ST_1: empty_945 [1/1] 0.00ns
:114  %empty_945 = call i32 (...)* @_ssdm_op_SpecInterface(i32* %matrix_o_50_V, [8 x i8]* @ap_fifo_str, i32 0, i32 0, i32 0, i32 0, [1 x i8]* @p_str, [1 x i8]* @p_str, [1 x i8]* @p_str, [1 x i8]* @p_str)

ST_1: empty_946 [1/1] 0.00ns
:115  %empty_946 = call i32 (...)* @_ssdm_op_SpecInterface(i32* %matrix_o_51_V, [8 x i8]* @ap_fifo_str, i32 0, i32 0, i32 0, i32 0, [1 x i8]* @p_str, [1 x i8]* @p_str, [1 x i8]* @p_str, [1 x i8]* @p_str)

ST_1: empty_947 [1/1] 0.00ns
:116  %empty_947 = call i32 (...)* @_ssdm_op_SpecInterface(i32* %matrix_o_52_V, [8 x i8]* @ap_fifo_str, i32 0, i32 0, i32 0, i32 0, [1 x i8]* @p_str, [1 x i8]* @p_str, [1 x i8]* @p_str, [1 x i8]* @p_str)

ST_1: empty_948 [1/1] 0.00ns
:117  %empty_948 = call i32 (...)* @_ssdm_op_SpecInterface(i32* %matrix_o_53_V, [8 x i8]* @ap_fifo_str, i32 0, i32 0, i32 0, i32 0, [1 x i8]* @p_str, [1 x i8]* @p_str, [1 x i8]* @p_str, [1 x i8]* @p_str)

ST_1: empty_949 [1/1] 0.00ns
:118  %empty_949 = call i32 (...)* @_ssdm_op_SpecInterface(i32* %matrix_o_54_V, [8 x i8]* @ap_fifo_str, i32 0, i32 0, i32 0, i32 0, [1 x i8]* @p_str, [1 x i8]* @p_str, [1 x i8]* @p_str, [1 x i8]* @p_str)

ST_1: empty_950 [1/1] 0.00ns
:119  %empty_950 = call i32 (...)* @_ssdm_op_SpecInterface(i32* %matrix_o_55_V, [8 x i8]* @ap_fifo_str, i32 0, i32 0, i32 0, i32 0, [1 x i8]* @p_str, [1 x i8]* @p_str, [1 x i8]* @p_str, [1 x i8]* @p_str)

ST_1: empty_951 [1/1] 0.00ns
:120  %empty_951 = call i32 (...)* @_ssdm_op_SpecInterface(i32* %matrix_o_56_V, [8 x i8]* @ap_fifo_str, i32 0, i32 0, i32 0, i32 0, [1 x i8]* @p_str, [1 x i8]* @p_str, [1 x i8]* @p_str, [1 x i8]* @p_str)

ST_1: empty_952 [1/1] 0.00ns
:121  %empty_952 = call i32 (...)* @_ssdm_op_SpecInterface(i32* %matrix_o_57_V, [8 x i8]* @ap_fifo_str, i32 0, i32 0, i32 0, i32 0, [1 x i8]* @p_str, [1 x i8]* @p_str, [1 x i8]* @p_str, [1 x i8]* @p_str)

ST_1: empty_953 [1/1] 0.00ns
:122  %empty_953 = call i32 (...)* @_ssdm_op_SpecInterface(i32* %matrix_o_58_V, [8 x i8]* @ap_fifo_str, i32 0, i32 0, i32 0, i32 0, [1 x i8]* @p_str, [1 x i8]* @p_str, [1 x i8]* @p_str, [1 x i8]* @p_str)

ST_1: empty_954 [1/1] 0.00ns
:123  %empty_954 = call i32 (...)* @_ssdm_op_SpecInterface(i32* %matrix_o_59_V, [8 x i8]* @ap_fifo_str, i32 0, i32 0, i32 0, i32 0, [1 x i8]* @p_str, [1 x i8]* @p_str, [1 x i8]* @p_str, [1 x i8]* @p_str)

ST_1: empty_955 [1/1] 0.00ns
:124  %empty_955 = call i32 (...)* @_ssdm_op_SpecInterface(i32* %matrix_o_60_V, [8 x i8]* @ap_fifo_str, i32 0, i32 0, i32 0, i32 0, [1 x i8]* @p_str, [1 x i8]* @p_str, [1 x i8]* @p_str, [1 x i8]* @p_str)

ST_1: empty_956 [1/1] 0.00ns
:125  %empty_956 = call i32 (...)* @_ssdm_op_SpecInterface(i32* %matrix_o_61_V, [8 x i8]* @ap_fifo_str, i32 0, i32 0, i32 0, i32 0, [1 x i8]* @p_str, [1 x i8]* @p_str, [1 x i8]* @p_str, [1 x i8]* @p_str)

ST_1: empty_957 [1/1] 0.00ns
:126  %empty_957 = call i32 (...)* @_ssdm_op_SpecInterface(i32* %matrix_o_62_V, [8 x i8]* @ap_fifo_str, i32 0, i32 0, i32 0, i32 0, [1 x i8]* @p_str, [1 x i8]* @p_str, [1 x i8]* @p_str, [1 x i8]* @p_str)

ST_1: empty_958 [1/1] 0.00ns
:127  %empty_958 = call i32 (...)* @_ssdm_op_SpecInterface(i32* %matrix_o_63_V, [8 x i8]* @ap_fifo_str, i32 0, i32 0, i32 0, i32 0, [1 x i8]* @p_str, [1 x i8]* @p_str, [1 x i8]* @p_str, [1 x i8]* @p_str)

ST_1: empty_959 [1/1] 0.00ns
:128  %empty_959 = call i32 (...)* @_ssdm_op_SpecInterface(i32* %matrix_o_64_V, [8 x i8]* @ap_fifo_str, i32 0, i32 0, i32 0, i32 0, [1 x i8]* @p_str, [1 x i8]* @p_str, [1 x i8]* @p_str, [1 x i8]* @p_str)

ST_1: empty_960 [1/1] 0.00ns
:129  %empty_960 = call i32 (...)* @_ssdm_op_SpecInterface(i32* %matrix_o_65_V, [8 x i8]* @ap_fifo_str, i32 0, i32 0, i32 0, i32 0, [1 x i8]* @p_str, [1 x i8]* @p_str, [1 x i8]* @p_str, [1 x i8]* @p_str)

ST_1: empty_961 [1/1] 0.00ns
:130  %empty_961 = call i32 (...)* @_ssdm_op_SpecInterface(i32* %matrix_o_66_V, [8 x i8]* @ap_fifo_str, i32 0, i32 0, i32 0, i32 0, [1 x i8]* @p_str, [1 x i8]* @p_str, [1 x i8]* @p_str, [1 x i8]* @p_str)

ST_1: empty_962 [1/1] 0.00ns
:131  %empty_962 = call i32 (...)* @_ssdm_op_SpecInterface(i32* %matrix_o_67_V, [8 x i8]* @ap_fifo_str, i32 0, i32 0, i32 0, i32 0, [1 x i8]* @p_str, [1 x i8]* @p_str, [1 x i8]* @p_str, [1 x i8]* @p_str)

ST_1: empty_963 [1/1] 0.00ns
:132  %empty_963 = call i32 (...)* @_ssdm_op_SpecInterface(i32* %matrix_o_68_V, [8 x i8]* @ap_fifo_str, i32 0, i32 0, i32 0, i32 0, [1 x i8]* @p_str, [1 x i8]* @p_str, [1 x i8]* @p_str, [1 x i8]* @p_str)

ST_1: empty_964 [1/1] 0.00ns
:133  %empty_964 = call i32 (...)* @_ssdm_op_SpecInterface(i32* %matrix_o_69_V, [8 x i8]* @ap_fifo_str, i32 0, i32 0, i32 0, i32 0, [1 x i8]* @p_str, [1 x i8]* @p_str, [1 x i8]* @p_str, [1 x i8]* @p_str)

ST_1: empty_965 [1/1] 0.00ns
:134  %empty_965 = call i32 (...)* @_ssdm_op_SpecInterface(i32* %matrix_o_70_V, [8 x i8]* @ap_fifo_str, i32 0, i32 0, i32 0, i32 0, [1 x i8]* @p_str, [1 x i8]* @p_str, [1 x i8]* @p_str, [1 x i8]* @p_str)

ST_1: empty_966 [1/1] 0.00ns
:135  %empty_966 = call i32 (...)* @_ssdm_op_SpecInterface(i32* %matrix_o_71_V, [8 x i8]* @ap_fifo_str, i32 0, i32 0, i32 0, i32 0, [1 x i8]* @p_str, [1 x i8]* @p_str, [1 x i8]* @p_str, [1 x i8]* @p_str)

ST_1: empty_967 [1/1] 0.00ns
:136  %empty_967 = call i32 (...)* @_ssdm_op_SpecInterface(i32* %matrix_o_72_V, [8 x i8]* @ap_fifo_str, i32 0, i32 0, i32 0, i32 0, [1 x i8]* @p_str, [1 x i8]* @p_str, [1 x i8]* @p_str, [1 x i8]* @p_str)

ST_1: empty_968 [1/1] 0.00ns
:137  %empty_968 = call i32 (...)* @_ssdm_op_SpecInterface(i32* %matrix_o_73_V, [8 x i8]* @ap_fifo_str, i32 0, i32 0, i32 0, i32 0, [1 x i8]* @p_str, [1 x i8]* @p_str, [1 x i8]* @p_str, [1 x i8]* @p_str)

ST_1: empty_969 [1/1] 0.00ns
:138  %empty_969 = call i32 (...)* @_ssdm_op_SpecInterface(i32* %matrix_o_74_V, [8 x i8]* @ap_fifo_str, i32 0, i32 0, i32 0, i32 0, [1 x i8]* @p_str, [1 x i8]* @p_str, [1 x i8]* @p_str, [1 x i8]* @p_str)

ST_1: empty_970 [1/1] 0.00ns
:139  %empty_970 = call i32 (...)* @_ssdm_op_SpecInterface(i32* %matrix_o_75_V, [8 x i8]* @ap_fifo_str, i32 0, i32 0, i32 0, i32 0, [1 x i8]* @p_str, [1 x i8]* @p_str, [1 x i8]* @p_str, [1 x i8]* @p_str)

ST_1: empty_971 [1/1] 0.00ns
:140  %empty_971 = call i32 (...)* @_ssdm_op_SpecInterface(i32* %matrix_o_76_V, [8 x i8]* @ap_fifo_str, i32 0, i32 0, i32 0, i32 0, [1 x i8]* @p_str, [1 x i8]* @p_str, [1 x i8]* @p_str, [1 x i8]* @p_str)

ST_1: empty_972 [1/1] 0.00ns
:141  %empty_972 = call i32 (...)* @_ssdm_op_SpecInterface(i32* %matrix_o_77_V, [8 x i8]* @ap_fifo_str, i32 0, i32 0, i32 0, i32 0, [1 x i8]* @p_str, [1 x i8]* @p_str, [1 x i8]* @p_str, [1 x i8]* @p_str)

ST_1: empty_973 [1/1] 0.00ns
:142  %empty_973 = call i32 (...)* @_ssdm_op_SpecInterface(i32* %matrix_o_78_V, [8 x i8]* @ap_fifo_str, i32 0, i32 0, i32 0, i32 0, [1 x i8]* @p_str, [1 x i8]* @p_str, [1 x i8]* @p_str, [1 x i8]* @p_str)

ST_1: empty_974 [1/1] 0.00ns
:143  %empty_974 = call i32 (...)* @_ssdm_op_SpecInterface(i32* %matrix_o_79_V, [8 x i8]* @ap_fifo_str, i32 0, i32 0, i32 0, i32 0, [1 x i8]* @p_str, [1 x i8]* @p_str, [1 x i8]* @p_str, [1 x i8]* @p_str)

ST_1: empty_975 [1/1] 0.00ns
:144  %empty_975 = call i32 (...)* @_ssdm_op_SpecInterface(i32* %matrix_o_80_V, [8 x i8]* @ap_fifo_str, i32 0, i32 0, i32 0, i32 0, [1 x i8]* @p_str, [1 x i8]* @p_str, [1 x i8]* @p_str, [1 x i8]* @p_str)

ST_1: empty_976 [1/1] 0.00ns
:145  %empty_976 = call i32 (...)* @_ssdm_op_SpecInterface(i32* %matrix_o_81_V, [8 x i8]* @ap_fifo_str, i32 0, i32 0, i32 0, i32 0, [1 x i8]* @p_str, [1 x i8]* @p_str, [1 x i8]* @p_str, [1 x i8]* @p_str)

ST_1: empty_977 [1/1] 0.00ns
:146  %empty_977 = call i32 (...)* @_ssdm_op_SpecInterface(i32* %matrix_o_82_V, [8 x i8]* @ap_fifo_str, i32 0, i32 0, i32 0, i32 0, [1 x i8]* @p_str, [1 x i8]* @p_str, [1 x i8]* @p_str, [1 x i8]* @p_str)

ST_1: empty_978 [1/1] 0.00ns
:147  %empty_978 = call i32 (...)* @_ssdm_op_SpecInterface(i32* %matrix_o_83_V, [8 x i8]* @ap_fifo_str, i32 0, i32 0, i32 0, i32 0, [1 x i8]* @p_str, [1 x i8]* @p_str, [1 x i8]* @p_str, [1 x i8]* @p_str)

ST_1: empty_979 [1/1] 0.00ns
:148  %empty_979 = call i32 (...)* @_ssdm_op_SpecInterface(i32* %matrix_o_84_V, [8 x i8]* @ap_fifo_str, i32 0, i32 0, i32 0, i32 0, [1 x i8]* @p_str, [1 x i8]* @p_str, [1 x i8]* @p_str, [1 x i8]* @p_str)

ST_1: empty_980 [1/1] 0.00ns
:149  %empty_980 = call i32 (...)* @_ssdm_op_SpecInterface(i32* %matrix_o_85_V, [8 x i8]* @ap_fifo_str, i32 0, i32 0, i32 0, i32 0, [1 x i8]* @p_str, [1 x i8]* @p_str, [1 x i8]* @p_str, [1 x i8]* @p_str)

ST_1: empty_981 [1/1] 0.00ns
:150  %empty_981 = call i32 (...)* @_ssdm_op_SpecInterface(i32* %matrix_o_86_V, [8 x i8]* @ap_fifo_str, i32 0, i32 0, i32 0, i32 0, [1 x i8]* @p_str, [1 x i8]* @p_str, [1 x i8]* @p_str, [1 x i8]* @p_str)

ST_1: empty_982 [1/1] 0.00ns
:151  %empty_982 = call i32 (...)* @_ssdm_op_SpecInterface(i32* %matrix_o_87_V, [8 x i8]* @ap_fifo_str, i32 0, i32 0, i32 0, i32 0, [1 x i8]* @p_str, [1 x i8]* @p_str, [1 x i8]* @p_str, [1 x i8]* @p_str)

ST_1: empty_983 [1/1] 0.00ns
:152  %empty_983 = call i32 (...)* @_ssdm_op_SpecInterface(i32* %matrix_o_88_V, [8 x i8]* @ap_fifo_str, i32 0, i32 0, i32 0, i32 0, [1 x i8]* @p_str, [1 x i8]* @p_str, [1 x i8]* @p_str, [1 x i8]* @p_str)

ST_1: empty_984 [1/1] 0.00ns
:153  %empty_984 = call i32 (...)* @_ssdm_op_SpecInterface(i32* %matrix_o_89_V, [8 x i8]* @ap_fifo_str, i32 0, i32 0, i32 0, i32 0, [1 x i8]* @p_str, [1 x i8]* @p_str, [1 x i8]* @p_str, [1 x i8]* @p_str)

ST_1: empty_985 [1/1] 0.00ns
:154  %empty_985 = call i32 (...)* @_ssdm_op_SpecInterface(i32* %matrix_o_90_V, [8 x i8]* @ap_fifo_str, i32 0, i32 0, i32 0, i32 0, [1 x i8]* @p_str, [1 x i8]* @p_str, [1 x i8]* @p_str, [1 x i8]* @p_str)

ST_1: empty_986 [1/1] 0.00ns
:155  %empty_986 = call i32 (...)* @_ssdm_op_SpecInterface(i32* %matrix_o_91_V, [8 x i8]* @ap_fifo_str, i32 0, i32 0, i32 0, i32 0, [1 x i8]* @p_str, [1 x i8]* @p_str, [1 x i8]* @p_str, [1 x i8]* @p_str)

ST_1: empty_987 [1/1] 0.00ns
:156  %empty_987 = call i32 (...)* @_ssdm_op_SpecInterface(i32* %matrix_o_92_V, [8 x i8]* @ap_fifo_str, i32 0, i32 0, i32 0, i32 0, [1 x i8]* @p_str, [1 x i8]* @p_str, [1 x i8]* @p_str, [1 x i8]* @p_str)

ST_1: empty_988 [1/1] 0.00ns
:157  %empty_988 = call i32 (...)* @_ssdm_op_SpecInterface(i32* %matrix_o_93_V, [8 x i8]* @ap_fifo_str, i32 0, i32 0, i32 0, i32 0, [1 x i8]* @p_str, [1 x i8]* @p_str, [1 x i8]* @p_str, [1 x i8]* @p_str)

ST_1: empty_989 [1/1] 0.00ns
:158  %empty_989 = call i32 (...)* @_ssdm_op_SpecInterface(i32* %matrix_o_94_V, [8 x i8]* @ap_fifo_str, i32 0, i32 0, i32 0, i32 0, [1 x i8]* @p_str, [1 x i8]* @p_str, [1 x i8]* @p_str, [1 x i8]* @p_str)

ST_1: empty_990 [1/1] 0.00ns
:159  %empty_990 = call i32 (...)* @_ssdm_op_SpecInterface(i32* %matrix_o_95_V, [8 x i8]* @ap_fifo_str, i32 0, i32 0, i32 0, i32 0, [1 x i8]* @p_str, [1 x i8]* @p_str, [1 x i8]* @p_str, [1 x i8]* @p_str)

ST_1: empty_991 [1/1] 0.00ns
:160  %empty_991 = call i32 (...)* @_ssdm_op_SpecInterface(i32* %matrix_o_96_V, [8 x i8]* @ap_fifo_str, i32 0, i32 0, i32 0, i32 0, [1 x i8]* @p_str, [1 x i8]* @p_str, [1 x i8]* @p_str, [1 x i8]* @p_str)

ST_1: empty_992 [1/1] 0.00ns
:161  %empty_992 = call i32 (...)* @_ssdm_op_SpecInterface(i32* %matrix_o_97_V, [8 x i8]* @ap_fifo_str, i32 0, i32 0, i32 0, i32 0, [1 x i8]* @p_str, [1 x i8]* @p_str, [1 x i8]* @p_str, [1 x i8]* @p_str)

ST_1: empty_993 [1/1] 0.00ns
:162  %empty_993 = call i32 (...)* @_ssdm_op_SpecInterface(i32* %matrix_o_98_V, [8 x i8]* @ap_fifo_str, i32 0, i32 0, i32 0, i32 0, [1 x i8]* @p_str, [1 x i8]* @p_str, [1 x i8]* @p_str, [1 x i8]* @p_str)

ST_1: empty_994 [1/1] 0.00ns
:163  %empty_994 = call i32 (...)* @_ssdm_op_SpecInterface(i32* %matrix_o_99_V, [8 x i8]* @ap_fifo_str, i32 0, i32 0, i32 0, i32 0, [1 x i8]* @p_str, [1 x i8]* @p_str, [1 x i8]* @p_str, [1 x i8]* @p_str)

ST_1: empty_995 [1/1] 0.00ns
:164  %empty_995 = call i32 (...)* @_ssdm_op_SpecInterface(i32* %matrix_o_100_V, [8 x i8]* @ap_fifo_str, i32 0, i32 0, i32 0, i32 0, [1 x i8]* @p_str, [1 x i8]* @p_str, [1 x i8]* @p_str, [1 x i8]* @p_str)

ST_1: empty_996 [1/1] 0.00ns
:165  %empty_996 = call i32 (...)* @_ssdm_op_SpecInterface(i32* %matrix_o_101_V, [8 x i8]* @ap_fifo_str, i32 0, i32 0, i32 0, i32 0, [1 x i8]* @p_str, [1 x i8]* @p_str, [1 x i8]* @p_str, [1 x i8]* @p_str)

ST_1: empty_997 [1/1] 0.00ns
:166  %empty_997 = call i32 (...)* @_ssdm_op_SpecInterface(i32* %matrix_o_102_V, [8 x i8]* @ap_fifo_str, i32 0, i32 0, i32 0, i32 0, [1 x i8]* @p_str, [1 x i8]* @p_str, [1 x i8]* @p_str, [1 x i8]* @p_str)

ST_1: empty_998 [1/1] 0.00ns
:167  %empty_998 = call i32 (...)* @_ssdm_op_SpecInterface(i32* %matrix_o_103_V, [8 x i8]* @ap_fifo_str, i32 0, i32 0, i32 0, i32 0, [1 x i8]* @p_str, [1 x i8]* @p_str, [1 x i8]* @p_str, [1 x i8]* @p_str)

ST_1: empty_999 [1/1] 0.00ns
:168  %empty_999 = call i32 (...)* @_ssdm_op_SpecInterface(i32* %matrix_o_104_V, [8 x i8]* @ap_fifo_str, i32 0, i32 0, i32 0, i32 0, [1 x i8]* @p_str, [1 x i8]* @p_str, [1 x i8]* @p_str, [1 x i8]* @p_str)

ST_1: empty_1000 [1/1] 0.00ns
:169  %empty_1000 = call i32 (...)* @_ssdm_op_SpecInterface(i32* %matrix_o_105_V, [8 x i8]* @ap_fifo_str, i32 0, i32 0, i32 0, i32 0, [1 x i8]* @p_str, [1 x i8]* @p_str, [1 x i8]* @p_str, [1 x i8]* @p_str)

ST_1: empty_1001 [1/1] 0.00ns
:170  %empty_1001 = call i32 (...)* @_ssdm_op_SpecInterface(i32* %matrix_o_106_V, [8 x i8]* @ap_fifo_str, i32 0, i32 0, i32 0, i32 0, [1 x i8]* @p_str, [1 x i8]* @p_str, [1 x i8]* @p_str, [1 x i8]* @p_str)

ST_1: empty_1002 [1/1] 0.00ns
:171  %empty_1002 = call i32 (...)* @_ssdm_op_SpecInterface(i32* %matrix_o_107_V, [8 x i8]* @ap_fifo_str, i32 0, i32 0, i32 0, i32 0, [1 x i8]* @p_str, [1 x i8]* @p_str, [1 x i8]* @p_str, [1 x i8]* @p_str)

ST_1: empty_1003 [1/1] 0.00ns
:172  %empty_1003 = call i32 (...)* @_ssdm_op_SpecInterface(i32* %matrix_o_108_V, [8 x i8]* @ap_fifo_str, i32 0, i32 0, i32 0, i32 0, [1 x i8]* @p_str, [1 x i8]* @p_str, [1 x i8]* @p_str, [1 x i8]* @p_str)

ST_1: empty_1004 [1/1] 0.00ns
:173  %empty_1004 = call i32 (...)* @_ssdm_op_SpecInterface(i32* %matrix_o_109_V, [8 x i8]* @ap_fifo_str, i32 0, i32 0, i32 0, i32 0, [1 x i8]* @p_str, [1 x i8]* @p_str, [1 x i8]* @p_str, [1 x i8]* @p_str)

ST_1: empty_1005 [1/1] 0.00ns
:174  %empty_1005 = call i32 (...)* @_ssdm_op_SpecInterface(i32* %matrix_o_110_V, [8 x i8]* @ap_fifo_str, i32 0, i32 0, i32 0, i32 0, [1 x i8]* @p_str, [1 x i8]* @p_str, [1 x i8]* @p_str, [1 x i8]* @p_str)

ST_1: empty_1006 [1/1] 0.00ns
:175  %empty_1006 = call i32 (...)* @_ssdm_op_SpecInterface(i32* %matrix_o_111_V, [8 x i8]* @ap_fifo_str, i32 0, i32 0, i32 0, i32 0, [1 x i8]* @p_str, [1 x i8]* @p_str, [1 x i8]* @p_str, [1 x i8]* @p_str)

ST_1: empty_1007 [1/1] 0.00ns
:176  %empty_1007 = call i32 (...)* @_ssdm_op_SpecInterface(i32* %matrix_o_112_V, [8 x i8]* @ap_fifo_str, i32 0, i32 0, i32 0, i32 0, [1 x i8]* @p_str, [1 x i8]* @p_str, [1 x i8]* @p_str, [1 x i8]* @p_str)

ST_1: empty_1008 [1/1] 0.00ns
:177  %empty_1008 = call i32 (...)* @_ssdm_op_SpecInterface(i32* %matrix_o_113_V, [8 x i8]* @ap_fifo_str, i32 0, i32 0, i32 0, i32 0, [1 x i8]* @p_str, [1 x i8]* @p_str, [1 x i8]* @p_str, [1 x i8]* @p_str)

ST_1: empty_1009 [1/1] 0.00ns
:178  %empty_1009 = call i32 (...)* @_ssdm_op_SpecInterface(i32* %matrix_o_114_V, [8 x i8]* @ap_fifo_str, i32 0, i32 0, i32 0, i32 0, [1 x i8]* @p_str, [1 x i8]* @p_str, [1 x i8]* @p_str, [1 x i8]* @p_str)

ST_1: empty_1010 [1/1] 0.00ns
:179  %empty_1010 = call i32 (...)* @_ssdm_op_SpecInterface(i32* %matrix_o_115_V, [8 x i8]* @ap_fifo_str, i32 0, i32 0, i32 0, i32 0, [1 x i8]* @p_str, [1 x i8]* @p_str, [1 x i8]* @p_str, [1 x i8]* @p_str)

ST_1: empty_1011 [1/1] 0.00ns
:180  %empty_1011 = call i32 (...)* @_ssdm_op_SpecInterface(i32* %matrix_o_116_V, [8 x i8]* @ap_fifo_str, i32 0, i32 0, i32 0, i32 0, [1 x i8]* @p_str, [1 x i8]* @p_str, [1 x i8]* @p_str, [1 x i8]* @p_str)

ST_1: empty_1012 [1/1] 0.00ns
:181  %empty_1012 = call i32 (...)* @_ssdm_op_SpecInterface(i32* %matrix_o_117_V, [8 x i8]* @ap_fifo_str, i32 0, i32 0, i32 0, i32 0, [1 x i8]* @p_str, [1 x i8]* @p_str, [1 x i8]* @p_str, [1 x i8]* @p_str)

ST_1: empty_1013 [1/1] 0.00ns
:182  %empty_1013 = call i32 (...)* @_ssdm_op_SpecInterface(i32* %matrix_o_118_V, [8 x i8]* @ap_fifo_str, i32 0, i32 0, i32 0, i32 0, [1 x i8]* @p_str, [1 x i8]* @p_str, [1 x i8]* @p_str, [1 x i8]* @p_str)

ST_1: empty_1014 [1/1] 0.00ns
:183  %empty_1014 = call i32 (...)* @_ssdm_op_SpecInterface(i32* %matrix_o_119_V, [8 x i8]* @ap_fifo_str, i32 0, i32 0, i32 0, i32 0, [1 x i8]* @p_str, [1 x i8]* @p_str, [1 x i8]* @p_str, [1 x i8]* @p_str)

ST_1: empty_1015 [1/1] 0.00ns
:184  %empty_1015 = call i32 (...)* @_ssdm_op_SpecInterface(i32* %matrix_o_120_V, [8 x i8]* @ap_fifo_str, i32 0, i32 0, i32 0, i32 0, [1 x i8]* @p_str, [1 x i8]* @p_str, [1 x i8]* @p_str, [1 x i8]* @p_str)

ST_1: empty_1016 [1/1] 0.00ns
:185  %empty_1016 = call i32 (...)* @_ssdm_op_SpecInterface(i32* %matrix_o_121_V, [8 x i8]* @ap_fifo_str, i32 0, i32 0, i32 0, i32 0, [1 x i8]* @p_str, [1 x i8]* @p_str, [1 x i8]* @p_str, [1 x i8]* @p_str)

ST_1: empty_1017 [1/1] 0.00ns
:186  %empty_1017 = call i32 (...)* @_ssdm_op_SpecInterface(i32* %matrix_o_122_V, [8 x i8]* @ap_fifo_str, i32 0, i32 0, i32 0, i32 0, [1 x i8]* @p_str, [1 x i8]* @p_str, [1 x i8]* @p_str, [1 x i8]* @p_str)

ST_1: empty_1018 [1/1] 0.00ns
:187  %empty_1018 = call i32 (...)* @_ssdm_op_SpecInterface(i32* %matrix_o_123_V, [8 x i8]* @ap_fifo_str, i32 0, i32 0, i32 0, i32 0, [1 x i8]* @p_str, [1 x i8]* @p_str, [1 x i8]* @p_str, [1 x i8]* @p_str)

ST_1: empty_1019 [1/1] 0.00ns
:188  %empty_1019 = call i32 (...)* @_ssdm_op_SpecInterface(i32* %matrix_o_124_V, [8 x i8]* @ap_fifo_str, i32 0, i32 0, i32 0, i32 0, [1 x i8]* @p_str, [1 x i8]* @p_str, [1 x i8]* @p_str, [1 x i8]* @p_str)

ST_1: empty_1020 [1/1] 0.00ns
:189  %empty_1020 = call i32 (...)* @_ssdm_op_SpecInterface(i32* %matrix_o_125_V, [8 x i8]* @ap_fifo_str, i32 0, i32 0, i32 0, i32 0, [1 x i8]* @p_str, [1 x i8]* @p_str, [1 x i8]* @p_str, [1 x i8]* @p_str)

ST_1: empty_1021 [1/1] 0.00ns
:190  %empty_1021 = call i32 (...)* @_ssdm_op_SpecInterface(i32* %matrix_o_126_V, [8 x i8]* @ap_fifo_str, i32 0, i32 0, i32 0, i32 0, [1 x i8]* @p_str, [1 x i8]* @p_str, [1 x i8]* @p_str, [1 x i8]* @p_str)

ST_1: empty_1022 [1/1] 0.00ns
:191  %empty_1022 = call i32 (...)* @_ssdm_op_SpecInterface(i32* %matrix_o_127_V, [8 x i8]* @ap_fifo_str, i32 0, i32 0, i32 0, i32 0, [1 x i8]* @p_str, [1 x i8]* @p_str, [1 x i8]* @p_str, [1 x i8]* @p_str)

ST_1: stg_199 [1/1] 1.57ns
:192  br label %.preheader14


 <State 2>: 3.71ns
ST_2: indvar_flatten [1/1] 0.00ns
.preheader14:0  %indvar_flatten = phi i12 [ 0, %0 ], [ %indvar_flatten_next, %.preheader14.preheader ]

ST_2: exitcond_flatten [1/1] 2.14ns
.preheader14:1  %exitcond_flatten = icmp eq i12 %indvar_flatten, -1071

ST_2: indvar_flatten_next [1/1] 1.84ns
.preheader14:2  %indvar_flatten_next = add i12 %indvar_flatten, 1

ST_2: stg_203 [1/1] 1.57ns
.preheader14:3  br i1 %exitcond_flatten, label %.preheader, label %.preheader14.preheader

ST_2: tmp_138 [1/1] 0.00ns
.preheader14.preheader:3  %tmp_138 = call i32 @_ssdm_op_Read.ap_auto.volatile.i32P(i32* %matrix_e1x1_stream_o_0_V)

ST_2: tmp_139 [1/1] 0.00ns
.preheader14.preheader:5  %tmp_139 = call i32 @_ssdm_op_Read.ap_auto.volatile.i32P(i32* %matrix_e1x1_stream_o_1_V)

ST_2: tmp_140 [1/1] 0.00ns
.preheader14.preheader:7  %tmp_140 = call i32 @_ssdm_op_Read.ap_auto.volatile.i32P(i32* %matrix_e1x1_stream_o_2_V)

ST_2: tmp_141 [1/1] 0.00ns
.preheader14.preheader:9  %tmp_141 = call i32 @_ssdm_op_Read.ap_auto.volatile.i32P(i32* %matrix_e1x1_stream_o_3_V)

ST_2: tmp_142 [1/1] 0.00ns
.preheader14.preheader:11  %tmp_142 = call i32 @_ssdm_op_Read.ap_auto.volatile.i32P(i32* %matrix_e1x1_stream_o_4_V)

ST_2: tmp_143 [1/1] 0.00ns
.preheader14.preheader:13  %tmp_143 = call i32 @_ssdm_op_Read.ap_auto.volatile.i32P(i32* %matrix_e1x1_stream_o_5_V)

ST_2: tmp_144 [1/1] 0.00ns
.preheader14.preheader:15  %tmp_144 = call i32 @_ssdm_op_Read.ap_auto.volatile.i32P(i32* %matrix_e1x1_stream_o_6_V)

ST_2: tmp_145 [1/1] 0.00ns
.preheader14.preheader:17  %tmp_145 = call i32 @_ssdm_op_Read.ap_auto.volatile.i32P(i32* %matrix_e1x1_stream_o_7_V)

ST_2: tmp_146 [1/1] 0.00ns
.preheader14.preheader:19  %tmp_146 = call i32 @_ssdm_op_Read.ap_auto.volatile.i32P(i32* %matrix_e1x1_stream_o_8_V)

ST_2: tmp_147 [1/1] 0.00ns
.preheader14.preheader:21  %tmp_147 = call i32 @_ssdm_op_Read.ap_auto.volatile.i32P(i32* %matrix_e1x1_stream_o_9_V)

ST_2: tmp_148 [1/1] 0.00ns
.preheader14.preheader:23  %tmp_148 = call i32 @_ssdm_op_Read.ap_auto.volatile.i32P(i32* %matrix_e1x1_stream_o_10_V)

ST_2: tmp_149 [1/1] 0.00ns
.preheader14.preheader:25  %tmp_149 = call i32 @_ssdm_op_Read.ap_auto.volatile.i32P(i32* %matrix_e1x1_stream_o_11_V)

ST_2: tmp_150 [1/1] 0.00ns
.preheader14.preheader:27  %tmp_150 = call i32 @_ssdm_op_Read.ap_auto.volatile.i32P(i32* %matrix_e1x1_stream_o_12_V)

ST_2: tmp_151 [1/1] 0.00ns
.preheader14.preheader:29  %tmp_151 = call i32 @_ssdm_op_Read.ap_auto.volatile.i32P(i32* %matrix_e1x1_stream_o_13_V)

ST_2: tmp_152 [1/1] 0.00ns
.preheader14.preheader:31  %tmp_152 = call i32 @_ssdm_op_Read.ap_auto.volatile.i32P(i32* %matrix_e1x1_stream_o_14_V)

ST_2: tmp_153 [1/1] 0.00ns
.preheader14.preheader:33  %tmp_153 = call i32 @_ssdm_op_Read.ap_auto.volatile.i32P(i32* %matrix_e1x1_stream_o_15_V)

ST_2: tmp_154 [1/1] 0.00ns
.preheader14.preheader:35  %tmp_154 = call i32 @_ssdm_op_Read.ap_auto.volatile.i32P(i32* %matrix_e1x1_stream_o_16_V)

ST_2: tmp_155 [1/1] 0.00ns
.preheader14.preheader:37  %tmp_155 = call i32 @_ssdm_op_Read.ap_auto.volatile.i32P(i32* %matrix_e1x1_stream_o_17_V)

ST_2: tmp_156 [1/1] 0.00ns
.preheader14.preheader:39  %tmp_156 = call i32 @_ssdm_op_Read.ap_auto.volatile.i32P(i32* %matrix_e1x1_stream_o_18_V)

ST_2: tmp_157 [1/1] 0.00ns
.preheader14.preheader:41  %tmp_157 = call i32 @_ssdm_op_Read.ap_auto.volatile.i32P(i32* %matrix_e1x1_stream_o_19_V)

ST_2: tmp_158 [1/1] 0.00ns
.preheader14.preheader:43  %tmp_158 = call i32 @_ssdm_op_Read.ap_auto.volatile.i32P(i32* %matrix_e1x1_stream_o_20_V)

ST_2: tmp_159 [1/1] 0.00ns
.preheader14.preheader:45  %tmp_159 = call i32 @_ssdm_op_Read.ap_auto.volatile.i32P(i32* %matrix_e1x1_stream_o_21_V)

ST_2: tmp_160 [1/1] 0.00ns
.preheader14.preheader:47  %tmp_160 = call i32 @_ssdm_op_Read.ap_auto.volatile.i32P(i32* %matrix_e1x1_stream_o_22_V)

ST_2: tmp_161 [1/1] 0.00ns
.preheader14.preheader:49  %tmp_161 = call i32 @_ssdm_op_Read.ap_auto.volatile.i32P(i32* %matrix_e1x1_stream_o_23_V)

ST_2: tmp_162 [1/1] 0.00ns
.preheader14.preheader:51  %tmp_162 = call i32 @_ssdm_op_Read.ap_auto.volatile.i32P(i32* %matrix_e1x1_stream_o_24_V)

ST_2: tmp_163 [1/1] 0.00ns
.preheader14.preheader:53  %tmp_163 = call i32 @_ssdm_op_Read.ap_auto.volatile.i32P(i32* %matrix_e1x1_stream_o_25_V)

ST_2: tmp_164 [1/1] 0.00ns
.preheader14.preheader:55  %tmp_164 = call i32 @_ssdm_op_Read.ap_auto.volatile.i32P(i32* %matrix_e1x1_stream_o_26_V)

ST_2: tmp_165 [1/1] 0.00ns
.preheader14.preheader:57  %tmp_165 = call i32 @_ssdm_op_Read.ap_auto.volatile.i32P(i32* %matrix_e1x1_stream_o_27_V)

ST_2: tmp_166 [1/1] 0.00ns
.preheader14.preheader:59  %tmp_166 = call i32 @_ssdm_op_Read.ap_auto.volatile.i32P(i32* %matrix_e1x1_stream_o_28_V)

ST_2: tmp_167 [1/1] 0.00ns
.preheader14.preheader:61  %tmp_167 = call i32 @_ssdm_op_Read.ap_auto.volatile.i32P(i32* %matrix_e1x1_stream_o_29_V)

ST_2: tmp_168 [1/1] 0.00ns
.preheader14.preheader:63  %tmp_168 = call i32 @_ssdm_op_Read.ap_auto.volatile.i32P(i32* %matrix_e1x1_stream_o_30_V)

ST_2: tmp_169 [1/1] 0.00ns
.preheader14.preheader:65  %tmp_169 = call i32 @_ssdm_op_Read.ap_auto.volatile.i32P(i32* %matrix_e1x1_stream_o_31_V)

ST_2: tmp_170 [1/1] 0.00ns
.preheader14.preheader:67  %tmp_170 = call i32 @_ssdm_op_Read.ap_auto.volatile.i32P(i32* %matrix_e1x1_stream_o_32_V)

ST_2: tmp_171 [1/1] 0.00ns
.preheader14.preheader:69  %tmp_171 = call i32 @_ssdm_op_Read.ap_auto.volatile.i32P(i32* %matrix_e1x1_stream_o_33_V)

ST_2: tmp_172 [1/1] 0.00ns
.preheader14.preheader:71  %tmp_172 = call i32 @_ssdm_op_Read.ap_auto.volatile.i32P(i32* %matrix_e1x1_stream_o_34_V)

ST_2: tmp_173 [1/1] 0.00ns
.preheader14.preheader:73  %tmp_173 = call i32 @_ssdm_op_Read.ap_auto.volatile.i32P(i32* %matrix_e1x1_stream_o_35_V)

ST_2: tmp_174 [1/1] 0.00ns
.preheader14.preheader:75  %tmp_174 = call i32 @_ssdm_op_Read.ap_auto.volatile.i32P(i32* %matrix_e1x1_stream_o_36_V)

ST_2: tmp_175 [1/1] 0.00ns
.preheader14.preheader:77  %tmp_175 = call i32 @_ssdm_op_Read.ap_auto.volatile.i32P(i32* %matrix_e1x1_stream_o_37_V)

ST_2: tmp_176 [1/1] 0.00ns
.preheader14.preheader:79  %tmp_176 = call i32 @_ssdm_op_Read.ap_auto.volatile.i32P(i32* %matrix_e1x1_stream_o_38_V)

ST_2: tmp_177 [1/1] 0.00ns
.preheader14.preheader:81  %tmp_177 = call i32 @_ssdm_op_Read.ap_auto.volatile.i32P(i32* %matrix_e1x1_stream_o_39_V)

ST_2: tmp_178 [1/1] 0.00ns
.preheader14.preheader:83  %tmp_178 = call i32 @_ssdm_op_Read.ap_auto.volatile.i32P(i32* %matrix_e1x1_stream_o_40_V)

ST_2: tmp_179 [1/1] 0.00ns
.preheader14.preheader:85  %tmp_179 = call i32 @_ssdm_op_Read.ap_auto.volatile.i32P(i32* %matrix_e1x1_stream_o_41_V)

ST_2: tmp_180 [1/1] 0.00ns
.preheader14.preheader:87  %tmp_180 = call i32 @_ssdm_op_Read.ap_auto.volatile.i32P(i32* %matrix_e1x1_stream_o_42_V)

ST_2: tmp_181 [1/1] 0.00ns
.preheader14.preheader:89  %tmp_181 = call i32 @_ssdm_op_Read.ap_auto.volatile.i32P(i32* %matrix_e1x1_stream_o_43_V)

ST_2: tmp_182 [1/1] 0.00ns
.preheader14.preheader:91  %tmp_182 = call i32 @_ssdm_op_Read.ap_auto.volatile.i32P(i32* %matrix_e1x1_stream_o_44_V)

ST_2: tmp_183 [1/1] 0.00ns
.preheader14.preheader:93  %tmp_183 = call i32 @_ssdm_op_Read.ap_auto.volatile.i32P(i32* %matrix_e1x1_stream_o_45_V)

ST_2: tmp_184 [1/1] 0.00ns
.preheader14.preheader:95  %tmp_184 = call i32 @_ssdm_op_Read.ap_auto.volatile.i32P(i32* %matrix_e1x1_stream_o_46_V)

ST_2: tmp_185 [1/1] 0.00ns
.preheader14.preheader:97  %tmp_185 = call i32 @_ssdm_op_Read.ap_auto.volatile.i32P(i32* %matrix_e1x1_stream_o_47_V)

ST_2: tmp_186 [1/1] 0.00ns
.preheader14.preheader:99  %tmp_186 = call i32 @_ssdm_op_Read.ap_auto.volatile.i32P(i32* %matrix_e1x1_stream_o_48_V)

ST_2: tmp_187 [1/1] 0.00ns
.preheader14.preheader:101  %tmp_187 = call i32 @_ssdm_op_Read.ap_auto.volatile.i32P(i32* %matrix_e1x1_stream_o_49_V)

ST_2: tmp_188 [1/1] 0.00ns
.preheader14.preheader:103  %tmp_188 = call i32 @_ssdm_op_Read.ap_auto.volatile.i32P(i32* %matrix_e1x1_stream_o_50_V)

ST_2: tmp_189 [1/1] 0.00ns
.preheader14.preheader:105  %tmp_189 = call i32 @_ssdm_op_Read.ap_auto.volatile.i32P(i32* %matrix_e1x1_stream_o_51_V)

ST_2: tmp_190 [1/1] 0.00ns
.preheader14.preheader:107  %tmp_190 = call i32 @_ssdm_op_Read.ap_auto.volatile.i32P(i32* %matrix_e1x1_stream_o_52_V)

ST_2: tmp_191 [1/1] 0.00ns
.preheader14.preheader:109  %tmp_191 = call i32 @_ssdm_op_Read.ap_auto.volatile.i32P(i32* %matrix_e1x1_stream_o_53_V)

ST_2: tmp_192 [1/1] 0.00ns
.preheader14.preheader:111  %tmp_192 = call i32 @_ssdm_op_Read.ap_auto.volatile.i32P(i32* %matrix_e1x1_stream_o_54_V)

ST_2: tmp_193 [1/1] 0.00ns
.preheader14.preheader:113  %tmp_193 = call i32 @_ssdm_op_Read.ap_auto.volatile.i32P(i32* %matrix_e1x1_stream_o_55_V)

ST_2: tmp_194 [1/1] 0.00ns
.preheader14.preheader:115  %tmp_194 = call i32 @_ssdm_op_Read.ap_auto.volatile.i32P(i32* %matrix_e1x1_stream_o_56_V)

ST_2: tmp_195 [1/1] 0.00ns
.preheader14.preheader:117  %tmp_195 = call i32 @_ssdm_op_Read.ap_auto.volatile.i32P(i32* %matrix_e1x1_stream_o_57_V)

ST_2: tmp_196 [1/1] 0.00ns
.preheader14.preheader:119  %tmp_196 = call i32 @_ssdm_op_Read.ap_auto.volatile.i32P(i32* %matrix_e1x1_stream_o_58_V)

ST_2: tmp_197 [1/1] 0.00ns
.preheader14.preheader:121  %tmp_197 = call i32 @_ssdm_op_Read.ap_auto.volatile.i32P(i32* %matrix_e1x1_stream_o_59_V)

ST_2: tmp_198 [1/1] 0.00ns
.preheader14.preheader:123  %tmp_198 = call i32 @_ssdm_op_Read.ap_auto.volatile.i32P(i32* %matrix_e1x1_stream_o_60_V)

ST_2: tmp_199 [1/1] 0.00ns
.preheader14.preheader:125  %tmp_199 = call i32 @_ssdm_op_Read.ap_auto.volatile.i32P(i32* %matrix_e1x1_stream_o_61_V)

ST_2: tmp_200 [1/1] 0.00ns
.preheader14.preheader:127  %tmp_200 = call i32 @_ssdm_op_Read.ap_auto.volatile.i32P(i32* %matrix_e1x1_stream_o_62_V)

ST_2: tmp_201 [1/1] 0.00ns
.preheader14.preheader:129  %tmp_201 = call i32 @_ssdm_op_Read.ap_auto.volatile.i32P(i32* %matrix_e1x1_stream_o_63_V)


 <State 3>: 1.00ns
ST_3: empty_1023 [1/1] 0.00ns
.preheader14.preheader:0  %empty_1023 = call i32 (...)* @_ssdm_op_SpecLoopTripCount(i64 3025, i64 3025, i64 3025)

ST_3: tmp [1/1] 0.00ns
.preheader14.preheader:1  %tmp = call i32 (...)* @_ssdm_op_SpecRegionBegin([12 x i8]* @p_str14)

ST_3: stg_270 [1/1] 0.00ns
.preheader14.preheader:2  call void (...)* @_ssdm_op_SpecPipeline(i32 1, i32 1, i32 1, i32 0, [1 x i8]* @p_str3) nounwind

ST_3: stg_271 [1/1] 1.00ns
.preheader14.preheader:4  call void @_ssdm_op_Write.ap_fifo.volatile.i32P(i32* %matrix_o_0_V, i32 %tmp_138)

ST_3: stg_272 [1/1] 1.00ns
.preheader14.preheader:6  call void @_ssdm_op_Write.ap_fifo.volatile.i32P(i32* %matrix_o_1_V, i32 %tmp_139)

ST_3: stg_273 [1/1] 1.00ns
.preheader14.preheader:8  call void @_ssdm_op_Write.ap_fifo.volatile.i32P(i32* %matrix_o_2_V, i32 %tmp_140)

ST_3: stg_274 [1/1] 1.00ns
.preheader14.preheader:10  call void @_ssdm_op_Write.ap_fifo.volatile.i32P(i32* %matrix_o_3_V, i32 %tmp_141)

ST_3: stg_275 [1/1] 1.00ns
.preheader14.preheader:12  call void @_ssdm_op_Write.ap_fifo.volatile.i32P(i32* %matrix_o_4_V, i32 %tmp_142)

ST_3: stg_276 [1/1] 1.00ns
.preheader14.preheader:14  call void @_ssdm_op_Write.ap_fifo.volatile.i32P(i32* %matrix_o_5_V, i32 %tmp_143)

ST_3: stg_277 [1/1] 1.00ns
.preheader14.preheader:16  call void @_ssdm_op_Write.ap_fifo.volatile.i32P(i32* %matrix_o_6_V, i32 %tmp_144)

ST_3: stg_278 [1/1] 1.00ns
.preheader14.preheader:18  call void @_ssdm_op_Write.ap_fifo.volatile.i32P(i32* %matrix_o_7_V, i32 %tmp_145)

ST_3: stg_279 [1/1] 1.00ns
.preheader14.preheader:20  call void @_ssdm_op_Write.ap_fifo.volatile.i32P(i32* %matrix_o_8_V, i32 %tmp_146)

ST_3: stg_280 [1/1] 1.00ns
.preheader14.preheader:22  call void @_ssdm_op_Write.ap_fifo.volatile.i32P(i32* %matrix_o_9_V, i32 %tmp_147)

ST_3: stg_281 [1/1] 1.00ns
.preheader14.preheader:24  call void @_ssdm_op_Write.ap_fifo.volatile.i32P(i32* %matrix_o_10_V, i32 %tmp_148)

ST_3: stg_282 [1/1] 1.00ns
.preheader14.preheader:26  call void @_ssdm_op_Write.ap_fifo.volatile.i32P(i32* %matrix_o_11_V, i32 %tmp_149)

ST_3: stg_283 [1/1] 1.00ns
.preheader14.preheader:28  call void @_ssdm_op_Write.ap_fifo.volatile.i32P(i32* %matrix_o_12_V, i32 %tmp_150)

ST_3: stg_284 [1/1] 1.00ns
.preheader14.preheader:30  call void @_ssdm_op_Write.ap_fifo.volatile.i32P(i32* %matrix_o_13_V, i32 %tmp_151)

ST_3: stg_285 [1/1] 1.00ns
.preheader14.preheader:32  call void @_ssdm_op_Write.ap_fifo.volatile.i32P(i32* %matrix_o_14_V, i32 %tmp_152)

ST_3: stg_286 [1/1] 1.00ns
.preheader14.preheader:34  call void @_ssdm_op_Write.ap_fifo.volatile.i32P(i32* %matrix_o_15_V, i32 %tmp_153)

ST_3: stg_287 [1/1] 1.00ns
.preheader14.preheader:36  call void @_ssdm_op_Write.ap_fifo.volatile.i32P(i32* %matrix_o_16_V, i32 %tmp_154)

ST_3: stg_288 [1/1] 1.00ns
.preheader14.preheader:38  call void @_ssdm_op_Write.ap_fifo.volatile.i32P(i32* %matrix_o_17_V, i32 %tmp_155)

ST_3: stg_289 [1/1] 1.00ns
.preheader14.preheader:40  call void @_ssdm_op_Write.ap_fifo.volatile.i32P(i32* %matrix_o_18_V, i32 %tmp_156)

ST_3: stg_290 [1/1] 1.00ns
.preheader14.preheader:42  call void @_ssdm_op_Write.ap_fifo.volatile.i32P(i32* %matrix_o_19_V, i32 %tmp_157)

ST_3: stg_291 [1/1] 1.00ns
.preheader14.preheader:44  call void @_ssdm_op_Write.ap_fifo.volatile.i32P(i32* %matrix_o_20_V, i32 %tmp_158)

ST_3: stg_292 [1/1] 1.00ns
.preheader14.preheader:46  call void @_ssdm_op_Write.ap_fifo.volatile.i32P(i32* %matrix_o_21_V, i32 %tmp_159)

ST_3: stg_293 [1/1] 1.00ns
.preheader14.preheader:48  call void @_ssdm_op_Write.ap_fifo.volatile.i32P(i32* %matrix_o_22_V, i32 %tmp_160)

ST_3: stg_294 [1/1] 1.00ns
.preheader14.preheader:50  call void @_ssdm_op_Write.ap_fifo.volatile.i32P(i32* %matrix_o_23_V, i32 %tmp_161)

ST_3: stg_295 [1/1] 1.00ns
.preheader14.preheader:52  call void @_ssdm_op_Write.ap_fifo.volatile.i32P(i32* %matrix_o_24_V, i32 %tmp_162)

ST_3: stg_296 [1/1] 1.00ns
.preheader14.preheader:54  call void @_ssdm_op_Write.ap_fifo.volatile.i32P(i32* %matrix_o_25_V, i32 %tmp_163)

ST_3: stg_297 [1/1] 1.00ns
.preheader14.preheader:56  call void @_ssdm_op_Write.ap_fifo.volatile.i32P(i32* %matrix_o_26_V, i32 %tmp_164)

ST_3: stg_298 [1/1] 1.00ns
.preheader14.preheader:58  call void @_ssdm_op_Write.ap_fifo.volatile.i32P(i32* %matrix_o_27_V, i32 %tmp_165)

ST_3: stg_299 [1/1] 1.00ns
.preheader14.preheader:60  call void @_ssdm_op_Write.ap_fifo.volatile.i32P(i32* %matrix_o_28_V, i32 %tmp_166)

ST_3: stg_300 [1/1] 1.00ns
.preheader14.preheader:62  call void @_ssdm_op_Write.ap_fifo.volatile.i32P(i32* %matrix_o_29_V, i32 %tmp_167)

ST_3: stg_301 [1/1] 1.00ns
.preheader14.preheader:64  call void @_ssdm_op_Write.ap_fifo.volatile.i32P(i32* %matrix_o_30_V, i32 %tmp_168)

ST_3: stg_302 [1/1] 1.00ns
.preheader14.preheader:66  call void @_ssdm_op_Write.ap_fifo.volatile.i32P(i32* %matrix_o_31_V, i32 %tmp_169)

ST_3: stg_303 [1/1] 1.00ns
.preheader14.preheader:68  call void @_ssdm_op_Write.ap_fifo.volatile.i32P(i32* %matrix_o_32_V, i32 %tmp_170)

ST_3: stg_304 [1/1] 1.00ns
.preheader14.preheader:70  call void @_ssdm_op_Write.ap_fifo.volatile.i32P(i32* %matrix_o_33_V, i32 %tmp_171)

ST_3: stg_305 [1/1] 1.00ns
.preheader14.preheader:72  call void @_ssdm_op_Write.ap_fifo.volatile.i32P(i32* %matrix_o_34_V, i32 %tmp_172)

ST_3: stg_306 [1/1] 1.00ns
.preheader14.preheader:74  call void @_ssdm_op_Write.ap_fifo.volatile.i32P(i32* %matrix_o_35_V, i32 %tmp_173)

ST_3: stg_307 [1/1] 1.00ns
.preheader14.preheader:76  call void @_ssdm_op_Write.ap_fifo.volatile.i32P(i32* %matrix_o_36_V, i32 %tmp_174)

ST_3: stg_308 [1/1] 1.00ns
.preheader14.preheader:78  call void @_ssdm_op_Write.ap_fifo.volatile.i32P(i32* %matrix_o_37_V, i32 %tmp_175)

ST_3: stg_309 [1/1] 1.00ns
.preheader14.preheader:80  call void @_ssdm_op_Write.ap_fifo.volatile.i32P(i32* %matrix_o_38_V, i32 %tmp_176)

ST_3: stg_310 [1/1] 1.00ns
.preheader14.preheader:82  call void @_ssdm_op_Write.ap_fifo.volatile.i32P(i32* %matrix_o_39_V, i32 %tmp_177)

ST_3: stg_311 [1/1] 1.00ns
.preheader14.preheader:84  call void @_ssdm_op_Write.ap_fifo.volatile.i32P(i32* %matrix_o_40_V, i32 %tmp_178)

ST_3: stg_312 [1/1] 1.00ns
.preheader14.preheader:86  call void @_ssdm_op_Write.ap_fifo.volatile.i32P(i32* %matrix_o_41_V, i32 %tmp_179)

ST_3: stg_313 [1/1] 1.00ns
.preheader14.preheader:88  call void @_ssdm_op_Write.ap_fifo.volatile.i32P(i32* %matrix_o_42_V, i32 %tmp_180)

ST_3: stg_314 [1/1] 1.00ns
.preheader14.preheader:90  call void @_ssdm_op_Write.ap_fifo.volatile.i32P(i32* %matrix_o_43_V, i32 %tmp_181)

ST_3: stg_315 [1/1] 1.00ns
.preheader14.preheader:92  call void @_ssdm_op_Write.ap_fifo.volatile.i32P(i32* %matrix_o_44_V, i32 %tmp_182)

ST_3: stg_316 [1/1] 1.00ns
.preheader14.preheader:94  call void @_ssdm_op_Write.ap_fifo.volatile.i32P(i32* %matrix_o_45_V, i32 %tmp_183)

ST_3: stg_317 [1/1] 1.00ns
.preheader14.preheader:96  call void @_ssdm_op_Write.ap_fifo.volatile.i32P(i32* %matrix_o_46_V, i32 %tmp_184)

ST_3: stg_318 [1/1] 1.00ns
.preheader14.preheader:98  call void @_ssdm_op_Write.ap_fifo.volatile.i32P(i32* %matrix_o_47_V, i32 %tmp_185)

ST_3: stg_319 [1/1] 1.00ns
.preheader14.preheader:100  call void @_ssdm_op_Write.ap_fifo.volatile.i32P(i32* %matrix_o_48_V, i32 %tmp_186)

ST_3: stg_320 [1/1] 1.00ns
.preheader14.preheader:102  call void @_ssdm_op_Write.ap_fifo.volatile.i32P(i32* %matrix_o_49_V, i32 %tmp_187)

ST_3: stg_321 [1/1] 1.00ns
.preheader14.preheader:104  call void @_ssdm_op_Write.ap_fifo.volatile.i32P(i32* %matrix_o_50_V, i32 %tmp_188)

ST_3: stg_322 [1/1] 1.00ns
.preheader14.preheader:106  call void @_ssdm_op_Write.ap_fifo.volatile.i32P(i32* %matrix_o_51_V, i32 %tmp_189)

ST_3: stg_323 [1/1] 1.00ns
.preheader14.preheader:108  call void @_ssdm_op_Write.ap_fifo.volatile.i32P(i32* %matrix_o_52_V, i32 %tmp_190)

ST_3: stg_324 [1/1] 1.00ns
.preheader14.preheader:110  call void @_ssdm_op_Write.ap_fifo.volatile.i32P(i32* %matrix_o_53_V, i32 %tmp_191)

ST_3: stg_325 [1/1] 1.00ns
.preheader14.preheader:112  call void @_ssdm_op_Write.ap_fifo.volatile.i32P(i32* %matrix_o_54_V, i32 %tmp_192)

ST_3: stg_326 [1/1] 1.00ns
.preheader14.preheader:114  call void @_ssdm_op_Write.ap_fifo.volatile.i32P(i32* %matrix_o_55_V, i32 %tmp_193)

ST_3: stg_327 [1/1] 1.00ns
.preheader14.preheader:116  call void @_ssdm_op_Write.ap_fifo.volatile.i32P(i32* %matrix_o_56_V, i32 %tmp_194)

ST_3: stg_328 [1/1] 1.00ns
.preheader14.preheader:118  call void @_ssdm_op_Write.ap_fifo.volatile.i32P(i32* %matrix_o_57_V, i32 %tmp_195)

ST_3: stg_329 [1/1] 1.00ns
.preheader14.preheader:120  call void @_ssdm_op_Write.ap_fifo.volatile.i32P(i32* %matrix_o_58_V, i32 %tmp_196)

ST_3: stg_330 [1/1] 1.00ns
.preheader14.preheader:122  call void @_ssdm_op_Write.ap_fifo.volatile.i32P(i32* %matrix_o_59_V, i32 %tmp_197)

ST_3: stg_331 [1/1] 1.00ns
.preheader14.preheader:124  call void @_ssdm_op_Write.ap_fifo.volatile.i32P(i32* %matrix_o_60_V, i32 %tmp_198)

ST_3: stg_332 [1/1] 1.00ns
.preheader14.preheader:126  call void @_ssdm_op_Write.ap_fifo.volatile.i32P(i32* %matrix_o_61_V, i32 %tmp_199)

ST_3: stg_333 [1/1] 1.00ns
.preheader14.preheader:128  call void @_ssdm_op_Write.ap_fifo.volatile.i32P(i32* %matrix_o_62_V, i32 %tmp_200)

ST_3: stg_334 [1/1] 1.00ns
.preheader14.preheader:130  call void @_ssdm_op_Write.ap_fifo.volatile.i32P(i32* %matrix_o_63_V, i32 %tmp_201)

ST_3: empty_1024 [1/1] 0.00ns
.preheader14.preheader:131  %empty_1024 = call i32 (...)* @_ssdm_op_SpecRegionEnd([12 x i8]* @p_str14, i32 %tmp)

ST_3: stg_336 [1/1] 0.00ns
.preheader14.preheader:132  br label %.preheader14


 <State 4>: 2.14ns
ST_4: indvar_flatten6 [1/1] 0.00ns
.preheader:0  %indvar_flatten6 = phi i12 [ %indvar_flatten_next7, %.preheader17 ], [ 0, %.preheader14 ]

ST_4: exitcond_flatten8 [1/1] 2.14ns
.preheader:1  %exitcond_flatten8 = icmp eq i12 %indvar_flatten6, -1071

ST_4: indvar_flatten_next7 [1/1] 1.84ns
.preheader:2  %indvar_flatten_next7 = add i12 %indvar_flatten6, 1

ST_4: stg_340 [1/1] 0.00ns
.preheader:3  br i1 %exitcond_flatten8, label %1, label %.preheader17


 <State 5>: 2.00ns
ST_5: empty_1025 [1/1] 0.00ns
.preheader17:0  %empty_1025 = call i32 (...)* @_ssdm_op_SpecLoopTripCount(i64 3025, i64 3025, i64 3025)

ST_5: tmp_s [1/1] 0.00ns
.preheader17:1  %tmp_s = call i32 (...)* @_ssdm_op_SpecRegionBegin([12 x i8]* @p_str16)

ST_5: stg_343 [1/1] 0.00ns
.preheader17:2  call void (...)* @_ssdm_op_SpecPipeline(i32 1, i32 1, i32 1, i32 0, [1 x i8]* @p_str3) nounwind

ST_5: tmp_202 [1/1] 1.00ns
.preheader17:3  %tmp_202 = call i32 @_ssdm_op_Read.ap_fifo.volatile.i32P(i32* %matrix_e3x3_stream_o_0_V)

ST_5: stg_345 [1/1] 1.00ns
.preheader17:4  call void @_ssdm_op_Write.ap_fifo.volatile.i32P(i32* %matrix_o_64_V, i32 %tmp_202)

ST_5: tmp_203 [1/1] 1.00ns
.preheader17:5  %tmp_203 = call i32 @_ssdm_op_Read.ap_fifo.volatile.i32P(i32* %matrix_e3x3_stream_o_1_V)

ST_5: stg_347 [1/1] 1.00ns
.preheader17:6  call void @_ssdm_op_Write.ap_fifo.volatile.i32P(i32* %matrix_o_65_V, i32 %tmp_203)

ST_5: tmp_204 [1/1] 1.00ns
.preheader17:7  %tmp_204 = call i32 @_ssdm_op_Read.ap_fifo.volatile.i32P(i32* %matrix_e3x3_stream_o_2_V)

ST_5: stg_349 [1/1] 1.00ns
.preheader17:8  call void @_ssdm_op_Write.ap_fifo.volatile.i32P(i32* %matrix_o_66_V, i32 %tmp_204)

ST_5: tmp_205 [1/1] 1.00ns
.preheader17:9  %tmp_205 = call i32 @_ssdm_op_Read.ap_fifo.volatile.i32P(i32* %matrix_e3x3_stream_o_3_V)

ST_5: stg_351 [1/1] 1.00ns
.preheader17:10  call void @_ssdm_op_Write.ap_fifo.volatile.i32P(i32* %matrix_o_67_V, i32 %tmp_205)

ST_5: tmp_206 [1/1] 1.00ns
.preheader17:11  %tmp_206 = call i32 @_ssdm_op_Read.ap_fifo.volatile.i32P(i32* %matrix_e3x3_stream_o_4_V)

ST_5: stg_353 [1/1] 1.00ns
.preheader17:12  call void @_ssdm_op_Write.ap_fifo.volatile.i32P(i32* %matrix_o_68_V, i32 %tmp_206)

ST_5: tmp_207 [1/1] 1.00ns
.preheader17:13  %tmp_207 = call i32 @_ssdm_op_Read.ap_fifo.volatile.i32P(i32* %matrix_e3x3_stream_o_5_V)

ST_5: stg_355 [1/1] 1.00ns
.preheader17:14  call void @_ssdm_op_Write.ap_fifo.volatile.i32P(i32* %matrix_o_69_V, i32 %tmp_207)

ST_5: tmp_208 [1/1] 1.00ns
.preheader17:15  %tmp_208 = call i32 @_ssdm_op_Read.ap_fifo.volatile.i32P(i32* %matrix_e3x3_stream_o_6_V)

ST_5: stg_357 [1/1] 1.00ns
.preheader17:16  call void @_ssdm_op_Write.ap_fifo.volatile.i32P(i32* %matrix_o_70_V, i32 %tmp_208)

ST_5: tmp_209 [1/1] 1.00ns
.preheader17:17  %tmp_209 = call i32 @_ssdm_op_Read.ap_fifo.volatile.i32P(i32* %matrix_e3x3_stream_o_7_V)

ST_5: stg_359 [1/1] 1.00ns
.preheader17:18  call void @_ssdm_op_Write.ap_fifo.volatile.i32P(i32* %matrix_o_71_V, i32 %tmp_209)

ST_5: tmp_210 [1/1] 1.00ns
.preheader17:19  %tmp_210 = call i32 @_ssdm_op_Read.ap_fifo.volatile.i32P(i32* %matrix_e3x3_stream_o_8_V)

ST_5: stg_361 [1/1] 1.00ns
.preheader17:20  call void @_ssdm_op_Write.ap_fifo.volatile.i32P(i32* %matrix_o_72_V, i32 %tmp_210)

ST_5: tmp_211 [1/1] 1.00ns
.preheader17:21  %tmp_211 = call i32 @_ssdm_op_Read.ap_fifo.volatile.i32P(i32* %matrix_e3x3_stream_o_9_V)

ST_5: stg_363 [1/1] 1.00ns
.preheader17:22  call void @_ssdm_op_Write.ap_fifo.volatile.i32P(i32* %matrix_o_73_V, i32 %tmp_211)

ST_5: tmp_212 [1/1] 1.00ns
.preheader17:23  %tmp_212 = call i32 @_ssdm_op_Read.ap_fifo.volatile.i32P(i32* %matrix_e3x3_stream_o_10_V)

ST_5: stg_365 [1/1] 1.00ns
.preheader17:24  call void @_ssdm_op_Write.ap_fifo.volatile.i32P(i32* %matrix_o_74_V, i32 %tmp_212)

ST_5: tmp_213 [1/1] 1.00ns
.preheader17:25  %tmp_213 = call i32 @_ssdm_op_Read.ap_fifo.volatile.i32P(i32* %matrix_e3x3_stream_o_11_V)

ST_5: stg_367 [1/1] 1.00ns
.preheader17:26  call void @_ssdm_op_Write.ap_fifo.volatile.i32P(i32* %matrix_o_75_V, i32 %tmp_213)

ST_5: tmp_214 [1/1] 1.00ns
.preheader17:27  %tmp_214 = call i32 @_ssdm_op_Read.ap_fifo.volatile.i32P(i32* %matrix_e3x3_stream_o_12_V)

ST_5: stg_369 [1/1] 1.00ns
.preheader17:28  call void @_ssdm_op_Write.ap_fifo.volatile.i32P(i32* %matrix_o_76_V, i32 %tmp_214)

ST_5: tmp_215 [1/1] 1.00ns
.preheader17:29  %tmp_215 = call i32 @_ssdm_op_Read.ap_fifo.volatile.i32P(i32* %matrix_e3x3_stream_o_13_V)

ST_5: stg_371 [1/1] 1.00ns
.preheader17:30  call void @_ssdm_op_Write.ap_fifo.volatile.i32P(i32* %matrix_o_77_V, i32 %tmp_215)

ST_5: tmp_216 [1/1] 1.00ns
.preheader17:31  %tmp_216 = call i32 @_ssdm_op_Read.ap_fifo.volatile.i32P(i32* %matrix_e3x3_stream_o_14_V)

ST_5: stg_373 [1/1] 1.00ns
.preheader17:32  call void @_ssdm_op_Write.ap_fifo.volatile.i32P(i32* %matrix_o_78_V, i32 %tmp_216)

ST_5: tmp_217 [1/1] 1.00ns
.preheader17:33  %tmp_217 = call i32 @_ssdm_op_Read.ap_fifo.volatile.i32P(i32* %matrix_e3x3_stream_o_15_V)

ST_5: stg_375 [1/1] 1.00ns
.preheader17:34  call void @_ssdm_op_Write.ap_fifo.volatile.i32P(i32* %matrix_o_79_V, i32 %tmp_217)

ST_5: tmp_218 [1/1] 1.00ns
.preheader17:35  %tmp_218 = call i32 @_ssdm_op_Read.ap_fifo.volatile.i32P(i32* %matrix_e3x3_stream_o_16_V)

ST_5: stg_377 [1/1] 1.00ns
.preheader17:36  call void @_ssdm_op_Write.ap_fifo.volatile.i32P(i32* %matrix_o_80_V, i32 %tmp_218)

ST_5: tmp_219 [1/1] 1.00ns
.preheader17:37  %tmp_219 = call i32 @_ssdm_op_Read.ap_fifo.volatile.i32P(i32* %matrix_e3x3_stream_o_17_V)

ST_5: stg_379 [1/1] 1.00ns
.preheader17:38  call void @_ssdm_op_Write.ap_fifo.volatile.i32P(i32* %matrix_o_81_V, i32 %tmp_219)

ST_5: tmp_220 [1/1] 1.00ns
.preheader17:39  %tmp_220 = call i32 @_ssdm_op_Read.ap_fifo.volatile.i32P(i32* %matrix_e3x3_stream_o_18_V)

ST_5: stg_381 [1/1] 1.00ns
.preheader17:40  call void @_ssdm_op_Write.ap_fifo.volatile.i32P(i32* %matrix_o_82_V, i32 %tmp_220)

ST_5: tmp_221 [1/1] 1.00ns
.preheader17:41  %tmp_221 = call i32 @_ssdm_op_Read.ap_fifo.volatile.i32P(i32* %matrix_e3x3_stream_o_19_V)

ST_5: stg_383 [1/1] 1.00ns
.preheader17:42  call void @_ssdm_op_Write.ap_fifo.volatile.i32P(i32* %matrix_o_83_V, i32 %tmp_221)

ST_5: tmp_222 [1/1] 1.00ns
.preheader17:43  %tmp_222 = call i32 @_ssdm_op_Read.ap_fifo.volatile.i32P(i32* %matrix_e3x3_stream_o_20_V)

ST_5: stg_385 [1/1] 1.00ns
.preheader17:44  call void @_ssdm_op_Write.ap_fifo.volatile.i32P(i32* %matrix_o_84_V, i32 %tmp_222)

ST_5: tmp_223 [1/1] 1.00ns
.preheader17:45  %tmp_223 = call i32 @_ssdm_op_Read.ap_fifo.volatile.i32P(i32* %matrix_e3x3_stream_o_21_V)

ST_5: stg_387 [1/1] 1.00ns
.preheader17:46  call void @_ssdm_op_Write.ap_fifo.volatile.i32P(i32* %matrix_o_85_V, i32 %tmp_223)

ST_5: tmp_224 [1/1] 1.00ns
.preheader17:47  %tmp_224 = call i32 @_ssdm_op_Read.ap_fifo.volatile.i32P(i32* %matrix_e3x3_stream_o_22_V)

ST_5: stg_389 [1/1] 1.00ns
.preheader17:48  call void @_ssdm_op_Write.ap_fifo.volatile.i32P(i32* %matrix_o_86_V, i32 %tmp_224)

ST_5: tmp_225 [1/1] 1.00ns
.preheader17:49  %tmp_225 = call i32 @_ssdm_op_Read.ap_fifo.volatile.i32P(i32* %matrix_e3x3_stream_o_23_V)

ST_5: stg_391 [1/1] 1.00ns
.preheader17:50  call void @_ssdm_op_Write.ap_fifo.volatile.i32P(i32* %matrix_o_87_V, i32 %tmp_225)

ST_5: tmp_226 [1/1] 1.00ns
.preheader17:51  %tmp_226 = call i32 @_ssdm_op_Read.ap_fifo.volatile.i32P(i32* %matrix_e3x3_stream_o_24_V)

ST_5: stg_393 [1/1] 1.00ns
.preheader17:52  call void @_ssdm_op_Write.ap_fifo.volatile.i32P(i32* %matrix_o_88_V, i32 %tmp_226)

ST_5: tmp_227 [1/1] 1.00ns
.preheader17:53  %tmp_227 = call i32 @_ssdm_op_Read.ap_fifo.volatile.i32P(i32* %matrix_e3x3_stream_o_25_V)

ST_5: stg_395 [1/1] 1.00ns
.preheader17:54  call void @_ssdm_op_Write.ap_fifo.volatile.i32P(i32* %matrix_o_89_V, i32 %tmp_227)

ST_5: tmp_228 [1/1] 1.00ns
.preheader17:55  %tmp_228 = call i32 @_ssdm_op_Read.ap_fifo.volatile.i32P(i32* %matrix_e3x3_stream_o_26_V)

ST_5: stg_397 [1/1] 1.00ns
.preheader17:56  call void @_ssdm_op_Write.ap_fifo.volatile.i32P(i32* %matrix_o_90_V, i32 %tmp_228)

ST_5: tmp_229 [1/1] 1.00ns
.preheader17:57  %tmp_229 = call i32 @_ssdm_op_Read.ap_fifo.volatile.i32P(i32* %matrix_e3x3_stream_o_27_V)

ST_5: stg_399 [1/1] 1.00ns
.preheader17:58  call void @_ssdm_op_Write.ap_fifo.volatile.i32P(i32* %matrix_o_91_V, i32 %tmp_229)

ST_5: tmp_230 [1/1] 1.00ns
.preheader17:59  %tmp_230 = call i32 @_ssdm_op_Read.ap_fifo.volatile.i32P(i32* %matrix_e3x3_stream_o_28_V)

ST_5: stg_401 [1/1] 1.00ns
.preheader17:60  call void @_ssdm_op_Write.ap_fifo.volatile.i32P(i32* %matrix_o_92_V, i32 %tmp_230)

ST_5: tmp_231 [1/1] 1.00ns
.preheader17:61  %tmp_231 = call i32 @_ssdm_op_Read.ap_fifo.volatile.i32P(i32* %matrix_e3x3_stream_o_29_V)

ST_5: stg_403 [1/1] 1.00ns
.preheader17:62  call void @_ssdm_op_Write.ap_fifo.volatile.i32P(i32* %matrix_o_93_V, i32 %tmp_231)

ST_5: tmp_232 [1/1] 1.00ns
.preheader17:63  %tmp_232 = call i32 @_ssdm_op_Read.ap_fifo.volatile.i32P(i32* %matrix_e3x3_stream_o_30_V)

ST_5: stg_405 [1/1] 1.00ns
.preheader17:64  call void @_ssdm_op_Write.ap_fifo.volatile.i32P(i32* %matrix_o_94_V, i32 %tmp_232)

ST_5: tmp_233 [1/1] 1.00ns
.preheader17:65  %tmp_233 = call i32 @_ssdm_op_Read.ap_fifo.volatile.i32P(i32* %matrix_e3x3_stream_o_31_V)

ST_5: stg_407 [1/1] 1.00ns
.preheader17:66  call void @_ssdm_op_Write.ap_fifo.volatile.i32P(i32* %matrix_o_95_V, i32 %tmp_233)

ST_5: tmp_234 [1/1] 1.00ns
.preheader17:67  %tmp_234 = call i32 @_ssdm_op_Read.ap_fifo.volatile.i32P(i32* %matrix_e3x3_stream_o_32_V)

ST_5: stg_409 [1/1] 1.00ns
.preheader17:68  call void @_ssdm_op_Write.ap_fifo.volatile.i32P(i32* %matrix_o_96_V, i32 %tmp_234)

ST_5: tmp_235 [1/1] 1.00ns
.preheader17:69  %tmp_235 = call i32 @_ssdm_op_Read.ap_fifo.volatile.i32P(i32* %matrix_e3x3_stream_o_33_V)

ST_5: stg_411 [1/1] 1.00ns
.preheader17:70  call void @_ssdm_op_Write.ap_fifo.volatile.i32P(i32* %matrix_o_97_V, i32 %tmp_235)

ST_5: tmp_236 [1/1] 1.00ns
.preheader17:71  %tmp_236 = call i32 @_ssdm_op_Read.ap_fifo.volatile.i32P(i32* %matrix_e3x3_stream_o_34_V)

ST_5: stg_413 [1/1] 1.00ns
.preheader17:72  call void @_ssdm_op_Write.ap_fifo.volatile.i32P(i32* %matrix_o_98_V, i32 %tmp_236)

ST_5: tmp_237 [1/1] 1.00ns
.preheader17:73  %tmp_237 = call i32 @_ssdm_op_Read.ap_fifo.volatile.i32P(i32* %matrix_e3x3_stream_o_35_V)

ST_5: stg_415 [1/1] 1.00ns
.preheader17:74  call void @_ssdm_op_Write.ap_fifo.volatile.i32P(i32* %matrix_o_99_V, i32 %tmp_237)

ST_5: tmp_238 [1/1] 1.00ns
.preheader17:75  %tmp_238 = call i32 @_ssdm_op_Read.ap_fifo.volatile.i32P(i32* %matrix_e3x3_stream_o_36_V)

ST_5: stg_417 [1/1] 1.00ns
.preheader17:76  call void @_ssdm_op_Write.ap_fifo.volatile.i32P(i32* %matrix_o_100_V, i32 %tmp_238)

ST_5: tmp_239 [1/1] 1.00ns
.preheader17:77  %tmp_239 = call i32 @_ssdm_op_Read.ap_fifo.volatile.i32P(i32* %matrix_e3x3_stream_o_37_V)

ST_5: stg_419 [1/1] 1.00ns
.preheader17:78  call void @_ssdm_op_Write.ap_fifo.volatile.i32P(i32* %matrix_o_101_V, i32 %tmp_239)

ST_5: tmp_240 [1/1] 1.00ns
.preheader17:79  %tmp_240 = call i32 @_ssdm_op_Read.ap_fifo.volatile.i32P(i32* %matrix_e3x3_stream_o_38_V)

ST_5: stg_421 [1/1] 1.00ns
.preheader17:80  call void @_ssdm_op_Write.ap_fifo.volatile.i32P(i32* %matrix_o_102_V, i32 %tmp_240)

ST_5: tmp_241 [1/1] 1.00ns
.preheader17:81  %tmp_241 = call i32 @_ssdm_op_Read.ap_fifo.volatile.i32P(i32* %matrix_e3x3_stream_o_39_V)

ST_5: stg_423 [1/1] 1.00ns
.preheader17:82  call void @_ssdm_op_Write.ap_fifo.volatile.i32P(i32* %matrix_o_103_V, i32 %tmp_241)

ST_5: tmp_242 [1/1] 1.00ns
.preheader17:83  %tmp_242 = call i32 @_ssdm_op_Read.ap_fifo.volatile.i32P(i32* %matrix_e3x3_stream_o_40_V)

ST_5: stg_425 [1/1] 1.00ns
.preheader17:84  call void @_ssdm_op_Write.ap_fifo.volatile.i32P(i32* %matrix_o_104_V, i32 %tmp_242)

ST_5: tmp_243 [1/1] 1.00ns
.preheader17:85  %tmp_243 = call i32 @_ssdm_op_Read.ap_fifo.volatile.i32P(i32* %matrix_e3x3_stream_o_41_V)

ST_5: stg_427 [1/1] 1.00ns
.preheader17:86  call void @_ssdm_op_Write.ap_fifo.volatile.i32P(i32* %matrix_o_105_V, i32 %tmp_243)

ST_5: tmp_244 [1/1] 1.00ns
.preheader17:87  %tmp_244 = call i32 @_ssdm_op_Read.ap_fifo.volatile.i32P(i32* %matrix_e3x3_stream_o_42_V)

ST_5: stg_429 [1/1] 1.00ns
.preheader17:88  call void @_ssdm_op_Write.ap_fifo.volatile.i32P(i32* %matrix_o_106_V, i32 %tmp_244)

ST_5: tmp_245 [1/1] 1.00ns
.preheader17:89  %tmp_245 = call i32 @_ssdm_op_Read.ap_fifo.volatile.i32P(i32* %matrix_e3x3_stream_o_43_V)

ST_5: stg_431 [1/1] 1.00ns
.preheader17:90  call void @_ssdm_op_Write.ap_fifo.volatile.i32P(i32* %matrix_o_107_V, i32 %tmp_245)

ST_5: tmp_246 [1/1] 1.00ns
.preheader17:91  %tmp_246 = call i32 @_ssdm_op_Read.ap_fifo.volatile.i32P(i32* %matrix_e3x3_stream_o_44_V)

ST_5: stg_433 [1/1] 1.00ns
.preheader17:92  call void @_ssdm_op_Write.ap_fifo.volatile.i32P(i32* %matrix_o_108_V, i32 %tmp_246)

ST_5: tmp_247 [1/1] 1.00ns
.preheader17:93  %tmp_247 = call i32 @_ssdm_op_Read.ap_fifo.volatile.i32P(i32* %matrix_e3x3_stream_o_45_V)

ST_5: stg_435 [1/1] 1.00ns
.preheader17:94  call void @_ssdm_op_Write.ap_fifo.volatile.i32P(i32* %matrix_o_109_V, i32 %tmp_247)

ST_5: tmp_248 [1/1] 1.00ns
.preheader17:95  %tmp_248 = call i32 @_ssdm_op_Read.ap_fifo.volatile.i32P(i32* %matrix_e3x3_stream_o_46_V)

ST_5: stg_437 [1/1] 1.00ns
.preheader17:96  call void @_ssdm_op_Write.ap_fifo.volatile.i32P(i32* %matrix_o_110_V, i32 %tmp_248)

ST_5: tmp_249 [1/1] 1.00ns
.preheader17:97  %tmp_249 = call i32 @_ssdm_op_Read.ap_fifo.volatile.i32P(i32* %matrix_e3x3_stream_o_47_V)

ST_5: stg_439 [1/1] 1.00ns
.preheader17:98  call void @_ssdm_op_Write.ap_fifo.volatile.i32P(i32* %matrix_o_111_V, i32 %tmp_249)

ST_5: tmp_250 [1/1] 1.00ns
.preheader17:99  %tmp_250 = call i32 @_ssdm_op_Read.ap_fifo.volatile.i32P(i32* %matrix_e3x3_stream_o_48_V)

ST_5: stg_441 [1/1] 1.00ns
.preheader17:100  call void @_ssdm_op_Write.ap_fifo.volatile.i32P(i32* %matrix_o_112_V, i32 %tmp_250)

ST_5: tmp_251 [1/1] 1.00ns
.preheader17:101  %tmp_251 = call i32 @_ssdm_op_Read.ap_fifo.volatile.i32P(i32* %matrix_e3x3_stream_o_49_V)

ST_5: stg_443 [1/1] 1.00ns
.preheader17:102  call void @_ssdm_op_Write.ap_fifo.volatile.i32P(i32* %matrix_o_113_V, i32 %tmp_251)

ST_5: tmp_252 [1/1] 1.00ns
.preheader17:103  %tmp_252 = call i32 @_ssdm_op_Read.ap_fifo.volatile.i32P(i32* %matrix_e3x3_stream_o_50_V)

ST_5: stg_445 [1/1] 1.00ns
.preheader17:104  call void @_ssdm_op_Write.ap_fifo.volatile.i32P(i32* %matrix_o_114_V, i32 %tmp_252)

ST_5: tmp_253 [1/1] 1.00ns
.preheader17:105  %tmp_253 = call i32 @_ssdm_op_Read.ap_fifo.volatile.i32P(i32* %matrix_e3x3_stream_o_51_V)

ST_5: stg_447 [1/1] 1.00ns
.preheader17:106  call void @_ssdm_op_Write.ap_fifo.volatile.i32P(i32* %matrix_o_115_V, i32 %tmp_253)

ST_5: tmp_254 [1/1] 1.00ns
.preheader17:107  %tmp_254 = call i32 @_ssdm_op_Read.ap_fifo.volatile.i32P(i32* %matrix_e3x3_stream_o_52_V)

ST_5: stg_449 [1/1] 1.00ns
.preheader17:108  call void @_ssdm_op_Write.ap_fifo.volatile.i32P(i32* %matrix_o_116_V, i32 %tmp_254)

ST_5: tmp_255 [1/1] 1.00ns
.preheader17:109  %tmp_255 = call i32 @_ssdm_op_Read.ap_fifo.volatile.i32P(i32* %matrix_e3x3_stream_o_53_V)

ST_5: stg_451 [1/1] 1.00ns
.preheader17:110  call void @_ssdm_op_Write.ap_fifo.volatile.i32P(i32* %matrix_o_117_V, i32 %tmp_255)

ST_5: tmp_256 [1/1] 1.00ns
.preheader17:111  %tmp_256 = call i32 @_ssdm_op_Read.ap_fifo.volatile.i32P(i32* %matrix_e3x3_stream_o_54_V)

ST_5: stg_453 [1/1] 1.00ns
.preheader17:112  call void @_ssdm_op_Write.ap_fifo.volatile.i32P(i32* %matrix_o_118_V, i32 %tmp_256)

ST_5: tmp_257 [1/1] 1.00ns
.preheader17:113  %tmp_257 = call i32 @_ssdm_op_Read.ap_fifo.volatile.i32P(i32* %matrix_e3x3_stream_o_55_V)

ST_5: stg_455 [1/1] 1.00ns
.preheader17:114  call void @_ssdm_op_Write.ap_fifo.volatile.i32P(i32* %matrix_o_119_V, i32 %tmp_257)

ST_5: tmp_258 [1/1] 1.00ns
.preheader17:115  %tmp_258 = call i32 @_ssdm_op_Read.ap_fifo.volatile.i32P(i32* %matrix_e3x3_stream_o_56_V)

ST_5: stg_457 [1/1] 1.00ns
.preheader17:116  call void @_ssdm_op_Write.ap_fifo.volatile.i32P(i32* %matrix_o_120_V, i32 %tmp_258)

ST_5: tmp_259 [1/1] 1.00ns
.preheader17:117  %tmp_259 = call i32 @_ssdm_op_Read.ap_fifo.volatile.i32P(i32* %matrix_e3x3_stream_o_57_V)

ST_5: stg_459 [1/1] 1.00ns
.preheader17:118  call void @_ssdm_op_Write.ap_fifo.volatile.i32P(i32* %matrix_o_121_V, i32 %tmp_259)

ST_5: tmp_260 [1/1] 1.00ns
.preheader17:119  %tmp_260 = call i32 @_ssdm_op_Read.ap_fifo.volatile.i32P(i32* %matrix_e3x3_stream_o_58_V)

ST_5: stg_461 [1/1] 1.00ns
.preheader17:120  call void @_ssdm_op_Write.ap_fifo.volatile.i32P(i32* %matrix_o_122_V, i32 %tmp_260)

ST_5: tmp_261 [1/1] 1.00ns
.preheader17:121  %tmp_261 = call i32 @_ssdm_op_Read.ap_fifo.volatile.i32P(i32* %matrix_e3x3_stream_o_59_V)

ST_5: stg_463 [1/1] 1.00ns
.preheader17:122  call void @_ssdm_op_Write.ap_fifo.volatile.i32P(i32* %matrix_o_123_V, i32 %tmp_261)

ST_5: tmp_262 [1/1] 1.00ns
.preheader17:123  %tmp_262 = call i32 @_ssdm_op_Read.ap_fifo.volatile.i32P(i32* %matrix_e3x3_stream_o_60_V)

ST_5: stg_465 [1/1] 1.00ns
.preheader17:124  call void @_ssdm_op_Write.ap_fifo.volatile.i32P(i32* %matrix_o_124_V, i32 %tmp_262)

ST_5: tmp_263 [1/1] 1.00ns
.preheader17:125  %tmp_263 = call i32 @_ssdm_op_Read.ap_fifo.volatile.i32P(i32* %matrix_e3x3_stream_o_61_V)

ST_5: stg_467 [1/1] 1.00ns
.preheader17:126  call void @_ssdm_op_Write.ap_fifo.volatile.i32P(i32* %matrix_o_125_V, i32 %tmp_263)

ST_5: tmp_264 [1/1] 1.00ns
.preheader17:127  %tmp_264 = call i32 @_ssdm_op_Read.ap_fifo.volatile.i32P(i32* %matrix_e3x3_stream_o_62_V)

ST_5: stg_469 [1/1] 1.00ns
.preheader17:128  call void @_ssdm_op_Write.ap_fifo.volatile.i32P(i32* %matrix_o_126_V, i32 %tmp_264)

ST_5: tmp_265 [1/1] 1.00ns
.preheader17:129  %tmp_265 = call i32 @_ssdm_op_Read.ap_fifo.volatile.i32P(i32* %matrix_e3x3_stream_o_63_V)

ST_5: stg_471 [1/1] 1.00ns
.preheader17:130  call void @_ssdm_op_Write.ap_fifo.volatile.i32P(i32* %matrix_o_127_V, i32 %tmp_265)

ST_5: empty_1026 [1/1] 0.00ns
.preheader17:131  %empty_1026 = call i32 (...)* @_ssdm_op_SpecRegionEnd([12 x i8]* @p_str16, i32 %tmp_s)

ST_5: stg_473 [1/1] 0.00ns
.preheader17:132  br label %.preheader


 <State 6>: 0.00ns
ST_6: stg_474 [1/1] 0.00ns
:0  ret void



============================================================
+ Verbose Summary: Binding
============================================================
N/A
* FSMD analyzer results:
  - Output states:
  - Chain level:
	State 1
	State 2
	State 3
	State 4
	State 5
	State 6


============================================================
+ Verbose Summary: Datapath Resource usage 
============================================================
N/A
