

================================================================
== Vivado HLS Report for 'fire2_fill_window'
================================================================
* Date:           Mon May 01 21:59:33 2017

* Version:        2015.4 (Build 1412921 on Wed Nov 18 09:58:55 AM 2015)
* Project:        fire_module
* Solution:       solution1
* Product family: zynq
* Target device:  xc7z020clg484-1


================================================================
== Performance Estimates
================================================================
+ Timing (ns): 
    * Summary: 
    +--------+-------+----------+------------+
    |  Clock | Target| Estimated| Uncertainty|
    +--------+-------+----------+------------+
    |ap_clk  |   5.00|      2.57|        0.63|
    +--------+-------+----------+------------+

+ Latency (clock cycles): 
    * Summary: 
    +-----+-----+-----+-----+----------+
    |  Latency  |  Interval | Pipeline |
    | min | max | min | max |   Type   |
    +-----+-----+-----+-----+----------+
    |   15|   15|   16|   16| function |
    +-----+-----+-----+-----+----------+

    + Detail: 
        * Instance: 
        N/A

        * Loop: 
        N/A

============================================================
+ Verbose Summary: Synthesis Manager
============================================================
InlineROM: 1
ExposeGlobal: 0
============================================================
+ Verbose Summary: CDFG Model
============================================================
IsTopModel: 0
ResetActiveHigh: 1
IsCombinational: 0
IsDatapathOnly: 0
HasWiredReturn: 1
HasMFsm: 2
HasVarLatency: 0
IsPipeline: 1
IsRtlPipelined: 0
IsInstanceOverlapped: 0
IsDontTouch: 0
HasImplIP: 0
IsGatedGlobalClock: 0

+ Individual pipeline summary: 
  * Pipeline-0: initiation interval (II) = 16, depth = 16


============================================================
+ Verbose Summary: Schedule
============================================================
* Number of FSM states: 16
* Pipeline: 1
  Pipeline-0: II = 16, D = 16, States = { 1 3 4 5 6 7 8 2 9 10 11 12 13 14 15 16 }
* Dataflow Pipeline: 0

* FSM state transitions: 
1 --> 
	3  / true
2 --> 
	9  / true
3 --> 
	4  / true
4 --> 
	5  / true
5 --> 
	6  / true
6 --> 
	7  / true
7 --> 
	8  / true
8 --> 
	2  / true
9 --> 
	10  / true
10 --> 
	11  / true
11 --> 
	12  / true
12 --> 
	13  / true
13 --> 
	14  / true
14 --> 
	15  / true
15 --> 
	16  / true
16 --> 
* FSM state operations: 

 <State 1>: 2.39ns
ST_1: empty [1/1] 0.00ns
:0  %empty = call i32 (...)* @_ssdm_op_SpecInterface(i32* %e3x3_i_0_V, [8 x i8]* @ap_fifo_str, i32 0, i32 0, i32 0, i32 0, [1 x i8]* @p_str, [1 x i8]* @p_str, [1 x i8]* @p_str, [1 x i8]* @p_str)

ST_1: empty_603 [1/1] 0.00ns
:1  %empty_603 = call i32 (...)* @_ssdm_op_SpecInterface(i32* %e3x3_i_1_V, [8 x i8]* @ap_fifo_str, i32 0, i32 0, i32 0, i32 0, [1 x i8]* @p_str, [1 x i8]* @p_str, [1 x i8]* @p_str, [1 x i8]* @p_str)

ST_1: empty_604 [1/1] 0.00ns
:2  %empty_604 = call i32 (...)* @_ssdm_op_SpecInterface(i32* %e3x3_i_2_V, [8 x i8]* @ap_fifo_str, i32 0, i32 0, i32 0, i32 0, [1 x i8]* @p_str, [1 x i8]* @p_str, [1 x i8]* @p_str, [1 x i8]* @p_str)

ST_1: empty_605 [1/1] 0.00ns
:3  %empty_605 = call i32 (...)* @_ssdm_op_SpecInterface(i32* %e3x3_i_3_V, [8 x i8]* @ap_fifo_str, i32 0, i32 0, i32 0, i32 0, [1 x i8]* @p_str, [1 x i8]* @p_str, [1 x i8]* @p_str, [1 x i8]* @p_str)

ST_1: empty_606 [1/1] 0.00ns
:4  %empty_606 = call i32 (...)* @_ssdm_op_SpecInterface(i32* %e3x3_i_4_V, [8 x i8]* @ap_fifo_str, i32 0, i32 0, i32 0, i32 0, [1 x i8]* @p_str, [1 x i8]* @p_str, [1 x i8]* @p_str, [1 x i8]* @p_str)

ST_1: empty_607 [1/1] 0.00ns
:5  %empty_607 = call i32 (...)* @_ssdm_op_SpecInterface(i32* %e3x3_i_5_V, [8 x i8]* @ap_fifo_str, i32 0, i32 0, i32 0, i32 0, [1 x i8]* @p_str, [1 x i8]* @p_str, [1 x i8]* @p_str, [1 x i8]* @p_str)

ST_1: empty_608 [1/1] 0.00ns
:6  %empty_608 = call i32 (...)* @_ssdm_op_SpecInterface(i32* %e3x3_i_6_V, [8 x i8]* @ap_fifo_str, i32 0, i32 0, i32 0, i32 0, [1 x i8]* @p_str, [1 x i8]* @p_str, [1 x i8]* @p_str, [1 x i8]* @p_str)

ST_1: empty_609 [1/1] 0.00ns
:7  %empty_609 = call i32 (...)* @_ssdm_op_SpecInterface(i32* %e3x3_i_7_V, [8 x i8]* @ap_fifo_str, i32 0, i32 0, i32 0, i32 0, [1 x i8]* @p_str, [1 x i8]* @p_str, [1 x i8]* @p_str, [1 x i8]* @p_str)

ST_1: empty_610 [1/1] 0.00ns
:8  %empty_610 = call i32 (...)* @_ssdm_op_SpecInterface(i32* %e3x3_i_8_V, [8 x i8]* @ap_fifo_str, i32 0, i32 0, i32 0, i32 0, [1 x i8]* @p_str, [1 x i8]* @p_str, [1 x i8]* @p_str, [1 x i8]* @p_str)

ST_1: empty_611 [1/1] 0.00ns
:9  %empty_611 = call i32 (...)* @_ssdm_op_SpecInterface(i32* %e3x3_i_9_V, [8 x i8]* @ap_fifo_str, i32 0, i32 0, i32 0, i32 0, [1 x i8]* @p_str, [1 x i8]* @p_str, [1 x i8]* @p_str, [1 x i8]* @p_str)

ST_1: empty_612 [1/1] 0.00ns
:10  %empty_612 = call i32 (...)* @_ssdm_op_SpecInterface(i32* %e3x3_i_10_V, [8 x i8]* @ap_fifo_str, i32 0, i32 0, i32 0, i32 0, [1 x i8]* @p_str, [1 x i8]* @p_str, [1 x i8]* @p_str, [1 x i8]* @p_str)

ST_1: empty_613 [1/1] 0.00ns
:11  %empty_613 = call i32 (...)* @_ssdm_op_SpecInterface(i32* %e3x3_i_11_V, [8 x i8]* @ap_fifo_str, i32 0, i32 0, i32 0, i32 0, [1 x i8]* @p_str, [1 x i8]* @p_str, [1 x i8]* @p_str, [1 x i8]* @p_str)

ST_1: empty_614 [1/1] 0.00ns
:12  %empty_614 = call i32 (...)* @_ssdm_op_SpecInterface(i32* %e3x3_i_12_V, [8 x i8]* @ap_fifo_str, i32 0, i32 0, i32 0, i32 0, [1 x i8]* @p_str, [1 x i8]* @p_str, [1 x i8]* @p_str, [1 x i8]* @p_str)

ST_1: empty_615 [1/1] 0.00ns
:13  %empty_615 = call i32 (...)* @_ssdm_op_SpecInterface(i32* %e3x3_i_13_V, [8 x i8]* @ap_fifo_str, i32 0, i32 0, i32 0, i32 0, [1 x i8]* @p_str, [1 x i8]* @p_str, [1 x i8]* @p_str, [1 x i8]* @p_str)

ST_1: empty_616 [1/1] 0.00ns
:14  %empty_616 = call i32 (...)* @_ssdm_op_SpecInterface(i32* %e3x3_i_14_V, [8 x i8]* @ap_fifo_str, i32 0, i32 0, i32 0, i32 0, [1 x i8]* @p_str, [1 x i8]* @p_str, [1 x i8]* @p_str, [1 x i8]* @p_str)

ST_1: empty_617 [1/1] 0.00ns
:15  %empty_617 = call i32 (...)* @_ssdm_op_SpecInterface(i32* %e3x3_i_15_V, [8 x i8]* @ap_fifo_str, i32 0, i32 0, i32 0, i32 0, [1 x i8]* @p_str, [1 x i8]* @p_str, [1 x i8]* @p_str, [1 x i8]* @p_str)

ST_1: lb_2_0_15_read_1 [1/1] 1.04ns
:16  %lb_2_0_15_read_1 = call i32 @_ssdm_op_Read.ap_auto.i32(i32 %lb_2_0_15_read)

ST_1: lb_2_0_14_read_1 [1/1] 1.04ns
:17  %lb_2_0_14_read_1 = call i32 @_ssdm_op_Read.ap_auto.i32(i32 %lb_2_0_14_read)

ST_1: lb_2_0_13_read_1 [1/1] 1.04ns
:18  %lb_2_0_13_read_1 = call i32 @_ssdm_op_Read.ap_auto.i32(i32 %lb_2_0_13_read)

ST_1: lb_2_0_12_read_1 [1/1] 1.04ns
:19  %lb_2_0_12_read_1 = call i32 @_ssdm_op_Read.ap_auto.i32(i32 %lb_2_0_12_read)

ST_1: lb_2_0_11_read_1 [1/1] 1.04ns
:20  %lb_2_0_11_read_1 = call i32 @_ssdm_op_Read.ap_auto.i32(i32 %lb_2_0_11_read)

ST_1: lb_2_0_10_read_1 [1/1] 1.04ns
:21  %lb_2_0_10_read_1 = call i32 @_ssdm_op_Read.ap_auto.i32(i32 %lb_2_0_10_read)

ST_1: lb_2_0_9_read_1 [1/1] 1.04ns
:22  %lb_2_0_9_read_1 = call i32 @_ssdm_op_Read.ap_auto.i32(i32 %lb_2_0_9_read)

ST_1: lb_2_0_8_read_1 [1/1] 1.04ns
:23  %lb_2_0_8_read_1 = call i32 @_ssdm_op_Read.ap_auto.i32(i32 %lb_2_0_8_read)

ST_1: lb_2_0_7_read_1 [1/1] 1.04ns
:24  %lb_2_0_7_read_1 = call i32 @_ssdm_op_Read.ap_auto.i32(i32 %lb_2_0_7_read)

ST_1: lb_2_0_6_read_1 [1/1] 1.04ns
:25  %lb_2_0_6_read_1 = call i32 @_ssdm_op_Read.ap_auto.i32(i32 %lb_2_0_6_read)

ST_1: lb_2_0_5_read_1 [1/1] 1.04ns
:26  %lb_2_0_5_read_1 = call i32 @_ssdm_op_Read.ap_auto.i32(i32 %lb_2_0_5_read)

ST_1: lb_2_0_4_read_1 [1/1] 1.04ns
:27  %lb_2_0_4_read_1 = call i32 @_ssdm_op_Read.ap_auto.i32(i32 %lb_2_0_4_read)

ST_1: lb_2_0_3_read_1 [1/1] 1.04ns
:28  %lb_2_0_3_read_1 = call i32 @_ssdm_op_Read.ap_auto.i32(i32 %lb_2_0_3_read)

ST_1: lb_2_0_2_read_1 [1/1] 1.04ns
:29  %lb_2_0_2_read_1 = call i32 @_ssdm_op_Read.ap_auto.i32(i32 %lb_2_0_2_read)

ST_1: lb_2_0_1_read_1 [1/1] 1.04ns
:30  %lb_2_0_1_read_1 = call i32 @_ssdm_op_Read.ap_auto.i32(i32 %lb_2_0_1_read)

ST_1: lb_2_0_0_read_1 [1/1] 1.04ns
:31  %lb_2_0_0_read_1 = call i32 @_ssdm_op_Read.ap_auto.i32(i32 %lb_2_0_0_read)

ST_1: lb_1_0_15_read_1 [1/1] 1.04ns
:32  %lb_1_0_15_read_1 = call i32 @_ssdm_op_Read.ap_auto.i32(i32 %lb_1_0_15_read)

ST_1: lb_1_0_14_read_1 [1/1] 1.04ns
:33  %lb_1_0_14_read_1 = call i32 @_ssdm_op_Read.ap_auto.i32(i32 %lb_1_0_14_read)

ST_1: lb_1_0_13_read_1 [1/1] 1.04ns
:34  %lb_1_0_13_read_1 = call i32 @_ssdm_op_Read.ap_auto.i32(i32 %lb_1_0_13_read)

ST_1: lb_1_0_12_read_1 [1/1] 1.04ns
:35  %lb_1_0_12_read_1 = call i32 @_ssdm_op_Read.ap_auto.i32(i32 %lb_1_0_12_read)

ST_1: lb_1_0_11_read_1 [1/1] 1.04ns
:36  %lb_1_0_11_read_1 = call i32 @_ssdm_op_Read.ap_auto.i32(i32 %lb_1_0_11_read)

ST_1: lb_1_0_10_read_1 [1/1] 1.04ns
:37  %lb_1_0_10_read_1 = call i32 @_ssdm_op_Read.ap_auto.i32(i32 %lb_1_0_10_read)

ST_1: lb_1_0_9_read_1 [1/1] 1.04ns
:38  %lb_1_0_9_read_1 = call i32 @_ssdm_op_Read.ap_auto.i32(i32 %lb_1_0_9_read)

ST_1: lb_1_0_8_read_1 [1/1] 1.04ns
:39  %lb_1_0_8_read_1 = call i32 @_ssdm_op_Read.ap_auto.i32(i32 %lb_1_0_8_read)

ST_1: lb_1_0_7_read_1 [1/1] 1.04ns
:40  %lb_1_0_7_read_1 = call i32 @_ssdm_op_Read.ap_auto.i32(i32 %lb_1_0_7_read)

ST_1: lb_1_0_6_read_1 [1/1] 1.04ns
:41  %lb_1_0_6_read_1 = call i32 @_ssdm_op_Read.ap_auto.i32(i32 %lb_1_0_6_read)

ST_1: lb_1_0_5_read_1 [1/1] 1.04ns
:42  %lb_1_0_5_read_1 = call i32 @_ssdm_op_Read.ap_auto.i32(i32 %lb_1_0_5_read)

ST_1: lb_1_0_4_read_1 [1/1] 1.04ns
:43  %lb_1_0_4_read_1 = call i32 @_ssdm_op_Read.ap_auto.i32(i32 %lb_1_0_4_read)

ST_1: lb_1_0_3_read_1 [1/1] 1.04ns
:44  %lb_1_0_3_read_1 = call i32 @_ssdm_op_Read.ap_auto.i32(i32 %lb_1_0_3_read)

ST_1: lb_1_0_2_read_1 [1/1] 1.04ns
:45  %lb_1_0_2_read_1 = call i32 @_ssdm_op_Read.ap_auto.i32(i32 %lb_1_0_2_read)

ST_1: lb_1_0_1_read_1 [1/1] 1.04ns
:46  %lb_1_0_1_read_1 = call i32 @_ssdm_op_Read.ap_auto.i32(i32 %lb_1_0_1_read)

ST_1: lb_1_0_0_read_1 [1/1] 1.04ns
:47  %lb_1_0_0_read_1 = call i32 @_ssdm_op_Read.ap_auto.i32(i32 %lb_1_0_0_read)

ST_1: lb_0_0_15_read_1 [1/1] 1.04ns
:48  %lb_0_0_15_read_1 = call i32 @_ssdm_op_Read.ap_auto.i32(i32 %lb_0_0_15_read)

ST_1: lb_0_0_14_read_1 [1/1] 1.04ns
:49  %lb_0_0_14_read_1 = call i32 @_ssdm_op_Read.ap_auto.i32(i32 %lb_0_0_14_read)

ST_1: lb_0_0_13_read_1 [1/1] 1.04ns
:50  %lb_0_0_13_read_1 = call i32 @_ssdm_op_Read.ap_auto.i32(i32 %lb_0_0_13_read)

ST_1: lb_0_0_12_read_1 [1/1] 1.04ns
:51  %lb_0_0_12_read_1 = call i32 @_ssdm_op_Read.ap_auto.i32(i32 %lb_0_0_12_read)

ST_1: lb_0_0_11_read_1 [1/1] 1.04ns
:52  %lb_0_0_11_read_1 = call i32 @_ssdm_op_Read.ap_auto.i32(i32 %lb_0_0_11_read)

ST_1: lb_0_0_10_read_1 [1/1] 1.04ns
:53  %lb_0_0_10_read_1 = call i32 @_ssdm_op_Read.ap_auto.i32(i32 %lb_0_0_10_read)

ST_1: lb_0_0_9_read_1 [1/1] 1.04ns
:54  %lb_0_0_9_read_1 = call i32 @_ssdm_op_Read.ap_auto.i32(i32 %lb_0_0_9_read)

ST_1: lb_0_0_8_read_1 [1/1] 1.04ns
:55  %lb_0_0_8_read_1 = call i32 @_ssdm_op_Read.ap_auto.i32(i32 %lb_0_0_8_read)

ST_1: lb_0_0_7_read_1 [1/1] 1.04ns
:56  %lb_0_0_7_read_1 = call i32 @_ssdm_op_Read.ap_auto.i32(i32 %lb_0_0_7_read)

ST_1: lb_0_0_6_read_1 [1/1] 1.04ns
:57  %lb_0_0_6_read_1 = call i32 @_ssdm_op_Read.ap_auto.i32(i32 %lb_0_0_6_read)

ST_1: lb_0_0_5_read_1 [1/1] 1.04ns
:58  %lb_0_0_5_read_1 = call i32 @_ssdm_op_Read.ap_auto.i32(i32 %lb_0_0_5_read)

ST_1: lb_0_0_4_read_1 [1/1] 1.04ns
:59  %lb_0_0_4_read_1 = call i32 @_ssdm_op_Read.ap_auto.i32(i32 %lb_0_0_4_read)

ST_1: lb_0_0_3_read_1 [1/1] 1.04ns
:60  %lb_0_0_3_read_1 = call i32 @_ssdm_op_Read.ap_auto.i32(i32 %lb_0_0_3_read)

ST_1: lb_0_0_2_read_1 [1/1] 1.04ns
:61  %lb_0_0_2_read_1 = call i32 @_ssdm_op_Read.ap_auto.i32(i32 %lb_0_0_2_read)

ST_1: lb_0_0_1_read_1 [1/1] 1.04ns
:62  %lb_0_0_1_read_1 = call i32 @_ssdm_op_Read.ap_auto.i32(i32 %lb_0_0_1_read)

ST_1: lb_0_0_0_read_1 [1/1] 1.04ns
:63  %lb_0_0_0_read_1 = call i32 @_ssdm_op_Read.ap_auto.i32(i32 %lb_0_0_0_read)

ST_1: tmp_6 [1/1] 0.00ns
:64  %tmp_6 = call i1 @_ssdm_op_NbReadReq.ap_fifo.i32P(i32* %e3x3_i_0_V, i32 1)

ST_1: stg_82 [1/1] 1.57ns
:65  br i1 %tmp_6, label %1, label %._crit_edge.0

ST_1: wb_0_1_addr [1/1] 0.00ns
._crit_edge.0:1  %wb_0_1_addr = getelementptr [16 x i32]* %wb_0_1, i64 0, i64 0

ST_1: wb_0_1_load [2/2] 2.39ns
._crit_edge.0:2  %wb_0_1_load = load i32* %wb_0_1_addr, align 4

ST_1: wb_0_2_addr [1/1] 0.00ns
._crit_edge.0:5  %wb_0_2_addr = getelementptr [16 x i32]* %wb_0_2, i64 0, i64 0

ST_1: wb_0_2_load [2/2] 2.39ns
._crit_edge.0:6  %wb_0_2_load = load i32* %wb_0_2_addr, align 4

ST_1: wb_1_1_addr [1/1] 0.00ns
._crit_edge.0:9  %wb_1_1_addr = getelementptr [16 x i32]* %wb_1_1, i64 0, i64 0

ST_1: wb_1_1_load [2/2] 2.39ns
._crit_edge.0:10  %wb_1_1_load = load i32* %wb_1_1_addr, align 4

ST_1: wb_1_2_addr [1/1] 0.00ns
._crit_edge.0:13  %wb_1_2_addr = getelementptr [16 x i32]* %wb_1_2, i64 0, i64 0

ST_1: wb_1_2_load [2/2] 2.39ns
._crit_edge.0:14  %wb_1_2_load = load i32* %wb_1_2_addr, align 4

ST_1: wb_2_1_addr [1/1] 0.00ns
._crit_edge.0:17  %wb_2_1_addr = getelementptr [16 x i32]* %wb_2_1, i64 0, i64 0

ST_1: wb_2_1_load [2/2] 2.39ns
._crit_edge.0:18  %wb_2_1_load = load i32* %wb_2_1_addr, align 4

ST_1: wb_2_2_addr [1/1] 0.00ns
._crit_edge.0:21  %wb_2_2_addr = getelementptr [16 x i32]* %wb_2_2, i64 0, i64 0

ST_1: wb_2_2_load [2/2] 2.39ns
._crit_edge.0:22  %wb_2_2_load = load i32* %wb_2_2_addr, align 4

ST_1: wb_0_1_addr_1 [1/1] 0.00ns
._crit_edge.1:1  %wb_0_1_addr_1 = getelementptr [16 x i32]* %wb_0_1, i64 0, i64 1

ST_1: wb_0_1_load_1 [2/2] 2.39ns
._crit_edge.1:2  %wb_0_1_load_1 = load i32* %wb_0_1_addr_1, align 4

ST_1: wb_0_2_addr_1 [1/1] 0.00ns
._crit_edge.1:5  %wb_0_2_addr_1 = getelementptr [16 x i32]* %wb_0_2, i64 0, i64 1

ST_1: wb_0_2_load_1 [2/2] 2.39ns
._crit_edge.1:6  %wb_0_2_load_1 = load i32* %wb_0_2_addr_1, align 4

ST_1: wb_1_1_addr_1 [1/1] 0.00ns
._crit_edge.1:9  %wb_1_1_addr_1 = getelementptr [16 x i32]* %wb_1_1, i64 0, i64 1

ST_1: wb_1_1_load_1 [2/2] 2.39ns
._crit_edge.1:10  %wb_1_1_load_1 = load i32* %wb_1_1_addr_1, align 4

ST_1: wb_1_2_addr_1 [1/1] 0.00ns
._crit_edge.1:13  %wb_1_2_addr_1 = getelementptr [16 x i32]* %wb_1_2, i64 0, i64 1

ST_1: wb_1_2_load_1 [2/2] 2.39ns
._crit_edge.1:14  %wb_1_2_load_1 = load i32* %wb_1_2_addr_1, align 4

ST_1: wb_2_1_addr_1 [1/1] 0.00ns
._crit_edge.1:17  %wb_2_1_addr_1 = getelementptr [16 x i32]* %wb_2_1, i64 0, i64 1

ST_1: wb_2_1_load_1 [2/2] 2.39ns
._crit_edge.1:18  %wb_2_1_load_1 = load i32* %wb_2_1_addr_1, align 4

ST_1: wb_2_2_addr_1 [1/1] 0.00ns
._crit_edge.1:21  %wb_2_2_addr_1 = getelementptr [16 x i32]* %wb_2_2, i64 0, i64 1

ST_1: wb_2_2_load_1 [2/2] 2.39ns
._crit_edge.1:22  %wb_2_2_load_1 = load i32* %wb_2_2_addr_1, align 4


 <State 2>: 2.57ns
ST_2: tmp [1/1] 1.00ns
:0  %tmp = call i32 @_ssdm_op_Read.ap_fifo.volatile.i32P(i32* %e3x3_i_0_V)

ST_2: stg_108 [1/1] 1.57ns
:1  br label %._crit_edge.0

ST_2: tmp_6_1 [1/1] 0.00ns
._crit_edge.0:25  %tmp_6_1 = call i1 @_ssdm_op_NbReadReq.ap_fifo.i32P(i32* %e3x3_i_1_V, i32 1)

ST_2: wb_0_0_addr_10 [1/1] 0.00ns
._crit_edge.10:3  %wb_0_0_addr_10 = getelementptr [16 x i32]* %wb_0_0, i64 0, i64 10

ST_2: stg_111 [1/1] 2.39ns
._crit_edge.10:4  store i32 %wb_0_1_load_10, i32* %wb_0_0_addr_10, align 4

ST_2: wb_1_0_addr_10 [1/1] 0.00ns
._crit_edge.10:11  %wb_1_0_addr_10 = getelementptr [16 x i32]* %wb_1_0, i64 0, i64 10

ST_2: stg_113 [1/1] 2.39ns
._crit_edge.10:12  store i32 %wb_1_1_load_10, i32* %wb_1_0_addr_10, align 4

ST_2: wb_2_0_addr_10 [1/1] 0.00ns
._crit_edge.10:19  %wb_2_0_addr_10 = getelementptr [16 x i32]* %wb_2_0, i64 0, i64 10

ST_2: stg_115 [1/1] 2.39ns
._crit_edge.10:20  store i32 %wb_2_1_load_10, i32* %wb_2_0_addr_10, align 4

ST_2: wb_0_0_addr_11 [1/1] 0.00ns
._crit_edge.11:3  %wb_0_0_addr_11 = getelementptr [16 x i32]* %wb_0_0, i64 0, i64 11

ST_2: stg_117 [1/1] 2.39ns
._crit_edge.11:4  store i32 %wb_0_1_load_11, i32* %wb_0_0_addr_11, align 4

ST_2: wb_1_0_addr_11 [1/1] 0.00ns
._crit_edge.11:11  %wb_1_0_addr_11 = getelementptr [16 x i32]* %wb_1_0, i64 0, i64 11

ST_2: stg_119 [1/1] 2.39ns
._crit_edge.11:12  store i32 %wb_1_1_load_11, i32* %wb_1_0_addr_11, align 4

ST_2: wb_2_0_addr_11 [1/1] 0.00ns
._crit_edge.11:19  %wb_2_0_addr_11 = getelementptr [16 x i32]* %wb_2_0, i64 0, i64 11

ST_2: stg_121 [1/1] 2.39ns
._crit_edge.11:20  store i32 %wb_2_1_load_11, i32* %wb_2_0_addr_11, align 4

ST_2: wb_0_1_load_12 [1/2] 2.39ns
._crit_edge.12:2  %wb_0_1_load_12 = load i32* %wb_0_1_addr_12, align 4

ST_2: wb_0_2_load_12 [1/2] 2.39ns
._crit_edge.12:6  %wb_0_2_load_12 = load i32* %wb_0_2_addr_12, align 4

ST_2: wb_1_1_load_12 [1/2] 2.39ns
._crit_edge.12:10  %wb_1_1_load_12 = load i32* %wb_1_1_addr_12, align 4

ST_2: wb_1_2_load_12 [1/2] 2.39ns
._crit_edge.12:14  %wb_1_2_load_12 = load i32* %wb_1_2_addr_12, align 4

ST_2: wb_2_1_load_12 [1/2] 2.39ns
._crit_edge.12:18  %wb_2_1_load_12 = load i32* %wb_2_1_addr_12, align 4

ST_2: wb_2_2_load_12 [1/2] 2.39ns
._crit_edge.12:22  %wb_2_2_load_12 = load i32* %wb_2_2_addr_12, align 4

ST_2: wb_0_1_load_13 [1/2] 2.39ns
._crit_edge.13:2  %wb_0_1_load_13 = load i32* %wb_0_1_addr_13, align 4

ST_2: wb_0_2_load_13 [1/2] 2.39ns
._crit_edge.13:6  %wb_0_2_load_13 = load i32* %wb_0_2_addr_13, align 4

ST_2: wb_1_1_load_13 [1/2] 2.39ns
._crit_edge.13:10  %wb_1_1_load_13 = load i32* %wb_1_1_addr_13, align 4

ST_2: wb_1_2_load_13 [1/2] 2.39ns
._crit_edge.13:14  %wb_1_2_load_13 = load i32* %wb_1_2_addr_13, align 4

ST_2: wb_2_1_load_13 [1/2] 2.39ns
._crit_edge.13:18  %wb_2_1_load_13 = load i32* %wb_2_1_addr_13, align 4

ST_2: wb_2_2_load_13 [1/2] 2.39ns
._crit_edge.13:22  %wb_2_2_load_13 = load i32* %wb_2_2_addr_13, align 4

ST_2: wb_0_1_addr_14 [1/1] 0.00ns
._crit_edge.14:1  %wb_0_1_addr_14 = getelementptr [16 x i32]* %wb_0_1, i64 0, i64 14

ST_2: wb_0_1_load_14 [2/2] 2.39ns
._crit_edge.14:2  %wb_0_1_load_14 = load i32* %wb_0_1_addr_14, align 4

ST_2: wb_0_2_addr_14 [1/1] 0.00ns
._crit_edge.14:5  %wb_0_2_addr_14 = getelementptr [16 x i32]* %wb_0_2, i64 0, i64 14

ST_2: wb_0_2_load_14 [2/2] 2.39ns
._crit_edge.14:6  %wb_0_2_load_14 = load i32* %wb_0_2_addr_14, align 4

ST_2: wb_1_1_addr_14 [1/1] 0.00ns
._crit_edge.14:9  %wb_1_1_addr_14 = getelementptr [16 x i32]* %wb_1_1, i64 0, i64 14

ST_2: wb_1_1_load_14 [2/2] 2.39ns
._crit_edge.14:10  %wb_1_1_load_14 = load i32* %wb_1_1_addr_14, align 4

ST_2: wb_1_2_addr_14 [1/1] 0.00ns
._crit_edge.14:13  %wb_1_2_addr_14 = getelementptr [16 x i32]* %wb_1_2, i64 0, i64 14

ST_2: wb_1_2_load_14 [2/2] 2.39ns
._crit_edge.14:14  %wb_1_2_load_14 = load i32* %wb_1_2_addr_14, align 4

ST_2: wb_2_1_addr_14 [1/1] 0.00ns
._crit_edge.14:17  %wb_2_1_addr_14 = getelementptr [16 x i32]* %wb_2_1, i64 0, i64 14

ST_2: wb_2_1_load_14 [2/2] 2.39ns
._crit_edge.14:18  %wb_2_1_load_14 = load i32* %wb_2_1_addr_14, align 4

ST_2: wb_2_2_addr_14 [1/1] 0.00ns
._crit_edge.14:21  %wb_2_2_addr_14 = getelementptr [16 x i32]* %wb_2_2, i64 0, i64 14

ST_2: wb_2_2_load_14 [2/2] 2.39ns
._crit_edge.14:22  %wb_2_2_load_14 = load i32* %wb_2_2_addr_14, align 4

ST_2: wb_0_1_addr_15 [1/1] 0.00ns
._crit_edge.15:1  %wb_0_1_addr_15 = getelementptr [16 x i32]* %wb_0_1, i64 0, i64 15

ST_2: wb_0_1_load_15 [2/2] 2.39ns
._crit_edge.15:2  %wb_0_1_load_15 = load i32* %wb_0_1_addr_15, align 4

ST_2: wb_0_2_addr_15 [1/1] 0.00ns
._crit_edge.15:5  %wb_0_2_addr_15 = getelementptr [16 x i32]* %wb_0_2, i64 0, i64 15

ST_2: wb_0_2_load_15 [2/2] 2.39ns
._crit_edge.15:6  %wb_0_2_load_15 = load i32* %wb_0_2_addr_15, align 4

ST_2: wb_1_1_addr_15 [1/1] 0.00ns
._crit_edge.15:9  %wb_1_1_addr_15 = getelementptr [16 x i32]* %wb_1_1, i64 0, i64 15

ST_2: wb_1_1_load_15 [2/2] 2.39ns
._crit_edge.15:10  %wb_1_1_load_15 = load i32* %wb_1_1_addr_15, align 4

ST_2: wb_1_2_addr_15 [1/1] 0.00ns
._crit_edge.15:13  %wb_1_2_addr_15 = getelementptr [16 x i32]* %wb_1_2, i64 0, i64 15

ST_2: wb_1_2_load_15 [2/2] 2.39ns
._crit_edge.15:14  %wb_1_2_load_15 = load i32* %wb_1_2_addr_15, align 4

ST_2: wb_2_1_addr_15 [1/1] 0.00ns
._crit_edge.15:17  %wb_2_1_addr_15 = getelementptr [16 x i32]* %wb_2_1, i64 0, i64 15

ST_2: wb_2_1_load_15 [2/2] 2.39ns
._crit_edge.15:18  %wb_2_1_load_15 = load i32* %wb_2_1_addr_15, align 4

ST_2: wb_2_2_addr_15 [1/1] 0.00ns
._crit_edge.15:21  %wb_2_2_addr_15 = getelementptr [16 x i32]* %wb_2_2, i64 0, i64 15

ST_2: wb_2_2_load_15 [2/2] 2.39ns
._crit_edge.15:22  %wb_2_2_load_15 = load i32* %wb_2_2_addr_15, align 4


 <State 3>: 2.39ns
ST_3: wb_0_1_load [1/2] 2.39ns
._crit_edge.0:2  %wb_0_1_load = load i32* %wb_0_1_addr, align 4

ST_3: wb_0_2_load [1/2] 2.39ns
._crit_edge.0:6  %wb_0_2_load = load i32* %wb_0_2_addr, align 4

ST_3: wb_1_1_load [1/2] 2.39ns
._crit_edge.0:10  %wb_1_1_load = load i32* %wb_1_1_addr, align 4

ST_3: wb_1_2_load [1/2] 2.39ns
._crit_edge.0:14  %wb_1_2_load = load i32* %wb_1_2_addr, align 4

ST_3: wb_2_1_load [1/2] 2.39ns
._crit_edge.0:18  %wb_2_1_load = load i32* %wb_2_1_addr, align 4

ST_3: wb_2_2_load [1/2] 2.39ns
._crit_edge.0:22  %wb_2_2_load = load i32* %wb_2_2_addr, align 4

ST_3: wb_0_1_load_1 [1/2] 2.39ns
._crit_edge.1:2  %wb_0_1_load_1 = load i32* %wb_0_1_addr_1, align 4

ST_3: wb_0_2_load_1 [1/2] 2.39ns
._crit_edge.1:6  %wb_0_2_load_1 = load i32* %wb_0_2_addr_1, align 4

ST_3: wb_1_1_load_1 [1/2] 2.39ns
._crit_edge.1:10  %wb_1_1_load_1 = load i32* %wb_1_1_addr_1, align 4

ST_3: wb_1_2_load_1 [1/2] 2.39ns
._crit_edge.1:14  %wb_1_2_load_1 = load i32* %wb_1_2_addr_1, align 4

ST_3: wb_2_1_load_1 [1/2] 2.39ns
._crit_edge.1:18  %wb_2_1_load_1 = load i32* %wb_2_1_addr_1, align 4

ST_3: wb_2_2_load_1 [1/2] 2.39ns
._crit_edge.1:22  %wb_2_2_load_1 = load i32* %wb_2_2_addr_1, align 4

ST_3: wb_0_1_addr_2 [1/1] 0.00ns
._crit_edge.2:1  %wb_0_1_addr_2 = getelementptr [16 x i32]* %wb_0_1, i64 0, i64 2

ST_3: wb_0_1_load_2 [2/2] 2.39ns
._crit_edge.2:2  %wb_0_1_load_2 = load i32* %wb_0_1_addr_2, align 4

ST_3: wb_0_2_addr_2 [1/1] 0.00ns
._crit_edge.2:5  %wb_0_2_addr_2 = getelementptr [16 x i32]* %wb_0_2, i64 0, i64 2

ST_3: wb_0_2_load_2 [2/2] 2.39ns
._crit_edge.2:6  %wb_0_2_load_2 = load i32* %wb_0_2_addr_2, align 4

ST_3: wb_1_1_addr_2 [1/1] 0.00ns
._crit_edge.2:9  %wb_1_1_addr_2 = getelementptr [16 x i32]* %wb_1_1, i64 0, i64 2

ST_3: wb_1_1_load_2 [2/2] 2.39ns
._crit_edge.2:10  %wb_1_1_load_2 = load i32* %wb_1_1_addr_2, align 4

ST_3: wb_1_2_addr_2 [1/1] 0.00ns
._crit_edge.2:13  %wb_1_2_addr_2 = getelementptr [16 x i32]* %wb_1_2, i64 0, i64 2

ST_3: wb_1_2_load_2 [2/2] 2.39ns
._crit_edge.2:14  %wb_1_2_load_2 = load i32* %wb_1_2_addr_2, align 4

ST_3: wb_2_1_addr_2 [1/1] 0.00ns
._crit_edge.2:17  %wb_2_1_addr_2 = getelementptr [16 x i32]* %wb_2_1, i64 0, i64 2

ST_3: wb_2_1_load_2 [2/2] 2.39ns
._crit_edge.2:18  %wb_2_1_load_2 = load i32* %wb_2_1_addr_2, align 4

ST_3: wb_2_2_addr_2 [1/1] 0.00ns
._crit_edge.2:21  %wb_2_2_addr_2 = getelementptr [16 x i32]* %wb_2_2, i64 0, i64 2

ST_3: wb_2_2_load_2 [2/2] 2.39ns
._crit_edge.2:22  %wb_2_2_load_2 = load i32* %wb_2_2_addr_2, align 4

ST_3: wb_0_1_addr_3 [1/1] 0.00ns
._crit_edge.3:1  %wb_0_1_addr_3 = getelementptr [16 x i32]* %wb_0_1, i64 0, i64 3

ST_3: wb_0_1_load_3 [2/2] 2.39ns
._crit_edge.3:2  %wb_0_1_load_3 = load i32* %wb_0_1_addr_3, align 4

ST_3: wb_0_2_addr_3 [1/1] 0.00ns
._crit_edge.3:5  %wb_0_2_addr_3 = getelementptr [16 x i32]* %wb_0_2, i64 0, i64 3

ST_3: wb_0_2_load_3 [2/2] 2.39ns
._crit_edge.3:6  %wb_0_2_load_3 = load i32* %wb_0_2_addr_3, align 4

ST_3: wb_1_1_addr_3 [1/1] 0.00ns
._crit_edge.3:9  %wb_1_1_addr_3 = getelementptr [16 x i32]* %wb_1_1, i64 0, i64 3

ST_3: wb_1_1_load_3 [2/2] 2.39ns
._crit_edge.3:10  %wb_1_1_load_3 = load i32* %wb_1_1_addr_3, align 4

ST_3: wb_1_2_addr_3 [1/1] 0.00ns
._crit_edge.3:13  %wb_1_2_addr_3 = getelementptr [16 x i32]* %wb_1_2, i64 0, i64 3

ST_3: wb_1_2_load_3 [2/2] 2.39ns
._crit_edge.3:14  %wb_1_2_load_3 = load i32* %wb_1_2_addr_3, align 4

ST_3: wb_2_1_addr_3 [1/1] 0.00ns
._crit_edge.3:17  %wb_2_1_addr_3 = getelementptr [16 x i32]* %wb_2_1, i64 0, i64 3

ST_3: wb_2_1_load_3 [2/2] 2.39ns
._crit_edge.3:18  %wb_2_1_load_3 = load i32* %wb_2_1_addr_3, align 4

ST_3: wb_2_2_addr_3 [1/1] 0.00ns
._crit_edge.3:21  %wb_2_2_addr_3 = getelementptr [16 x i32]* %wb_2_2, i64 0, i64 3

ST_3: wb_2_2_load_3 [2/2] 2.39ns
._crit_edge.3:22  %wb_2_2_load_3 = load i32* %wb_2_2_addr_3, align 4


 <State 4>: 2.39ns
ST_4: wb_0_0_addr [1/1] 0.00ns
._crit_edge.0:3  %wb_0_0_addr = getelementptr [16 x i32]* %wb_0_0, i64 0, i64 0

ST_4: stg_195 [1/1] 2.39ns
._crit_edge.0:4  store i32 %wb_0_1_load, i32* %wb_0_0_addr, align 4

ST_4: wb_1_0_addr [1/1] 0.00ns
._crit_edge.0:11  %wb_1_0_addr = getelementptr [16 x i32]* %wb_1_0, i64 0, i64 0

ST_4: stg_197 [1/1] 2.39ns
._crit_edge.0:12  store i32 %wb_1_1_load, i32* %wb_1_0_addr, align 4

ST_4: wb_2_0_addr [1/1] 0.00ns
._crit_edge.0:19  %wb_2_0_addr = getelementptr [16 x i32]* %wb_2_0, i64 0, i64 0

ST_4: stg_199 [1/1] 2.39ns
._crit_edge.0:20  store i32 %wb_2_1_load, i32* %wb_2_0_addr, align 4

ST_4: wb_0_0_addr_1 [1/1] 0.00ns
._crit_edge.1:3  %wb_0_0_addr_1 = getelementptr [16 x i32]* %wb_0_0, i64 0, i64 1

ST_4: stg_201 [1/1] 2.39ns
._crit_edge.1:4  store i32 %wb_0_1_load_1, i32* %wb_0_0_addr_1, align 4

ST_4: wb_1_0_addr_1 [1/1] 0.00ns
._crit_edge.1:11  %wb_1_0_addr_1 = getelementptr [16 x i32]* %wb_1_0, i64 0, i64 1

ST_4: stg_203 [1/1] 2.39ns
._crit_edge.1:12  store i32 %wb_1_1_load_1, i32* %wb_1_0_addr_1, align 4

ST_4: wb_2_0_addr_1 [1/1] 0.00ns
._crit_edge.1:19  %wb_2_0_addr_1 = getelementptr [16 x i32]* %wb_2_0, i64 0, i64 1

ST_4: stg_205 [1/1] 2.39ns
._crit_edge.1:20  store i32 %wb_2_1_load_1, i32* %wb_2_0_addr_1, align 4

ST_4: wb_0_1_load_2 [1/2] 2.39ns
._crit_edge.2:2  %wb_0_1_load_2 = load i32* %wb_0_1_addr_2, align 4

ST_4: wb_0_2_load_2 [1/2] 2.39ns
._crit_edge.2:6  %wb_0_2_load_2 = load i32* %wb_0_2_addr_2, align 4

ST_4: wb_1_1_load_2 [1/2] 2.39ns
._crit_edge.2:10  %wb_1_1_load_2 = load i32* %wb_1_1_addr_2, align 4

ST_4: wb_1_2_load_2 [1/2] 2.39ns
._crit_edge.2:14  %wb_1_2_load_2 = load i32* %wb_1_2_addr_2, align 4

ST_4: wb_2_1_load_2 [1/2] 2.39ns
._crit_edge.2:18  %wb_2_1_load_2 = load i32* %wb_2_1_addr_2, align 4

ST_4: wb_2_2_load_2 [1/2] 2.39ns
._crit_edge.2:22  %wb_2_2_load_2 = load i32* %wb_2_2_addr_2, align 4

ST_4: wb_0_1_load_3 [1/2] 2.39ns
._crit_edge.3:2  %wb_0_1_load_3 = load i32* %wb_0_1_addr_3, align 4

ST_4: wb_0_2_load_3 [1/2] 2.39ns
._crit_edge.3:6  %wb_0_2_load_3 = load i32* %wb_0_2_addr_3, align 4

ST_4: wb_1_1_load_3 [1/2] 2.39ns
._crit_edge.3:10  %wb_1_1_load_3 = load i32* %wb_1_1_addr_3, align 4

ST_4: wb_1_2_load_3 [1/2] 2.39ns
._crit_edge.3:14  %wb_1_2_load_3 = load i32* %wb_1_2_addr_3, align 4

ST_4: wb_2_1_load_3 [1/2] 2.39ns
._crit_edge.3:18  %wb_2_1_load_3 = load i32* %wb_2_1_addr_3, align 4

ST_4: wb_2_2_load_3 [1/2] 2.39ns
._crit_edge.3:22  %wb_2_2_load_3 = load i32* %wb_2_2_addr_3, align 4

ST_4: wb_0_1_addr_4 [1/1] 0.00ns
._crit_edge.4:1  %wb_0_1_addr_4 = getelementptr [16 x i32]* %wb_0_1, i64 0, i64 4

ST_4: wb_0_1_load_4 [2/2] 2.39ns
._crit_edge.4:2  %wb_0_1_load_4 = load i32* %wb_0_1_addr_4, align 4

ST_4: wb_0_2_addr_4 [1/1] 0.00ns
._crit_edge.4:5  %wb_0_2_addr_4 = getelementptr [16 x i32]* %wb_0_2, i64 0, i64 4

ST_4: wb_0_2_load_4 [2/2] 2.39ns
._crit_edge.4:6  %wb_0_2_load_4 = load i32* %wb_0_2_addr_4, align 4

ST_4: wb_1_1_addr_4 [1/1] 0.00ns
._crit_edge.4:9  %wb_1_1_addr_4 = getelementptr [16 x i32]* %wb_1_1, i64 0, i64 4

ST_4: wb_1_1_load_4 [2/2] 2.39ns
._crit_edge.4:10  %wb_1_1_load_4 = load i32* %wb_1_1_addr_4, align 4

ST_4: wb_1_2_addr_4 [1/1] 0.00ns
._crit_edge.4:13  %wb_1_2_addr_4 = getelementptr [16 x i32]* %wb_1_2, i64 0, i64 4

ST_4: wb_1_2_load_4 [2/2] 2.39ns
._crit_edge.4:14  %wb_1_2_load_4 = load i32* %wb_1_2_addr_4, align 4

ST_4: wb_2_1_addr_4 [1/1] 0.00ns
._crit_edge.4:17  %wb_2_1_addr_4 = getelementptr [16 x i32]* %wb_2_1, i64 0, i64 4

ST_4: wb_2_1_load_4 [2/2] 2.39ns
._crit_edge.4:18  %wb_2_1_load_4 = load i32* %wb_2_1_addr_4, align 4

ST_4: wb_2_2_addr_4 [1/1] 0.00ns
._crit_edge.4:21  %wb_2_2_addr_4 = getelementptr [16 x i32]* %wb_2_2, i64 0, i64 4

ST_4: wb_2_2_load_4 [2/2] 2.39ns
._crit_edge.4:22  %wb_2_2_load_4 = load i32* %wb_2_2_addr_4, align 4

ST_4: wb_0_1_addr_5 [1/1] 0.00ns
._crit_edge.5:1  %wb_0_1_addr_5 = getelementptr [16 x i32]* %wb_0_1, i64 0, i64 5

ST_4: wb_0_1_load_5 [2/2] 2.39ns
._crit_edge.5:2  %wb_0_1_load_5 = load i32* %wb_0_1_addr_5, align 4

ST_4: wb_0_2_addr_5 [1/1] 0.00ns
._crit_edge.5:5  %wb_0_2_addr_5 = getelementptr [16 x i32]* %wb_0_2, i64 0, i64 5

ST_4: wb_0_2_load_5 [2/2] 2.39ns
._crit_edge.5:6  %wb_0_2_load_5 = load i32* %wb_0_2_addr_5, align 4

ST_4: wb_1_1_addr_5 [1/1] 0.00ns
._crit_edge.5:9  %wb_1_1_addr_5 = getelementptr [16 x i32]* %wb_1_1, i64 0, i64 5

ST_4: wb_1_1_load_5 [2/2] 2.39ns
._crit_edge.5:10  %wb_1_1_load_5 = load i32* %wb_1_1_addr_5, align 4

ST_4: wb_1_2_addr_5 [1/1] 0.00ns
._crit_edge.5:13  %wb_1_2_addr_5 = getelementptr [16 x i32]* %wb_1_2, i64 0, i64 5

ST_4: wb_1_2_load_5 [2/2] 2.39ns
._crit_edge.5:14  %wb_1_2_load_5 = load i32* %wb_1_2_addr_5, align 4

ST_4: wb_2_1_addr_5 [1/1] 0.00ns
._crit_edge.5:17  %wb_2_1_addr_5 = getelementptr [16 x i32]* %wb_2_1, i64 0, i64 5

ST_4: wb_2_1_load_5 [2/2] 2.39ns
._crit_edge.5:18  %wb_2_1_load_5 = load i32* %wb_2_1_addr_5, align 4

ST_4: wb_2_2_addr_5 [1/1] 0.00ns
._crit_edge.5:21  %wb_2_2_addr_5 = getelementptr [16 x i32]* %wb_2_2, i64 0, i64 5

ST_4: wb_2_2_load_5 [2/2] 2.39ns
._crit_edge.5:22  %wb_2_2_load_5 = load i32* %wb_2_2_addr_5, align 4


 <State 5>: 2.39ns
ST_5: wb_0_0_addr_2 [1/1] 0.00ns
._crit_edge.2:3  %wb_0_0_addr_2 = getelementptr [16 x i32]* %wb_0_0, i64 0, i64 2

ST_5: stg_243 [1/1] 2.39ns
._crit_edge.2:4  store i32 %wb_0_1_load_2, i32* %wb_0_0_addr_2, align 4

ST_5: wb_1_0_addr_2 [1/1] 0.00ns
._crit_edge.2:11  %wb_1_0_addr_2 = getelementptr [16 x i32]* %wb_1_0, i64 0, i64 2

ST_5: stg_245 [1/1] 2.39ns
._crit_edge.2:12  store i32 %wb_1_1_load_2, i32* %wb_1_0_addr_2, align 4

ST_5: wb_2_0_addr_2 [1/1] 0.00ns
._crit_edge.2:19  %wb_2_0_addr_2 = getelementptr [16 x i32]* %wb_2_0, i64 0, i64 2

ST_5: stg_247 [1/1] 2.39ns
._crit_edge.2:20  store i32 %wb_2_1_load_2, i32* %wb_2_0_addr_2, align 4

ST_5: wb_0_0_addr_3 [1/1] 0.00ns
._crit_edge.3:3  %wb_0_0_addr_3 = getelementptr [16 x i32]* %wb_0_0, i64 0, i64 3

ST_5: stg_249 [1/1] 2.39ns
._crit_edge.3:4  store i32 %wb_0_1_load_3, i32* %wb_0_0_addr_3, align 4

ST_5: wb_1_0_addr_3 [1/1] 0.00ns
._crit_edge.3:11  %wb_1_0_addr_3 = getelementptr [16 x i32]* %wb_1_0, i64 0, i64 3

ST_5: stg_251 [1/1] 2.39ns
._crit_edge.3:12  store i32 %wb_1_1_load_3, i32* %wb_1_0_addr_3, align 4

ST_5: wb_2_0_addr_3 [1/1] 0.00ns
._crit_edge.3:19  %wb_2_0_addr_3 = getelementptr [16 x i32]* %wb_2_0, i64 0, i64 3

ST_5: stg_253 [1/1] 2.39ns
._crit_edge.3:20  store i32 %wb_2_1_load_3, i32* %wb_2_0_addr_3, align 4

ST_5: wb_0_1_load_4 [1/2] 2.39ns
._crit_edge.4:2  %wb_0_1_load_4 = load i32* %wb_0_1_addr_4, align 4

ST_5: wb_0_2_load_4 [1/2] 2.39ns
._crit_edge.4:6  %wb_0_2_load_4 = load i32* %wb_0_2_addr_4, align 4

ST_5: wb_1_1_load_4 [1/2] 2.39ns
._crit_edge.4:10  %wb_1_1_load_4 = load i32* %wb_1_1_addr_4, align 4

ST_5: wb_1_2_load_4 [1/2] 2.39ns
._crit_edge.4:14  %wb_1_2_load_4 = load i32* %wb_1_2_addr_4, align 4

ST_5: wb_2_1_load_4 [1/2] 2.39ns
._crit_edge.4:18  %wb_2_1_load_4 = load i32* %wb_2_1_addr_4, align 4

ST_5: wb_2_2_load_4 [1/2] 2.39ns
._crit_edge.4:22  %wb_2_2_load_4 = load i32* %wb_2_2_addr_4, align 4

ST_5: wb_0_1_load_5 [1/2] 2.39ns
._crit_edge.5:2  %wb_0_1_load_5 = load i32* %wb_0_1_addr_5, align 4

ST_5: wb_0_2_load_5 [1/2] 2.39ns
._crit_edge.5:6  %wb_0_2_load_5 = load i32* %wb_0_2_addr_5, align 4

ST_5: wb_1_1_load_5 [1/2] 2.39ns
._crit_edge.5:10  %wb_1_1_load_5 = load i32* %wb_1_1_addr_5, align 4

ST_5: wb_1_2_load_5 [1/2] 2.39ns
._crit_edge.5:14  %wb_1_2_load_5 = load i32* %wb_1_2_addr_5, align 4

ST_5: wb_2_1_load_5 [1/2] 2.39ns
._crit_edge.5:18  %wb_2_1_load_5 = load i32* %wb_2_1_addr_5, align 4

ST_5: wb_2_2_load_5 [1/2] 2.39ns
._crit_edge.5:22  %wb_2_2_load_5 = load i32* %wb_2_2_addr_5, align 4

ST_5: wb_0_1_addr_6 [1/1] 0.00ns
._crit_edge.6:1  %wb_0_1_addr_6 = getelementptr [16 x i32]* %wb_0_1, i64 0, i64 6

ST_5: wb_0_1_load_6 [2/2] 2.39ns
._crit_edge.6:2  %wb_0_1_load_6 = load i32* %wb_0_1_addr_6, align 4

ST_5: wb_0_2_addr_6 [1/1] 0.00ns
._crit_edge.6:5  %wb_0_2_addr_6 = getelementptr [16 x i32]* %wb_0_2, i64 0, i64 6

ST_5: wb_0_2_load_6 [2/2] 2.39ns
._crit_edge.6:6  %wb_0_2_load_6 = load i32* %wb_0_2_addr_6, align 4

ST_5: wb_1_1_addr_6 [1/1] 0.00ns
._crit_edge.6:9  %wb_1_1_addr_6 = getelementptr [16 x i32]* %wb_1_1, i64 0, i64 6

ST_5: wb_1_1_load_6 [2/2] 2.39ns
._crit_edge.6:10  %wb_1_1_load_6 = load i32* %wb_1_1_addr_6, align 4

ST_5: wb_1_2_addr_6 [1/1] 0.00ns
._crit_edge.6:13  %wb_1_2_addr_6 = getelementptr [16 x i32]* %wb_1_2, i64 0, i64 6

ST_5: wb_1_2_load_6 [2/2] 2.39ns
._crit_edge.6:14  %wb_1_2_load_6 = load i32* %wb_1_2_addr_6, align 4

ST_5: wb_2_1_addr_6 [1/1] 0.00ns
._crit_edge.6:17  %wb_2_1_addr_6 = getelementptr [16 x i32]* %wb_2_1, i64 0, i64 6

ST_5: wb_2_1_load_6 [2/2] 2.39ns
._crit_edge.6:18  %wb_2_1_load_6 = load i32* %wb_2_1_addr_6, align 4

ST_5: wb_2_2_addr_6 [1/1] 0.00ns
._crit_edge.6:21  %wb_2_2_addr_6 = getelementptr [16 x i32]* %wb_2_2, i64 0, i64 6

ST_5: wb_2_2_load_6 [2/2] 2.39ns
._crit_edge.6:22  %wb_2_2_load_6 = load i32* %wb_2_2_addr_6, align 4

ST_5: wb_0_1_addr_7 [1/1] 0.00ns
._crit_edge.7:1  %wb_0_1_addr_7 = getelementptr [16 x i32]* %wb_0_1, i64 0, i64 7

ST_5: wb_0_1_load_7 [2/2] 2.39ns
._crit_edge.7:2  %wb_0_1_load_7 = load i32* %wb_0_1_addr_7, align 4

ST_5: wb_0_2_addr_7 [1/1] 0.00ns
._crit_edge.7:5  %wb_0_2_addr_7 = getelementptr [16 x i32]* %wb_0_2, i64 0, i64 7

ST_5: wb_0_2_load_7 [2/2] 2.39ns
._crit_edge.7:6  %wb_0_2_load_7 = load i32* %wb_0_2_addr_7, align 4

ST_5: wb_1_1_addr_7 [1/1] 0.00ns
._crit_edge.7:9  %wb_1_1_addr_7 = getelementptr [16 x i32]* %wb_1_1, i64 0, i64 7

ST_5: wb_1_1_load_7 [2/2] 2.39ns
._crit_edge.7:10  %wb_1_1_load_7 = load i32* %wb_1_1_addr_7, align 4

ST_5: wb_1_2_addr_7 [1/1] 0.00ns
._crit_edge.7:13  %wb_1_2_addr_7 = getelementptr [16 x i32]* %wb_1_2, i64 0, i64 7

ST_5: wb_1_2_load_7 [2/2] 2.39ns
._crit_edge.7:14  %wb_1_2_load_7 = load i32* %wb_1_2_addr_7, align 4

ST_5: wb_2_1_addr_7 [1/1] 0.00ns
._crit_edge.7:17  %wb_2_1_addr_7 = getelementptr [16 x i32]* %wb_2_1, i64 0, i64 7

ST_5: wb_2_1_load_7 [2/2] 2.39ns
._crit_edge.7:18  %wb_2_1_load_7 = load i32* %wb_2_1_addr_7, align 4

ST_5: wb_2_2_addr_7 [1/1] 0.00ns
._crit_edge.7:21  %wb_2_2_addr_7 = getelementptr [16 x i32]* %wb_2_2, i64 0, i64 7

ST_5: wb_2_2_load_7 [2/2] 2.39ns
._crit_edge.7:22  %wb_2_2_load_7 = load i32* %wb_2_2_addr_7, align 4


 <State 6>: 2.39ns
ST_6: wb_0_0_addr_4 [1/1] 0.00ns
._crit_edge.4:3  %wb_0_0_addr_4 = getelementptr [16 x i32]* %wb_0_0, i64 0, i64 4

ST_6: stg_291 [1/1] 2.39ns
._crit_edge.4:4  store i32 %wb_0_1_load_4, i32* %wb_0_0_addr_4, align 4

ST_6: wb_1_0_addr_4 [1/1] 0.00ns
._crit_edge.4:11  %wb_1_0_addr_4 = getelementptr [16 x i32]* %wb_1_0, i64 0, i64 4

ST_6: stg_293 [1/1] 2.39ns
._crit_edge.4:12  store i32 %wb_1_1_load_4, i32* %wb_1_0_addr_4, align 4

ST_6: wb_2_0_addr_4 [1/1] 0.00ns
._crit_edge.4:19  %wb_2_0_addr_4 = getelementptr [16 x i32]* %wb_2_0, i64 0, i64 4

ST_6: stg_295 [1/1] 2.39ns
._crit_edge.4:20  store i32 %wb_2_1_load_4, i32* %wb_2_0_addr_4, align 4

ST_6: wb_0_0_addr_5 [1/1] 0.00ns
._crit_edge.5:3  %wb_0_0_addr_5 = getelementptr [16 x i32]* %wb_0_0, i64 0, i64 5

ST_6: stg_297 [1/1] 2.39ns
._crit_edge.5:4  store i32 %wb_0_1_load_5, i32* %wb_0_0_addr_5, align 4

ST_6: wb_1_0_addr_5 [1/1] 0.00ns
._crit_edge.5:11  %wb_1_0_addr_5 = getelementptr [16 x i32]* %wb_1_0, i64 0, i64 5

ST_6: stg_299 [1/1] 2.39ns
._crit_edge.5:12  store i32 %wb_1_1_load_5, i32* %wb_1_0_addr_5, align 4

ST_6: wb_2_0_addr_5 [1/1] 0.00ns
._crit_edge.5:19  %wb_2_0_addr_5 = getelementptr [16 x i32]* %wb_2_0, i64 0, i64 5

ST_6: stg_301 [1/1] 2.39ns
._crit_edge.5:20  store i32 %wb_2_1_load_5, i32* %wb_2_0_addr_5, align 4

ST_6: wb_0_1_load_6 [1/2] 2.39ns
._crit_edge.6:2  %wb_0_1_load_6 = load i32* %wb_0_1_addr_6, align 4

ST_6: wb_0_2_load_6 [1/2] 2.39ns
._crit_edge.6:6  %wb_0_2_load_6 = load i32* %wb_0_2_addr_6, align 4

ST_6: wb_1_1_load_6 [1/2] 2.39ns
._crit_edge.6:10  %wb_1_1_load_6 = load i32* %wb_1_1_addr_6, align 4

ST_6: wb_1_2_load_6 [1/2] 2.39ns
._crit_edge.6:14  %wb_1_2_load_6 = load i32* %wb_1_2_addr_6, align 4

ST_6: wb_2_1_load_6 [1/2] 2.39ns
._crit_edge.6:18  %wb_2_1_load_6 = load i32* %wb_2_1_addr_6, align 4

ST_6: wb_2_2_load_6 [1/2] 2.39ns
._crit_edge.6:22  %wb_2_2_load_6 = load i32* %wb_2_2_addr_6, align 4

ST_6: wb_0_1_load_7 [1/2] 2.39ns
._crit_edge.7:2  %wb_0_1_load_7 = load i32* %wb_0_1_addr_7, align 4

ST_6: wb_0_2_load_7 [1/2] 2.39ns
._crit_edge.7:6  %wb_0_2_load_7 = load i32* %wb_0_2_addr_7, align 4

ST_6: wb_1_1_load_7 [1/2] 2.39ns
._crit_edge.7:10  %wb_1_1_load_7 = load i32* %wb_1_1_addr_7, align 4

ST_6: wb_1_2_load_7 [1/2] 2.39ns
._crit_edge.7:14  %wb_1_2_load_7 = load i32* %wb_1_2_addr_7, align 4

ST_6: wb_2_1_load_7 [1/2] 2.39ns
._crit_edge.7:18  %wb_2_1_load_7 = load i32* %wb_2_1_addr_7, align 4

ST_6: wb_2_2_load_7 [1/2] 2.39ns
._crit_edge.7:22  %wb_2_2_load_7 = load i32* %wb_2_2_addr_7, align 4

ST_6: wb_0_1_addr_8 [1/1] 0.00ns
._crit_edge.8:1  %wb_0_1_addr_8 = getelementptr [16 x i32]* %wb_0_1, i64 0, i64 8

ST_6: wb_0_1_load_8 [2/2] 2.39ns
._crit_edge.8:2  %wb_0_1_load_8 = load i32* %wb_0_1_addr_8, align 4

ST_6: wb_0_2_addr_8 [1/1] 0.00ns
._crit_edge.8:5  %wb_0_2_addr_8 = getelementptr [16 x i32]* %wb_0_2, i64 0, i64 8

ST_6: wb_0_2_load_8 [2/2] 2.39ns
._crit_edge.8:6  %wb_0_2_load_8 = load i32* %wb_0_2_addr_8, align 4

ST_6: wb_1_1_addr_8 [1/1] 0.00ns
._crit_edge.8:9  %wb_1_1_addr_8 = getelementptr [16 x i32]* %wb_1_1, i64 0, i64 8

ST_6: wb_1_1_load_8 [2/2] 2.39ns
._crit_edge.8:10  %wb_1_1_load_8 = load i32* %wb_1_1_addr_8, align 4

ST_6: wb_1_2_addr_8 [1/1] 0.00ns
._crit_edge.8:13  %wb_1_2_addr_8 = getelementptr [16 x i32]* %wb_1_2, i64 0, i64 8

ST_6: wb_1_2_load_8 [2/2] 2.39ns
._crit_edge.8:14  %wb_1_2_load_8 = load i32* %wb_1_2_addr_8, align 4

ST_6: wb_2_1_addr_8 [1/1] 0.00ns
._crit_edge.8:17  %wb_2_1_addr_8 = getelementptr [16 x i32]* %wb_2_1, i64 0, i64 8

ST_6: wb_2_1_load_8 [2/2] 2.39ns
._crit_edge.8:18  %wb_2_1_load_8 = load i32* %wb_2_1_addr_8, align 4

ST_6: wb_2_2_addr_8 [1/1] 0.00ns
._crit_edge.8:21  %wb_2_2_addr_8 = getelementptr [16 x i32]* %wb_2_2, i64 0, i64 8

ST_6: wb_2_2_load_8 [2/2] 2.39ns
._crit_edge.8:22  %wb_2_2_load_8 = load i32* %wb_2_2_addr_8, align 4

ST_6: wb_0_1_addr_9 [1/1] 0.00ns
._crit_edge.9:1  %wb_0_1_addr_9 = getelementptr [16 x i32]* %wb_0_1, i64 0, i64 9

ST_6: wb_0_1_load_9 [2/2] 2.39ns
._crit_edge.9:2  %wb_0_1_load_9 = load i32* %wb_0_1_addr_9, align 4

ST_6: wb_0_2_addr_9 [1/1] 0.00ns
._crit_edge.9:5  %wb_0_2_addr_9 = getelementptr [16 x i32]* %wb_0_2, i64 0, i64 9

ST_6: wb_0_2_load_9 [2/2] 2.39ns
._crit_edge.9:6  %wb_0_2_load_9 = load i32* %wb_0_2_addr_9, align 4

ST_6: wb_1_1_addr_9 [1/1] 0.00ns
._crit_edge.9:9  %wb_1_1_addr_9 = getelementptr [16 x i32]* %wb_1_1, i64 0, i64 9

ST_6: wb_1_1_load_9 [2/2] 2.39ns
._crit_edge.9:10  %wb_1_1_load_9 = load i32* %wb_1_1_addr_9, align 4

ST_6: wb_1_2_addr_9 [1/1] 0.00ns
._crit_edge.9:13  %wb_1_2_addr_9 = getelementptr [16 x i32]* %wb_1_2, i64 0, i64 9

ST_6: wb_1_2_load_9 [2/2] 2.39ns
._crit_edge.9:14  %wb_1_2_load_9 = load i32* %wb_1_2_addr_9, align 4

ST_6: wb_2_1_addr_9 [1/1] 0.00ns
._crit_edge.9:17  %wb_2_1_addr_9 = getelementptr [16 x i32]* %wb_2_1, i64 0, i64 9

ST_6: wb_2_1_load_9 [2/2] 2.39ns
._crit_edge.9:18  %wb_2_1_load_9 = load i32* %wb_2_1_addr_9, align 4

ST_6: wb_2_2_addr_9 [1/1] 0.00ns
._crit_edge.9:21  %wb_2_2_addr_9 = getelementptr [16 x i32]* %wb_2_2, i64 0, i64 9

ST_6: wb_2_2_load_9 [2/2] 2.39ns
._crit_edge.9:22  %wb_2_2_load_9 = load i32* %wb_2_2_addr_9, align 4


 <State 7>: 2.39ns
ST_7: wb_0_0_addr_6 [1/1] 0.00ns
._crit_edge.6:3  %wb_0_0_addr_6 = getelementptr [16 x i32]* %wb_0_0, i64 0, i64 6

ST_7: stg_339 [1/1] 2.39ns
._crit_edge.6:4  store i32 %wb_0_1_load_6, i32* %wb_0_0_addr_6, align 4

ST_7: wb_1_0_addr_6 [1/1] 0.00ns
._crit_edge.6:11  %wb_1_0_addr_6 = getelementptr [16 x i32]* %wb_1_0, i64 0, i64 6

ST_7: stg_341 [1/1] 2.39ns
._crit_edge.6:12  store i32 %wb_1_1_load_6, i32* %wb_1_0_addr_6, align 4

ST_7: wb_2_0_addr_6 [1/1] 0.00ns
._crit_edge.6:19  %wb_2_0_addr_6 = getelementptr [16 x i32]* %wb_2_0, i64 0, i64 6

ST_7: stg_343 [1/1] 2.39ns
._crit_edge.6:20  store i32 %wb_2_1_load_6, i32* %wb_2_0_addr_6, align 4

ST_7: wb_0_0_addr_7 [1/1] 0.00ns
._crit_edge.7:3  %wb_0_0_addr_7 = getelementptr [16 x i32]* %wb_0_0, i64 0, i64 7

ST_7: stg_345 [1/1] 2.39ns
._crit_edge.7:4  store i32 %wb_0_1_load_7, i32* %wb_0_0_addr_7, align 4

ST_7: wb_1_0_addr_7 [1/1] 0.00ns
._crit_edge.7:11  %wb_1_0_addr_7 = getelementptr [16 x i32]* %wb_1_0, i64 0, i64 7

ST_7: stg_347 [1/1] 2.39ns
._crit_edge.7:12  store i32 %wb_1_1_load_7, i32* %wb_1_0_addr_7, align 4

ST_7: wb_2_0_addr_7 [1/1] 0.00ns
._crit_edge.7:19  %wb_2_0_addr_7 = getelementptr [16 x i32]* %wb_2_0, i64 0, i64 7

ST_7: stg_349 [1/1] 2.39ns
._crit_edge.7:20  store i32 %wb_2_1_load_7, i32* %wb_2_0_addr_7, align 4

ST_7: wb_0_1_load_8 [1/2] 2.39ns
._crit_edge.8:2  %wb_0_1_load_8 = load i32* %wb_0_1_addr_8, align 4

ST_7: wb_0_2_load_8 [1/2] 2.39ns
._crit_edge.8:6  %wb_0_2_load_8 = load i32* %wb_0_2_addr_8, align 4

ST_7: wb_1_1_load_8 [1/2] 2.39ns
._crit_edge.8:10  %wb_1_1_load_8 = load i32* %wb_1_1_addr_8, align 4

ST_7: wb_1_2_load_8 [1/2] 2.39ns
._crit_edge.8:14  %wb_1_2_load_8 = load i32* %wb_1_2_addr_8, align 4

ST_7: wb_2_1_load_8 [1/2] 2.39ns
._crit_edge.8:18  %wb_2_1_load_8 = load i32* %wb_2_1_addr_8, align 4

ST_7: wb_2_2_load_8 [1/2] 2.39ns
._crit_edge.8:22  %wb_2_2_load_8 = load i32* %wb_2_2_addr_8, align 4

ST_7: wb_0_1_load_9 [1/2] 2.39ns
._crit_edge.9:2  %wb_0_1_load_9 = load i32* %wb_0_1_addr_9, align 4

ST_7: wb_0_2_load_9 [1/2] 2.39ns
._crit_edge.9:6  %wb_0_2_load_9 = load i32* %wb_0_2_addr_9, align 4

ST_7: wb_1_1_load_9 [1/2] 2.39ns
._crit_edge.9:10  %wb_1_1_load_9 = load i32* %wb_1_1_addr_9, align 4

ST_7: wb_1_2_load_9 [1/2] 2.39ns
._crit_edge.9:14  %wb_1_2_load_9 = load i32* %wb_1_2_addr_9, align 4

ST_7: wb_2_1_load_9 [1/2] 2.39ns
._crit_edge.9:18  %wb_2_1_load_9 = load i32* %wb_2_1_addr_9, align 4

ST_7: wb_2_2_load_9 [1/2] 2.39ns
._crit_edge.9:22  %wb_2_2_load_9 = load i32* %wb_2_2_addr_9, align 4

ST_7: wb_0_1_addr_10 [1/1] 0.00ns
._crit_edge.10:1  %wb_0_1_addr_10 = getelementptr [16 x i32]* %wb_0_1, i64 0, i64 10

ST_7: wb_0_1_load_10 [2/2] 2.39ns
._crit_edge.10:2  %wb_0_1_load_10 = load i32* %wb_0_1_addr_10, align 4

ST_7: wb_0_2_addr_10 [1/1] 0.00ns
._crit_edge.10:5  %wb_0_2_addr_10 = getelementptr [16 x i32]* %wb_0_2, i64 0, i64 10

ST_7: wb_0_2_load_10 [2/2] 2.39ns
._crit_edge.10:6  %wb_0_2_load_10 = load i32* %wb_0_2_addr_10, align 4

ST_7: wb_1_1_addr_10 [1/1] 0.00ns
._crit_edge.10:9  %wb_1_1_addr_10 = getelementptr [16 x i32]* %wb_1_1, i64 0, i64 10

ST_7: wb_1_1_load_10 [2/2] 2.39ns
._crit_edge.10:10  %wb_1_1_load_10 = load i32* %wb_1_1_addr_10, align 4

ST_7: wb_1_2_addr_10 [1/1] 0.00ns
._crit_edge.10:13  %wb_1_2_addr_10 = getelementptr [16 x i32]* %wb_1_2, i64 0, i64 10

ST_7: wb_1_2_load_10 [2/2] 2.39ns
._crit_edge.10:14  %wb_1_2_load_10 = load i32* %wb_1_2_addr_10, align 4

ST_7: wb_2_1_addr_10 [1/1] 0.00ns
._crit_edge.10:17  %wb_2_1_addr_10 = getelementptr [16 x i32]* %wb_2_1, i64 0, i64 10

ST_7: wb_2_1_load_10 [2/2] 2.39ns
._crit_edge.10:18  %wb_2_1_load_10 = load i32* %wb_2_1_addr_10, align 4

ST_7: wb_2_2_addr_10 [1/1] 0.00ns
._crit_edge.10:21  %wb_2_2_addr_10 = getelementptr [16 x i32]* %wb_2_2, i64 0, i64 10

ST_7: wb_2_2_load_10 [2/2] 2.39ns
._crit_edge.10:22  %wb_2_2_load_10 = load i32* %wb_2_2_addr_10, align 4

ST_7: wb_0_1_addr_11 [1/1] 0.00ns
._crit_edge.11:1  %wb_0_1_addr_11 = getelementptr [16 x i32]* %wb_0_1, i64 0, i64 11

ST_7: wb_0_1_load_11 [2/2] 2.39ns
._crit_edge.11:2  %wb_0_1_load_11 = load i32* %wb_0_1_addr_11, align 4

ST_7: wb_0_2_addr_11 [1/1] 0.00ns
._crit_edge.11:5  %wb_0_2_addr_11 = getelementptr [16 x i32]* %wb_0_2, i64 0, i64 11

ST_7: wb_0_2_load_11 [2/2] 2.39ns
._crit_edge.11:6  %wb_0_2_load_11 = load i32* %wb_0_2_addr_11, align 4

ST_7: wb_1_1_addr_11 [1/1] 0.00ns
._crit_edge.11:9  %wb_1_1_addr_11 = getelementptr [16 x i32]* %wb_1_1, i64 0, i64 11

ST_7: wb_1_1_load_11 [2/2] 2.39ns
._crit_edge.11:10  %wb_1_1_load_11 = load i32* %wb_1_1_addr_11, align 4

ST_7: wb_1_2_addr_11 [1/1] 0.00ns
._crit_edge.11:13  %wb_1_2_addr_11 = getelementptr [16 x i32]* %wb_1_2, i64 0, i64 11

ST_7: wb_1_2_load_11 [2/2] 2.39ns
._crit_edge.11:14  %wb_1_2_load_11 = load i32* %wb_1_2_addr_11, align 4

ST_7: wb_2_1_addr_11 [1/1] 0.00ns
._crit_edge.11:17  %wb_2_1_addr_11 = getelementptr [16 x i32]* %wb_2_1, i64 0, i64 11

ST_7: wb_2_1_load_11 [2/2] 2.39ns
._crit_edge.11:18  %wb_2_1_load_11 = load i32* %wb_2_1_addr_11, align 4

ST_7: wb_2_2_addr_11 [1/1] 0.00ns
._crit_edge.11:21  %wb_2_2_addr_11 = getelementptr [16 x i32]* %wb_2_2, i64 0, i64 11

ST_7: wb_2_2_load_11 [2/2] 2.39ns
._crit_edge.11:22  %wb_2_2_load_11 = load i32* %wb_2_2_addr_11, align 4


 <State 8>: 2.39ns
ST_8: wb_0_0_addr_8 [1/1] 0.00ns
._crit_edge.8:3  %wb_0_0_addr_8 = getelementptr [16 x i32]* %wb_0_0, i64 0, i64 8

ST_8: stg_387 [1/1] 2.39ns
._crit_edge.8:4  store i32 %wb_0_1_load_8, i32* %wb_0_0_addr_8, align 4

ST_8: wb_1_0_addr_8 [1/1] 0.00ns
._crit_edge.8:11  %wb_1_0_addr_8 = getelementptr [16 x i32]* %wb_1_0, i64 0, i64 8

ST_8: stg_389 [1/1] 2.39ns
._crit_edge.8:12  store i32 %wb_1_1_load_8, i32* %wb_1_0_addr_8, align 4

ST_8: wb_2_0_addr_8 [1/1] 0.00ns
._crit_edge.8:19  %wb_2_0_addr_8 = getelementptr [16 x i32]* %wb_2_0, i64 0, i64 8

ST_8: stg_391 [1/1] 2.39ns
._crit_edge.8:20  store i32 %wb_2_1_load_8, i32* %wb_2_0_addr_8, align 4

ST_8: wb_0_0_addr_9 [1/1] 0.00ns
._crit_edge.9:3  %wb_0_0_addr_9 = getelementptr [16 x i32]* %wb_0_0, i64 0, i64 9

ST_8: stg_393 [1/1] 2.39ns
._crit_edge.9:4  store i32 %wb_0_1_load_9, i32* %wb_0_0_addr_9, align 4

ST_8: wb_1_0_addr_9 [1/1] 0.00ns
._crit_edge.9:11  %wb_1_0_addr_9 = getelementptr [16 x i32]* %wb_1_0, i64 0, i64 9

ST_8: stg_395 [1/1] 2.39ns
._crit_edge.9:12  store i32 %wb_1_1_load_9, i32* %wb_1_0_addr_9, align 4

ST_8: wb_2_0_addr_9 [1/1] 0.00ns
._crit_edge.9:19  %wb_2_0_addr_9 = getelementptr [16 x i32]* %wb_2_0, i64 0, i64 9

ST_8: stg_397 [1/1] 2.39ns
._crit_edge.9:20  store i32 %wb_2_1_load_9, i32* %wb_2_0_addr_9, align 4

ST_8: wb_0_1_load_10 [1/2] 2.39ns
._crit_edge.10:2  %wb_0_1_load_10 = load i32* %wb_0_1_addr_10, align 4

ST_8: wb_0_2_load_10 [1/2] 2.39ns
._crit_edge.10:6  %wb_0_2_load_10 = load i32* %wb_0_2_addr_10, align 4

ST_8: wb_1_1_load_10 [1/2] 2.39ns
._crit_edge.10:10  %wb_1_1_load_10 = load i32* %wb_1_1_addr_10, align 4

ST_8: wb_1_2_load_10 [1/2] 2.39ns
._crit_edge.10:14  %wb_1_2_load_10 = load i32* %wb_1_2_addr_10, align 4

ST_8: wb_2_1_load_10 [1/2] 2.39ns
._crit_edge.10:18  %wb_2_1_load_10 = load i32* %wb_2_1_addr_10, align 4

ST_8: wb_2_2_load_10 [1/2] 2.39ns
._crit_edge.10:22  %wb_2_2_load_10 = load i32* %wb_2_2_addr_10, align 4

ST_8: wb_0_1_load_11 [1/2] 2.39ns
._crit_edge.11:2  %wb_0_1_load_11 = load i32* %wb_0_1_addr_11, align 4

ST_8: wb_0_2_load_11 [1/2] 2.39ns
._crit_edge.11:6  %wb_0_2_load_11 = load i32* %wb_0_2_addr_11, align 4

ST_8: wb_1_1_load_11 [1/2] 2.39ns
._crit_edge.11:10  %wb_1_1_load_11 = load i32* %wb_1_1_addr_11, align 4

ST_8: wb_1_2_load_11 [1/2] 2.39ns
._crit_edge.11:14  %wb_1_2_load_11 = load i32* %wb_1_2_addr_11, align 4

ST_8: wb_2_1_load_11 [1/2] 2.39ns
._crit_edge.11:18  %wb_2_1_load_11 = load i32* %wb_2_1_addr_11, align 4

ST_8: wb_2_2_load_11 [1/2] 2.39ns
._crit_edge.11:22  %wb_2_2_load_11 = load i32* %wb_2_2_addr_11, align 4

ST_8: wb_0_1_addr_12 [1/1] 0.00ns
._crit_edge.12:1  %wb_0_1_addr_12 = getelementptr [16 x i32]* %wb_0_1, i64 0, i64 12

ST_8: wb_0_1_load_12 [2/2] 2.39ns
._crit_edge.12:2  %wb_0_1_load_12 = load i32* %wb_0_1_addr_12, align 4

ST_8: wb_0_2_addr_12 [1/1] 0.00ns
._crit_edge.12:5  %wb_0_2_addr_12 = getelementptr [16 x i32]* %wb_0_2, i64 0, i64 12

ST_8: wb_0_2_load_12 [2/2] 2.39ns
._crit_edge.12:6  %wb_0_2_load_12 = load i32* %wb_0_2_addr_12, align 4

ST_8: wb_1_1_addr_12 [1/1] 0.00ns
._crit_edge.12:9  %wb_1_1_addr_12 = getelementptr [16 x i32]* %wb_1_1, i64 0, i64 12

ST_8: wb_1_1_load_12 [2/2] 2.39ns
._crit_edge.12:10  %wb_1_1_load_12 = load i32* %wb_1_1_addr_12, align 4

ST_8: wb_1_2_addr_12 [1/1] 0.00ns
._crit_edge.12:13  %wb_1_2_addr_12 = getelementptr [16 x i32]* %wb_1_2, i64 0, i64 12

ST_8: wb_1_2_load_12 [2/2] 2.39ns
._crit_edge.12:14  %wb_1_2_load_12 = load i32* %wb_1_2_addr_12, align 4

ST_8: wb_2_1_addr_12 [1/1] 0.00ns
._crit_edge.12:17  %wb_2_1_addr_12 = getelementptr [16 x i32]* %wb_2_1, i64 0, i64 12

ST_8: wb_2_1_load_12 [2/2] 2.39ns
._crit_edge.12:18  %wb_2_1_load_12 = load i32* %wb_2_1_addr_12, align 4

ST_8: wb_2_2_addr_12 [1/1] 0.00ns
._crit_edge.12:21  %wb_2_2_addr_12 = getelementptr [16 x i32]* %wb_2_2, i64 0, i64 12

ST_8: wb_2_2_load_12 [2/2] 2.39ns
._crit_edge.12:22  %wb_2_2_load_12 = load i32* %wb_2_2_addr_12, align 4

ST_8: wb_0_1_addr_13 [1/1] 0.00ns
._crit_edge.13:1  %wb_0_1_addr_13 = getelementptr [16 x i32]* %wb_0_1, i64 0, i64 13

ST_8: wb_0_1_load_13 [2/2] 2.39ns
._crit_edge.13:2  %wb_0_1_load_13 = load i32* %wb_0_1_addr_13, align 4

ST_8: wb_0_2_addr_13 [1/1] 0.00ns
._crit_edge.13:5  %wb_0_2_addr_13 = getelementptr [16 x i32]* %wb_0_2, i64 0, i64 13

ST_8: wb_0_2_load_13 [2/2] 2.39ns
._crit_edge.13:6  %wb_0_2_load_13 = load i32* %wb_0_2_addr_13, align 4

ST_8: wb_1_1_addr_13 [1/1] 0.00ns
._crit_edge.13:9  %wb_1_1_addr_13 = getelementptr [16 x i32]* %wb_1_1, i64 0, i64 13

ST_8: wb_1_1_load_13 [2/2] 2.39ns
._crit_edge.13:10  %wb_1_1_load_13 = load i32* %wb_1_1_addr_13, align 4

ST_8: wb_1_2_addr_13 [1/1] 0.00ns
._crit_edge.13:13  %wb_1_2_addr_13 = getelementptr [16 x i32]* %wb_1_2, i64 0, i64 13

ST_8: wb_1_2_load_13 [2/2] 2.39ns
._crit_edge.13:14  %wb_1_2_load_13 = load i32* %wb_1_2_addr_13, align 4

ST_8: wb_2_1_addr_13 [1/1] 0.00ns
._crit_edge.13:17  %wb_2_1_addr_13 = getelementptr [16 x i32]* %wb_2_1, i64 0, i64 13

ST_8: wb_2_1_load_13 [2/2] 2.39ns
._crit_edge.13:18  %wb_2_1_load_13 = load i32* %wb_2_1_addr_13, align 4

ST_8: wb_2_2_addr_13 [1/1] 0.00ns
._crit_edge.13:21  %wb_2_2_addr_13 = getelementptr [16 x i32]* %wb_2_2, i64 0, i64 13

ST_8: wb_2_2_load_13 [2/2] 2.39ns
._crit_edge.13:22  %wb_2_2_load_13 = load i32* %wb_2_2_addr_13, align 4


 <State 9>: 2.57ns
ST_9: lb_0_0_0_write_assign [1/1] 0.00ns
._crit_edge.0:0  %lb_0_0_0_write_assign = phi i32 [ %tmp, %1 ], [ 0, %0 ]

ST_9: stg_435 [1/1] 2.39ns
._crit_edge.0:7  store i32 %wb_0_2_load, i32* %wb_0_1_addr, align 4

ST_9: stg_436 [1/1] 2.39ns
._crit_edge.0:8  store i32 %lb_0_0_0_read_1, i32* %wb_0_2_addr, align 4

ST_9: stg_437 [1/1] 2.39ns
._crit_edge.0:15  store i32 %wb_1_2_load, i32* %wb_1_1_addr, align 4

ST_9: stg_438 [1/1] 2.39ns
._crit_edge.0:16  store i32 %lb_1_0_0_read_1, i32* %wb_1_2_addr, align 4

ST_9: stg_439 [1/1] 2.39ns
._crit_edge.0:23  store i32 %wb_2_2_load, i32* %wb_2_1_addr, align 4

ST_9: stg_440 [1/1] 2.39ns
._crit_edge.0:24  store i32 %lb_2_0_0_read_1, i32* %wb_2_2_addr, align 4

ST_9: stg_441 [1/1] 1.57ns
._crit_edge.0:26  br i1 %tmp_6_1, label %2, label %._crit_edge.1

ST_9: tmp_106 [1/1] 1.00ns
:0  %tmp_106 = call i32 @_ssdm_op_Read.ap_fifo.volatile.i32P(i32* %e3x3_i_1_V)

ST_9: stg_443 [1/1] 1.57ns
:1  br label %._crit_edge.1

ST_9: stg_444 [1/1] 2.39ns
._crit_edge.1:7  store i32 %wb_0_2_load_1, i32* %wb_0_1_addr_1, align 4

ST_9: stg_445 [1/1] 2.39ns
._crit_edge.1:8  store i32 %lb_0_0_1_read_1, i32* %wb_0_2_addr_1, align 4

ST_9: stg_446 [1/1] 2.39ns
._crit_edge.1:15  store i32 %wb_1_2_load_1, i32* %wb_1_1_addr_1, align 4

ST_9: stg_447 [1/1] 2.39ns
._crit_edge.1:16  store i32 %lb_1_0_1_read_1, i32* %wb_1_2_addr_1, align 4

ST_9: stg_448 [1/1] 2.39ns
._crit_edge.1:23  store i32 %wb_2_2_load_1, i32* %wb_2_1_addr_1, align 4

ST_9: stg_449 [1/1] 2.39ns
._crit_edge.1:24  store i32 %lb_2_0_1_read_1, i32* %wb_2_2_addr_1, align 4

ST_9: tmp_6_2 [1/1] 0.00ns
._crit_edge.1:25  %tmp_6_2 = call i1 @_ssdm_op_NbReadReq.ap_fifo.i32P(i32* %e3x3_i_2_V, i32 1)

ST_9: wb_0_0_addr_12 [1/1] 0.00ns
._crit_edge.12:3  %wb_0_0_addr_12 = getelementptr [16 x i32]* %wb_0_0, i64 0, i64 12

ST_9: stg_452 [1/1] 2.39ns
._crit_edge.12:4  store i32 %wb_0_1_load_12, i32* %wb_0_0_addr_12, align 4

ST_9: wb_1_0_addr_12 [1/1] 0.00ns
._crit_edge.12:11  %wb_1_0_addr_12 = getelementptr [16 x i32]* %wb_1_0, i64 0, i64 12

ST_9: stg_454 [1/1] 2.39ns
._crit_edge.12:12  store i32 %wb_1_1_load_12, i32* %wb_1_0_addr_12, align 4

ST_9: wb_2_0_addr_12 [1/1] 0.00ns
._crit_edge.12:19  %wb_2_0_addr_12 = getelementptr [16 x i32]* %wb_2_0, i64 0, i64 12

ST_9: stg_456 [1/1] 2.39ns
._crit_edge.12:20  store i32 %wb_2_1_load_12, i32* %wb_2_0_addr_12, align 4

ST_9: wb_0_0_addr_13 [1/1] 0.00ns
._crit_edge.13:3  %wb_0_0_addr_13 = getelementptr [16 x i32]* %wb_0_0, i64 0, i64 13

ST_9: stg_458 [1/1] 2.39ns
._crit_edge.13:4  store i32 %wb_0_1_load_13, i32* %wb_0_0_addr_13, align 4

ST_9: wb_1_0_addr_13 [1/1] 0.00ns
._crit_edge.13:11  %wb_1_0_addr_13 = getelementptr [16 x i32]* %wb_1_0, i64 0, i64 13

ST_9: stg_460 [1/1] 2.39ns
._crit_edge.13:12  store i32 %wb_1_1_load_13, i32* %wb_1_0_addr_13, align 4

ST_9: wb_2_0_addr_13 [1/1] 0.00ns
._crit_edge.13:19  %wb_2_0_addr_13 = getelementptr [16 x i32]* %wb_2_0, i64 0, i64 13

ST_9: stg_462 [1/1] 2.39ns
._crit_edge.13:20  store i32 %wb_2_1_load_13, i32* %wb_2_0_addr_13, align 4

ST_9: wb_0_1_load_14 [1/2] 2.39ns
._crit_edge.14:2  %wb_0_1_load_14 = load i32* %wb_0_1_addr_14, align 4

ST_9: wb_0_2_load_14 [1/2] 2.39ns
._crit_edge.14:6  %wb_0_2_load_14 = load i32* %wb_0_2_addr_14, align 4

ST_9: wb_1_1_load_14 [1/2] 2.39ns
._crit_edge.14:10  %wb_1_1_load_14 = load i32* %wb_1_1_addr_14, align 4

ST_9: wb_1_2_load_14 [1/2] 2.39ns
._crit_edge.14:14  %wb_1_2_load_14 = load i32* %wb_1_2_addr_14, align 4

ST_9: wb_2_1_load_14 [1/2] 2.39ns
._crit_edge.14:18  %wb_2_1_load_14 = load i32* %wb_2_1_addr_14, align 4

ST_9: wb_2_2_load_14 [1/2] 2.39ns
._crit_edge.14:22  %wb_2_2_load_14 = load i32* %wb_2_2_addr_14, align 4

ST_9: wb_0_1_load_15 [1/2] 2.39ns
._crit_edge.15:2  %wb_0_1_load_15 = load i32* %wb_0_1_addr_15, align 4

ST_9: wb_0_2_load_15 [1/2] 2.39ns
._crit_edge.15:6  %wb_0_2_load_15 = load i32* %wb_0_2_addr_15, align 4

ST_9: wb_1_1_load_15 [1/2] 2.39ns
._crit_edge.15:10  %wb_1_1_load_15 = load i32* %wb_1_1_addr_15, align 4

ST_9: wb_1_2_load_15 [1/2] 2.39ns
._crit_edge.15:14  %wb_1_2_load_15 = load i32* %wb_1_2_addr_15, align 4

ST_9: wb_2_1_load_15 [1/2] 2.39ns
._crit_edge.15:18  %wb_2_1_load_15 = load i32* %wb_2_1_addr_15, align 4

ST_9: wb_2_2_load_15 [1/2] 2.39ns
._crit_edge.15:22  %wb_2_2_load_15 = load i32* %wb_2_2_addr_15, align 4


 <State 10>: 2.57ns
ST_10: lb_0_0_1_write_assign [1/1] 0.00ns
._crit_edge.1:0  %lb_0_0_1_write_assign = phi i32 [ %tmp_106, %2 ], [ 0, %._crit_edge.0 ]

ST_10: stg_476 [1/1] 1.57ns
._crit_edge.1:26  br i1 %tmp_6_2, label %3, label %._crit_edge.2

ST_10: tmp_107 [1/1] 1.00ns
:0  %tmp_107 = call i32 @_ssdm_op_Read.ap_fifo.volatile.i32P(i32* %e3x3_i_2_V)

ST_10: stg_478 [1/1] 1.57ns
:1  br label %._crit_edge.2

ST_10: stg_479 [1/1] 2.39ns
._crit_edge.2:7  store i32 %wb_0_2_load_2, i32* %wb_0_1_addr_2, align 4

ST_10: stg_480 [1/1] 2.39ns
._crit_edge.2:8  store i32 %lb_0_0_2_read_1, i32* %wb_0_2_addr_2, align 4

ST_10: stg_481 [1/1] 2.39ns
._crit_edge.2:15  store i32 %wb_1_2_load_2, i32* %wb_1_1_addr_2, align 4

ST_10: stg_482 [1/1] 2.39ns
._crit_edge.2:16  store i32 %lb_1_0_2_read_1, i32* %wb_1_2_addr_2, align 4

ST_10: stg_483 [1/1] 2.39ns
._crit_edge.2:23  store i32 %wb_2_2_load_2, i32* %wb_2_1_addr_2, align 4

ST_10: stg_484 [1/1] 2.39ns
._crit_edge.2:24  store i32 %lb_2_0_2_read_1, i32* %wb_2_2_addr_2, align 4

ST_10: tmp_6_3 [1/1] 0.00ns
._crit_edge.2:25  %tmp_6_3 = call i1 @_ssdm_op_NbReadReq.ap_fifo.i32P(i32* %e3x3_i_3_V, i32 1)

ST_10: stg_486 [1/1] 2.39ns
._crit_edge.3:7  store i32 %wb_0_2_load_3, i32* %wb_0_1_addr_3, align 4

ST_10: stg_487 [1/1] 2.39ns
._crit_edge.3:8  store i32 %lb_0_0_3_read_1, i32* %wb_0_2_addr_3, align 4

ST_10: stg_488 [1/1] 2.39ns
._crit_edge.3:15  store i32 %wb_1_2_load_3, i32* %wb_1_1_addr_3, align 4

ST_10: stg_489 [1/1] 2.39ns
._crit_edge.3:16  store i32 %lb_1_0_3_read_1, i32* %wb_1_2_addr_3, align 4

ST_10: stg_490 [1/1] 2.39ns
._crit_edge.3:23  store i32 %wb_2_2_load_3, i32* %wb_2_1_addr_3, align 4

ST_10: stg_491 [1/1] 2.39ns
._crit_edge.3:24  store i32 %lb_2_0_3_read_1, i32* %wb_2_2_addr_3, align 4

ST_10: wb_0_0_addr_14 [1/1] 0.00ns
._crit_edge.14:3  %wb_0_0_addr_14 = getelementptr [16 x i32]* %wb_0_0, i64 0, i64 14

ST_10: stg_493 [1/1] 2.39ns
._crit_edge.14:4  store i32 %wb_0_1_load_14, i32* %wb_0_0_addr_14, align 4

ST_10: wb_1_0_addr_14 [1/1] 0.00ns
._crit_edge.14:11  %wb_1_0_addr_14 = getelementptr [16 x i32]* %wb_1_0, i64 0, i64 14

ST_10: stg_495 [1/1] 2.39ns
._crit_edge.14:12  store i32 %wb_1_1_load_14, i32* %wb_1_0_addr_14, align 4

ST_10: wb_2_0_addr_14 [1/1] 0.00ns
._crit_edge.14:19  %wb_2_0_addr_14 = getelementptr [16 x i32]* %wb_2_0, i64 0, i64 14

ST_10: stg_497 [1/1] 2.39ns
._crit_edge.14:20  store i32 %wb_2_1_load_14, i32* %wb_2_0_addr_14, align 4

ST_10: wb_0_0_addr_15 [1/1] 0.00ns
._crit_edge.15:3  %wb_0_0_addr_15 = getelementptr [16 x i32]* %wb_0_0, i64 0, i64 15

ST_10: stg_499 [1/1] 2.39ns
._crit_edge.15:4  store i32 %wb_0_1_load_15, i32* %wb_0_0_addr_15, align 4

ST_10: wb_1_0_addr_15 [1/1] 0.00ns
._crit_edge.15:11  %wb_1_0_addr_15 = getelementptr [16 x i32]* %wb_1_0, i64 0, i64 15

ST_10: stg_501 [1/1] 2.39ns
._crit_edge.15:12  store i32 %wb_1_1_load_15, i32* %wb_1_0_addr_15, align 4

ST_10: wb_2_0_addr_15 [1/1] 0.00ns
._crit_edge.15:19  %wb_2_0_addr_15 = getelementptr [16 x i32]* %wb_2_0, i64 0, i64 15

ST_10: stg_503 [1/1] 2.39ns
._crit_edge.15:20  store i32 %wb_2_1_load_15, i32* %wb_2_0_addr_15, align 4


 <State 11>: 2.57ns
ST_11: lb_0_0_2_write_assign [1/1] 0.00ns
._crit_edge.2:0  %lb_0_0_2_write_assign = phi i32 [ %tmp_107, %3 ], [ 0, %._crit_edge.1 ]

ST_11: stg_505 [1/1] 1.57ns
._crit_edge.2:26  br i1 %tmp_6_3, label %4, label %._crit_edge.3

ST_11: tmp_108 [1/1] 1.00ns
:0  %tmp_108 = call i32 @_ssdm_op_Read.ap_fifo.volatile.i32P(i32* %e3x3_i_3_V)

ST_11: stg_507 [1/1] 1.57ns
:1  br label %._crit_edge.3

ST_11: tmp_6_4 [1/1] 0.00ns
._crit_edge.3:25  %tmp_6_4 = call i1 @_ssdm_op_NbReadReq.ap_fifo.i32P(i32* %e3x3_i_4_V, i32 1)

ST_11: stg_509 [1/1] 2.39ns
._crit_edge.4:7  store i32 %wb_0_2_load_4, i32* %wb_0_1_addr_4, align 4

ST_11: stg_510 [1/1] 2.39ns
._crit_edge.4:8  store i32 %lb_0_0_4_read_1, i32* %wb_0_2_addr_4, align 4

ST_11: stg_511 [1/1] 2.39ns
._crit_edge.4:15  store i32 %wb_1_2_load_4, i32* %wb_1_1_addr_4, align 4

ST_11: stg_512 [1/1] 2.39ns
._crit_edge.4:16  store i32 %lb_1_0_4_read_1, i32* %wb_1_2_addr_4, align 4

ST_11: stg_513 [1/1] 2.39ns
._crit_edge.4:23  store i32 %wb_2_2_load_4, i32* %wb_2_1_addr_4, align 4

ST_11: stg_514 [1/1] 2.39ns
._crit_edge.4:24  store i32 %lb_2_0_4_read_1, i32* %wb_2_2_addr_4, align 4

ST_11: stg_515 [1/1] 2.39ns
._crit_edge.5:7  store i32 %wb_0_2_load_5, i32* %wb_0_1_addr_5, align 4

ST_11: stg_516 [1/1] 2.39ns
._crit_edge.5:8  store i32 %lb_0_0_5_read_1, i32* %wb_0_2_addr_5, align 4

ST_11: stg_517 [1/1] 2.39ns
._crit_edge.5:15  store i32 %wb_1_2_load_5, i32* %wb_1_1_addr_5, align 4

ST_11: stg_518 [1/1] 2.39ns
._crit_edge.5:16  store i32 %lb_1_0_5_read_1, i32* %wb_1_2_addr_5, align 4

ST_11: stg_519 [1/1] 2.39ns
._crit_edge.5:23  store i32 %wb_2_2_load_5, i32* %wb_2_1_addr_5, align 4

ST_11: stg_520 [1/1] 2.39ns
._crit_edge.5:24  store i32 %lb_2_0_5_read_1, i32* %wb_2_2_addr_5, align 4


 <State 12>: 2.57ns
ST_12: lb_0_0_3_write_assign [1/1] 0.00ns
._crit_edge.3:0  %lb_0_0_3_write_assign = phi i32 [ %tmp_108, %4 ], [ 0, %._crit_edge.2 ]

ST_12: stg_522 [1/1] 1.57ns
._crit_edge.3:26  br i1 %tmp_6_4, label %5, label %._crit_edge.4

ST_12: tmp_109 [1/1] 1.00ns
:0  %tmp_109 = call i32 @_ssdm_op_Read.ap_fifo.volatile.i32P(i32* %e3x3_i_4_V)

ST_12: stg_524 [1/1] 1.57ns
:1  br label %._crit_edge.4

ST_12: tmp_6_5 [1/1] 0.00ns
._crit_edge.4:25  %tmp_6_5 = call i1 @_ssdm_op_NbReadReq.ap_fifo.i32P(i32* %e3x3_i_5_V, i32 1)

ST_12: stg_526 [1/1] 2.39ns
._crit_edge.6:7  store i32 %wb_0_2_load_6, i32* %wb_0_1_addr_6, align 4

ST_12: stg_527 [1/1] 2.39ns
._crit_edge.6:8  store i32 %lb_0_0_6_read_1, i32* %wb_0_2_addr_6, align 4

ST_12: stg_528 [1/1] 2.39ns
._crit_edge.6:15  store i32 %wb_1_2_load_6, i32* %wb_1_1_addr_6, align 4

ST_12: stg_529 [1/1] 2.39ns
._crit_edge.6:16  store i32 %lb_1_0_6_read_1, i32* %wb_1_2_addr_6, align 4

ST_12: stg_530 [1/1] 2.39ns
._crit_edge.6:23  store i32 %wb_2_2_load_6, i32* %wb_2_1_addr_6, align 4

ST_12: stg_531 [1/1] 2.39ns
._crit_edge.6:24  store i32 %lb_2_0_6_read_1, i32* %wb_2_2_addr_6, align 4

ST_12: stg_532 [1/1] 2.39ns
._crit_edge.7:7  store i32 %wb_0_2_load_7, i32* %wb_0_1_addr_7, align 4

ST_12: stg_533 [1/1] 2.39ns
._crit_edge.7:8  store i32 %lb_0_0_7_read_1, i32* %wb_0_2_addr_7, align 4

ST_12: stg_534 [1/1] 2.39ns
._crit_edge.7:15  store i32 %wb_1_2_load_7, i32* %wb_1_1_addr_7, align 4

ST_12: stg_535 [1/1] 2.39ns
._crit_edge.7:16  store i32 %lb_1_0_7_read_1, i32* %wb_1_2_addr_7, align 4

ST_12: stg_536 [1/1] 2.39ns
._crit_edge.7:23  store i32 %wb_2_2_load_7, i32* %wb_2_1_addr_7, align 4

ST_12: stg_537 [1/1] 2.39ns
._crit_edge.7:24  store i32 %lb_2_0_7_read_1, i32* %wb_2_2_addr_7, align 4


 <State 13>: 2.57ns
ST_13: lb_0_0_4_write_assign [1/1] 0.00ns
._crit_edge.4:0  %lb_0_0_4_write_assign = phi i32 [ %tmp_109, %5 ], [ 0, %._crit_edge.3 ]

ST_13: stg_539 [1/1] 1.57ns
._crit_edge.4:26  br i1 %tmp_6_5, label %6, label %._crit_edge.5

ST_13: tmp_110 [1/1] 1.00ns
:0  %tmp_110 = call i32 @_ssdm_op_Read.ap_fifo.volatile.i32P(i32* %e3x3_i_5_V)

ST_13: stg_541 [1/1] 1.57ns
:1  br label %._crit_edge.5

ST_13: tmp_6_6 [1/1] 0.00ns
._crit_edge.5:25  %tmp_6_6 = call i1 @_ssdm_op_NbReadReq.ap_fifo.i32P(i32* %e3x3_i_6_V, i32 1)

ST_13: stg_543 [1/1] 2.39ns
._crit_edge.8:7  store i32 %wb_0_2_load_8, i32* %wb_0_1_addr_8, align 4

ST_13: stg_544 [1/1] 2.39ns
._crit_edge.8:8  store i32 %lb_0_0_8_read_1, i32* %wb_0_2_addr_8, align 4

ST_13: stg_545 [1/1] 2.39ns
._crit_edge.8:15  store i32 %wb_1_2_load_8, i32* %wb_1_1_addr_8, align 4

ST_13: stg_546 [1/1] 2.39ns
._crit_edge.8:16  store i32 %lb_1_0_8_read_1, i32* %wb_1_2_addr_8, align 4

ST_13: stg_547 [1/1] 2.39ns
._crit_edge.8:23  store i32 %wb_2_2_load_8, i32* %wb_2_1_addr_8, align 4

ST_13: stg_548 [1/1] 2.39ns
._crit_edge.8:24  store i32 %lb_2_0_8_read_1, i32* %wb_2_2_addr_8, align 4

ST_13: stg_549 [1/1] 2.39ns
._crit_edge.9:7  store i32 %wb_0_2_load_9, i32* %wb_0_1_addr_9, align 4

ST_13: stg_550 [1/1] 2.39ns
._crit_edge.9:8  store i32 %lb_0_0_9_read_1, i32* %wb_0_2_addr_9, align 4

ST_13: stg_551 [1/1] 2.39ns
._crit_edge.9:15  store i32 %wb_1_2_load_9, i32* %wb_1_1_addr_9, align 4

ST_13: stg_552 [1/1] 2.39ns
._crit_edge.9:16  store i32 %lb_1_0_9_read_1, i32* %wb_1_2_addr_9, align 4

ST_13: stg_553 [1/1] 2.39ns
._crit_edge.9:23  store i32 %wb_2_2_load_9, i32* %wb_2_1_addr_9, align 4

ST_13: stg_554 [1/1] 2.39ns
._crit_edge.9:24  store i32 %lb_2_0_9_read_1, i32* %wb_2_2_addr_9, align 4


 <State 14>: 2.57ns
ST_14: lb_0_0_5_write_assign [1/1] 0.00ns
._crit_edge.5:0  %lb_0_0_5_write_assign = phi i32 [ %tmp_110, %6 ], [ 0, %._crit_edge.4 ]

ST_14: stg_556 [1/1] 1.57ns
._crit_edge.5:26  br i1 %tmp_6_6, label %7, label %._crit_edge.6

ST_14: tmp_111 [1/1] 1.00ns
:0  %tmp_111 = call i32 @_ssdm_op_Read.ap_fifo.volatile.i32P(i32* %e3x3_i_6_V)

ST_14: stg_558 [1/1] 1.57ns
:1  br label %._crit_edge.6

ST_14: tmp_6_7 [1/1] 0.00ns
._crit_edge.6:25  %tmp_6_7 = call i1 @_ssdm_op_NbReadReq.ap_fifo.i32P(i32* %e3x3_i_7_V, i32 1)

ST_14: stg_560 [1/1] 2.39ns
._crit_edge.10:7  store i32 %wb_0_2_load_10, i32* %wb_0_1_addr_10, align 4

ST_14: stg_561 [1/1] 2.39ns
._crit_edge.10:8  store i32 %lb_0_0_10_read_1, i32* %wb_0_2_addr_10, align 4

ST_14: stg_562 [1/1] 2.39ns
._crit_edge.10:15  store i32 %wb_1_2_load_10, i32* %wb_1_1_addr_10, align 4

ST_14: stg_563 [1/1] 2.39ns
._crit_edge.10:16  store i32 %lb_1_0_10_read_1, i32* %wb_1_2_addr_10, align 4

ST_14: stg_564 [1/1] 2.39ns
._crit_edge.10:23  store i32 %wb_2_2_load_10, i32* %wb_2_1_addr_10, align 4

ST_14: stg_565 [1/1] 2.39ns
._crit_edge.10:24  store i32 %lb_2_0_10_read_1, i32* %wb_2_2_addr_10, align 4

ST_14: stg_566 [1/1] 2.39ns
._crit_edge.11:7  store i32 %wb_0_2_load_11, i32* %wb_0_1_addr_11, align 4

ST_14: stg_567 [1/1] 2.39ns
._crit_edge.11:8  store i32 %lb_0_0_11_read_1, i32* %wb_0_2_addr_11, align 4

ST_14: stg_568 [1/1] 2.39ns
._crit_edge.11:15  store i32 %wb_1_2_load_11, i32* %wb_1_1_addr_11, align 4

ST_14: stg_569 [1/1] 2.39ns
._crit_edge.11:16  store i32 %lb_1_0_11_read_1, i32* %wb_1_2_addr_11, align 4

ST_14: stg_570 [1/1] 2.39ns
._crit_edge.11:23  store i32 %wb_2_2_load_11, i32* %wb_2_1_addr_11, align 4

ST_14: stg_571 [1/1] 2.39ns
._crit_edge.11:24  store i32 %lb_2_0_11_read_1, i32* %wb_2_2_addr_11, align 4


 <State 15>: 2.57ns
ST_15: lb_0_0_6_write_assign [1/1] 0.00ns
._crit_edge.6:0  %lb_0_0_6_write_assign = phi i32 [ %tmp_111, %7 ], [ 0, %._crit_edge.5 ]

ST_15: stg_573 [1/1] 1.57ns
._crit_edge.6:26  br i1 %tmp_6_7, label %8, label %._crit_edge.7

ST_15: tmp_112 [1/1] 1.00ns
:0  %tmp_112 = call i32 @_ssdm_op_Read.ap_fifo.volatile.i32P(i32* %e3x3_i_7_V)

ST_15: stg_575 [1/1] 1.57ns
:1  br label %._crit_edge.7

ST_15: tmp_6_8 [1/1] 0.00ns
._crit_edge.7:25  %tmp_6_8 = call i1 @_ssdm_op_NbReadReq.ap_fifo.i32P(i32* %e3x3_i_8_V, i32 1)

ST_15: tmp_6_9 [1/1] 0.00ns
._crit_edge.8:25  %tmp_6_9 = call i1 @_ssdm_op_NbReadReq.ap_fifo.i32P(i32* %e3x3_i_9_V, i32 1)

ST_15: tmp_6_s [1/1] 0.00ns
._crit_edge.9:25  %tmp_6_s = call i1 @_ssdm_op_NbReadReq.ap_fifo.i32P(i32* %e3x3_i_10_V, i32 1)

ST_15: tmp_6_10 [1/1] 0.00ns
._crit_edge.10:25  %tmp_6_10 = call i1 @_ssdm_op_NbReadReq.ap_fifo.i32P(i32* %e3x3_i_11_V, i32 1)

ST_15: tmp_6_11 [1/1] 0.00ns
._crit_edge.11:25  %tmp_6_11 = call i1 @_ssdm_op_NbReadReq.ap_fifo.i32P(i32* %e3x3_i_12_V, i32 1)

ST_15: stg_581 [1/1] 2.39ns
._crit_edge.12:7  store i32 %wb_0_2_load_12, i32* %wb_0_1_addr_12, align 4

ST_15: stg_582 [1/1] 2.39ns
._crit_edge.12:8  store i32 %lb_0_0_12_read_1, i32* %wb_0_2_addr_12, align 4

ST_15: stg_583 [1/1] 2.39ns
._crit_edge.12:15  store i32 %wb_1_2_load_12, i32* %wb_1_1_addr_12, align 4

ST_15: stg_584 [1/1] 2.39ns
._crit_edge.12:16  store i32 %lb_1_0_12_read_1, i32* %wb_1_2_addr_12, align 4

ST_15: stg_585 [1/1] 2.39ns
._crit_edge.12:23  store i32 %wb_2_2_load_12, i32* %wb_2_1_addr_12, align 4

ST_15: stg_586 [1/1] 2.39ns
._crit_edge.12:24  store i32 %lb_2_0_12_read_1, i32* %wb_2_2_addr_12, align 4

ST_15: tmp_6_12 [1/1] 0.00ns
._crit_edge.12:25  %tmp_6_12 = call i1 @_ssdm_op_NbReadReq.ap_fifo.i32P(i32* %e3x3_i_13_V, i32 1)

ST_15: stg_588 [1/1] 2.39ns
._crit_edge.13:7  store i32 %wb_0_2_load_13, i32* %wb_0_1_addr_13, align 4

ST_15: stg_589 [1/1] 2.39ns
._crit_edge.13:8  store i32 %lb_0_0_13_read_1, i32* %wb_0_2_addr_13, align 4

ST_15: stg_590 [1/1] 2.39ns
._crit_edge.13:15  store i32 %wb_1_2_load_13, i32* %wb_1_1_addr_13, align 4

ST_15: stg_591 [1/1] 2.39ns
._crit_edge.13:16  store i32 %lb_1_0_13_read_1, i32* %wb_1_2_addr_13, align 4

ST_15: stg_592 [1/1] 2.39ns
._crit_edge.13:23  store i32 %wb_2_2_load_13, i32* %wb_2_1_addr_13, align 4

ST_15: stg_593 [1/1] 2.39ns
._crit_edge.13:24  store i32 %lb_2_0_13_read_1, i32* %wb_2_2_addr_13, align 4

ST_15: tmp_6_13 [1/1] 0.00ns
._crit_edge.13:25  %tmp_6_13 = call i1 @_ssdm_op_NbReadReq.ap_fifo.i32P(i32* %e3x3_i_14_V, i32 1)

ST_15: tmp_6_14 [1/1] 0.00ns
._crit_edge.14:25  %tmp_6_14 = call i1 @_ssdm_op_NbReadReq.ap_fifo.i32P(i32* %e3x3_i_15_V, i32 1)


 <State 16>: 2.57ns
ST_16: lb_0_0_7_write_assign [1/1] 0.00ns
._crit_edge.7:0  %lb_0_0_7_write_assign = phi i32 [ %tmp_112, %8 ], [ 0, %._crit_edge.6 ]

ST_16: stg_597 [1/1] 1.57ns
._crit_edge.7:26  br i1 %tmp_6_8, label %9, label %._crit_edge.8

ST_16: tmp_113 [1/1] 1.00ns
:0  %tmp_113 = call i32 @_ssdm_op_Read.ap_fifo.volatile.i32P(i32* %e3x3_i_8_V)

ST_16: stg_599 [1/1] 1.57ns
:1  br label %._crit_edge.8

ST_16: lb_0_0_8_write_assign [1/1] 0.00ns
._crit_edge.8:0  %lb_0_0_8_write_assign = phi i32 [ %tmp_113, %9 ], [ 0, %._crit_edge.7 ]

ST_16: stg_601 [1/1] 1.57ns
._crit_edge.8:26  br i1 %tmp_6_9, label %10, label %._crit_edge.9

ST_16: tmp_114 [1/1] 1.00ns
:0  %tmp_114 = call i32 @_ssdm_op_Read.ap_fifo.volatile.i32P(i32* %e3x3_i_9_V)

ST_16: stg_603 [1/1] 1.57ns
:1  br label %._crit_edge.9

ST_16: lb_0_0_9_write_assign [1/1] 0.00ns
._crit_edge.9:0  %lb_0_0_9_write_assign = phi i32 [ %tmp_114, %10 ], [ 0, %._crit_edge.8 ]

ST_16: stg_605 [1/1] 1.57ns
._crit_edge.9:26  br i1 %tmp_6_s, label %11, label %._crit_edge.10

ST_16: tmp_115 [1/1] 1.00ns
:0  %tmp_115 = call i32 @_ssdm_op_Read.ap_fifo.volatile.i32P(i32* %e3x3_i_10_V)

ST_16: stg_607 [1/1] 1.57ns
:1  br label %._crit_edge.10

ST_16: lb_0_0_10_write_assign [1/1] 0.00ns
._crit_edge.10:0  %lb_0_0_10_write_assign = phi i32 [ %tmp_115, %11 ], [ 0, %._crit_edge.9 ]

ST_16: stg_609 [1/1] 1.57ns
._crit_edge.10:26  br i1 %tmp_6_10, label %12, label %._crit_edge.11

ST_16: tmp_116 [1/1] 1.00ns
:0  %tmp_116 = call i32 @_ssdm_op_Read.ap_fifo.volatile.i32P(i32* %e3x3_i_11_V)

ST_16: stg_611 [1/1] 1.57ns
:1  br label %._crit_edge.11

ST_16: lb_0_0_11_write_assign [1/1] 0.00ns
._crit_edge.11:0  %lb_0_0_11_write_assign = phi i32 [ %tmp_116, %12 ], [ 0, %._crit_edge.10 ]

ST_16: stg_613 [1/1] 1.57ns
._crit_edge.11:26  br i1 %tmp_6_11, label %13, label %._crit_edge.12

ST_16: tmp_117 [1/1] 1.00ns
:0  %tmp_117 = call i32 @_ssdm_op_Read.ap_fifo.volatile.i32P(i32* %e3x3_i_12_V)

ST_16: stg_615 [1/1] 1.57ns
:1  br label %._crit_edge.12

ST_16: lb_0_0_12_write_assign [1/1] 0.00ns
._crit_edge.12:0  %lb_0_0_12_write_assign = phi i32 [ %tmp_117, %13 ], [ 0, %._crit_edge.11 ]

ST_16: stg_617 [1/1] 1.57ns
._crit_edge.12:26  br i1 %tmp_6_12, label %14, label %._crit_edge.13

ST_16: tmp_118 [1/1] 1.00ns
:0  %tmp_118 = call i32 @_ssdm_op_Read.ap_fifo.volatile.i32P(i32* %e3x3_i_13_V)

ST_16: stg_619 [1/1] 1.57ns
:1  br label %._crit_edge.13

ST_16: lb_0_0_13_write_assign [1/1] 0.00ns
._crit_edge.13:0  %lb_0_0_13_write_assign = phi i32 [ %tmp_118, %14 ], [ 0, %._crit_edge.12 ]

ST_16: stg_621 [1/1] 1.57ns
._crit_edge.13:26  br i1 %tmp_6_13, label %15, label %._crit_edge.14

ST_16: tmp_119 [1/1] 1.00ns
:0  %tmp_119 = call i32 @_ssdm_op_Read.ap_fifo.volatile.i32P(i32* %e3x3_i_14_V)

ST_16: stg_623 [1/1] 1.57ns
:1  br label %._crit_edge.14

ST_16: lb_0_0_14_write_assign [1/1] 0.00ns
._crit_edge.14:0  %lb_0_0_14_write_assign = phi i32 [ %tmp_119, %15 ], [ 0, %._crit_edge.13 ]

ST_16: stg_625 [1/1] 2.39ns
._crit_edge.14:7  store i32 %wb_0_2_load_14, i32* %wb_0_1_addr_14, align 4

ST_16: stg_626 [1/1] 2.39ns
._crit_edge.14:8  store i32 %lb_0_0_14_read_1, i32* %wb_0_2_addr_14, align 4

ST_16: stg_627 [1/1] 2.39ns
._crit_edge.14:15  store i32 %wb_1_2_load_14, i32* %wb_1_1_addr_14, align 4

ST_16: stg_628 [1/1] 2.39ns
._crit_edge.14:16  store i32 %lb_1_0_14_read_1, i32* %wb_1_2_addr_14, align 4

ST_16: stg_629 [1/1] 2.39ns
._crit_edge.14:23  store i32 %wb_2_2_load_14, i32* %wb_2_1_addr_14, align 4

ST_16: stg_630 [1/1] 2.39ns
._crit_edge.14:24  store i32 %lb_2_0_14_read_1, i32* %wb_2_2_addr_14, align 4

ST_16: stg_631 [1/1] 1.57ns
._crit_edge.14:26  br i1 %tmp_6_14, label %16, label %._crit_edge.15

ST_16: tmp_120 [1/1] 1.00ns
:0  %tmp_120 = call i32 @_ssdm_op_Read.ap_fifo.volatile.i32P(i32* %e3x3_i_15_V)

ST_16: stg_633 [1/1] 1.57ns
:1  br label %._crit_edge.15

ST_16: lb_0_0_15_write_assign [1/1] 0.00ns
._crit_edge.15:0  %lb_0_0_15_write_assign = phi i32 [ %tmp_120, %16 ], [ 0, %._crit_edge.14 ]

ST_16: stg_635 [1/1] 2.39ns
._crit_edge.15:7  store i32 %wb_0_2_load_15, i32* %wb_0_1_addr_15, align 4

ST_16: stg_636 [1/1] 2.39ns
._crit_edge.15:8  store i32 %lb_0_0_15_read_1, i32* %wb_0_2_addr_15, align 4

ST_16: stg_637 [1/1] 2.39ns
._crit_edge.15:15  store i32 %wb_1_2_load_15, i32* %wb_1_1_addr_15, align 4

ST_16: stg_638 [1/1] 2.39ns
._crit_edge.15:16  store i32 %lb_1_0_15_read_1, i32* %wb_1_2_addr_15, align 4

ST_16: stg_639 [1/1] 2.39ns
._crit_edge.15:23  store i32 %wb_2_2_load_15, i32* %wb_2_1_addr_15, align 4

ST_16: stg_640 [1/1] 2.39ns
._crit_edge.15:24  store i32 %lb_2_0_15_read_1, i32* %wb_2_2_addr_15, align 4

ST_16: newret [1/1] 0.00ns
._crit_edge.15:25  %newret = insertvalue { i32, i32, i32, i32, i32, i32, i32, i32, i32, i32, i32, i32, i32, i32, i32, i32, i32, i32, i32, i32, i32, i32, i32, i32, i32, i32, i32, i32, i32, i32, i32, i32, i32, i32, i32, i32, i32, i32, i32, i32, i32, i32, i32, i32, i32, i32, i32, i32 } undef, i32 %lb_0_0_0_read_1, 0

ST_16: newret2 [1/1] 0.00ns
._crit_edge.15:26  %newret2 = insertvalue { i32, i32, i32, i32, i32, i32, i32, i32, i32, i32, i32, i32, i32, i32, i32, i32, i32, i32, i32, i32, i32, i32, i32, i32, i32, i32, i32, i32, i32, i32, i32, i32, i32, i32, i32, i32, i32, i32, i32, i32, i32, i32, i32, i32, i32, i32, i32, i32 } %newret, i32 %lb_0_0_1_read_1, 1

ST_16: newret4 [1/1] 0.00ns
._crit_edge.15:27  %newret4 = insertvalue { i32, i32, i32, i32, i32, i32, i32, i32, i32, i32, i32, i32, i32, i32, i32, i32, i32, i32, i32, i32, i32, i32, i32, i32, i32, i32, i32, i32, i32, i32, i32, i32, i32, i32, i32, i32, i32, i32, i32, i32, i32, i32, i32, i32, i32, i32, i32, i32 } %newret2, i32 %lb_0_0_2_read_1, 2

ST_16: newret6 [1/1] 0.00ns
._crit_edge.15:28  %newret6 = insertvalue { i32, i32, i32, i32, i32, i32, i32, i32, i32, i32, i32, i32, i32, i32, i32, i32, i32, i32, i32, i32, i32, i32, i32, i32, i32, i32, i32, i32, i32, i32, i32, i32, i32, i32, i32, i32, i32, i32, i32, i32, i32, i32, i32, i32, i32, i32, i32, i32 } %newret4, i32 %lb_0_0_3_read_1, 3

ST_16: newret8 [1/1] 0.00ns
._crit_edge.15:29  %newret8 = insertvalue { i32, i32, i32, i32, i32, i32, i32, i32, i32, i32, i32, i32, i32, i32, i32, i32, i32, i32, i32, i32, i32, i32, i32, i32, i32, i32, i32, i32, i32, i32, i32, i32, i32, i32, i32, i32, i32, i32, i32, i32, i32, i32, i32, i32, i32, i32, i32, i32 } %newret6, i32 %lb_0_0_4_read_1, 4

ST_16: newret1 [1/1] 0.00ns
._crit_edge.15:30  %newret1 = insertvalue { i32, i32, i32, i32, i32, i32, i32, i32, i32, i32, i32, i32, i32, i32, i32, i32, i32, i32, i32, i32, i32, i32, i32, i32, i32, i32, i32, i32, i32, i32, i32, i32, i32, i32, i32, i32, i32, i32, i32, i32, i32, i32, i32, i32, i32, i32, i32, i32 } %newret8, i32 %lb_0_0_5_read_1, 5

ST_16: newret3 [1/1] 0.00ns
._crit_edge.15:31  %newret3 = insertvalue { i32, i32, i32, i32, i32, i32, i32, i32, i32, i32, i32, i32, i32, i32, i32, i32, i32, i32, i32, i32, i32, i32, i32, i32, i32, i32, i32, i32, i32, i32, i32, i32, i32, i32, i32, i32, i32, i32, i32, i32, i32, i32, i32, i32, i32, i32, i32, i32 } %newret1, i32 %lb_0_0_6_read_1, 6

ST_16: newret5 [1/1] 0.00ns
._crit_edge.15:32  %newret5 = insertvalue { i32, i32, i32, i32, i32, i32, i32, i32, i32, i32, i32, i32, i32, i32, i32, i32, i32, i32, i32, i32, i32, i32, i32, i32, i32, i32, i32, i32, i32, i32, i32, i32, i32, i32, i32, i32, i32, i32, i32, i32, i32, i32, i32, i32, i32, i32, i32, i32 } %newret3, i32 %lb_0_0_7_read_1, 7

ST_16: newret7 [1/1] 0.00ns
._crit_edge.15:33  %newret7 = insertvalue { i32, i32, i32, i32, i32, i32, i32, i32, i32, i32, i32, i32, i32, i32, i32, i32, i32, i32, i32, i32, i32, i32, i32, i32, i32, i32, i32, i32, i32, i32, i32, i32, i32, i32, i32, i32, i32, i32, i32, i32, i32, i32, i32, i32, i32, i32, i32, i32 } %newret5, i32 %lb_0_0_8_read_1, 8

ST_16: newret9 [1/1] 0.00ns
._crit_edge.15:34  %newret9 = insertvalue { i32, i32, i32, i32, i32, i32, i32, i32, i32, i32, i32, i32, i32, i32, i32, i32, i32, i32, i32, i32, i32, i32, i32, i32, i32, i32, i32, i32, i32, i32, i32, i32, i32, i32, i32, i32, i32, i32, i32, i32, i32, i32, i32, i32, i32, i32, i32, i32 } %newret7, i32 %lb_0_0_9_read_1, 9

ST_16: newret10 [1/1] 0.00ns
._crit_edge.15:35  %newret10 = insertvalue { i32, i32, i32, i32, i32, i32, i32, i32, i32, i32, i32, i32, i32, i32, i32, i32, i32, i32, i32, i32, i32, i32, i32, i32, i32, i32, i32, i32, i32, i32, i32, i32, i32, i32, i32, i32, i32, i32, i32, i32, i32, i32, i32, i32, i32, i32, i32, i32 } %newret9, i32 %lb_0_0_10_read_1, 10

ST_16: newret11 [1/1] 0.00ns
._crit_edge.15:36  %newret11 = insertvalue { i32, i32, i32, i32, i32, i32, i32, i32, i32, i32, i32, i32, i32, i32, i32, i32, i32, i32, i32, i32, i32, i32, i32, i32, i32, i32, i32, i32, i32, i32, i32, i32, i32, i32, i32, i32, i32, i32, i32, i32, i32, i32, i32, i32, i32, i32, i32, i32 } %newret10, i32 %lb_0_0_11_read_1, 11

ST_16: newret12 [1/1] 0.00ns
._crit_edge.15:37  %newret12 = insertvalue { i32, i32, i32, i32, i32, i32, i32, i32, i32, i32, i32, i32, i32, i32, i32, i32, i32, i32, i32, i32, i32, i32, i32, i32, i32, i32, i32, i32, i32, i32, i32, i32, i32, i32, i32, i32, i32, i32, i32, i32, i32, i32, i32, i32, i32, i32, i32, i32 } %newret11, i32 %lb_0_0_12_read_1, 12

ST_16: newret13 [1/1] 0.00ns
._crit_edge.15:38  %newret13 = insertvalue { i32, i32, i32, i32, i32, i32, i32, i32, i32, i32, i32, i32, i32, i32, i32, i32, i32, i32, i32, i32, i32, i32, i32, i32, i32, i32, i32, i32, i32, i32, i32, i32, i32, i32, i32, i32, i32, i32, i32, i32, i32, i32, i32, i32, i32, i32, i32, i32 } %newret12, i32 %lb_0_0_13_read_1, 13

ST_16: newret14 [1/1] 0.00ns
._crit_edge.15:39  %newret14 = insertvalue { i32, i32, i32, i32, i32, i32, i32, i32, i32, i32, i32, i32, i32, i32, i32, i32, i32, i32, i32, i32, i32, i32, i32, i32, i32, i32, i32, i32, i32, i32, i32, i32, i32, i32, i32, i32, i32, i32, i32, i32, i32, i32, i32, i32, i32, i32, i32, i32 } %newret13, i32 %lb_0_0_14_read_1, 14

ST_16: newret15 [1/1] 0.00ns
._crit_edge.15:40  %newret15 = insertvalue { i32, i32, i32, i32, i32, i32, i32, i32, i32, i32, i32, i32, i32, i32, i32, i32, i32, i32, i32, i32, i32, i32, i32, i32, i32, i32, i32, i32, i32, i32, i32, i32, i32, i32, i32, i32, i32, i32, i32, i32, i32, i32, i32, i32, i32, i32, i32, i32 } %newret14, i32 %lb_0_0_15_read_1, 15

ST_16: newret16 [1/1] 0.00ns
._crit_edge.15:41  %newret16 = insertvalue { i32, i32, i32, i32, i32, i32, i32, i32, i32, i32, i32, i32, i32, i32, i32, i32, i32, i32, i32, i32, i32, i32, i32, i32, i32, i32, i32, i32, i32, i32, i32, i32, i32, i32, i32, i32, i32, i32, i32, i32, i32, i32, i32, i32, i32, i32, i32, i32 } %newret15, i32 %lb_1_0_0_read_1, 16

ST_16: newret17 [1/1] 0.00ns
._crit_edge.15:42  %newret17 = insertvalue { i32, i32, i32, i32, i32, i32, i32, i32, i32, i32, i32, i32, i32, i32, i32, i32, i32, i32, i32, i32, i32, i32, i32, i32, i32, i32, i32, i32, i32, i32, i32, i32, i32, i32, i32, i32, i32, i32, i32, i32, i32, i32, i32, i32, i32, i32, i32, i32 } %newret16, i32 %lb_1_0_1_read_1, 17

ST_16: newret18 [1/1] 0.00ns
._crit_edge.15:43  %newret18 = insertvalue { i32, i32, i32, i32, i32, i32, i32, i32, i32, i32, i32, i32, i32, i32, i32, i32, i32, i32, i32, i32, i32, i32, i32, i32, i32, i32, i32, i32, i32, i32, i32, i32, i32, i32, i32, i32, i32, i32, i32, i32, i32, i32, i32, i32, i32, i32, i32, i32 } %newret17, i32 %lb_1_0_2_read_1, 18

ST_16: newret19 [1/1] 0.00ns
._crit_edge.15:44  %newret19 = insertvalue { i32, i32, i32, i32, i32, i32, i32, i32, i32, i32, i32, i32, i32, i32, i32, i32, i32, i32, i32, i32, i32, i32, i32, i32, i32, i32, i32, i32, i32, i32, i32, i32, i32, i32, i32, i32, i32, i32, i32, i32, i32, i32, i32, i32, i32, i32, i32, i32 } %newret18, i32 %lb_1_0_3_read_1, 19

ST_16: newret20 [1/1] 0.00ns
._crit_edge.15:45  %newret20 = insertvalue { i32, i32, i32, i32, i32, i32, i32, i32, i32, i32, i32, i32, i32, i32, i32, i32, i32, i32, i32, i32, i32, i32, i32, i32, i32, i32, i32, i32, i32, i32, i32, i32, i32, i32, i32, i32, i32, i32, i32, i32, i32, i32, i32, i32, i32, i32, i32, i32 } %newret19, i32 %lb_1_0_4_read_1, 20

ST_16: newret21 [1/1] 0.00ns
._crit_edge.15:46  %newret21 = insertvalue { i32, i32, i32, i32, i32, i32, i32, i32, i32, i32, i32, i32, i32, i32, i32, i32, i32, i32, i32, i32, i32, i32, i32, i32, i32, i32, i32, i32, i32, i32, i32, i32, i32, i32, i32, i32, i32, i32, i32, i32, i32, i32, i32, i32, i32, i32, i32, i32 } %newret20, i32 %lb_1_0_5_read_1, 21

ST_16: newret22 [1/1] 0.00ns
._crit_edge.15:47  %newret22 = insertvalue { i32, i32, i32, i32, i32, i32, i32, i32, i32, i32, i32, i32, i32, i32, i32, i32, i32, i32, i32, i32, i32, i32, i32, i32, i32, i32, i32, i32, i32, i32, i32, i32, i32, i32, i32, i32, i32, i32, i32, i32, i32, i32, i32, i32, i32, i32, i32, i32 } %newret21, i32 %lb_1_0_6_read_1, 22

ST_16: newret23 [1/1] 0.00ns
._crit_edge.15:48  %newret23 = insertvalue { i32, i32, i32, i32, i32, i32, i32, i32, i32, i32, i32, i32, i32, i32, i32, i32, i32, i32, i32, i32, i32, i32, i32, i32, i32, i32, i32, i32, i32, i32, i32, i32, i32, i32, i32, i32, i32, i32, i32, i32, i32, i32, i32, i32, i32, i32, i32, i32 } %newret22, i32 %lb_1_0_7_read_1, 23

ST_16: newret24 [1/1] 0.00ns
._crit_edge.15:49  %newret24 = insertvalue { i32, i32, i32, i32, i32, i32, i32, i32, i32, i32, i32, i32, i32, i32, i32, i32, i32, i32, i32, i32, i32, i32, i32, i32, i32, i32, i32, i32, i32, i32, i32, i32, i32, i32, i32, i32, i32, i32, i32, i32, i32, i32, i32, i32, i32, i32, i32, i32 } %newret23, i32 %lb_1_0_8_read_1, 24

ST_16: newret25 [1/1] 0.00ns
._crit_edge.15:50  %newret25 = insertvalue { i32, i32, i32, i32, i32, i32, i32, i32, i32, i32, i32, i32, i32, i32, i32, i32, i32, i32, i32, i32, i32, i32, i32, i32, i32, i32, i32, i32, i32, i32, i32, i32, i32, i32, i32, i32, i32, i32, i32, i32, i32, i32, i32, i32, i32, i32, i32, i32 } %newret24, i32 %lb_1_0_9_read_1, 25

ST_16: newret26 [1/1] 0.00ns
._crit_edge.15:51  %newret26 = insertvalue { i32, i32, i32, i32, i32, i32, i32, i32, i32, i32, i32, i32, i32, i32, i32, i32, i32, i32, i32, i32, i32, i32, i32, i32, i32, i32, i32, i32, i32, i32, i32, i32, i32, i32, i32, i32, i32, i32, i32, i32, i32, i32, i32, i32, i32, i32, i32, i32 } %newret25, i32 %lb_1_0_10_read_1, 26

ST_16: newret27 [1/1] 0.00ns
._crit_edge.15:52  %newret27 = insertvalue { i32, i32, i32, i32, i32, i32, i32, i32, i32, i32, i32, i32, i32, i32, i32, i32, i32, i32, i32, i32, i32, i32, i32, i32, i32, i32, i32, i32, i32, i32, i32, i32, i32, i32, i32, i32, i32, i32, i32, i32, i32, i32, i32, i32, i32, i32, i32, i32 } %newret26, i32 %lb_1_0_11_read_1, 27

ST_16: newret28 [1/1] 0.00ns
._crit_edge.15:53  %newret28 = insertvalue { i32, i32, i32, i32, i32, i32, i32, i32, i32, i32, i32, i32, i32, i32, i32, i32, i32, i32, i32, i32, i32, i32, i32, i32, i32, i32, i32, i32, i32, i32, i32, i32, i32, i32, i32, i32, i32, i32, i32, i32, i32, i32, i32, i32, i32, i32, i32, i32 } %newret27, i32 %lb_1_0_12_read_1, 28

ST_16: newret29 [1/1] 0.00ns
._crit_edge.15:54  %newret29 = insertvalue { i32, i32, i32, i32, i32, i32, i32, i32, i32, i32, i32, i32, i32, i32, i32, i32, i32, i32, i32, i32, i32, i32, i32, i32, i32, i32, i32, i32, i32, i32, i32, i32, i32, i32, i32, i32, i32, i32, i32, i32, i32, i32, i32, i32, i32, i32, i32, i32 } %newret28, i32 %lb_1_0_13_read_1, 29

ST_16: newret30 [1/1] 0.00ns
._crit_edge.15:55  %newret30 = insertvalue { i32, i32, i32, i32, i32, i32, i32, i32, i32, i32, i32, i32, i32, i32, i32, i32, i32, i32, i32, i32, i32, i32, i32, i32, i32, i32, i32, i32, i32, i32, i32, i32, i32, i32, i32, i32, i32, i32, i32, i32, i32, i32, i32, i32, i32, i32, i32, i32 } %newret29, i32 %lb_1_0_14_read_1, 30

ST_16: newret31 [1/1] 0.00ns
._crit_edge.15:56  %newret31 = insertvalue { i32, i32, i32, i32, i32, i32, i32, i32, i32, i32, i32, i32, i32, i32, i32, i32, i32, i32, i32, i32, i32, i32, i32, i32, i32, i32, i32, i32, i32, i32, i32, i32, i32, i32, i32, i32, i32, i32, i32, i32, i32, i32, i32, i32, i32, i32, i32, i32 } %newret30, i32 %lb_1_0_15_read_1, 31

ST_16: newret32 [1/1] 0.00ns
._crit_edge.15:57  %newret32 = insertvalue { i32, i32, i32, i32, i32, i32, i32, i32, i32, i32, i32, i32, i32, i32, i32, i32, i32, i32, i32, i32, i32, i32, i32, i32, i32, i32, i32, i32, i32, i32, i32, i32, i32, i32, i32, i32, i32, i32, i32, i32, i32, i32, i32, i32, i32, i32, i32, i32 } %newret31, i32 %lb_0_0_0_write_assign, 32

ST_16: newret33 [1/1] 0.00ns
._crit_edge.15:58  %newret33 = insertvalue { i32, i32, i32, i32, i32, i32, i32, i32, i32, i32, i32, i32, i32, i32, i32, i32, i32, i32, i32, i32, i32, i32, i32, i32, i32, i32, i32, i32, i32, i32, i32, i32, i32, i32, i32, i32, i32, i32, i32, i32, i32, i32, i32, i32, i32, i32, i32, i32 } %newret32, i32 %lb_0_0_1_write_assign, 33

ST_16: newret34 [1/1] 0.00ns
._crit_edge.15:59  %newret34 = insertvalue { i32, i32, i32, i32, i32, i32, i32, i32, i32, i32, i32, i32, i32, i32, i32, i32, i32, i32, i32, i32, i32, i32, i32, i32, i32, i32, i32, i32, i32, i32, i32, i32, i32, i32, i32, i32, i32, i32, i32, i32, i32, i32, i32, i32, i32, i32, i32, i32 } %newret33, i32 %lb_0_0_2_write_assign, 34

ST_16: newret35 [1/1] 0.00ns
._crit_edge.15:60  %newret35 = insertvalue { i32, i32, i32, i32, i32, i32, i32, i32, i32, i32, i32, i32, i32, i32, i32, i32, i32, i32, i32, i32, i32, i32, i32, i32, i32, i32, i32, i32, i32, i32, i32, i32, i32, i32, i32, i32, i32, i32, i32, i32, i32, i32, i32, i32, i32, i32, i32, i32 } %newret34, i32 %lb_0_0_3_write_assign, 35

ST_16: newret36 [1/1] 0.00ns
._crit_edge.15:61  %newret36 = insertvalue { i32, i32, i32, i32, i32, i32, i32, i32, i32, i32, i32, i32, i32, i32, i32, i32, i32, i32, i32, i32, i32, i32, i32, i32, i32, i32, i32, i32, i32, i32, i32, i32, i32, i32, i32, i32, i32, i32, i32, i32, i32, i32, i32, i32, i32, i32, i32, i32 } %newret35, i32 %lb_0_0_4_write_assign, 36

ST_16: newret37 [1/1] 0.00ns
._crit_edge.15:62  %newret37 = insertvalue { i32, i32, i32, i32, i32, i32, i32, i32, i32, i32, i32, i32, i32, i32, i32, i32, i32, i32, i32, i32, i32, i32, i32, i32, i32, i32, i32, i32, i32, i32, i32, i32, i32, i32, i32, i32, i32, i32, i32, i32, i32, i32, i32, i32, i32, i32, i32, i32 } %newret36, i32 %lb_0_0_5_write_assign, 37

ST_16: newret38 [1/1] 0.00ns
._crit_edge.15:63  %newret38 = insertvalue { i32, i32, i32, i32, i32, i32, i32, i32, i32, i32, i32, i32, i32, i32, i32, i32, i32, i32, i32, i32, i32, i32, i32, i32, i32, i32, i32, i32, i32, i32, i32, i32, i32, i32, i32, i32, i32, i32, i32, i32, i32, i32, i32, i32, i32, i32, i32, i32 } %newret37, i32 %lb_0_0_6_write_assign, 38

ST_16: newret39 [1/1] 0.00ns
._crit_edge.15:64  %newret39 = insertvalue { i32, i32, i32, i32, i32, i32, i32, i32, i32, i32, i32, i32, i32, i32, i32, i32, i32, i32, i32, i32, i32, i32, i32, i32, i32, i32, i32, i32, i32, i32, i32, i32, i32, i32, i32, i32, i32, i32, i32, i32, i32, i32, i32, i32, i32, i32, i32, i32 } %newret38, i32 %lb_0_0_7_write_assign, 39

ST_16: newret40 [1/1] 0.00ns
._crit_edge.15:65  %newret40 = insertvalue { i32, i32, i32, i32, i32, i32, i32, i32, i32, i32, i32, i32, i32, i32, i32, i32, i32, i32, i32, i32, i32, i32, i32, i32, i32, i32, i32, i32, i32, i32, i32, i32, i32, i32, i32, i32, i32, i32, i32, i32, i32, i32, i32, i32, i32, i32, i32, i32 } %newret39, i32 %lb_0_0_8_write_assign, 40

ST_16: newret41 [1/1] 0.00ns
._crit_edge.15:66  %newret41 = insertvalue { i32, i32, i32, i32, i32, i32, i32, i32, i32, i32, i32, i32, i32, i32, i32, i32, i32, i32, i32, i32, i32, i32, i32, i32, i32, i32, i32, i32, i32, i32, i32, i32, i32, i32, i32, i32, i32, i32, i32, i32, i32, i32, i32, i32, i32, i32, i32, i32 } %newret40, i32 %lb_0_0_9_write_assign, 41

ST_16: newret42 [1/1] 0.00ns
._crit_edge.15:67  %newret42 = insertvalue { i32, i32, i32, i32, i32, i32, i32, i32, i32, i32, i32, i32, i32, i32, i32, i32, i32, i32, i32, i32, i32, i32, i32, i32, i32, i32, i32, i32, i32, i32, i32, i32, i32, i32, i32, i32, i32, i32, i32, i32, i32, i32, i32, i32, i32, i32, i32, i32 } %newret41, i32 %lb_0_0_10_write_assign, 42

ST_16: newret43 [1/1] 0.00ns
._crit_edge.15:68  %newret43 = insertvalue { i32, i32, i32, i32, i32, i32, i32, i32, i32, i32, i32, i32, i32, i32, i32, i32, i32, i32, i32, i32, i32, i32, i32, i32, i32, i32, i32, i32, i32, i32, i32, i32, i32, i32, i32, i32, i32, i32, i32, i32, i32, i32, i32, i32, i32, i32, i32, i32 } %newret42, i32 %lb_0_0_11_write_assign, 43

ST_16: newret44 [1/1] 0.00ns
._crit_edge.15:69  %newret44 = insertvalue { i32, i32, i32, i32, i32, i32, i32, i32, i32, i32, i32, i32, i32, i32, i32, i32, i32, i32, i32, i32, i32, i32, i32, i32, i32, i32, i32, i32, i32, i32, i32, i32, i32, i32, i32, i32, i32, i32, i32, i32, i32, i32, i32, i32, i32, i32, i32, i32 } %newret43, i32 %lb_0_0_12_write_assign, 44

ST_16: newret45 [1/1] 0.00ns
._crit_edge.15:70  %newret45 = insertvalue { i32, i32, i32, i32, i32, i32, i32, i32, i32, i32, i32, i32, i32, i32, i32, i32, i32, i32, i32, i32, i32, i32, i32, i32, i32, i32, i32, i32, i32, i32, i32, i32, i32, i32, i32, i32, i32, i32, i32, i32, i32, i32, i32, i32, i32, i32, i32, i32 } %newret44, i32 %lb_0_0_13_write_assign, 45

ST_16: newret46 [1/1] 0.00ns
._crit_edge.15:71  %newret46 = insertvalue { i32, i32, i32, i32, i32, i32, i32, i32, i32, i32, i32, i32, i32, i32, i32, i32, i32, i32, i32, i32, i32, i32, i32, i32, i32, i32, i32, i32, i32, i32, i32, i32, i32, i32, i32, i32, i32, i32, i32, i32, i32, i32, i32, i32, i32, i32, i32, i32 } %newret45, i32 %lb_0_0_14_write_assign, 46

ST_16: newret47 [1/1] 0.00ns
._crit_edge.15:72  %newret47 = insertvalue { i32, i32, i32, i32, i32, i32, i32, i32, i32, i32, i32, i32, i32, i32, i32, i32, i32, i32, i32, i32, i32, i32, i32, i32, i32, i32, i32, i32, i32, i32, i32, i32, i32, i32, i32, i32, i32, i32, i32, i32, i32, i32, i32, i32, i32, i32, i32, i32 } %newret46, i32 %lb_0_0_15_write_assign, 47

ST_16: stg_689 [1/1] 0.00ns
._crit_edge.15:73  ret { i32, i32, i32, i32, i32, i32, i32, i32, i32, i32, i32, i32, i32, i32, i32, i32, i32, i32, i32, i32, i32, i32, i32, i32, i32, i32, i32, i32, i32, i32, i32, i32, i32, i32, i32, i32, i32, i32, i32, i32, i32, i32, i32, i32, i32, i32, i32, i32 } %newret47



============================================================
+ Verbose Summary: Binding
============================================================
N/A
* FSMD analyzer results:
  - Output states:
  - Chain level:
	State 1
	State 2
	State 3
	State 4
	State 5
	State 6
	State 7
	State 8
	State 9
	State 10
	State 11
	State 12
	State 13
	State 14
	State 15
	State 16


============================================================
+ Verbose Summary: Datapath Resource usage 
============================================================
N/A
