

================================================================
== Vivado HLS Report for 'fire2_expand3x3'
================================================================
* Date:           Sat Apr 29 16:14:35 2017

* Version:        2015.4 (Build 1412921 on Wed Nov 18 09:58:55 AM 2015)
* Project:        fire_module
* Solution:       solution1
* Product family: zynq
* Target device:  xc7z020clg484-1


================================================================
== Performance Estimates
================================================================
+ Timing (ns): 
    * Summary: 
    +--------+-------+----------+------------+
    |  Clock | Target| Estimated| Uncertainty|
    +--------+-------+----------+------------+
    |ap_clk  |   5.00|      4.08|        0.63|
    +--------+-------+----------+------------+

+ Latency (clock cycles): 
    * Summary: 
    +------+------+------+------+---------+
    |   Latency   |   Interval  | Pipeline|
    |  min |  max |  min |  max |   Type  |
    +------+------+------+------+---------+
    |  4741|  4741|  4741|  4741|   none  |
    +------+------+------+------+---------+

    + Detail: 
        * Instance: 
        +-------------------------------+-------------------+-----+-----+-----+-----+---------+
        |                               |                   |  Latency  |  Interval | Pipeline|
        |            Instance           |       Module      | min | max | min | max |   Type  |
        +-------------------------------+-------------------+-----+-----+-----+-----+---------+
        |grp_fire2_fill_buffer_fu_1647  |fire2_fill_buffer  |  115|  115|  115|  115|   none  |
        +-------------------------------+-------------------+-----+-----+-----+-----+---------+

        * Loop: 
        +----------+------+------+----------+-----------+-----------+------+----------+
        |          |   Latency   | Iteration|  Initiation Interval  | Trip |          |
        | Loop Name|  min |  max |  Latency |  achieved |   target  | Count| Pipelined|
        +----------+------+------+----------+-----------+-----------+------+----------+
        |- Loop 1  |  4623|  4623|        88|         72|          1|    64|    yes   |
        +----------+------+------+----------+-----------+-----------+------+----------+



================================================================
== Utilization Estimates
================================================================
* Summary: 
+-----------------+---------+-------+--------+-------+
|       Name      | BRAM_18K| DSP48E|   FF   |  LUT  |
+-----------------+---------+-------+--------+-------+
|DSP              |        -|      -|       -|      -|
|Expression       |        -|      -|       0|     28|
|FIFO             |        -|      -|       -|      -|
|Instance         |        -|      -|     168|    184|
|Memory           |        1|      -|     192|     24|
|Multiplexer      |        -|      -|       -|    599|
|Register         |        -|      -|     110|      -|
+-----------------+---------+-------+--------+-------+
|Total            |        1|      0|     470|    835|
+-----------------+---------+-------+--------+-------+
|Available        |      280|    220|  106400|  53200|
+-----------------+---------+-------+--------+-------+
|Utilization (%)  |    ~0   |      0|   ~0   |      1|
+-----------------+---------+-------+--------+-------+

+ Detail: 
    * Instance: 
    +-------------------------------+-------------------+---------+-------+-----+-----+
    |            Instance           |       Module      | BRAM_18K| DSP48E|  FF | LUT |
    +-------------------------------+-------------------+---------+-------+-----+-----+
    |grp_fire2_fill_buffer_fu_1647  |fire2_fill_buffer  |        0|      0|  168|  184|
    +-------------------------------+-------------------+---------+-------+-----+-----+
    |Total                          |                   |        0|      0|  168|  184|
    +-------------------------------+-------------------+---------+-------+-----+-----+

    * DSP48: 
    N/A

    * Memory: 
    +--------------------+----------------------------------+---------+----+----+------+-----+------+-------------+
    |       Memory       |              Module              | BRAM_18K| FF | LUT| Words| Bits| Banks| W*Bits*Banks|
    +--------------------+----------------------------------+---------+----+----+------+-----+------+-------------+
    |line_buffer_0_0_U   |fire2_expand3x3_line_buffer_0_0   |        0|  32|   4|    16|   16|     1|          256|
    |line_buffer_1_0_U   |fire2_expand3x3_line_buffer_0_0   |        0|  32|   4|    16|   16|     1|          256|
    |line_buffer_2_0_U   |fire2_expand3x3_line_buffer_0_0   |        0|  32|   4|    16|   16|     1|          256|
    |line_buffer_0_54_U  |fire2_expand3x3_line_buffer_0_54  |        0|  32|   4|    16|   16|     1|          256|
    |line_buffer_1_54_U  |fire2_expand3x3_line_buffer_0_54  |        0|  32|   4|    16|   16|     1|          256|
    |line_buffer_2_54_U  |fire2_expand3x3_line_buffer_0_54  |        0|  32|   4|    16|   16|     1|          256|
    |window_buffer_U     |fire2_expand3x3_window_buffer     |        1|   0|   0|   144|   16|     1|         2304|
    +--------------------+----------------------------------+---------+----+----+------+-----+------+-------------+
    |Total               |                                  |        1| 192|  24|   240|  112|     7|         3840|
    +--------------------+----------------------------------+---------+----+----+------+-----+------+-------------+

    * FIFO: 
    N/A

    * Expression: 
    +----------------------+----------+-------+---+----+------------+------------+
    |     Variable Name    | Operation| DSP48E| FF| LUT| Bitwidth P0| Bitwidth P1|
    +----------------------+----------+-------+---+----+------------+------------+
    |i_1_fu_1732_p2        |     +    |      0|  0|   7|           7|           1|
    |tmp_78_fu_1803_p2     |     +    |      0|  0|   9|           9|           9|
    |exitcond2_fu_1726_p2  |   icmp   |      0|  0|   3|           7|           8|
    |ap_sig_bdd_1816       |    or    |      0|  0|   1|           1|           1|
    |tmp_75_fu_1753_p2     |    xor   |      0|  0|   8|           7|           8|
    +----------------------+----------+-------+---+----+------------+------------+
    |Total                 |          |      0|  0|  28|          31|          27|
    +----------------------+----------+-------+---+----+------------+------------+

    * Multiplexer: 
    +-------------------------+-----+-----------+-----+-----------+
    |           Name          | LUT | Input Size| Bits| Total Bits|
    +-------------------------+-----+-----------+-----+-----------+
    |ap_NS_fsm                |  168|         76|    1|         76|
    |i_phi_fu_1639_p4         |    7|          2|    7|         14|
    |i_reg_1635               |    7|          2|    7|         14|
    |kernel_e3x3_address0     |   10|          6|   10|         60|
    |kernel_e3x3_address1     |   10|          5|   10|         50|
    |line_buffer_0_0_ce0      |    1|          2|    1|          2|
    |line_buffer_0_0_we0      |    1|          2|    1|          2|
    |line_buffer_0_54_ce0     |    1|          2|    1|          2|
    |line_buffer_1_0_ce0      |    1|          2|    1|          2|
    |line_buffer_1_0_we0      |    1|          2|    1|          2|
    |line_buffer_1_54_ce0     |    1|          2|    1|          2|
    |line_buffer_2_0_ce0      |    1|          2|    1|          2|
    |line_buffer_2_0_we0      |    1|          2|    1|          2|
    |line_buffer_2_54_ce0     |    1|          2|    1|          2|
    |matrix_e3x3_i_0_V_read   |    1|          2|    1|          2|
    |matrix_e3x3_i_10_V_read  |    1|          2|    1|          2|
    |matrix_e3x3_i_11_V_read  |    1|          2|    1|          2|
    |matrix_e3x3_i_12_V_read  |    1|          2|    1|          2|
    |matrix_e3x3_i_13_V_read  |    1|          2|    1|          2|
    |matrix_e3x3_i_14_V_read  |    1|          2|    1|          2|
    |matrix_e3x3_i_15_V_read  |    1|          2|    1|          2|
    |matrix_e3x3_i_1_V_read   |    1|          2|    1|          2|
    |matrix_e3x3_i_2_V_read   |    1|          2|    1|          2|
    |matrix_e3x3_i_3_V_read   |    1|          2|    1|          2|
    |matrix_e3x3_i_4_V_read   |    1|          2|    1|          2|
    |matrix_e3x3_i_5_V_read   |    1|          2|    1|          2|
    |matrix_e3x3_i_6_V_read   |    1|          2|    1|          2|
    |matrix_e3x3_i_7_V_read   |    1|          2|    1|          2|
    |matrix_e3x3_i_8_V_read   |    1|          2|    1|          2|
    |matrix_e3x3_i_9_V_read   |    1|          2|    1|          2|
    |window_buffer_address0   |  184|         74|    8|        592|
    |window_buffer_address1   |  184|         74|    8|        592|
    |window_buffer_ce0        |    1|          3|    1|          3|
    |window_buffer_ce1        |    1|          3|    1|          3|
    |window_buffer_we0        |    1|          2|    1|          2|
    |window_buffer_we1        |    1|          2|    1|          2|
    +-------------------------+-----+-----------+-----+-----------+
    |Total                    |  599|        299|   80|       1458|
    +-------------------------+-----+-----------+-----+-----------+

    * Register: 
    +-----------------------------------------------------+----+----+-----+-----------+
    |                         Name                        | FF | LUT| Bits| Const Bits|
    +-----------------------------------------------------+----+----+-----+-----------+
    |ap_CS_fsm                                            |  75|   0|   75|          0|
    |ap_done_reg                                          |   1|   0|    1|          0|
    |ap_reg_ppiten_pp0_it0                                |   1|   0|    1|          0|
    |ap_reg_ppiten_pp0_it1                                |   1|   0|    1|          0|
    |exitcond2_reg_3686                                   |   1|   0|    1|          0|
    |grp_fire2_fill_buffer_fu_1647_ap_start_ap_start_reg  |   1|   0|    1|          0|
    |i_1_reg_3690                                         |   7|   0|    7|          0|
    |i_reg_1635                                           |   7|   0|    7|          0|
    |tmp_75_reg_3710                                      |   7|   0|    7|          0|
    |tmp_78_reg_3821                                      |   9|   0|    9|          0|
    |window_buffer_addr_100_reg_3416                      |   0|   0|    8|          8|
    |window_buffer_addr_101_reg_3421                      |   0|   0|    8|          8|
    |window_buffer_addr_102_reg_3426                      |   0|   0|    8|          8|
    |window_buffer_addr_103_reg_3431                      |   0|   0|    8|          8|
    |window_buffer_addr_104_reg_3436                      |   0|   0|    8|          8|
    |window_buffer_addr_105_reg_3441                      |   0|   0|    8|          8|
    |window_buffer_addr_106_reg_3446                      |   0|   0|    8|          8|
    |window_buffer_addr_107_reg_3451                      |   0|   0|    8|          8|
    |window_buffer_addr_108_reg_3456                      |   0|   0|    8|          8|
    |window_buffer_addr_109_reg_3461                      |   0|   0|    8|          8|
    |window_buffer_addr_110_reg_3466                      |   0|   0|    8|          8|
    |window_buffer_addr_111_reg_3471                      |   0|   0|    8|          8|
    |window_buffer_addr_112_reg_3476                      |   0|   0|    8|          8|
    |window_buffer_addr_113_reg_3481                      |   0|   0|    8|          8|
    |window_buffer_addr_114_reg_3486                      |   0|   0|    8|          8|
    |window_buffer_addr_115_reg_3491                      |   0|   0|    8|          8|
    |window_buffer_addr_116_reg_3496                      |   0|   0|    8|          8|
    |window_buffer_addr_117_reg_3501                      |   0|   0|    8|          8|
    |window_buffer_addr_118_reg_3506                      |   0|   0|    8|          8|
    |window_buffer_addr_119_reg_3511                      |   0|   0|    8|          8|
    |window_buffer_addr_11_reg_2971                       |   0|   0|    8|          8|
    |window_buffer_addr_120_reg_3516                      |   0|   0|    8|          8|
    |window_buffer_addr_121_reg_3521                      |   0|   0|    8|          8|
    |window_buffer_addr_122_reg_3526                      |   0|   0|    8|          8|
    |window_buffer_addr_123_reg_3531                      |   0|   0|    8|          8|
    |window_buffer_addr_124_reg_3536                      |   0|   0|    8|          8|
    |window_buffer_addr_125_reg_3541                      |   0|   0|    8|          8|
    |window_buffer_addr_126_reg_3546                      |   0|   0|    8|          8|
    |window_buffer_addr_127_reg_3551                      |   0|   0|    8|          8|
    |window_buffer_addr_128_reg_3556                      |   0|   0|    8|          8|
    |window_buffer_addr_129_reg_3561                      |   0|   0|    8|          8|
    |window_buffer_addr_12_reg_2976                       |   0|   0|    8|          8|
    |window_buffer_addr_130_reg_3566                      |   0|   0|    8|          8|
    |window_buffer_addr_131_reg_3571                      |   0|   0|    8|          8|
    |window_buffer_addr_132_reg_3576                      |   0|   0|    8|          8|
    |window_buffer_addr_133_reg_3581                      |   0|   0|    8|          8|
    |window_buffer_addr_134_reg_3586                      |   0|   0|    8|          8|
    |window_buffer_addr_135_reg_3591                      |   0|   0|    8|          8|
    |window_buffer_addr_136_reg_3596                      |   0|   0|    8|          8|
    |window_buffer_addr_137_reg_3601                      |   0|   0|    8|          8|
    |window_buffer_addr_138_reg_3606                      |   0|   0|    8|          8|
    |window_buffer_addr_139_reg_3611                      |   0|   0|    8|          8|
    |window_buffer_addr_13_reg_2981                       |   0|   0|    8|          8|
    |window_buffer_addr_140_reg_3616                      |   0|   0|    8|          8|
    |window_buffer_addr_141_reg_3621                      |   0|   0|    8|          8|
    |window_buffer_addr_142_reg_3626                      |   0|   0|    8|          8|
    |window_buffer_addr_143_reg_3631                      |   0|   0|    8|          8|
    |window_buffer_addr_144_reg_3636                      |   0|   0|    8|          8|
    |window_buffer_addr_145_reg_3641                      |   0|   0|    8|          8|
    |window_buffer_addr_146_reg_3646                      |   0|   0|    8|          8|
    |window_buffer_addr_147_reg_3651                      |   0|   0|    8|          8|
    |window_buffer_addr_148_reg_3656                      |   0|   0|    8|          8|
    |window_buffer_addr_149_reg_3661                      |   0|   0|    8|          8|
    |window_buffer_addr_14_reg_2986                       |   0|   0|    8|          8|
    |window_buffer_addr_150_reg_3666                      |   0|   0|    8|          8|
    |window_buffer_addr_151_reg_3671                      |   0|   0|    8|          8|
    |window_buffer_addr_152_reg_3676                      |   0|   0|    8|          8|
    |window_buffer_addr_153_reg_3681                      |   0|   0|    8|          8|
    |window_buffer_addr_15_reg_2991                       |   0|   0|    8|          8|
    |window_buffer_addr_16_reg_2996                       |   0|   0|    8|          8|
    |window_buffer_addr_17_reg_3001                       |   0|   0|    8|          8|
    |window_buffer_addr_18_reg_3006                       |   0|   0|    8|          8|
    |window_buffer_addr_19_reg_3011                       |   0|   0|    8|          8|
    |window_buffer_addr_20_reg_3016                       |   0|   0|    8|          8|
    |window_buffer_addr_21_reg_3021                       |   0|   0|    8|          8|
    |window_buffer_addr_22_reg_3026                       |   0|   0|    8|          8|
    |window_buffer_addr_23_reg_3031                       |   0|   0|    8|          8|
    |window_buffer_addr_24_reg_3036                       |   0|   0|    8|          8|
    |window_buffer_addr_25_reg_3041                       |   0|   0|    8|          8|
    |window_buffer_addr_26_reg_3046                       |   0|   0|    8|          8|
    |window_buffer_addr_27_reg_3051                       |   0|   0|    8|          8|
    |window_buffer_addr_28_reg_3056                       |   0|   0|    8|          8|
    |window_buffer_addr_29_reg_3061                       |   0|   0|    8|          8|
    |window_buffer_addr_30_reg_3066                       |   0|   0|    8|          8|
    |window_buffer_addr_31_reg_3071                       |   0|   0|    8|          8|
    |window_buffer_addr_32_reg_3076                       |   0|   0|    8|          8|
    |window_buffer_addr_33_reg_3081                       |   0|   0|    8|          8|
    |window_buffer_addr_34_reg_3086                       |   0|   0|    8|          8|
    |window_buffer_addr_35_reg_3091                       |   0|   0|    8|          8|
    |window_buffer_addr_36_reg_3096                       |   0|   0|    8|          8|
    |window_buffer_addr_37_reg_3101                       |   0|   0|    8|          8|
    |window_buffer_addr_38_reg_3106                       |   0|   0|    8|          8|
    |window_buffer_addr_39_reg_3111                       |   0|   0|    8|          8|
    |window_buffer_addr_40_reg_3116                       |   0|   0|    8|          8|
    |window_buffer_addr_41_reg_3121                       |   0|   0|    8|          8|
    |window_buffer_addr_42_reg_3126                       |   0|   0|    8|          8|
    |window_buffer_addr_43_reg_3131                       |   0|   0|    8|          8|
    |window_buffer_addr_44_reg_3136                       |   0|   0|    8|          8|
    |window_buffer_addr_45_reg_3141                       |   0|   0|    8|          8|
    |window_buffer_addr_46_reg_3146                       |   0|   0|    8|          8|
    |window_buffer_addr_47_reg_3151                       |   0|   0|    8|          8|
    |window_buffer_addr_48_reg_3156                       |   0|   0|    8|          8|
    |window_buffer_addr_49_reg_3161                       |   0|   0|    8|          8|
    |window_buffer_addr_50_reg_3166                       |   0|   0|    8|          8|
    |window_buffer_addr_51_reg_3171                       |   0|   0|    8|          8|
    |window_buffer_addr_52_reg_3176                       |   0|   0|    8|          8|
    |window_buffer_addr_53_reg_3181                       |   0|   0|    8|          8|
    |window_buffer_addr_54_reg_3186                       |   0|   0|    8|          8|
    |window_buffer_addr_55_reg_3191                       |   0|   0|    8|          8|
    |window_buffer_addr_56_reg_3196                       |   0|   0|    8|          8|
    |window_buffer_addr_57_reg_3201                       |   0|   0|    8|          8|
    |window_buffer_addr_58_reg_3206                       |   0|   0|    8|          8|
    |window_buffer_addr_59_reg_3211                       |   0|   0|    8|          8|
    |window_buffer_addr_60_reg_3216                       |   0|   0|    8|          8|
    |window_buffer_addr_61_reg_3221                       |   0|   0|    8|          8|
    |window_buffer_addr_62_reg_3226                       |   0|   0|    8|          8|
    |window_buffer_addr_63_reg_3231                       |   0|   0|    8|          8|
    |window_buffer_addr_64_reg_3236                       |   0|   0|    8|          8|
    |window_buffer_addr_65_reg_3241                       |   0|   0|    8|          8|
    |window_buffer_addr_66_reg_3246                       |   0|   0|    8|          8|
    |window_buffer_addr_67_reg_3251                       |   0|   0|    8|          8|
    |window_buffer_addr_68_reg_3256                       |   0|   0|    8|          8|
    |window_buffer_addr_69_reg_3261                       |   0|   0|    8|          8|
    |window_buffer_addr_70_reg_3266                       |   0|   0|    8|          8|
    |window_buffer_addr_71_reg_3271                       |   0|   0|    8|          8|
    |window_buffer_addr_72_reg_3276                       |   0|   0|    8|          8|
    |window_buffer_addr_73_reg_3281                       |   0|   0|    8|          8|
    |window_buffer_addr_74_reg_3286                       |   0|   0|    8|          8|
    |window_buffer_addr_75_reg_3291                       |   0|   0|    8|          8|
    |window_buffer_addr_76_reg_3296                       |   0|   0|    8|          8|
    |window_buffer_addr_77_reg_3301                       |   0|   0|    8|          8|
    |window_buffer_addr_78_reg_3306                       |   0|   0|    8|          8|
    |window_buffer_addr_79_reg_3311                       |   0|   0|    8|          8|
    |window_buffer_addr_80_reg_3316                       |   0|   0|    8|          8|
    |window_buffer_addr_81_reg_3321                       |   0|   0|    8|          8|
    |window_buffer_addr_82_reg_3326                       |   0|   0|    8|          8|
    |window_buffer_addr_83_reg_3331                       |   0|   0|    8|          8|
    |window_buffer_addr_84_reg_3336                       |   0|   0|    8|          8|
    |window_buffer_addr_85_reg_3341                       |   0|   0|    8|          8|
    |window_buffer_addr_86_reg_3346                       |   0|   0|    8|          8|
    |window_buffer_addr_87_reg_3351                       |   0|   0|    8|          8|
    |window_buffer_addr_88_reg_3356                       |   0|   0|    8|          8|
    |window_buffer_addr_89_reg_3361                       |   0|   0|    8|          8|
    |window_buffer_addr_90_reg_3366                       |   0|   0|    8|          8|
    |window_buffer_addr_91_reg_3371                       |   0|   0|    8|          8|
    |window_buffer_addr_92_reg_3376                       |   0|   0|    8|          8|
    |window_buffer_addr_93_reg_3381                       |   0|   0|    8|          8|
    |window_buffer_addr_94_reg_3386                       |   0|   0|    8|          8|
    |window_buffer_addr_95_reg_3391                       |   0|   0|    8|          8|
    |window_buffer_addr_96_reg_3396                       |   0|   0|    8|          8|
    |window_buffer_addr_97_reg_3401                       |   0|   0|    8|          8|
    |window_buffer_addr_98_reg_3406                       |   0|   0|    8|          8|
    |window_buffer_addr_99_reg_3411                       |   0|   0|    8|          8|
    |window_buffer_addr_reg_2966                          |   0|   0|    8|          8|
    +-----------------------------------------------------+----+----+-----+-----------+
    |Total                                                | 110|   0| 1262|       1152|
    +-----------------------------------------------------+----+----+-----+-----------+



================================================================
== Interface
================================================================
* Summary: 
+----------------------------+-----+-----+------------+--------------------+--------------+
|          RTL Ports         | Dir | Bits|  Protocol  |    Source Object   |    C Type    |
+----------------------------+-----+-----+------------+--------------------+--------------+
|ap_clk                      |  in |    1| ap_ctrl_hs |   fire2_expand3x3  | return value |
|ap_rst                      |  in |    1| ap_ctrl_hs |   fire2_expand3x3  | return value |
|ap_start                    |  in |    1| ap_ctrl_hs |   fire2_expand3x3  | return value |
|ap_done                     | out |    1| ap_ctrl_hs |   fire2_expand3x3  | return value |
|ap_continue                 |  in |    1| ap_ctrl_hs |   fire2_expand3x3  | return value |
|ap_idle                     | out |    1| ap_ctrl_hs |   fire2_expand3x3  | return value |
|ap_ready                    | out |    1| ap_ctrl_hs |   fire2_expand3x3  | return value |
|matrix_e3x3_i_0_V_dout      |  in |   16|   ap_fifo  |  matrix_e3x3_i_0_V |    pointer   |
|matrix_e3x3_i_0_V_empty_n   |  in |    1|   ap_fifo  |  matrix_e3x3_i_0_V |    pointer   |
|matrix_e3x3_i_0_V_read      | out |    1|   ap_fifo  |  matrix_e3x3_i_0_V |    pointer   |
|matrix_e3x3_i_1_V_dout      |  in |   16|   ap_fifo  |  matrix_e3x3_i_1_V |    pointer   |
|matrix_e3x3_i_1_V_empty_n   |  in |    1|   ap_fifo  |  matrix_e3x3_i_1_V |    pointer   |
|matrix_e3x3_i_1_V_read      | out |    1|   ap_fifo  |  matrix_e3x3_i_1_V |    pointer   |
|matrix_e3x3_i_2_V_dout      |  in |   16|   ap_fifo  |  matrix_e3x3_i_2_V |    pointer   |
|matrix_e3x3_i_2_V_empty_n   |  in |    1|   ap_fifo  |  matrix_e3x3_i_2_V |    pointer   |
|matrix_e3x3_i_2_V_read      | out |    1|   ap_fifo  |  matrix_e3x3_i_2_V |    pointer   |
|matrix_e3x3_i_3_V_dout      |  in |   16|   ap_fifo  |  matrix_e3x3_i_3_V |    pointer   |
|matrix_e3x3_i_3_V_empty_n   |  in |    1|   ap_fifo  |  matrix_e3x3_i_3_V |    pointer   |
|matrix_e3x3_i_3_V_read      | out |    1|   ap_fifo  |  matrix_e3x3_i_3_V |    pointer   |
|matrix_e3x3_i_4_V_dout      |  in |   16|   ap_fifo  |  matrix_e3x3_i_4_V |    pointer   |
|matrix_e3x3_i_4_V_empty_n   |  in |    1|   ap_fifo  |  matrix_e3x3_i_4_V |    pointer   |
|matrix_e3x3_i_4_V_read      | out |    1|   ap_fifo  |  matrix_e3x3_i_4_V |    pointer   |
|matrix_e3x3_i_5_V_dout      |  in |   16|   ap_fifo  |  matrix_e3x3_i_5_V |    pointer   |
|matrix_e3x3_i_5_V_empty_n   |  in |    1|   ap_fifo  |  matrix_e3x3_i_5_V |    pointer   |
|matrix_e3x3_i_5_V_read      | out |    1|   ap_fifo  |  matrix_e3x3_i_5_V |    pointer   |
|matrix_e3x3_i_6_V_dout      |  in |   16|   ap_fifo  |  matrix_e3x3_i_6_V |    pointer   |
|matrix_e3x3_i_6_V_empty_n   |  in |    1|   ap_fifo  |  matrix_e3x3_i_6_V |    pointer   |
|matrix_e3x3_i_6_V_read      | out |    1|   ap_fifo  |  matrix_e3x3_i_6_V |    pointer   |
|matrix_e3x3_i_7_V_dout      |  in |   16|   ap_fifo  |  matrix_e3x3_i_7_V |    pointer   |
|matrix_e3x3_i_7_V_empty_n   |  in |    1|   ap_fifo  |  matrix_e3x3_i_7_V |    pointer   |
|matrix_e3x3_i_7_V_read      | out |    1|   ap_fifo  |  matrix_e3x3_i_7_V |    pointer   |
|matrix_e3x3_i_8_V_dout      |  in |   16|   ap_fifo  |  matrix_e3x3_i_8_V |    pointer   |
|matrix_e3x3_i_8_V_empty_n   |  in |    1|   ap_fifo  |  matrix_e3x3_i_8_V |    pointer   |
|matrix_e3x3_i_8_V_read      | out |    1|   ap_fifo  |  matrix_e3x3_i_8_V |    pointer   |
|matrix_e3x3_i_9_V_dout      |  in |   16|   ap_fifo  |  matrix_e3x3_i_9_V |    pointer   |
|matrix_e3x3_i_9_V_empty_n   |  in |    1|   ap_fifo  |  matrix_e3x3_i_9_V |    pointer   |
|matrix_e3x3_i_9_V_read      | out |    1|   ap_fifo  |  matrix_e3x3_i_9_V |    pointer   |
|matrix_e3x3_i_10_V_dout     |  in |   16|   ap_fifo  | matrix_e3x3_i_10_V |    pointer   |
|matrix_e3x3_i_10_V_empty_n  |  in |    1|   ap_fifo  | matrix_e3x3_i_10_V |    pointer   |
|matrix_e3x3_i_10_V_read     | out |    1|   ap_fifo  | matrix_e3x3_i_10_V |    pointer   |
|matrix_e3x3_i_11_V_dout     |  in |   16|   ap_fifo  | matrix_e3x3_i_11_V |    pointer   |
|matrix_e3x3_i_11_V_empty_n  |  in |    1|   ap_fifo  | matrix_e3x3_i_11_V |    pointer   |
|matrix_e3x3_i_11_V_read     | out |    1|   ap_fifo  | matrix_e3x3_i_11_V |    pointer   |
|matrix_e3x3_i_12_V_dout     |  in |   16|   ap_fifo  | matrix_e3x3_i_12_V |    pointer   |
|matrix_e3x3_i_12_V_empty_n  |  in |    1|   ap_fifo  | matrix_e3x3_i_12_V |    pointer   |
|matrix_e3x3_i_12_V_read     | out |    1|   ap_fifo  | matrix_e3x3_i_12_V |    pointer   |
|matrix_e3x3_i_13_V_dout     |  in |   16|   ap_fifo  | matrix_e3x3_i_13_V |    pointer   |
|matrix_e3x3_i_13_V_empty_n  |  in |    1|   ap_fifo  | matrix_e3x3_i_13_V |    pointer   |
|matrix_e3x3_i_13_V_read     | out |    1|   ap_fifo  | matrix_e3x3_i_13_V |    pointer   |
|matrix_e3x3_i_14_V_dout     |  in |   16|   ap_fifo  | matrix_e3x3_i_14_V |    pointer   |
|matrix_e3x3_i_14_V_empty_n  |  in |    1|   ap_fifo  | matrix_e3x3_i_14_V |    pointer   |
|matrix_e3x3_i_14_V_read     | out |    1|   ap_fifo  | matrix_e3x3_i_14_V |    pointer   |
|matrix_e3x3_i_15_V_dout     |  in |   16|   ap_fifo  | matrix_e3x3_i_15_V |    pointer   |
|matrix_e3x3_i_15_V_empty_n  |  in |    1|   ap_fifo  | matrix_e3x3_i_15_V |    pointer   |
|matrix_e3x3_i_15_V_read     | out |    1|   ap_fifo  | matrix_e3x3_i_15_V |    pointer   |
|kernel_e3x3_address0        | out |   10|  ap_memory |     kernel_e3x3    |     array    |
|kernel_e3x3_ce0             | out |    1|  ap_memory |     kernel_e3x3    |     array    |
|kernel_e3x3_q0              |  in |   16|  ap_memory |     kernel_e3x3    |     array    |
|kernel_e3x3_address1        | out |   10|  ap_memory |     kernel_e3x3    |     array    |
|kernel_e3x3_ce1             | out |    1|  ap_memory |     kernel_e3x3    |     array    |
|kernel_e3x3_q1              |  in |   16|  ap_memory |     kernel_e3x3    |     array    |
|matrix_e3x3_o_V_address0    | out |    6|  ap_memory |   matrix_e3x3_o_V  |     array    |
|matrix_e3x3_o_V_ce0         | out |    1|  ap_memory |   matrix_e3x3_o_V  |     array    |
|matrix_e3x3_o_V_we0         | out |    1|  ap_memory |   matrix_e3x3_o_V  |     array    |
|matrix_e3x3_o_V_d0          | out |   16|  ap_memory |   matrix_e3x3_o_V  |     array    |
|matrix_e3x3_o_V_q0          |  in |   16|  ap_memory |   matrix_e3x3_o_V  |     array    |
|matrix_e3x3_o_V_address1    | out |    6|  ap_memory |   matrix_e3x3_o_V  |     array    |
|matrix_e3x3_o_V_ce1         | out |    1|  ap_memory |   matrix_e3x3_o_V  |     array    |
|matrix_e3x3_o_V_we1         | out |    1|  ap_memory |   matrix_e3x3_o_V  |     array    |
|matrix_e3x3_o_V_d1          | out |   16|  ap_memory |   matrix_e3x3_o_V  |     array    |
|matrix_e3x3_o_V_q1          |  in |   16|  ap_memory |   matrix_e3x3_o_V  |     array    |
+----------------------------+-----+-----+------------+--------------------+--------------+

