

================================================================
== Vivado HLS Report for 'fire2_squeeze'
================================================================
* Date:           Sat Apr 29 16:14:20 2017

* Version:        2015.4 (Build 1412921 on Wed Nov 18 09:58:55 AM 2015)
* Project:        fire_module
* Solution:       solution1
* Product family: zynq
* Target device:  xc7z020clg484-1


================================================================
== Performance Estimates
================================================================
+ Timing (ns): 
    * Summary: 
    +--------+-------+----------+------------+
    |  Clock | Target| Estimated| Uncertainty|
    +--------+-------+----------+------------+
    |ap_clk  |   5.00|      3.89|        0.63|
    +--------+-------+----------+------------+

+ Latency (clock cycles): 
    * Summary: 
    +-------+-------+-------+-------+---------+
    |    Latency    |    Interval   | Pipeline|
    |  min  |  max  |  min  |  max  |   Type  |
    +-------+-------+-------+-------+---------+
    |  48413|  48413|  48413|  48413|   none  |
    +-------+-------+-------+-------+---------+

    + Detail: 
        * Instance: 
        N/A

        * Loop: 
        +---------------------------------------------+-------+-------+----------+-----------+-----------+-------+----------+
        |                                             |    Latency    | Iteration|  Initiation Interval  |  Trip |          |
        |                  Loop Name                  |  min  |  max  |  Latency |  achieved |   target  | Count | Pipelined|
        +---------------------------------------------+-------+-------+----------+-----------+-----------+-------+----------+
        |- For_Each_Kernel_For_Each_Row_For_Each_Col  |  48411|  48411|        13|          1|          1|  48400|    yes   |
        +---------------------------------------------+-------+-------+----------+-----------+-----------+-------+----------+



================================================================
== Utilization Estimates
================================================================
* Summary: 
+-----------------+---------+-------+--------+-------+
|       Name      | BRAM_18K| DSP48E|   FF   |  LUT  |
+-----------------+---------+-------+--------+-------+
|DSP              |        -|      -|       -|      -|
|Expression       |        -|      -|       0|    959|
|FIFO             |        -|      -|       -|      -|
|Instance         |        -|      1|       0|      0|
|Memory           |        -|      -|       -|      -|
|Multiplexer      |        -|      -|       -|     72|
|Register         |        -|      -|    2845|      6|
+-----------------+---------+-------+--------+-------+
|Total            |        0|      1|    2845|   1037|
+-----------------+---------+-------+--------+-------+
|Available        |      280|    220|  106400|  53200|
+-----------------+---------+-------+--------+-------+
|Utilization (%)  |        0|   ~0  |       2|      1|
+-----------------+---------+-------+--------+-------+

+ Detail: 
    * Instance: 
    +---------------------------+------------------------+---------+-------+---+----+
    |          Instance         |         Module         | BRAM_18K| DSP48E| FF| LUT|
    +---------------------------+------------------------+---------+-------+---+----+
    |fire2_mul_16s_16s_16_3_U0  |fire2_mul_16s_16s_16_3  |        0|      1|  0|   0|
    +---------------------------+------------------------+---------+-------+---+----+
    |Total                      |                        |        0|      1|  0|   0|
    +---------------------------+------------------------+---------+-------+---+----+

    * DSP48: 
    N/A

    * Memory: 
    N/A

    * FIFO: 
    N/A

    * Expression: 
    +---------------------------------+----------+-------+---+----+------------+------------+
    |          Variable Name          | Operation| DSP48E| FF| LUT| Bitwidth P0| Bitwidth P1|
    +---------------------------------+----------+-------+---+----+------------+------------+
    |indvar_flatten_next1_fu_1960_p2  |     +    |      0|  0|  16|          16|           1|
    |indvar_flatten_op_fu_1972_p2     |     +    |      0|  0|  12|          12|           1|
    |k_1_fu_2385_p2                   |     +    |      0|  0|   5|           1|           5|
    |tmp10_fu_2074_p2                 |     +    |      0|  0|   8|          16|          16|
    |tmp11_fu_2083_p2                 |     +    |      0|  0|   8|          16|          16|
    |tmp12_fu_2340_p2                 |     +    |      0|  0|   8|          16|          16|
    |tmp13_fu_2259_p2                 |     +    |      0|  0|   8|          16|          16|
    |tmp14_fu_2092_p2                 |     +    |      0|  0|   8|          16|          16|
    |tmp15_fu_2263_p2                 |     +    |      0|  0|   8|          16|          16|
    |tmp16_fu_2344_p2                 |     +    |      0|  0|   8|          16|          16|
    |tmp17_fu_2406_p2                 |     +    |      0|  0|   8|          16|          16|
    |tmp18_fu_2268_p2                 |     +    |      0|  0|   8|          16|          16|
    |tmp19_fu_2101_p2                 |     +    |      0|  0|   8|          16|          16|
    |tmp20_fu_2272_p2                 |     +    |      0|  0|   8|          16|          16|
    |tmp21_fu_2277_p2                 |     +    |      0|  0|   8|          16|          16|
    |tmp22_fu_2110_p2                 |     +    |      0|  0|   8|          16|          16|
    |tmp23_fu_2281_p2                 |     +    |      0|  0|   8|          16|          16|
    |tmp24_fu_2411_p2                 |     +    |      0|  0|   8|          16|          16|
    |tmp25_fu_2119_p2                 |     +    |      0|  0|   8|          16|          16|
    |tmp26_fu_2128_p2                 |     +    |      0|  0|   8|          16|          16|
    |tmp27_fu_2349_p2                 |     +    |      0|  0|   8|          16|          16|
    |tmp28_fu_2286_p2                 |     +    |      0|  0|   8|          16|          16|
    |tmp29_fu_2137_p2                 |     +    |      0|  0|   8|          16|          16|
    |tmp30_fu_2290_p2                 |     +    |      0|  0|   8|          16|          16|
    |tmp31_fu_2353_p2                 |     +    |      0|  0|   8|          16|          16|
    |tmp32_fu_2415_p2                 |     +    |      0|  0|   8|          16|          16|
    |tmp33_fu_2442_p2                 |     +    |      0|  0|   8|          16|          16|
    |tmp34_fu_2146_p2                 |     +    |      0|  0|   8|          16|          16|
    |tmp35_fu_2155_p2                 |     +    |      0|  0|   8|          16|          16|
    |tmp36_fu_2358_p2                 |     +    |      0|  0|   8|          16|          16|
    |tmp37_fu_2295_p2                 |     +    |      0|  0|   8|          16|          16|
    |tmp38_fu_2164_p2                 |     +    |      0|  0|   8|          16|          16|
    |tmp39_fu_2299_p2                 |     +    |      0|  0|   8|          16|          16|
    |tmp3_fu_2241_p2                  |     +    |      0|  0|   8|          16|          16|
    |tmp40_fu_2362_p2                 |     +    |      0|  0|   8|          16|          16|
    |tmp41_fu_2173_p2                 |     +    |      0|  0|   8|          16|          16|
    |tmp42_fu_2182_p2                 |     +    |      0|  0|   8|          16|          16|
    |tmp43_fu_2367_p2                 |     +    |      0|  0|   8|          16|          16|
    |tmp44_fu_2304_p2                 |     +    |      0|  0|   8|          16|          16|
    |tmp45_fu_2191_p2                 |     +    |      0|  0|   8|          16|          16|
    |tmp46_fu_2308_p2                 |     +    |      0|  0|   8|          16|          16|
    |tmp47_fu_2371_p2                 |     +    |      0|  0|   8|          16|          16|
    |tmp48_fu_2433_p2                 |     +    |      0|  0|   8|          16|          16|
    |tmp49_fu_2313_p2                 |     +    |      0|  0|   8|          16|          16|
    |tmp4_fu_2056_p2                  |     +    |      0|  0|   8|          16|          16|
    |tmp50_fu_2200_p2                 |     +    |      0|  0|   8|          16|          16|
    |tmp51_fu_2317_p2                 |     +    |      0|  0|   8|          16|          16|
    |tmp52_fu_2322_p2                 |     +    |      0|  0|   8|          16|          16|
    |tmp53_fu_2209_p2                 |     +    |      0|  0|   8|          16|          16|
    |tmp54_fu_2326_p2                 |     +    |      0|  0|   8|          16|          16|
    |tmp55_fu_2420_p2                 |     +    |      0|  0|   8|          16|          16|
    |tmp56_fu_2218_p2                 |     +    |      0|  0|   8|          16|          16|
    |tmp57_fu_2227_p2                 |     +    |      0|  0|   8|          16|          16|
    |tmp58_fu_2376_p2                 |     +    |      0|  0|   8|          16|          16|
    |tmp59_fu_2331_p2                 |     +    |      0|  0|   8|          16|          16|
    |tmp5_fu_2245_p2                  |     +    |      0|  0|   8|          16|          16|
    |tmp60_fu_2236_p2                 |     +    |      0|  0|   8|          16|          16|
    |tmp61_fu_2335_p2                 |     +    |      0|  0|   8|          16|          16|
    |tmp62_fu_2380_p2                 |     +    |      0|  0|   8|          16|          16|
    |tmp63_fu_2424_p2                 |     +    |      0|  0|   8|          16|          16|
    |tmp64_fu_2437_p2                 |     +    |      0|  0|   8|          16|          16|
    |tmp65_fu_2446_p2                 |     +    |      0|  0|   8|          16|          16|
    |tmp6_fu_2250_p2                  |     +    |      0|  0|   8|          16|          16|
    |tmp7_fu_2065_p2                  |     +    |      0|  0|   8|          16|          16|
    |tmp8_fu_2254_p2                  |     +    |      0|  0|   8|          16|          16|
    |tmp9_fu_2402_p2                  |     +    |      0|  0|   8|          16|          16|
    |tmp_8_10_fu_2010_p2              |     +    |      0|  0|  16|          16|          16|
    |tmp_8_11_fu_2106_p2              |     +    |      0|  0|   8|          16|          16|
    |tmp_8_12_fu_2115_p2              |     +    |      0|  0|   8|          16|          16|
    |tmp_8_13_fu_2124_p2              |     +    |      0|  0|   8|          16|          16|
    |tmp_8_14_fu_2016_p2              |     +    |      0|  0|  16|          16|          16|
    |tmp_8_15_fu_2133_p2              |     +    |      0|  0|   8|          16|          16|
    |tmp_8_16_fu_2151_p2              |     +    |      0|  0|   8|          16|          16|
    |tmp_8_17_fu_2022_p2              |     +    |      0|  0|  16|          16|          16|
    |tmp_8_18_fu_2160_p2              |     +    |      0|  0|   8|          16|          16|
    |tmp_8_19_fu_2169_p2              |     +    |      0|  0|   8|          16|          16|
    |tmp_8_1_fu_2052_p2               |     +    |      0|  0|   8|          16|          16|
    |tmp_8_20_fu_2178_p2              |     +    |      0|  0|   8|          16|          16|
    |tmp_8_21_fu_2028_p2              |     +    |      0|  0|  16|          16|          16|
    |tmp_8_22_fu_2187_p2              |     +    |      0|  0|   8|          16|          16|
    |tmp_8_23_fu_2034_p2              |     +    |      0|  0|  16|          16|          16|
    |tmp_8_24_fu_2196_p2              |     +    |      0|  0|   8|          16|          16|
    |tmp_8_25_fu_2040_p2              |     +    |      0|  0|  16|          16|          16|
    |tmp_8_26_fu_2205_p2              |     +    |      0|  0|   8|          16|          16|
    |tmp_8_27_fu_2214_p2              |     +    |      0|  0|   8|          16|          16|
    |tmp_8_28_fu_2223_p2              |     +    |      0|  0|   8|          16|          16|
    |tmp_8_29_fu_2046_p2              |     +    |      0|  0|  16|          16|          16|
    |tmp_8_2_fu_1992_p2               |     +    |      0|  0|  16|          16|          16|
    |tmp_8_30_fu_2232_p2              |     +    |      0|  0|   8|          16|          16|
    |tmp_8_3_fu_2061_p2               |     +    |      0|  0|   8|          16|          16|
    |tmp_8_4_fu_2070_p2               |     +    |      0|  0|   8|          16|          16|
    |tmp_8_5_fu_2079_p2               |     +    |      0|  0|   8|          16|          16|
    |tmp_8_6_fu_1998_p2               |     +    |      0|  0|  16|          16|          16|
    |tmp_8_7_fu_2088_p2               |     +    |      0|  0|   8|          16|          16|
    |tmp_8_8_fu_2004_p2               |     +    |      0|  0|  16|          16|          16|
    |tmp_8_9_fu_2097_p2               |     +    |      0|  0|   8|          16|          16|
    |tmp_8_s_fu_1986_p2               |     +    |      0|  0|  16|          16|          16|
    |tmp_s_fu_2142_p2                 |     +    |      0|  0|   8|          16|          16|
    |val_assign_fu_2462_p2            |     +    |      0|  0|  16|          16|          16|
    |convVal_1_mid_fu_2455_p3         |  Select  |      0|  0|  16|           1|           1|
    |indvar_flatten_next_fu_1978_p3   |  Select  |      0|  0|  12|           1|           1|
    |k_mid2_fu_2391_p3                |  Select  |      0|  0|   5|           1|           5|
    |tmp_66_fu_2479_p3                |  Select  |      0|  0|  15|           1|           1|
    |exitcond_flatten1_fu_1954_p2     |   icmp   |      0|  0|   6|          16|          16|
    |exitcond_flatten_fu_1966_p2      |   icmp   |      0|  0|   5|          12|          12|
    |ap_sig_bdd_1352                  |    or    |      0|  0|   1|           1|           1|
    |ap_sig_bdd_791                   |    or    |      0|  0|   1|           1|           1|
    |ap_sig_bdd_923                   |    or    |      0|  0|   1|           1|           1|
    +---------------------------------+----------+-------+---+----+------------+------------+
    |Total                            |          |      0|  0| 959|        1600|        1582|
    +---------------------------------+----------+-------+---+----+------------+------------+

    * Multiplexer: 
    +--------------------------+----+-----------+-----+-----------+
    |           Name           | LUT| Input Size| Bits| Total Bits|
    +--------------------------+----+-----------+-----+-----------+
    |ap_NS_fsm                 |   1|          4|    1|          4|
    |ap_reg_ppiten_pp0_it12    |   1|          2|    1|          2|
    |convVal_1_phi_fu_1946_p4  |  16|          2|   16|         32|
    |convVal_1_reg_1942        |  16|          2|   16|         32|
    |indvar_flatten1_reg_1908  |  16|          2|   16|         32|
    |indvar_flatten_reg_1931   |  12|          2|   12|         24|
    |k_phi_fu_1923_p4          |   5|          2|    5|         10|
    |k_reg_1919                |   5|          2|    5|         10|
    +--------------------------+----+-----------+-----+-----------+
    |Total                     |  72|         18|   72|        146|
    +--------------------------+----+-----------+-----+-----------+

    * Register: 
    +----------------------------------------+----+----+-----+-----------+
    |                  Name                  | FF | LUT| Bits| Const Bits|
    +----------------------------------------+----+----+-----+-----------+
    |ap_CS_fsm                               |   3|   0|    3|          0|
    |ap_done_reg                             |   1|   0|    1|          0|
    |ap_reg_ppiten_pp0_it0                   |   1|   0|    1|          0|
    |ap_reg_ppiten_pp0_it1                   |   1|   0|    1|          0|
    |ap_reg_ppiten_pp0_it10                  |   1|   0|    1|          0|
    |ap_reg_ppiten_pp0_it11                  |   1|   0|    1|          0|
    |ap_reg_ppiten_pp0_it12                  |   1|   0|    1|          0|
    |ap_reg_ppiten_pp0_it2                   |   1|   0|    1|          0|
    |ap_reg_ppiten_pp0_it3                   |   1|   0|    1|          0|
    |ap_reg_ppiten_pp0_it4                   |   1|   0|    1|          0|
    |ap_reg_ppiten_pp0_it5                   |   1|   0|    1|          0|
    |ap_reg_ppiten_pp0_it6                   |   1|   0|    1|          0|
    |ap_reg_ppiten_pp0_it7                   |   1|   0|    1|          0|
    |ap_reg_ppiten_pp0_it8                   |   1|   0|    1|          0|
    |ap_reg_ppiten_pp0_it9                   |   1|   0|    1|          0|
    |ap_reg_ppstg_tmp10_reg_2960_pp0_it3     |  16|   0|   16|          0|
    |ap_reg_ppstg_tmp11_reg_2965_pp0_it3     |  16|   0|   16|          0|
    |ap_reg_ppstg_tmp17_reg_3145_pp0_it6     |  16|   0|   16|          0|
    |ap_reg_ppstg_tmp20_reg_3070_pp0_it4     |  16|   0|   16|          0|
    |ap_reg_ppstg_tmp23_reg_3075_pp0_it4     |  16|   0|   16|          0|
    |ap_reg_ppstg_tmp25_reg_2985_pp0_it3     |  16|   0|   16|          0|
    |ap_reg_ppstg_tmp26_reg_2990_pp0_it3     |  16|   0|   16|          0|
    |ap_reg_ppstg_tmp32_reg_3150_pp0_it6     |  16|   0|   16|          0|
    |ap_reg_ppstg_tmp34_reg_3000_pp0_it3     |  16|   0|   16|          0|
    |ap_reg_ppstg_tmp35_reg_3005_pp0_it3     |  16|   0|   16|          0|
    |ap_reg_ppstg_tmp40_reg_3120_pp0_it5     |  16|   0|   16|          0|
    |ap_reg_ppstg_tmp41_reg_3015_pp0_it3     |  16|   0|   16|          0|
    |ap_reg_ppstg_tmp42_reg_3020_pp0_it3     |  16|   0|   16|          0|
    |ap_reg_ppstg_tmp47_reg_3125_pp0_it5     |  16|   0|   16|          0|
    |ap_reg_ppstg_tmp51_reg_3095_pp0_it4     |  16|   0|   16|          0|
    |ap_reg_ppstg_tmp54_reg_3100_pp0_it4     |  16|   0|   16|          0|
    |ap_reg_ppstg_tmp56_reg_3040_pp0_it3     |  16|   0|   16|          0|
    |ap_reg_ppstg_tmp57_reg_3045_pp0_it3     |  16|   0|   16|          0|
    |ap_reg_ppstg_tmp5_reg_3055_pp0_it4      |  16|   0|   16|          0|
    |ap_reg_ppstg_tmp8_reg_3060_pp0_it4      |  16|   0|   16|          0|
    |ap_reg_ppstg_tmp_12_reg_2555_pp0_it2    |  16|   0|   16|          0|
    |ap_reg_ppstg_tmp_24_reg_2605_pp0_it2    |  16|   0|   16|          0|
    |ap_reg_ppstg_tmp_30_reg_2625_pp0_it2    |  16|   0|   16|          0|
    |ap_reg_ppstg_tmp_36_reg_2645_pp0_it2    |  16|   0|   16|          0|
    |ap_reg_ppstg_tmp_48_reg_2695_pp0_it2    |  16|   0|   16|          0|
    |ap_reg_ppstg_tmp_52_reg_2710_pp0_it2    |  16|   0|   16|          0|
    |ap_reg_ppstg_tmp_58_reg_2730_pp0_it2    |  16|   0|   16|          0|
    |ap_reg_ppstg_tmp_71_reg_2780_pp0_it2    |  16|   0|   16|          0|
    |ap_reg_ppstg_tmp_83_reg_2830_pp0_it2    |  16|   0|   16|          0|
    |ap_reg_ppstg_tmp_89_reg_2850_pp0_it2    |  16|   0|   16|          0|
    |ap_reg_ppstg_tmp_8_10_reg_2915_pp0_it2  |  16|   0|   16|          0|
    |ap_reg_ppstg_tmp_8_14_reg_2920_pp0_it2  |  16|   0|   16|          0|
    |ap_reg_ppstg_tmp_8_17_reg_2925_pp0_it2  |  16|   0|   16|          0|
    |ap_reg_ppstg_tmp_8_21_reg_2930_pp0_it2  |  16|   0|   16|          0|
    |ap_reg_ppstg_tmp_8_23_reg_2935_pp0_it2  |  16|   0|   16|          0|
    |ap_reg_ppstg_tmp_8_25_reg_2940_pp0_it2  |  16|   0|   16|          0|
    |ap_reg_ppstg_tmp_8_29_reg_2945_pp0_it2  |  16|   0|   16|          0|
    |ap_reg_ppstg_tmp_8_2_reg_2900_pp0_it2   |  16|   0|   16|          0|
    |ap_reg_ppstg_tmp_8_6_reg_2905_pp0_it2   |  16|   0|   16|          0|
    |ap_reg_ppstg_tmp_8_8_reg_2910_pp0_it2   |  16|   0|   16|          0|
    |ap_reg_ppstg_tmp_8_s_reg_2895_pp0_it2   |  16|   0|   16|          0|
    |ap_reg_ppstg_tmp_99_reg_2885_pp0_it2    |  16|   0|   16|          0|
    |convVal_1_reg_1942                      |  16|   0|   16|          0|
    |exitcond_flatten1_reg_2505              |   1|   0|    1|          0|
    |exitcond_flatten_reg_2514               |   1|   0|    1|          0|
    |indvar_flatten1_reg_1908                |  16|   0|   16|          0|
    |indvar_flatten_reg_1931                 |  12|   0|   12|          0|
    |k_mid2_reg_3135                         |   5|   0|    5|          0|
    |k_reg_1919                              |   5|   0|    5|          0|
    |kernel_s1x1_load_reg_3170               |  16|   0|   16|          0|
    |tmp10_reg_2960                          |  16|   0|   16|          0|
    |tmp11_reg_2965                          |  16|   0|   16|          0|
    |tmp14_reg_2970                          |  16|   0|   16|          0|
    |tmp15_reg_3065                          |  16|   0|   16|          0|
    |tmp16_reg_3110                          |  16|   0|   16|          0|
    |tmp17_reg_3145                          |  16|   0|   16|          0|
    |tmp19_reg_2975                          |  16|   0|   16|          0|
    |tmp20_reg_3070                          |  16|   0|   16|          0|
    |tmp22_reg_2980                          |  16|   0|   16|          0|
    |tmp23_reg_3075                          |  16|   0|   16|          0|
    |tmp25_reg_2985                          |  16|   0|   16|          0|
    |tmp26_reg_2990                          |  16|   0|   16|          0|
    |tmp29_reg_2995                          |  16|   0|   16|          0|
    |tmp30_reg_3080                          |  16|   0|   16|          0|
    |tmp31_reg_3115                          |  16|   0|   16|          0|
    |tmp32_reg_3150                          |  16|   0|   16|          0|
    |tmp34_reg_3000                          |  16|   0|   16|          0|
    |tmp35_reg_3005                          |  16|   0|   16|          0|
    |tmp38_reg_3010                          |  16|   0|   16|          0|
    |tmp39_reg_3085                          |  16|   0|   16|          0|
    |tmp40_reg_3120                          |  16|   0|   16|          0|
    |tmp41_reg_3015                          |  16|   0|   16|          0|
    |tmp42_reg_3020                          |  16|   0|   16|          0|
    |tmp45_reg_3025                          |  16|   0|   16|          0|
    |tmp46_reg_3090                          |  16|   0|   16|          0|
    |tmp47_reg_3125                          |  16|   0|   16|          0|
    |tmp4_reg_2950                           |  16|   0|   16|          0|
    |tmp50_reg_3030                          |  16|   0|   16|          0|
    |tmp51_reg_3095                          |  16|   0|   16|          0|
    |tmp53_reg_3035                          |  16|   0|   16|          0|
    |tmp54_reg_3100                          |  16|   0|   16|          0|
    |tmp56_reg_3040                          |  16|   0|   16|          0|
    |tmp57_reg_3045                          |  16|   0|   16|          0|
    |tmp5_reg_3055                           |  16|   0|   16|          0|
    |tmp60_reg_3050                          |  16|   0|   16|          0|
    |tmp61_reg_3105                          |  16|   0|   16|          0|
    |tmp62_reg_3130                          |  16|   0|   16|          0|
    |tmp63_reg_3155                          |  16|   0|   16|          0|
    |tmp64_reg_3165                          |  16|   0|   16|          0|
    |tmp65_reg_3175                          |  16|   0|   16|          0|
    |tmp7_reg_2955                           |  16|   0|   16|          0|
    |tmp8_reg_3060                           |  16|   0|   16|          0|
    |tmp_101_reg_2890                        |  16|   0|   16|          0|
    |tmp_102_reg_3190                        |  15|   0|   15|          0|
    |tmp_103_reg_3195                        |   1|   0|    1|          0|
    |tmp_10_reg_2550                         |  16|   0|   16|          0|
    |tmp_12_reg_2555                         |  16|   0|   16|          0|
    |tmp_14_reg_2560                         |  16|   0|   16|          0|
    |tmp_15_reg_2565                         |  16|   0|   16|          0|
    |tmp_16_reg_2570                         |  16|   0|   16|          0|
    |tmp_17_reg_2575                         |  16|   0|   16|          0|
    |tmp_18_reg_2580                         |  16|   0|   16|          0|
    |tmp_19_reg_2585                         |  16|   0|   16|          0|
    |tmp_1_reg_3141                          |   4|   0|    4|          0|
    |tmp_20_reg_2590                         |  16|   0|   16|          0|
    |tmp_21_reg_2595                         |  16|   0|   16|          0|
    |tmp_22_reg_2600                         |  16|   0|   16|          0|
    |tmp_24_reg_2605                         |  16|   0|   16|          0|
    |tmp_26_reg_2610                         |  16|   0|   16|          0|
    |tmp_27_reg_2615                         |  16|   0|   16|          0|
    |tmp_28_reg_2620                         |  16|   0|   16|          0|
    |tmp_2_reg_2525                          |  16|   0|   16|          0|
    |tmp_30_reg_2625                         |  16|   0|   16|          0|
    |tmp_32_reg_2630                         |  16|   0|   16|          0|
    |tmp_33_reg_2635                         |  16|   0|   16|          0|
    |tmp_34_reg_2640                         |  16|   0|   16|          0|
    |tmp_36_reg_2645                         |  16|   0|   16|          0|
    |tmp_38_reg_2650                         |  16|   0|   16|          0|
    |tmp_39_reg_2655                         |  16|   0|   16|          0|
    |tmp_3_reg_3180                          |  16|   0|   16|          0|
    |tmp_40_reg_2660                         |  16|   0|   16|          0|
    |tmp_41_reg_2665                         |  16|   0|   16|          0|
    |tmp_42_reg_2670                         |  16|   0|   16|          0|
    |tmp_43_reg_2675                         |  16|   0|   16|          0|
    |tmp_44_reg_2680                         |  16|   0|   16|          0|
    |tmp_45_reg_2685                         |  16|   0|   16|          0|
    |tmp_46_reg_2690                         |  16|   0|   16|          0|
    |tmp_48_reg_2695                         |  16|   0|   16|          0|
    |tmp_4_reg_2530                          |  16|   0|   16|          0|
    |tmp_50_reg_2700                         |  16|   0|   16|          0|
    |tmp_51_reg_2705                         |  16|   0|   16|          0|
    |tmp_52_reg_2710                         |  16|   0|   16|          0|
    |tmp_55_reg_2715                         |  16|   0|   16|          0|
    |tmp_56_reg_2720                         |  16|   0|   16|          0|
    |tmp_57_reg_2725                         |  16|   0|   16|          0|
    |tmp_58_reg_2730                         |  16|   0|   16|          0|
    |tmp_5_reg_2535                          |  16|   0|   16|          0|
    |tmp_61_reg_2735                         |  16|   0|   16|          0|
    |tmp_62_reg_2740                         |  16|   0|   16|          0|
    |tmp_63_reg_2745                         |  16|   0|   16|          0|
    |tmp_64_reg_2750                         |  16|   0|   16|          0|
    |tmp_65_reg_2755                         |  16|   0|   16|          0|
    |tmp_67_reg_2760                         |  16|   0|   16|          0|
    |tmp_68_reg_2765                         |  16|   0|   16|          0|
    |tmp_69_reg_2770                         |  16|   0|   16|          0|
    |tmp_70_reg_2775                         |  16|   0|   16|          0|
    |tmp_71_reg_2780                         |  16|   0|   16|          0|
    |tmp_74_reg_2785                         |  16|   0|   16|          0|
    |tmp_75_reg_2790                         |  16|   0|   16|          0|
    |tmp_76_reg_2795                         |  16|   0|   16|          0|
    |tmp_77_reg_2800                         |  16|   0|   16|          0|
    |tmp_78_reg_2805                         |  16|   0|   16|          0|
    |tmp_79_reg_2810                         |  16|   0|   16|          0|
    |tmp_80_reg_2815                         |  16|   0|   16|          0|
    |tmp_81_reg_2820                         |  16|   0|   16|          0|
    |tmp_82_reg_2825                         |  16|   0|   16|          0|
    |tmp_83_reg_2830                         |  16|   0|   16|          0|
    |tmp_86_reg_2835                         |  16|   0|   16|          0|
    |tmp_87_reg_2840                         |  16|   0|   16|          0|
    |tmp_88_reg_2845                         |  16|   0|   16|          0|
    |tmp_89_reg_2850                         |  16|   0|   16|          0|
    |tmp_8_10_reg_2915                       |  16|   0|   16|          0|
    |tmp_8_14_reg_2920                       |  16|   0|   16|          0|
    |tmp_8_17_reg_2925                       |  16|   0|   16|          0|
    |tmp_8_21_reg_2930                       |  16|   0|   16|          0|
    |tmp_8_23_reg_2935                       |  16|   0|   16|          0|
    |tmp_8_25_reg_2940                       |  16|   0|   16|          0|
    |tmp_8_29_reg_2945                       |  16|   0|   16|          0|
    |tmp_8_2_reg_2900                        |  16|   0|   16|          0|
    |tmp_8_6_reg_2905                        |  16|   0|   16|          0|
    |tmp_8_8_reg_2910                        |  16|   0|   16|          0|
    |tmp_8_reg_2540                          |  16|   0|   16|          0|
    |tmp_8_s_reg_2895                        |  16|   0|   16|          0|
    |tmp_92_reg_2855                         |  16|   0|   16|          0|
    |tmp_93_reg_2860                         |  16|   0|   16|          0|
    |tmp_94_reg_2865                         |  16|   0|   16|          0|
    |tmp_95_reg_2870                         |  16|   0|   16|          0|
    |tmp_96_reg_2875                         |  16|   0|   16|          0|
    |tmp_97_reg_2880                         |  16|   0|   16|          0|
    |tmp_99_reg_2885                         |  16|   0|   16|          0|
    |tmp_9_reg_2545                          |  16|   0|   16|          0|
    |val_assign_reg_3185                     |  16|   0|   16|          0|
    |exitcond_flatten1_reg_2505              |   0|   1|    1|          0|
    |exitcond_flatten_reg_2514               |   0|   1|    1|          0|
    |tmp_1_reg_3141                          |   0|   4|    4|          0|
    +----------------------------------------+----+----+-----+-----------+
    |Total                                   |2845|   6| 2851|          0|
    +----------------------------------------+----+----+-----+-----------+



================================================================
== Interface
================================================================
* Summary: 
+-----------------------+-----+-----+------------+---------------+--------------+
|       RTL Ports       | Dir | Bits|  Protocol  | Source Object |    C Type    |
+-----------------------+-----+-----+------------+---------------+--------------+
|ap_clk                 |  in |    1| ap_ctrl_hs | fire2_squeeze | return value |
|ap_rst                 |  in |    1| ap_ctrl_hs | fire2_squeeze | return value |
|ap_start               |  in |    1| ap_ctrl_hs | fire2_squeeze | return value |
|ap_done                | out |    1| ap_ctrl_hs | fire2_squeeze | return value |
|ap_continue            |  in |    1| ap_ctrl_hs | fire2_squeeze | return value |
|ap_idle                | out |    1| ap_ctrl_hs | fire2_squeeze | return value |
|ap_ready               | out |    1| ap_ctrl_hs | fire2_squeeze | return value |
|matrix_i_0_V_dout      |  in |   16|   ap_fifo  |  matrix_i_0_V |    pointer   |
|matrix_i_0_V_empty_n   |  in |    1|   ap_fifo  |  matrix_i_0_V |    pointer   |
|matrix_i_0_V_read      | out |    1|   ap_fifo  |  matrix_i_0_V |    pointer   |
|matrix_i_1_V_dout      |  in |   16|   ap_fifo  |  matrix_i_1_V |    pointer   |
|matrix_i_1_V_empty_n   |  in |    1|   ap_fifo  |  matrix_i_1_V |    pointer   |
|matrix_i_1_V_read      | out |    1|   ap_fifo  |  matrix_i_1_V |    pointer   |
|matrix_i_2_V_dout      |  in |   16|   ap_fifo  |  matrix_i_2_V |    pointer   |
|matrix_i_2_V_empty_n   |  in |    1|   ap_fifo  |  matrix_i_2_V |    pointer   |
|matrix_i_2_V_read      | out |    1|   ap_fifo  |  matrix_i_2_V |    pointer   |
|matrix_i_3_V_dout      |  in |   16|   ap_fifo  |  matrix_i_3_V |    pointer   |
|matrix_i_3_V_empty_n   |  in |    1|   ap_fifo  |  matrix_i_3_V |    pointer   |
|matrix_i_3_V_read      | out |    1|   ap_fifo  |  matrix_i_3_V |    pointer   |
|matrix_i_4_V_dout      |  in |   16|   ap_fifo  |  matrix_i_4_V |    pointer   |
|matrix_i_4_V_empty_n   |  in |    1|   ap_fifo  |  matrix_i_4_V |    pointer   |
|matrix_i_4_V_read      | out |    1|   ap_fifo  |  matrix_i_4_V |    pointer   |
|matrix_i_5_V_dout      |  in |   16|   ap_fifo  |  matrix_i_5_V |    pointer   |
|matrix_i_5_V_empty_n   |  in |    1|   ap_fifo  |  matrix_i_5_V |    pointer   |
|matrix_i_5_V_read      | out |    1|   ap_fifo  |  matrix_i_5_V |    pointer   |
|matrix_i_6_V_dout      |  in |   16|   ap_fifo  |  matrix_i_6_V |    pointer   |
|matrix_i_6_V_empty_n   |  in |    1|   ap_fifo  |  matrix_i_6_V |    pointer   |
|matrix_i_6_V_read      | out |    1|   ap_fifo  |  matrix_i_6_V |    pointer   |
|matrix_i_7_V_dout      |  in |   16|   ap_fifo  |  matrix_i_7_V |    pointer   |
|matrix_i_7_V_empty_n   |  in |    1|   ap_fifo  |  matrix_i_7_V |    pointer   |
|matrix_i_7_V_read      | out |    1|   ap_fifo  |  matrix_i_7_V |    pointer   |
|matrix_i_8_V_dout      |  in |   16|   ap_fifo  |  matrix_i_8_V |    pointer   |
|matrix_i_8_V_empty_n   |  in |    1|   ap_fifo  |  matrix_i_8_V |    pointer   |
|matrix_i_8_V_read      | out |    1|   ap_fifo  |  matrix_i_8_V |    pointer   |
|matrix_i_9_V_dout      |  in |   16|   ap_fifo  |  matrix_i_9_V |    pointer   |
|matrix_i_9_V_empty_n   |  in |    1|   ap_fifo  |  matrix_i_9_V |    pointer   |
|matrix_i_9_V_read      | out |    1|   ap_fifo  |  matrix_i_9_V |    pointer   |
|matrix_i_10_V_dout     |  in |   16|   ap_fifo  | matrix_i_10_V |    pointer   |
|matrix_i_10_V_empty_n  |  in |    1|   ap_fifo  | matrix_i_10_V |    pointer   |
|matrix_i_10_V_read     | out |    1|   ap_fifo  | matrix_i_10_V |    pointer   |
|matrix_i_11_V_dout     |  in |   16|   ap_fifo  | matrix_i_11_V |    pointer   |
|matrix_i_11_V_empty_n  |  in |    1|   ap_fifo  | matrix_i_11_V |    pointer   |
|matrix_i_11_V_read     | out |    1|   ap_fifo  | matrix_i_11_V |    pointer   |
|matrix_i_12_V_dout     |  in |   16|   ap_fifo  | matrix_i_12_V |    pointer   |
|matrix_i_12_V_empty_n  |  in |    1|   ap_fifo  | matrix_i_12_V |    pointer   |
|matrix_i_12_V_read     | out |    1|   ap_fifo  | matrix_i_12_V |    pointer   |
|matrix_i_13_V_dout     |  in |   16|   ap_fifo  | matrix_i_13_V |    pointer   |
|matrix_i_13_V_empty_n  |  in |    1|   ap_fifo  | matrix_i_13_V |    pointer   |
|matrix_i_13_V_read     | out |    1|   ap_fifo  | matrix_i_13_V |    pointer   |
|matrix_i_14_V_dout     |  in |   16|   ap_fifo  | matrix_i_14_V |    pointer   |
|matrix_i_14_V_empty_n  |  in |    1|   ap_fifo  | matrix_i_14_V |    pointer   |
|matrix_i_14_V_read     | out |    1|   ap_fifo  | matrix_i_14_V |    pointer   |
|matrix_i_15_V_dout     |  in |   16|   ap_fifo  | matrix_i_15_V |    pointer   |
|matrix_i_15_V_empty_n  |  in |    1|   ap_fifo  | matrix_i_15_V |    pointer   |
|matrix_i_15_V_read     | out |    1|   ap_fifo  | matrix_i_15_V |    pointer   |
|matrix_i_16_V_dout     |  in |   16|   ap_fifo  | matrix_i_16_V |    pointer   |
|matrix_i_16_V_empty_n  |  in |    1|   ap_fifo  | matrix_i_16_V |    pointer   |
|matrix_i_16_V_read     | out |    1|   ap_fifo  | matrix_i_16_V |    pointer   |
|matrix_i_17_V_dout     |  in |   16|   ap_fifo  | matrix_i_17_V |    pointer   |
|matrix_i_17_V_empty_n  |  in |    1|   ap_fifo  | matrix_i_17_V |    pointer   |
|matrix_i_17_V_read     | out |    1|   ap_fifo  | matrix_i_17_V |    pointer   |
|matrix_i_18_V_dout     |  in |   16|   ap_fifo  | matrix_i_18_V |    pointer   |
|matrix_i_18_V_empty_n  |  in |    1|   ap_fifo  | matrix_i_18_V |    pointer   |
|matrix_i_18_V_read     | out |    1|   ap_fifo  | matrix_i_18_V |    pointer   |
|matrix_i_19_V_dout     |  in |   16|   ap_fifo  | matrix_i_19_V |    pointer   |
|matrix_i_19_V_empty_n  |  in |    1|   ap_fifo  | matrix_i_19_V |    pointer   |
|matrix_i_19_V_read     | out |    1|   ap_fifo  | matrix_i_19_V |    pointer   |
|matrix_i_20_V_dout     |  in |   16|   ap_fifo  | matrix_i_20_V |    pointer   |
|matrix_i_20_V_empty_n  |  in |    1|   ap_fifo  | matrix_i_20_V |    pointer   |
|matrix_i_20_V_read     | out |    1|   ap_fifo  | matrix_i_20_V |    pointer   |
|matrix_i_21_V_dout     |  in |   16|   ap_fifo  | matrix_i_21_V |    pointer   |
|matrix_i_21_V_empty_n  |  in |    1|   ap_fifo  | matrix_i_21_V |    pointer   |
|matrix_i_21_V_read     | out |    1|   ap_fifo  | matrix_i_21_V |    pointer   |
|matrix_i_22_V_dout     |  in |   16|   ap_fifo  | matrix_i_22_V |    pointer   |
|matrix_i_22_V_empty_n  |  in |    1|   ap_fifo  | matrix_i_22_V |    pointer   |
|matrix_i_22_V_read     | out |    1|   ap_fifo  | matrix_i_22_V |    pointer   |
|matrix_i_23_V_dout     |  in |   16|   ap_fifo  | matrix_i_23_V |    pointer   |
|matrix_i_23_V_empty_n  |  in |    1|   ap_fifo  | matrix_i_23_V |    pointer   |
|matrix_i_23_V_read     | out |    1|   ap_fifo  | matrix_i_23_V |    pointer   |
|matrix_i_24_V_dout     |  in |   16|   ap_fifo  | matrix_i_24_V |    pointer   |
|matrix_i_24_V_empty_n  |  in |    1|   ap_fifo  | matrix_i_24_V |    pointer   |
|matrix_i_24_V_read     | out |    1|   ap_fifo  | matrix_i_24_V |    pointer   |
|matrix_i_25_V_dout     |  in |   16|   ap_fifo  | matrix_i_25_V |    pointer   |
|matrix_i_25_V_empty_n  |  in |    1|   ap_fifo  | matrix_i_25_V |    pointer   |
|matrix_i_25_V_read     | out |    1|   ap_fifo  | matrix_i_25_V |    pointer   |
|matrix_i_26_V_dout     |  in |   16|   ap_fifo  | matrix_i_26_V |    pointer   |
|matrix_i_26_V_empty_n  |  in |    1|   ap_fifo  | matrix_i_26_V |    pointer   |
|matrix_i_26_V_read     | out |    1|   ap_fifo  | matrix_i_26_V |    pointer   |
|matrix_i_27_V_dout     |  in |   16|   ap_fifo  | matrix_i_27_V |    pointer   |
|matrix_i_27_V_empty_n  |  in |    1|   ap_fifo  | matrix_i_27_V |    pointer   |
|matrix_i_27_V_read     | out |    1|   ap_fifo  | matrix_i_27_V |    pointer   |
|matrix_i_28_V_dout     |  in |   16|   ap_fifo  | matrix_i_28_V |    pointer   |
|matrix_i_28_V_empty_n  |  in |    1|   ap_fifo  | matrix_i_28_V |    pointer   |
|matrix_i_28_V_read     | out |    1|   ap_fifo  | matrix_i_28_V |    pointer   |
|matrix_i_29_V_dout     |  in |   16|   ap_fifo  | matrix_i_29_V |    pointer   |
|matrix_i_29_V_empty_n  |  in |    1|   ap_fifo  | matrix_i_29_V |    pointer   |
|matrix_i_29_V_read     | out |    1|   ap_fifo  | matrix_i_29_V |    pointer   |
|matrix_i_30_V_dout     |  in |   16|   ap_fifo  | matrix_i_30_V |    pointer   |
|matrix_i_30_V_empty_n  |  in |    1|   ap_fifo  | matrix_i_30_V |    pointer   |
|matrix_i_30_V_read     | out |    1|   ap_fifo  | matrix_i_30_V |    pointer   |
|matrix_i_31_V_dout     |  in |   16|   ap_fifo  | matrix_i_31_V |    pointer   |
|matrix_i_31_V_empty_n  |  in |    1|   ap_fifo  | matrix_i_31_V |    pointer   |
|matrix_i_31_V_read     | out |    1|   ap_fifo  | matrix_i_31_V |    pointer   |
|matrix_i_32_V_dout     |  in |   16|   ap_fifo  | matrix_i_32_V |    pointer   |
|matrix_i_32_V_empty_n  |  in |    1|   ap_fifo  | matrix_i_32_V |    pointer   |
|matrix_i_32_V_read     | out |    1|   ap_fifo  | matrix_i_32_V |    pointer   |
|matrix_i_33_V_dout     |  in |   16|   ap_fifo  | matrix_i_33_V |    pointer   |
|matrix_i_33_V_empty_n  |  in |    1|   ap_fifo  | matrix_i_33_V |    pointer   |
|matrix_i_33_V_read     | out |    1|   ap_fifo  | matrix_i_33_V |    pointer   |
|matrix_i_34_V_dout     |  in |   16|   ap_fifo  | matrix_i_34_V |    pointer   |
|matrix_i_34_V_empty_n  |  in |    1|   ap_fifo  | matrix_i_34_V |    pointer   |
|matrix_i_34_V_read     | out |    1|   ap_fifo  | matrix_i_34_V |    pointer   |
|matrix_i_35_V_dout     |  in |   16|   ap_fifo  | matrix_i_35_V |    pointer   |
|matrix_i_35_V_empty_n  |  in |    1|   ap_fifo  | matrix_i_35_V |    pointer   |
|matrix_i_35_V_read     | out |    1|   ap_fifo  | matrix_i_35_V |    pointer   |
|matrix_i_36_V_dout     |  in |   16|   ap_fifo  | matrix_i_36_V |    pointer   |
|matrix_i_36_V_empty_n  |  in |    1|   ap_fifo  | matrix_i_36_V |    pointer   |
|matrix_i_36_V_read     | out |    1|   ap_fifo  | matrix_i_36_V |    pointer   |
|matrix_i_37_V_dout     |  in |   16|   ap_fifo  | matrix_i_37_V |    pointer   |
|matrix_i_37_V_empty_n  |  in |    1|   ap_fifo  | matrix_i_37_V |    pointer   |
|matrix_i_37_V_read     | out |    1|   ap_fifo  | matrix_i_37_V |    pointer   |
|matrix_i_38_V_dout     |  in |   16|   ap_fifo  | matrix_i_38_V |    pointer   |
|matrix_i_38_V_empty_n  |  in |    1|   ap_fifo  | matrix_i_38_V |    pointer   |
|matrix_i_38_V_read     | out |    1|   ap_fifo  | matrix_i_38_V |    pointer   |
|matrix_i_39_V_dout     |  in |   16|   ap_fifo  | matrix_i_39_V |    pointer   |
|matrix_i_39_V_empty_n  |  in |    1|   ap_fifo  | matrix_i_39_V |    pointer   |
|matrix_i_39_V_read     | out |    1|   ap_fifo  | matrix_i_39_V |    pointer   |
|matrix_i_40_V_dout     |  in |   16|   ap_fifo  | matrix_i_40_V |    pointer   |
|matrix_i_40_V_empty_n  |  in |    1|   ap_fifo  | matrix_i_40_V |    pointer   |
|matrix_i_40_V_read     | out |    1|   ap_fifo  | matrix_i_40_V |    pointer   |
|matrix_i_41_V_dout     |  in |   16|   ap_fifo  | matrix_i_41_V |    pointer   |
|matrix_i_41_V_empty_n  |  in |    1|   ap_fifo  | matrix_i_41_V |    pointer   |
|matrix_i_41_V_read     | out |    1|   ap_fifo  | matrix_i_41_V |    pointer   |
|matrix_i_42_V_dout     |  in |   16|   ap_fifo  | matrix_i_42_V |    pointer   |
|matrix_i_42_V_empty_n  |  in |    1|   ap_fifo  | matrix_i_42_V |    pointer   |
|matrix_i_42_V_read     | out |    1|   ap_fifo  | matrix_i_42_V |    pointer   |
|matrix_i_43_V_dout     |  in |   16|   ap_fifo  | matrix_i_43_V |    pointer   |
|matrix_i_43_V_empty_n  |  in |    1|   ap_fifo  | matrix_i_43_V |    pointer   |
|matrix_i_43_V_read     | out |    1|   ap_fifo  | matrix_i_43_V |    pointer   |
|matrix_i_44_V_dout     |  in |   16|   ap_fifo  | matrix_i_44_V |    pointer   |
|matrix_i_44_V_empty_n  |  in |    1|   ap_fifo  | matrix_i_44_V |    pointer   |
|matrix_i_44_V_read     | out |    1|   ap_fifo  | matrix_i_44_V |    pointer   |
|matrix_i_45_V_dout     |  in |   16|   ap_fifo  | matrix_i_45_V |    pointer   |
|matrix_i_45_V_empty_n  |  in |    1|   ap_fifo  | matrix_i_45_V |    pointer   |
|matrix_i_45_V_read     | out |    1|   ap_fifo  | matrix_i_45_V |    pointer   |
|matrix_i_46_V_dout     |  in |   16|   ap_fifo  | matrix_i_46_V |    pointer   |
|matrix_i_46_V_empty_n  |  in |    1|   ap_fifo  | matrix_i_46_V |    pointer   |
|matrix_i_46_V_read     | out |    1|   ap_fifo  | matrix_i_46_V |    pointer   |
|matrix_i_47_V_dout     |  in |   16|   ap_fifo  | matrix_i_47_V |    pointer   |
|matrix_i_47_V_empty_n  |  in |    1|   ap_fifo  | matrix_i_47_V |    pointer   |
|matrix_i_47_V_read     | out |    1|   ap_fifo  | matrix_i_47_V |    pointer   |
|matrix_i_48_V_dout     |  in |   16|   ap_fifo  | matrix_i_48_V |    pointer   |
|matrix_i_48_V_empty_n  |  in |    1|   ap_fifo  | matrix_i_48_V |    pointer   |
|matrix_i_48_V_read     | out |    1|   ap_fifo  | matrix_i_48_V |    pointer   |
|matrix_i_49_V_dout     |  in |   16|   ap_fifo  | matrix_i_49_V |    pointer   |
|matrix_i_49_V_empty_n  |  in |    1|   ap_fifo  | matrix_i_49_V |    pointer   |
|matrix_i_49_V_read     | out |    1|   ap_fifo  | matrix_i_49_V |    pointer   |
|matrix_i_50_V_dout     |  in |   16|   ap_fifo  | matrix_i_50_V |    pointer   |
|matrix_i_50_V_empty_n  |  in |    1|   ap_fifo  | matrix_i_50_V |    pointer   |
|matrix_i_50_V_read     | out |    1|   ap_fifo  | matrix_i_50_V |    pointer   |
|matrix_i_51_V_dout     |  in |   16|   ap_fifo  | matrix_i_51_V |    pointer   |
|matrix_i_51_V_empty_n  |  in |    1|   ap_fifo  | matrix_i_51_V |    pointer   |
|matrix_i_51_V_read     | out |    1|   ap_fifo  | matrix_i_51_V |    pointer   |
|matrix_i_52_V_dout     |  in |   16|   ap_fifo  | matrix_i_52_V |    pointer   |
|matrix_i_52_V_empty_n  |  in |    1|   ap_fifo  | matrix_i_52_V |    pointer   |
|matrix_i_52_V_read     | out |    1|   ap_fifo  | matrix_i_52_V |    pointer   |
|matrix_i_53_V_dout     |  in |   16|   ap_fifo  | matrix_i_53_V |    pointer   |
|matrix_i_53_V_empty_n  |  in |    1|   ap_fifo  | matrix_i_53_V |    pointer   |
|matrix_i_53_V_read     | out |    1|   ap_fifo  | matrix_i_53_V |    pointer   |
|matrix_i_54_V_dout     |  in |   16|   ap_fifo  | matrix_i_54_V |    pointer   |
|matrix_i_54_V_empty_n  |  in |    1|   ap_fifo  | matrix_i_54_V |    pointer   |
|matrix_i_54_V_read     | out |    1|   ap_fifo  | matrix_i_54_V |    pointer   |
|matrix_i_55_V_dout     |  in |   16|   ap_fifo  | matrix_i_55_V |    pointer   |
|matrix_i_55_V_empty_n  |  in |    1|   ap_fifo  | matrix_i_55_V |    pointer   |
|matrix_i_55_V_read     | out |    1|   ap_fifo  | matrix_i_55_V |    pointer   |
|matrix_i_56_V_dout     |  in |   16|   ap_fifo  | matrix_i_56_V |    pointer   |
|matrix_i_56_V_empty_n  |  in |    1|   ap_fifo  | matrix_i_56_V |    pointer   |
|matrix_i_56_V_read     | out |    1|   ap_fifo  | matrix_i_56_V |    pointer   |
|matrix_i_57_V_dout     |  in |   16|   ap_fifo  | matrix_i_57_V |    pointer   |
|matrix_i_57_V_empty_n  |  in |    1|   ap_fifo  | matrix_i_57_V |    pointer   |
|matrix_i_57_V_read     | out |    1|   ap_fifo  | matrix_i_57_V |    pointer   |
|matrix_i_58_V_dout     |  in |   16|   ap_fifo  | matrix_i_58_V |    pointer   |
|matrix_i_58_V_empty_n  |  in |    1|   ap_fifo  | matrix_i_58_V |    pointer   |
|matrix_i_58_V_read     | out |    1|   ap_fifo  | matrix_i_58_V |    pointer   |
|matrix_i_59_V_dout     |  in |   16|   ap_fifo  | matrix_i_59_V |    pointer   |
|matrix_i_59_V_empty_n  |  in |    1|   ap_fifo  | matrix_i_59_V |    pointer   |
|matrix_i_59_V_read     | out |    1|   ap_fifo  | matrix_i_59_V |    pointer   |
|matrix_i_60_V_dout     |  in |   16|   ap_fifo  | matrix_i_60_V |    pointer   |
|matrix_i_60_V_empty_n  |  in |    1|   ap_fifo  | matrix_i_60_V |    pointer   |
|matrix_i_60_V_read     | out |    1|   ap_fifo  | matrix_i_60_V |    pointer   |
|matrix_i_61_V_dout     |  in |   16|   ap_fifo  | matrix_i_61_V |    pointer   |
|matrix_i_61_V_empty_n  |  in |    1|   ap_fifo  | matrix_i_61_V |    pointer   |
|matrix_i_61_V_read     | out |    1|   ap_fifo  | matrix_i_61_V |    pointer   |
|matrix_i_62_V_dout     |  in |   16|   ap_fifo  | matrix_i_62_V |    pointer   |
|matrix_i_62_V_empty_n  |  in |    1|   ap_fifo  | matrix_i_62_V |    pointer   |
|matrix_i_62_V_read     | out |    1|   ap_fifo  | matrix_i_62_V |    pointer   |
|matrix_i_63_V_dout     |  in |   16|   ap_fifo  | matrix_i_63_V |    pointer   |
|matrix_i_63_V_empty_n  |  in |    1|   ap_fifo  | matrix_i_63_V |    pointer   |
|matrix_i_63_V_read     | out |    1|   ap_fifo  | matrix_i_63_V |    pointer   |
|matrix_i_64_V_dout     |  in |   16|   ap_fifo  | matrix_i_64_V |    pointer   |
|matrix_i_64_V_empty_n  |  in |    1|   ap_fifo  | matrix_i_64_V |    pointer   |
|matrix_i_64_V_read     | out |    1|   ap_fifo  | matrix_i_64_V |    pointer   |
|matrix_i_65_V_dout     |  in |   16|   ap_fifo  | matrix_i_65_V |    pointer   |
|matrix_i_65_V_empty_n  |  in |    1|   ap_fifo  | matrix_i_65_V |    pointer   |
|matrix_i_65_V_read     | out |    1|   ap_fifo  | matrix_i_65_V |    pointer   |
|matrix_i_66_V_dout     |  in |   16|   ap_fifo  | matrix_i_66_V |    pointer   |
|matrix_i_66_V_empty_n  |  in |    1|   ap_fifo  | matrix_i_66_V |    pointer   |
|matrix_i_66_V_read     | out |    1|   ap_fifo  | matrix_i_66_V |    pointer   |
|matrix_i_67_V_dout     |  in |   16|   ap_fifo  | matrix_i_67_V |    pointer   |
|matrix_i_67_V_empty_n  |  in |    1|   ap_fifo  | matrix_i_67_V |    pointer   |
|matrix_i_67_V_read     | out |    1|   ap_fifo  | matrix_i_67_V |    pointer   |
|matrix_i_68_V_dout     |  in |   16|   ap_fifo  | matrix_i_68_V |    pointer   |
|matrix_i_68_V_empty_n  |  in |    1|   ap_fifo  | matrix_i_68_V |    pointer   |
|matrix_i_68_V_read     | out |    1|   ap_fifo  | matrix_i_68_V |    pointer   |
|matrix_i_69_V_dout     |  in |   16|   ap_fifo  | matrix_i_69_V |    pointer   |
|matrix_i_69_V_empty_n  |  in |    1|   ap_fifo  | matrix_i_69_V |    pointer   |
|matrix_i_69_V_read     | out |    1|   ap_fifo  | matrix_i_69_V |    pointer   |
|matrix_i_70_V_dout     |  in |   16|   ap_fifo  | matrix_i_70_V |    pointer   |
|matrix_i_70_V_empty_n  |  in |    1|   ap_fifo  | matrix_i_70_V |    pointer   |
|matrix_i_70_V_read     | out |    1|   ap_fifo  | matrix_i_70_V |    pointer   |
|matrix_i_71_V_dout     |  in |   16|   ap_fifo  | matrix_i_71_V |    pointer   |
|matrix_i_71_V_empty_n  |  in |    1|   ap_fifo  | matrix_i_71_V |    pointer   |
|matrix_i_71_V_read     | out |    1|   ap_fifo  | matrix_i_71_V |    pointer   |
|matrix_i_72_V_dout     |  in |   16|   ap_fifo  | matrix_i_72_V |    pointer   |
|matrix_i_72_V_empty_n  |  in |    1|   ap_fifo  | matrix_i_72_V |    pointer   |
|matrix_i_72_V_read     | out |    1|   ap_fifo  | matrix_i_72_V |    pointer   |
|matrix_i_73_V_dout     |  in |   16|   ap_fifo  | matrix_i_73_V |    pointer   |
|matrix_i_73_V_empty_n  |  in |    1|   ap_fifo  | matrix_i_73_V |    pointer   |
|matrix_i_73_V_read     | out |    1|   ap_fifo  | matrix_i_73_V |    pointer   |
|matrix_i_74_V_dout     |  in |   16|   ap_fifo  | matrix_i_74_V |    pointer   |
|matrix_i_74_V_empty_n  |  in |    1|   ap_fifo  | matrix_i_74_V |    pointer   |
|matrix_i_74_V_read     | out |    1|   ap_fifo  | matrix_i_74_V |    pointer   |
|matrix_i_75_V_dout     |  in |   16|   ap_fifo  | matrix_i_75_V |    pointer   |
|matrix_i_75_V_empty_n  |  in |    1|   ap_fifo  | matrix_i_75_V |    pointer   |
|matrix_i_75_V_read     | out |    1|   ap_fifo  | matrix_i_75_V |    pointer   |
|matrix_i_76_V_dout     |  in |   16|   ap_fifo  | matrix_i_76_V |    pointer   |
|matrix_i_76_V_empty_n  |  in |    1|   ap_fifo  | matrix_i_76_V |    pointer   |
|matrix_i_76_V_read     | out |    1|   ap_fifo  | matrix_i_76_V |    pointer   |
|matrix_i_77_V_dout     |  in |   16|   ap_fifo  | matrix_i_77_V |    pointer   |
|matrix_i_77_V_empty_n  |  in |    1|   ap_fifo  | matrix_i_77_V |    pointer   |
|matrix_i_77_V_read     | out |    1|   ap_fifo  | matrix_i_77_V |    pointer   |
|matrix_i_78_V_dout     |  in |   16|   ap_fifo  | matrix_i_78_V |    pointer   |
|matrix_i_78_V_empty_n  |  in |    1|   ap_fifo  | matrix_i_78_V |    pointer   |
|matrix_i_78_V_read     | out |    1|   ap_fifo  | matrix_i_78_V |    pointer   |
|matrix_i_79_V_dout     |  in |   16|   ap_fifo  | matrix_i_79_V |    pointer   |
|matrix_i_79_V_empty_n  |  in |    1|   ap_fifo  | matrix_i_79_V |    pointer   |
|matrix_i_79_V_read     | out |    1|   ap_fifo  | matrix_i_79_V |    pointer   |
|matrix_i_80_V_dout     |  in |   16|   ap_fifo  | matrix_i_80_V |    pointer   |
|matrix_i_80_V_empty_n  |  in |    1|   ap_fifo  | matrix_i_80_V |    pointer   |
|matrix_i_80_V_read     | out |    1|   ap_fifo  | matrix_i_80_V |    pointer   |
|matrix_i_81_V_dout     |  in |   16|   ap_fifo  | matrix_i_81_V |    pointer   |
|matrix_i_81_V_empty_n  |  in |    1|   ap_fifo  | matrix_i_81_V |    pointer   |
|matrix_i_81_V_read     | out |    1|   ap_fifo  | matrix_i_81_V |    pointer   |
|matrix_i_82_V_dout     |  in |   16|   ap_fifo  | matrix_i_82_V |    pointer   |
|matrix_i_82_V_empty_n  |  in |    1|   ap_fifo  | matrix_i_82_V |    pointer   |
|matrix_i_82_V_read     | out |    1|   ap_fifo  | matrix_i_82_V |    pointer   |
|matrix_i_83_V_dout     |  in |   16|   ap_fifo  | matrix_i_83_V |    pointer   |
|matrix_i_83_V_empty_n  |  in |    1|   ap_fifo  | matrix_i_83_V |    pointer   |
|matrix_i_83_V_read     | out |    1|   ap_fifo  | matrix_i_83_V |    pointer   |
|matrix_i_84_V_dout     |  in |   16|   ap_fifo  | matrix_i_84_V |    pointer   |
|matrix_i_84_V_empty_n  |  in |    1|   ap_fifo  | matrix_i_84_V |    pointer   |
|matrix_i_84_V_read     | out |    1|   ap_fifo  | matrix_i_84_V |    pointer   |
|matrix_i_85_V_dout     |  in |   16|   ap_fifo  | matrix_i_85_V |    pointer   |
|matrix_i_85_V_empty_n  |  in |    1|   ap_fifo  | matrix_i_85_V |    pointer   |
|matrix_i_85_V_read     | out |    1|   ap_fifo  | matrix_i_85_V |    pointer   |
|matrix_i_86_V_dout     |  in |   16|   ap_fifo  | matrix_i_86_V |    pointer   |
|matrix_i_86_V_empty_n  |  in |    1|   ap_fifo  | matrix_i_86_V |    pointer   |
|matrix_i_86_V_read     | out |    1|   ap_fifo  | matrix_i_86_V |    pointer   |
|matrix_i_87_V_dout     |  in |   16|   ap_fifo  | matrix_i_87_V |    pointer   |
|matrix_i_87_V_empty_n  |  in |    1|   ap_fifo  | matrix_i_87_V |    pointer   |
|matrix_i_87_V_read     | out |    1|   ap_fifo  | matrix_i_87_V |    pointer   |
|matrix_i_88_V_dout     |  in |   16|   ap_fifo  | matrix_i_88_V |    pointer   |
|matrix_i_88_V_empty_n  |  in |    1|   ap_fifo  | matrix_i_88_V |    pointer   |
|matrix_i_88_V_read     | out |    1|   ap_fifo  | matrix_i_88_V |    pointer   |
|matrix_i_89_V_dout     |  in |   16|   ap_fifo  | matrix_i_89_V |    pointer   |
|matrix_i_89_V_empty_n  |  in |    1|   ap_fifo  | matrix_i_89_V |    pointer   |
|matrix_i_89_V_read     | out |    1|   ap_fifo  | matrix_i_89_V |    pointer   |
|matrix_i_90_V_dout     |  in |   16|   ap_fifo  | matrix_i_90_V |    pointer   |
|matrix_i_90_V_empty_n  |  in |    1|   ap_fifo  | matrix_i_90_V |    pointer   |
|matrix_i_90_V_read     | out |    1|   ap_fifo  | matrix_i_90_V |    pointer   |
|matrix_i_91_V_dout     |  in |   16|   ap_fifo  | matrix_i_91_V |    pointer   |
|matrix_i_91_V_empty_n  |  in |    1|   ap_fifo  | matrix_i_91_V |    pointer   |
|matrix_i_91_V_read     | out |    1|   ap_fifo  | matrix_i_91_V |    pointer   |
|matrix_i_92_V_dout     |  in |   16|   ap_fifo  | matrix_i_92_V |    pointer   |
|matrix_i_92_V_empty_n  |  in |    1|   ap_fifo  | matrix_i_92_V |    pointer   |
|matrix_i_92_V_read     | out |    1|   ap_fifo  | matrix_i_92_V |    pointer   |
|matrix_i_93_V_dout     |  in |   16|   ap_fifo  | matrix_i_93_V |    pointer   |
|matrix_i_93_V_empty_n  |  in |    1|   ap_fifo  | matrix_i_93_V |    pointer   |
|matrix_i_93_V_read     | out |    1|   ap_fifo  | matrix_i_93_V |    pointer   |
|matrix_i_94_V_dout     |  in |   16|   ap_fifo  | matrix_i_94_V |    pointer   |
|matrix_i_94_V_empty_n  |  in |    1|   ap_fifo  | matrix_i_94_V |    pointer   |
|matrix_i_94_V_read     | out |    1|   ap_fifo  | matrix_i_94_V |    pointer   |
|matrix_i_95_V_dout     |  in |   16|   ap_fifo  | matrix_i_95_V |    pointer   |
|matrix_i_95_V_empty_n  |  in |    1|   ap_fifo  | matrix_i_95_V |    pointer   |
|matrix_i_95_V_read     | out |    1|   ap_fifo  | matrix_i_95_V |    pointer   |
|kernel_s1x1_address0   | out |    4|  ap_memory |  kernel_s1x1  |     array    |
|kernel_s1x1_ce0        | out |    1|  ap_memory |  kernel_s1x1  |     array    |
|kernel_s1x1_q0         |  in |   16|  ap_memory |  kernel_s1x1  |     array    |
|matrix_o_0_V_din       | out |   16|   ap_fifo  |  matrix_o_0_V |    pointer   |
|matrix_o_0_V_full_n    |  in |    1|   ap_fifo  |  matrix_o_0_V |    pointer   |
|matrix_o_0_V_write     | out |    1|   ap_fifo  |  matrix_o_0_V |    pointer   |
|matrix_o_1_V_din       | out |   16|   ap_fifo  |  matrix_o_1_V |    pointer   |
|matrix_o_1_V_full_n    |  in |    1|   ap_fifo  |  matrix_o_1_V |    pointer   |
|matrix_o_1_V_write     | out |    1|   ap_fifo  |  matrix_o_1_V |    pointer   |
|matrix_o_2_V_din       | out |   16|   ap_fifo  |  matrix_o_2_V |    pointer   |
|matrix_o_2_V_full_n    |  in |    1|   ap_fifo  |  matrix_o_2_V |    pointer   |
|matrix_o_2_V_write     | out |    1|   ap_fifo  |  matrix_o_2_V |    pointer   |
|matrix_o_3_V_din       | out |   16|   ap_fifo  |  matrix_o_3_V |    pointer   |
|matrix_o_3_V_full_n    |  in |    1|   ap_fifo  |  matrix_o_3_V |    pointer   |
|matrix_o_3_V_write     | out |    1|   ap_fifo  |  matrix_o_3_V |    pointer   |
|matrix_o_4_V_din       | out |   16|   ap_fifo  |  matrix_o_4_V |    pointer   |
|matrix_o_4_V_full_n    |  in |    1|   ap_fifo  |  matrix_o_4_V |    pointer   |
|matrix_o_4_V_write     | out |    1|   ap_fifo  |  matrix_o_4_V |    pointer   |
|matrix_o_5_V_din       | out |   16|   ap_fifo  |  matrix_o_5_V |    pointer   |
|matrix_o_5_V_full_n    |  in |    1|   ap_fifo  |  matrix_o_5_V |    pointer   |
|matrix_o_5_V_write     | out |    1|   ap_fifo  |  matrix_o_5_V |    pointer   |
|matrix_o_6_V_din       | out |   16|   ap_fifo  |  matrix_o_6_V |    pointer   |
|matrix_o_6_V_full_n    |  in |    1|   ap_fifo  |  matrix_o_6_V |    pointer   |
|matrix_o_6_V_write     | out |    1|   ap_fifo  |  matrix_o_6_V |    pointer   |
|matrix_o_7_V_din       | out |   16|   ap_fifo  |  matrix_o_7_V |    pointer   |
|matrix_o_7_V_full_n    |  in |    1|   ap_fifo  |  matrix_o_7_V |    pointer   |
|matrix_o_7_V_write     | out |    1|   ap_fifo  |  matrix_o_7_V |    pointer   |
|matrix_o_8_V_din       | out |   16|   ap_fifo  |  matrix_o_8_V |    pointer   |
|matrix_o_8_V_full_n    |  in |    1|   ap_fifo  |  matrix_o_8_V |    pointer   |
|matrix_o_8_V_write     | out |    1|   ap_fifo  |  matrix_o_8_V |    pointer   |
|matrix_o_9_V_din       | out |   16|   ap_fifo  |  matrix_o_9_V |    pointer   |
|matrix_o_9_V_full_n    |  in |    1|   ap_fifo  |  matrix_o_9_V |    pointer   |
|matrix_o_9_V_write     | out |    1|   ap_fifo  |  matrix_o_9_V |    pointer   |
|matrix_o_10_V_din      | out |   16|   ap_fifo  | matrix_o_10_V |    pointer   |
|matrix_o_10_V_full_n   |  in |    1|   ap_fifo  | matrix_o_10_V |    pointer   |
|matrix_o_10_V_write    | out |    1|   ap_fifo  | matrix_o_10_V |    pointer   |
|matrix_o_11_V_din      | out |   16|   ap_fifo  | matrix_o_11_V |    pointer   |
|matrix_o_11_V_full_n   |  in |    1|   ap_fifo  | matrix_o_11_V |    pointer   |
|matrix_o_11_V_write    | out |    1|   ap_fifo  | matrix_o_11_V |    pointer   |
|matrix_o_12_V_din      | out |   16|   ap_fifo  | matrix_o_12_V |    pointer   |
|matrix_o_12_V_full_n   |  in |    1|   ap_fifo  | matrix_o_12_V |    pointer   |
|matrix_o_12_V_write    | out |    1|   ap_fifo  | matrix_o_12_V |    pointer   |
|matrix_o_13_V_din      | out |   16|   ap_fifo  | matrix_o_13_V |    pointer   |
|matrix_o_13_V_full_n   |  in |    1|   ap_fifo  | matrix_o_13_V |    pointer   |
|matrix_o_13_V_write    | out |    1|   ap_fifo  | matrix_o_13_V |    pointer   |
|matrix_o_14_V_din      | out |   16|   ap_fifo  | matrix_o_14_V |    pointer   |
|matrix_o_14_V_full_n   |  in |    1|   ap_fifo  | matrix_o_14_V |    pointer   |
|matrix_o_14_V_write    | out |    1|   ap_fifo  | matrix_o_14_V |    pointer   |
|matrix_o_15_V_din      | out |   16|   ap_fifo  | matrix_o_15_V |    pointer   |
|matrix_o_15_V_full_n   |  in |    1|   ap_fifo  | matrix_o_15_V |    pointer   |
|matrix_o_15_V_write    | out |    1|   ap_fifo  | matrix_o_15_V |    pointer   |
+-----------------------+-----+-----+------------+---------------+--------------+

