

================================================================
== Vivado HLS Report for 'fire2_combine'
================================================================
* Date:           Mon May 01 22:01:48 2017

* Version:        2015.4 (Build 1412921 on Wed Nov 18 09:58:55 AM 2015)
* Project:        fire_module
* Solution:       solution1
* Product family: zynq
* Target device:  xc7z020clg484-1


================================================================
== Performance Estimates
================================================================
+ Timing (ns): 
    * Summary: 
    +--------+-------+----------+------------+
    |  Clock | Target| Estimated| Uncertainty|
    +--------+-------+----------+------------+
    |ap_clk  |   5.00|      3.71|        0.63|
    +--------+-------+----------+------------+

+ Latency (clock cycles): 
    * Summary: 
    +------+------+------+------+---------+
    |   Latency   |   Interval  | Pipeline|
    |  min |  max |  min |  max |   Type  |
    +------+------+------+------+---------+
    |  6053|  6053|  6053|  6053|   none  |
    +------+------+------+------+---------+

    + Detail: 
        * Instance: 
        N/A

        * Loop: 
        +----------+------+------+----------+-----------+-----------+------+----------+
        |          |   Latency   | Iteration|  Initiation Interval  | Trip |          |
        | Loop Name|  min |  max |  Latency |  achieved |   target  | Count| Pipelined|
        +----------+------+------+----------+-----------+-----------+------+----------+
        |- Loop 1  |  3025|  3025|         2|          1|          1|  3025|    yes   |
        |- Loop 2  |  3025|  3025|         2|          1|          1|  3025|    yes   |
        +----------+------+------+----------+-----------+-----------+------+----------+



================================================================
== Utilization Estimates
================================================================
* Summary: 
+-----------------+---------+-------+--------+-------+
|       Name      | BRAM_18K| DSP48E|   FF   |  LUT  |
+-----------------+---------+-------+--------+-------+
|DSP              |        -|      -|       -|      -|
|Expression       |        -|      -|       0|     37|
|FIFO             |        -|      -|       -|      -|
|Instance         |        -|      -|       -|      -|
|Memory           |        -|      -|       -|      -|
|Multiplexer      |        -|      -|       -|     25|
|Register         |        -|      -|    2083|      -|
+-----------------+---------+-------+--------+-------+
|Total            |        0|      0|    2083|     62|
+-----------------+---------+-------+--------+-------+
|Available        |      280|    220|  106400|  53200|
+-----------------+---------+-------+--------+-------+
|Utilization (%)  |        0|      0|       1|   ~0  |
+-----------------+---------+-------+--------+-------+

+ Detail: 
    * Instance: 
    N/A

    * DSP48: 
    N/A

    * Memory: 
    N/A

    * FIFO: 
    N/A

    * Expression: 
    +---------------------------------+----------+-------+---+----+------------+------------+
    |          Variable Name          | Operation| DSP48E| FF| LUT| Bitwidth P0| Bitwidth P1|
    +---------------------------------+----------+-------+---+----+------------+------------+
    |indvar_flatten_next7_fu_2318_p2  |     +    |      0|  0|  12|          12|           1|
    |indvar_flatten_next_fu_2306_p2   |     +    |      0|  0|  12|          12|           1|
    |exitcond_flatten8_fu_2312_p2     |   icmp   |      0|  0|   5|          12|          12|
    |exitcond_flatten_fu_2300_p2      |   icmp   |      0|  0|   5|          12|          12|
    |ap_sig_bdd_1070                  |    or    |      0|  0|   1|           1|           1|
    |ap_sig_bdd_1605                  |    or    |      0|  0|   1|           1|           1|
    |ap_sig_bdd_1618                  |    or    |      0|  0|   1|           1|           1|
    +---------------------------------+----------+-------+---+----+------------+------------+
    |Total                            |          |      0|  0|  37|          51|          29|
    +---------------------------------+----------+-------+---+----+------------+------------+

    * Multiplexer: 
    +--------------------------+----+-----------+-----+-----------+
    |           Name           | LUT| Input Size| Bits| Total Bits|
    +--------------------------+----+-----------+-----+-----------+
    |ap_NS_fsm                 |   1|          5|    1|          5|
    |indvar_flatten6_reg_2289  |  12|          2|   12|         24|
    |indvar_flatten_reg_2278   |  12|          2|   12|         24|
    +--------------------------+----+-----------+-----+-----------+
    |Total                     |  25|          9|   25|         53|
    +--------------------------+----+-----------+-----+-----------+

    * Register: 
    +----------------------------+----+----+-----+-----------+
    |            Name            | FF | LUT| Bits| Const Bits|
    +----------------------------+----+----+-----+-----------+
    |ap_CS_fsm                   |   4|   0|    4|          0|
    |ap_done_reg                 |   1|   0|    1|          0|
    |ap_reg_ppiten_pp0_it0       |   1|   0|    1|          0|
    |ap_reg_ppiten_pp0_it1       |   1|   0|    1|          0|
    |ap_reg_ppiten_pp1_it0       |   1|   0|    1|          0|
    |ap_reg_ppiten_pp1_it1       |   1|   0|    1|          0|
    |exitcond_flatten8_reg_2653  |   1|   0|    1|          0|
    |exitcond_flatten_reg_2324   |   1|   0|    1|          0|
    |indvar_flatten6_reg_2289    |  12|   0|   12|          0|
    |indvar_flatten_reg_2278     |  12|   0|   12|          0|
    |tmp_138_reg_2333            |  32|   0|   32|          0|
    |tmp_139_reg_2338            |  32|   0|   32|          0|
    |tmp_140_reg_2343            |  32|   0|   32|          0|
    |tmp_141_reg_2348            |  32|   0|   32|          0|
    |tmp_142_reg_2353            |  32|   0|   32|          0|
    |tmp_143_reg_2358            |  32|   0|   32|          0|
    |tmp_144_reg_2363            |  32|   0|   32|          0|
    |tmp_145_reg_2368            |  32|   0|   32|          0|
    |tmp_146_reg_2373            |  32|   0|   32|          0|
    |tmp_147_reg_2378            |  32|   0|   32|          0|
    |tmp_148_reg_2383            |  32|   0|   32|          0|
    |tmp_149_reg_2388            |  32|   0|   32|          0|
    |tmp_150_reg_2393            |  32|   0|   32|          0|
    |tmp_151_reg_2398            |  32|   0|   32|          0|
    |tmp_152_reg_2403            |  32|   0|   32|          0|
    |tmp_153_reg_2408            |  32|   0|   32|          0|
    |tmp_154_reg_2413            |  32|   0|   32|          0|
    |tmp_155_reg_2418            |  32|   0|   32|          0|
    |tmp_156_reg_2423            |  32|   0|   32|          0|
    |tmp_157_reg_2428            |  32|   0|   32|          0|
    |tmp_158_reg_2433            |  32|   0|   32|          0|
    |tmp_159_reg_2438            |  32|   0|   32|          0|
    |tmp_160_reg_2443            |  32|   0|   32|          0|
    |tmp_161_reg_2448            |  32|   0|   32|          0|
    |tmp_162_reg_2453            |  32|   0|   32|          0|
    |tmp_163_reg_2458            |  32|   0|   32|          0|
    |tmp_164_reg_2463            |  32|   0|   32|          0|
    |tmp_165_reg_2468            |  32|   0|   32|          0|
    |tmp_166_reg_2473            |  32|   0|   32|          0|
    |tmp_167_reg_2478            |  32|   0|   32|          0|
    |tmp_168_reg_2483            |  32|   0|   32|          0|
    |tmp_169_reg_2488            |  32|   0|   32|          0|
    |tmp_170_reg_2493            |  32|   0|   32|          0|
    |tmp_171_reg_2498            |  32|   0|   32|          0|
    |tmp_172_reg_2503            |  32|   0|   32|          0|
    |tmp_173_reg_2508            |  32|   0|   32|          0|
    |tmp_174_reg_2513            |  32|   0|   32|          0|
    |tmp_175_reg_2518            |  32|   0|   32|          0|
    |tmp_176_reg_2523            |  32|   0|   32|          0|
    |tmp_177_reg_2528            |  32|   0|   32|          0|
    |tmp_178_reg_2533            |  32|   0|   32|          0|
    |tmp_179_reg_2538            |  32|   0|   32|          0|
    |tmp_180_reg_2543            |  32|   0|   32|          0|
    |tmp_181_reg_2548            |  32|   0|   32|          0|
    |tmp_182_reg_2553            |  32|   0|   32|          0|
    |tmp_183_reg_2558            |  32|   0|   32|          0|
    |tmp_184_reg_2563            |  32|   0|   32|          0|
    |tmp_185_reg_2568            |  32|   0|   32|          0|
    |tmp_186_reg_2573            |  32|   0|   32|          0|
    |tmp_187_reg_2578            |  32|   0|   32|          0|
    |tmp_188_reg_2583            |  32|   0|   32|          0|
    |tmp_189_reg_2588            |  32|   0|   32|          0|
    |tmp_190_reg_2593            |  32|   0|   32|          0|
    |tmp_191_reg_2598            |  32|   0|   32|          0|
    |tmp_192_reg_2603            |  32|   0|   32|          0|
    |tmp_193_reg_2608            |  32|   0|   32|          0|
    |tmp_194_reg_2613            |  32|   0|   32|          0|
    |tmp_195_reg_2618            |  32|   0|   32|          0|
    |tmp_196_reg_2623            |  32|   0|   32|          0|
    |tmp_197_reg_2628            |  32|   0|   32|          0|
    |tmp_198_reg_2633            |  32|   0|   32|          0|
    |tmp_199_reg_2638            |  32|   0|   32|          0|
    |tmp_200_reg_2643            |  32|   0|   32|          0|
    |tmp_201_reg_2648            |  32|   0|   32|          0|
    +----------------------------+----+----+-----+-----------+
    |Total                       |2083|   0| 2083|          0|
    +----------------------------+----+----+-----+-----------+



================================================================
== Interface
================================================================
* Summary: 
+-----------------------------------+-----+-----+------------+---------------------------+--------------+
|             RTL Ports             | Dir | Bits|  Protocol  |       Source Object       |    C Type    |
+-----------------------------------+-----+-----+------------+---------------------------+--------------+
|ap_clk                             |  in |    1| ap_ctrl_hs |       fire2_combine       | return value |
|ap_rst                             |  in |    1| ap_ctrl_hs |       fire2_combine       | return value |
|ap_start                           |  in |    1| ap_ctrl_hs |       fire2_combine       | return value |
|ap_done                            | out |    1| ap_ctrl_hs |       fire2_combine       | return value |
|ap_continue                        |  in |    1| ap_ctrl_hs |       fire2_combine       | return value |
|ap_idle                            | out |    1| ap_ctrl_hs |       fire2_combine       | return value |
|ap_ready                           | out |    1| ap_ctrl_hs |       fire2_combine       | return value |
|matrix_e1x1_stream_o_0_V           |  in |   32|   ap_none  |  matrix_e1x1_stream_o_0_V |    pointer   |
|matrix_e1x1_stream_o_1_V           |  in |   32|   ap_none  |  matrix_e1x1_stream_o_1_V |    pointer   |
|matrix_e1x1_stream_o_2_V           |  in |   32|   ap_none  |  matrix_e1x1_stream_o_2_V |    pointer   |
|matrix_e1x1_stream_o_3_V           |  in |   32|   ap_none  |  matrix_e1x1_stream_o_3_V |    pointer   |
|matrix_e1x1_stream_o_4_V           |  in |   32|   ap_none  |  matrix_e1x1_stream_o_4_V |    pointer   |
|matrix_e1x1_stream_o_5_V           |  in |   32|   ap_none  |  matrix_e1x1_stream_o_5_V |    pointer   |
|matrix_e1x1_stream_o_6_V           |  in |   32|   ap_none  |  matrix_e1x1_stream_o_6_V |    pointer   |
|matrix_e1x1_stream_o_7_V           |  in |   32|   ap_none  |  matrix_e1x1_stream_o_7_V |    pointer   |
|matrix_e1x1_stream_o_8_V           |  in |   32|   ap_none  |  matrix_e1x1_stream_o_8_V |    pointer   |
|matrix_e1x1_stream_o_9_V           |  in |   32|   ap_none  |  matrix_e1x1_stream_o_9_V |    pointer   |
|matrix_e1x1_stream_o_10_V          |  in |   32|   ap_none  | matrix_e1x1_stream_o_10_V |    pointer   |
|matrix_e1x1_stream_o_11_V          |  in |   32|   ap_none  | matrix_e1x1_stream_o_11_V |    pointer   |
|matrix_e1x1_stream_o_12_V          |  in |   32|   ap_none  | matrix_e1x1_stream_o_12_V |    pointer   |
|matrix_e1x1_stream_o_13_V          |  in |   32|   ap_none  | matrix_e1x1_stream_o_13_V |    pointer   |
|matrix_e1x1_stream_o_14_V          |  in |   32|   ap_none  | matrix_e1x1_stream_o_14_V |    pointer   |
|matrix_e1x1_stream_o_15_V          |  in |   32|   ap_none  | matrix_e1x1_stream_o_15_V |    pointer   |
|matrix_e1x1_stream_o_16_V          |  in |   32|   ap_none  | matrix_e1x1_stream_o_16_V |    pointer   |
|matrix_e1x1_stream_o_17_V          |  in |   32|   ap_none  | matrix_e1x1_stream_o_17_V |    pointer   |
|matrix_e1x1_stream_o_18_V          |  in |   32|   ap_none  | matrix_e1x1_stream_o_18_V |    pointer   |
|matrix_e1x1_stream_o_19_V          |  in |   32|   ap_none  | matrix_e1x1_stream_o_19_V |    pointer   |
|matrix_e1x1_stream_o_20_V          |  in |   32|   ap_none  | matrix_e1x1_stream_o_20_V |    pointer   |
|matrix_e1x1_stream_o_21_V          |  in |   32|   ap_none  | matrix_e1x1_stream_o_21_V |    pointer   |
|matrix_e1x1_stream_o_22_V          |  in |   32|   ap_none  | matrix_e1x1_stream_o_22_V |    pointer   |
|matrix_e1x1_stream_o_23_V          |  in |   32|   ap_none  | matrix_e1x1_stream_o_23_V |    pointer   |
|matrix_e1x1_stream_o_24_V          |  in |   32|   ap_none  | matrix_e1x1_stream_o_24_V |    pointer   |
|matrix_e1x1_stream_o_25_V          |  in |   32|   ap_none  | matrix_e1x1_stream_o_25_V |    pointer   |
|matrix_e1x1_stream_o_26_V          |  in |   32|   ap_none  | matrix_e1x1_stream_o_26_V |    pointer   |
|matrix_e1x1_stream_o_27_V          |  in |   32|   ap_none  | matrix_e1x1_stream_o_27_V |    pointer   |
|matrix_e1x1_stream_o_28_V          |  in |   32|   ap_none  | matrix_e1x1_stream_o_28_V |    pointer   |
|matrix_e1x1_stream_o_29_V          |  in |   32|   ap_none  | matrix_e1x1_stream_o_29_V |    pointer   |
|matrix_e1x1_stream_o_30_V          |  in |   32|   ap_none  | matrix_e1x1_stream_o_30_V |    pointer   |
|matrix_e1x1_stream_o_31_V          |  in |   32|   ap_none  | matrix_e1x1_stream_o_31_V |    pointer   |
|matrix_e1x1_stream_o_32_V          |  in |   32|   ap_none  | matrix_e1x1_stream_o_32_V |    pointer   |
|matrix_e1x1_stream_o_33_V          |  in |   32|   ap_none  | matrix_e1x1_stream_o_33_V |    pointer   |
|matrix_e1x1_stream_o_34_V          |  in |   32|   ap_none  | matrix_e1x1_stream_o_34_V |    pointer   |
|matrix_e1x1_stream_o_35_V          |  in |   32|   ap_none  | matrix_e1x1_stream_o_35_V |    pointer   |
|matrix_e1x1_stream_o_36_V          |  in |   32|   ap_none  | matrix_e1x1_stream_o_36_V |    pointer   |
|matrix_e1x1_stream_o_37_V          |  in |   32|   ap_none  | matrix_e1x1_stream_o_37_V |    pointer   |
|matrix_e1x1_stream_o_38_V          |  in |   32|   ap_none  | matrix_e1x1_stream_o_38_V |    pointer   |
|matrix_e1x1_stream_o_39_V          |  in |   32|   ap_none  | matrix_e1x1_stream_o_39_V |    pointer   |
|matrix_e1x1_stream_o_40_V          |  in |   32|   ap_none  | matrix_e1x1_stream_o_40_V |    pointer   |
|matrix_e1x1_stream_o_41_V          |  in |   32|   ap_none  | matrix_e1x1_stream_o_41_V |    pointer   |
|matrix_e1x1_stream_o_42_V          |  in |   32|   ap_none  | matrix_e1x1_stream_o_42_V |    pointer   |
|matrix_e1x1_stream_o_43_V          |  in |   32|   ap_none  | matrix_e1x1_stream_o_43_V |    pointer   |
|matrix_e1x1_stream_o_44_V          |  in |   32|   ap_none  | matrix_e1x1_stream_o_44_V |    pointer   |
|matrix_e1x1_stream_o_45_V          |  in |   32|   ap_none  | matrix_e1x1_stream_o_45_V |    pointer   |
|matrix_e1x1_stream_o_46_V          |  in |   32|   ap_none  | matrix_e1x1_stream_o_46_V |    pointer   |
|matrix_e1x1_stream_o_47_V          |  in |   32|   ap_none  | matrix_e1x1_stream_o_47_V |    pointer   |
|matrix_e1x1_stream_o_48_V          |  in |   32|   ap_none  | matrix_e1x1_stream_o_48_V |    pointer   |
|matrix_e1x1_stream_o_49_V          |  in |   32|   ap_none  | matrix_e1x1_stream_o_49_V |    pointer   |
|matrix_e1x1_stream_o_50_V          |  in |   32|   ap_none  | matrix_e1x1_stream_o_50_V |    pointer   |
|matrix_e1x1_stream_o_51_V          |  in |   32|   ap_none  | matrix_e1x1_stream_o_51_V |    pointer   |
|matrix_e1x1_stream_o_52_V          |  in |   32|   ap_none  | matrix_e1x1_stream_o_52_V |    pointer   |
|matrix_e1x1_stream_o_53_V          |  in |   32|   ap_none  | matrix_e1x1_stream_o_53_V |    pointer   |
|matrix_e1x1_stream_o_54_V          |  in |   32|   ap_none  | matrix_e1x1_stream_o_54_V |    pointer   |
|matrix_e1x1_stream_o_55_V          |  in |   32|   ap_none  | matrix_e1x1_stream_o_55_V |    pointer   |
|matrix_e1x1_stream_o_56_V          |  in |   32|   ap_none  | matrix_e1x1_stream_o_56_V |    pointer   |
|matrix_e1x1_stream_o_57_V          |  in |   32|   ap_none  | matrix_e1x1_stream_o_57_V |    pointer   |
|matrix_e1x1_stream_o_58_V          |  in |   32|   ap_none  | matrix_e1x1_stream_o_58_V |    pointer   |
|matrix_e1x1_stream_o_59_V          |  in |   32|   ap_none  | matrix_e1x1_stream_o_59_V |    pointer   |
|matrix_e1x1_stream_o_60_V          |  in |   32|   ap_none  | matrix_e1x1_stream_o_60_V |    pointer   |
|matrix_e1x1_stream_o_61_V          |  in |   32|   ap_none  | matrix_e1x1_stream_o_61_V |    pointer   |
|matrix_e1x1_stream_o_62_V          |  in |   32|   ap_none  | matrix_e1x1_stream_o_62_V |    pointer   |
|matrix_e1x1_stream_o_63_V          |  in |   32|   ap_none  | matrix_e1x1_stream_o_63_V |    pointer   |
|matrix_e3x3_stream_o_0_V_dout      |  in |   32|   ap_fifo  |  matrix_e3x3_stream_o_0_V |    pointer   |
|matrix_e3x3_stream_o_0_V_empty_n   |  in |    1|   ap_fifo  |  matrix_e3x3_stream_o_0_V |    pointer   |
|matrix_e3x3_stream_o_0_V_read      | out |    1|   ap_fifo  |  matrix_e3x3_stream_o_0_V |    pointer   |
|matrix_e3x3_stream_o_1_V_dout      |  in |   32|   ap_fifo  |  matrix_e3x3_stream_o_1_V |    pointer   |
|matrix_e3x3_stream_o_1_V_empty_n   |  in |    1|   ap_fifo  |  matrix_e3x3_stream_o_1_V |    pointer   |
|matrix_e3x3_stream_o_1_V_read      | out |    1|   ap_fifo  |  matrix_e3x3_stream_o_1_V |    pointer   |
|matrix_e3x3_stream_o_2_V_dout      |  in |   32|   ap_fifo  |  matrix_e3x3_stream_o_2_V |    pointer   |
|matrix_e3x3_stream_o_2_V_empty_n   |  in |    1|   ap_fifo  |  matrix_e3x3_stream_o_2_V |    pointer   |
|matrix_e3x3_stream_o_2_V_read      | out |    1|   ap_fifo  |  matrix_e3x3_stream_o_2_V |    pointer   |
|matrix_e3x3_stream_o_3_V_dout      |  in |   32|   ap_fifo  |  matrix_e3x3_stream_o_3_V |    pointer   |
|matrix_e3x3_stream_o_3_V_empty_n   |  in |    1|   ap_fifo  |  matrix_e3x3_stream_o_3_V |    pointer   |
|matrix_e3x3_stream_o_3_V_read      | out |    1|   ap_fifo  |  matrix_e3x3_stream_o_3_V |    pointer   |
|matrix_e3x3_stream_o_4_V_dout      |  in |   32|   ap_fifo  |  matrix_e3x3_stream_o_4_V |    pointer   |
|matrix_e3x3_stream_o_4_V_empty_n   |  in |    1|   ap_fifo  |  matrix_e3x3_stream_o_4_V |    pointer   |
|matrix_e3x3_stream_o_4_V_read      | out |    1|   ap_fifo  |  matrix_e3x3_stream_o_4_V |    pointer   |
|matrix_e3x3_stream_o_5_V_dout      |  in |   32|   ap_fifo  |  matrix_e3x3_stream_o_5_V |    pointer   |
|matrix_e3x3_stream_o_5_V_empty_n   |  in |    1|   ap_fifo  |  matrix_e3x3_stream_o_5_V |    pointer   |
|matrix_e3x3_stream_o_5_V_read      | out |    1|   ap_fifo  |  matrix_e3x3_stream_o_5_V |    pointer   |
|matrix_e3x3_stream_o_6_V_dout      |  in |   32|   ap_fifo  |  matrix_e3x3_stream_o_6_V |    pointer   |
|matrix_e3x3_stream_o_6_V_empty_n   |  in |    1|   ap_fifo  |  matrix_e3x3_stream_o_6_V |    pointer   |
|matrix_e3x3_stream_o_6_V_read      | out |    1|   ap_fifo  |  matrix_e3x3_stream_o_6_V |    pointer   |
|matrix_e3x3_stream_o_7_V_dout      |  in |   32|   ap_fifo  |  matrix_e3x3_stream_o_7_V |    pointer   |
|matrix_e3x3_stream_o_7_V_empty_n   |  in |    1|   ap_fifo  |  matrix_e3x3_stream_o_7_V |    pointer   |
|matrix_e3x3_stream_o_7_V_read      | out |    1|   ap_fifo  |  matrix_e3x3_stream_o_7_V |    pointer   |
|matrix_e3x3_stream_o_8_V_dout      |  in |   32|   ap_fifo  |  matrix_e3x3_stream_o_8_V |    pointer   |
|matrix_e3x3_stream_o_8_V_empty_n   |  in |    1|   ap_fifo  |  matrix_e3x3_stream_o_8_V |    pointer   |
|matrix_e3x3_stream_o_8_V_read      | out |    1|   ap_fifo  |  matrix_e3x3_stream_o_8_V |    pointer   |
|matrix_e3x3_stream_o_9_V_dout      |  in |   32|   ap_fifo  |  matrix_e3x3_stream_o_9_V |    pointer   |
|matrix_e3x3_stream_o_9_V_empty_n   |  in |    1|   ap_fifo  |  matrix_e3x3_stream_o_9_V |    pointer   |
|matrix_e3x3_stream_o_9_V_read      | out |    1|   ap_fifo  |  matrix_e3x3_stream_o_9_V |    pointer   |
|matrix_e3x3_stream_o_10_V_dout     |  in |   32|   ap_fifo  | matrix_e3x3_stream_o_10_V |    pointer   |
|matrix_e3x3_stream_o_10_V_empty_n  |  in |    1|   ap_fifo  | matrix_e3x3_stream_o_10_V |    pointer   |
|matrix_e3x3_stream_o_10_V_read     | out |    1|   ap_fifo  | matrix_e3x3_stream_o_10_V |    pointer   |
|matrix_e3x3_stream_o_11_V_dout     |  in |   32|   ap_fifo  | matrix_e3x3_stream_o_11_V |    pointer   |
|matrix_e3x3_stream_o_11_V_empty_n  |  in |    1|   ap_fifo  | matrix_e3x3_stream_o_11_V |    pointer   |
|matrix_e3x3_stream_o_11_V_read     | out |    1|   ap_fifo  | matrix_e3x3_stream_o_11_V |    pointer   |
|matrix_e3x3_stream_o_12_V_dout     |  in |   32|   ap_fifo  | matrix_e3x3_stream_o_12_V |    pointer   |
|matrix_e3x3_stream_o_12_V_empty_n  |  in |    1|   ap_fifo  | matrix_e3x3_stream_o_12_V |    pointer   |
|matrix_e3x3_stream_o_12_V_read     | out |    1|   ap_fifo  | matrix_e3x3_stream_o_12_V |    pointer   |
|matrix_e3x3_stream_o_13_V_dout     |  in |   32|   ap_fifo  | matrix_e3x3_stream_o_13_V |    pointer   |
|matrix_e3x3_stream_o_13_V_empty_n  |  in |    1|   ap_fifo  | matrix_e3x3_stream_o_13_V |    pointer   |
|matrix_e3x3_stream_o_13_V_read     | out |    1|   ap_fifo  | matrix_e3x3_stream_o_13_V |    pointer   |
|matrix_e3x3_stream_o_14_V_dout     |  in |   32|   ap_fifo  | matrix_e3x3_stream_o_14_V |    pointer   |
|matrix_e3x3_stream_o_14_V_empty_n  |  in |    1|   ap_fifo  | matrix_e3x3_stream_o_14_V |    pointer   |
|matrix_e3x3_stream_o_14_V_read     | out |    1|   ap_fifo  | matrix_e3x3_stream_o_14_V |    pointer   |
|matrix_e3x3_stream_o_15_V_dout     |  in |   32|   ap_fifo  | matrix_e3x3_stream_o_15_V |    pointer   |
|matrix_e3x3_stream_o_15_V_empty_n  |  in |    1|   ap_fifo  | matrix_e3x3_stream_o_15_V |    pointer   |
|matrix_e3x3_stream_o_15_V_read     | out |    1|   ap_fifo  | matrix_e3x3_stream_o_15_V |    pointer   |
|matrix_e3x3_stream_o_16_V_dout     |  in |   32|   ap_fifo  | matrix_e3x3_stream_o_16_V |    pointer   |
|matrix_e3x3_stream_o_16_V_empty_n  |  in |    1|   ap_fifo  | matrix_e3x3_stream_o_16_V |    pointer   |
|matrix_e3x3_stream_o_16_V_read     | out |    1|   ap_fifo  | matrix_e3x3_stream_o_16_V |    pointer   |
|matrix_e3x3_stream_o_17_V_dout     |  in |   32|   ap_fifo  | matrix_e3x3_stream_o_17_V |    pointer   |
|matrix_e3x3_stream_o_17_V_empty_n  |  in |    1|   ap_fifo  | matrix_e3x3_stream_o_17_V |    pointer   |
|matrix_e3x3_stream_o_17_V_read     | out |    1|   ap_fifo  | matrix_e3x3_stream_o_17_V |    pointer   |
|matrix_e3x3_stream_o_18_V_dout     |  in |   32|   ap_fifo  | matrix_e3x3_stream_o_18_V |    pointer   |
|matrix_e3x3_stream_o_18_V_empty_n  |  in |    1|   ap_fifo  | matrix_e3x3_stream_o_18_V |    pointer   |
|matrix_e3x3_stream_o_18_V_read     | out |    1|   ap_fifo  | matrix_e3x3_stream_o_18_V |    pointer   |
|matrix_e3x3_stream_o_19_V_dout     |  in |   32|   ap_fifo  | matrix_e3x3_stream_o_19_V |    pointer   |
|matrix_e3x3_stream_o_19_V_empty_n  |  in |    1|   ap_fifo  | matrix_e3x3_stream_o_19_V |    pointer   |
|matrix_e3x3_stream_o_19_V_read     | out |    1|   ap_fifo  | matrix_e3x3_stream_o_19_V |    pointer   |
|matrix_e3x3_stream_o_20_V_dout     |  in |   32|   ap_fifo  | matrix_e3x3_stream_o_20_V |    pointer   |
|matrix_e3x3_stream_o_20_V_empty_n  |  in |    1|   ap_fifo  | matrix_e3x3_stream_o_20_V |    pointer   |
|matrix_e3x3_stream_o_20_V_read     | out |    1|   ap_fifo  | matrix_e3x3_stream_o_20_V |    pointer   |
|matrix_e3x3_stream_o_21_V_dout     |  in |   32|   ap_fifo  | matrix_e3x3_stream_o_21_V |    pointer   |
|matrix_e3x3_stream_o_21_V_empty_n  |  in |    1|   ap_fifo  | matrix_e3x3_stream_o_21_V |    pointer   |
|matrix_e3x3_stream_o_21_V_read     | out |    1|   ap_fifo  | matrix_e3x3_stream_o_21_V |    pointer   |
|matrix_e3x3_stream_o_22_V_dout     |  in |   32|   ap_fifo  | matrix_e3x3_stream_o_22_V |    pointer   |
|matrix_e3x3_stream_o_22_V_empty_n  |  in |    1|   ap_fifo  | matrix_e3x3_stream_o_22_V |    pointer   |
|matrix_e3x3_stream_o_22_V_read     | out |    1|   ap_fifo  | matrix_e3x3_stream_o_22_V |    pointer   |
|matrix_e3x3_stream_o_23_V_dout     |  in |   32|   ap_fifo  | matrix_e3x3_stream_o_23_V |    pointer   |
|matrix_e3x3_stream_o_23_V_empty_n  |  in |    1|   ap_fifo  | matrix_e3x3_stream_o_23_V |    pointer   |
|matrix_e3x3_stream_o_23_V_read     | out |    1|   ap_fifo  | matrix_e3x3_stream_o_23_V |    pointer   |
|matrix_e3x3_stream_o_24_V_dout     |  in |   32|   ap_fifo  | matrix_e3x3_stream_o_24_V |    pointer   |
|matrix_e3x3_stream_o_24_V_empty_n  |  in |    1|   ap_fifo  | matrix_e3x3_stream_o_24_V |    pointer   |
|matrix_e3x3_stream_o_24_V_read     | out |    1|   ap_fifo  | matrix_e3x3_stream_o_24_V |    pointer   |
|matrix_e3x3_stream_o_25_V_dout     |  in |   32|   ap_fifo  | matrix_e3x3_stream_o_25_V |    pointer   |
|matrix_e3x3_stream_o_25_V_empty_n  |  in |    1|   ap_fifo  | matrix_e3x3_stream_o_25_V |    pointer   |
|matrix_e3x3_stream_o_25_V_read     | out |    1|   ap_fifo  | matrix_e3x3_stream_o_25_V |    pointer   |
|matrix_e3x3_stream_o_26_V_dout     |  in |   32|   ap_fifo  | matrix_e3x3_stream_o_26_V |    pointer   |
|matrix_e3x3_stream_o_26_V_empty_n  |  in |    1|   ap_fifo  | matrix_e3x3_stream_o_26_V |    pointer   |
|matrix_e3x3_stream_o_26_V_read     | out |    1|   ap_fifo  | matrix_e3x3_stream_o_26_V |    pointer   |
|matrix_e3x3_stream_o_27_V_dout     |  in |   32|   ap_fifo  | matrix_e3x3_stream_o_27_V |    pointer   |
|matrix_e3x3_stream_o_27_V_empty_n  |  in |    1|   ap_fifo  | matrix_e3x3_stream_o_27_V |    pointer   |
|matrix_e3x3_stream_o_27_V_read     | out |    1|   ap_fifo  | matrix_e3x3_stream_o_27_V |    pointer   |
|matrix_e3x3_stream_o_28_V_dout     |  in |   32|   ap_fifo  | matrix_e3x3_stream_o_28_V |    pointer   |
|matrix_e3x3_stream_o_28_V_empty_n  |  in |    1|   ap_fifo  | matrix_e3x3_stream_o_28_V |    pointer   |
|matrix_e3x3_stream_o_28_V_read     | out |    1|   ap_fifo  | matrix_e3x3_stream_o_28_V |    pointer   |
|matrix_e3x3_stream_o_29_V_dout     |  in |   32|   ap_fifo  | matrix_e3x3_stream_o_29_V |    pointer   |
|matrix_e3x3_stream_o_29_V_empty_n  |  in |    1|   ap_fifo  | matrix_e3x3_stream_o_29_V |    pointer   |
|matrix_e3x3_stream_o_29_V_read     | out |    1|   ap_fifo  | matrix_e3x3_stream_o_29_V |    pointer   |
|matrix_e3x3_stream_o_30_V_dout     |  in |   32|   ap_fifo  | matrix_e3x3_stream_o_30_V |    pointer   |
|matrix_e3x3_stream_o_30_V_empty_n  |  in |    1|   ap_fifo  | matrix_e3x3_stream_o_30_V |    pointer   |
|matrix_e3x3_stream_o_30_V_read     | out |    1|   ap_fifo  | matrix_e3x3_stream_o_30_V |    pointer   |
|matrix_e3x3_stream_o_31_V_dout     |  in |   32|   ap_fifo  | matrix_e3x3_stream_o_31_V |    pointer   |
|matrix_e3x3_stream_o_31_V_empty_n  |  in |    1|   ap_fifo  | matrix_e3x3_stream_o_31_V |    pointer   |
|matrix_e3x3_stream_o_31_V_read     | out |    1|   ap_fifo  | matrix_e3x3_stream_o_31_V |    pointer   |
|matrix_e3x3_stream_o_32_V_dout     |  in |   32|   ap_fifo  | matrix_e3x3_stream_o_32_V |    pointer   |
|matrix_e3x3_stream_o_32_V_empty_n  |  in |    1|   ap_fifo  | matrix_e3x3_stream_o_32_V |    pointer   |
|matrix_e3x3_stream_o_32_V_read     | out |    1|   ap_fifo  | matrix_e3x3_stream_o_32_V |    pointer   |
|matrix_e3x3_stream_o_33_V_dout     |  in |   32|   ap_fifo  | matrix_e3x3_stream_o_33_V |    pointer   |
|matrix_e3x3_stream_o_33_V_empty_n  |  in |    1|   ap_fifo  | matrix_e3x3_stream_o_33_V |    pointer   |
|matrix_e3x3_stream_o_33_V_read     | out |    1|   ap_fifo  | matrix_e3x3_stream_o_33_V |    pointer   |
|matrix_e3x3_stream_o_34_V_dout     |  in |   32|   ap_fifo  | matrix_e3x3_stream_o_34_V |    pointer   |
|matrix_e3x3_stream_o_34_V_empty_n  |  in |    1|   ap_fifo  | matrix_e3x3_stream_o_34_V |    pointer   |
|matrix_e3x3_stream_o_34_V_read     | out |    1|   ap_fifo  | matrix_e3x3_stream_o_34_V |    pointer   |
|matrix_e3x3_stream_o_35_V_dout     |  in |   32|   ap_fifo  | matrix_e3x3_stream_o_35_V |    pointer   |
|matrix_e3x3_stream_o_35_V_empty_n  |  in |    1|   ap_fifo  | matrix_e3x3_stream_o_35_V |    pointer   |
|matrix_e3x3_stream_o_35_V_read     | out |    1|   ap_fifo  | matrix_e3x3_stream_o_35_V |    pointer   |
|matrix_e3x3_stream_o_36_V_dout     |  in |   32|   ap_fifo  | matrix_e3x3_stream_o_36_V |    pointer   |
|matrix_e3x3_stream_o_36_V_empty_n  |  in |    1|   ap_fifo  | matrix_e3x3_stream_o_36_V |    pointer   |
|matrix_e3x3_stream_o_36_V_read     | out |    1|   ap_fifo  | matrix_e3x3_stream_o_36_V |    pointer   |
|matrix_e3x3_stream_o_37_V_dout     |  in |   32|   ap_fifo  | matrix_e3x3_stream_o_37_V |    pointer   |
|matrix_e3x3_stream_o_37_V_empty_n  |  in |    1|   ap_fifo  | matrix_e3x3_stream_o_37_V |    pointer   |
|matrix_e3x3_stream_o_37_V_read     | out |    1|   ap_fifo  | matrix_e3x3_stream_o_37_V |    pointer   |
|matrix_e3x3_stream_o_38_V_dout     |  in |   32|   ap_fifo  | matrix_e3x3_stream_o_38_V |    pointer   |
|matrix_e3x3_stream_o_38_V_empty_n  |  in |    1|   ap_fifo  | matrix_e3x3_stream_o_38_V |    pointer   |
|matrix_e3x3_stream_o_38_V_read     | out |    1|   ap_fifo  | matrix_e3x3_stream_o_38_V |    pointer   |
|matrix_e3x3_stream_o_39_V_dout     |  in |   32|   ap_fifo  | matrix_e3x3_stream_o_39_V |    pointer   |
|matrix_e3x3_stream_o_39_V_empty_n  |  in |    1|   ap_fifo  | matrix_e3x3_stream_o_39_V |    pointer   |
|matrix_e3x3_stream_o_39_V_read     | out |    1|   ap_fifo  | matrix_e3x3_stream_o_39_V |    pointer   |
|matrix_e3x3_stream_o_40_V_dout     |  in |   32|   ap_fifo  | matrix_e3x3_stream_o_40_V |    pointer   |
|matrix_e3x3_stream_o_40_V_empty_n  |  in |    1|   ap_fifo  | matrix_e3x3_stream_o_40_V |    pointer   |
|matrix_e3x3_stream_o_40_V_read     | out |    1|   ap_fifo  | matrix_e3x3_stream_o_40_V |    pointer   |
|matrix_e3x3_stream_o_41_V_dout     |  in |   32|   ap_fifo  | matrix_e3x3_stream_o_41_V |    pointer   |
|matrix_e3x3_stream_o_41_V_empty_n  |  in |    1|   ap_fifo  | matrix_e3x3_stream_o_41_V |    pointer   |
|matrix_e3x3_stream_o_41_V_read     | out |    1|   ap_fifo  | matrix_e3x3_stream_o_41_V |    pointer   |
|matrix_e3x3_stream_o_42_V_dout     |  in |   32|   ap_fifo  | matrix_e3x3_stream_o_42_V |    pointer   |
|matrix_e3x3_stream_o_42_V_empty_n  |  in |    1|   ap_fifo  | matrix_e3x3_stream_o_42_V |    pointer   |
|matrix_e3x3_stream_o_42_V_read     | out |    1|   ap_fifo  | matrix_e3x3_stream_o_42_V |    pointer   |
|matrix_e3x3_stream_o_43_V_dout     |  in |   32|   ap_fifo  | matrix_e3x3_stream_o_43_V |    pointer   |
|matrix_e3x3_stream_o_43_V_empty_n  |  in |    1|   ap_fifo  | matrix_e3x3_stream_o_43_V |    pointer   |
|matrix_e3x3_stream_o_43_V_read     | out |    1|   ap_fifo  | matrix_e3x3_stream_o_43_V |    pointer   |
|matrix_e3x3_stream_o_44_V_dout     |  in |   32|   ap_fifo  | matrix_e3x3_stream_o_44_V |    pointer   |
|matrix_e3x3_stream_o_44_V_empty_n  |  in |    1|   ap_fifo  | matrix_e3x3_stream_o_44_V |    pointer   |
|matrix_e3x3_stream_o_44_V_read     | out |    1|   ap_fifo  | matrix_e3x3_stream_o_44_V |    pointer   |
|matrix_e3x3_stream_o_45_V_dout     |  in |   32|   ap_fifo  | matrix_e3x3_stream_o_45_V |    pointer   |
|matrix_e3x3_stream_o_45_V_empty_n  |  in |    1|   ap_fifo  | matrix_e3x3_stream_o_45_V |    pointer   |
|matrix_e3x3_stream_o_45_V_read     | out |    1|   ap_fifo  | matrix_e3x3_stream_o_45_V |    pointer   |
|matrix_e3x3_stream_o_46_V_dout     |  in |   32|   ap_fifo  | matrix_e3x3_stream_o_46_V |    pointer   |
|matrix_e3x3_stream_o_46_V_empty_n  |  in |    1|   ap_fifo  | matrix_e3x3_stream_o_46_V |    pointer   |
|matrix_e3x3_stream_o_46_V_read     | out |    1|   ap_fifo  | matrix_e3x3_stream_o_46_V |    pointer   |
|matrix_e3x3_stream_o_47_V_dout     |  in |   32|   ap_fifo  | matrix_e3x3_stream_o_47_V |    pointer   |
|matrix_e3x3_stream_o_47_V_empty_n  |  in |    1|   ap_fifo  | matrix_e3x3_stream_o_47_V |    pointer   |
|matrix_e3x3_stream_o_47_V_read     | out |    1|   ap_fifo  | matrix_e3x3_stream_o_47_V |    pointer   |
|matrix_e3x3_stream_o_48_V_dout     |  in |   32|   ap_fifo  | matrix_e3x3_stream_o_48_V |    pointer   |
|matrix_e3x3_stream_o_48_V_empty_n  |  in |    1|   ap_fifo  | matrix_e3x3_stream_o_48_V |    pointer   |
|matrix_e3x3_stream_o_48_V_read     | out |    1|   ap_fifo  | matrix_e3x3_stream_o_48_V |    pointer   |
|matrix_e3x3_stream_o_49_V_dout     |  in |   32|   ap_fifo  | matrix_e3x3_stream_o_49_V |    pointer   |
|matrix_e3x3_stream_o_49_V_empty_n  |  in |    1|   ap_fifo  | matrix_e3x3_stream_o_49_V |    pointer   |
|matrix_e3x3_stream_o_49_V_read     | out |    1|   ap_fifo  | matrix_e3x3_stream_o_49_V |    pointer   |
|matrix_e3x3_stream_o_50_V_dout     |  in |   32|   ap_fifo  | matrix_e3x3_stream_o_50_V |    pointer   |
|matrix_e3x3_stream_o_50_V_empty_n  |  in |    1|   ap_fifo  | matrix_e3x3_stream_o_50_V |    pointer   |
|matrix_e3x3_stream_o_50_V_read     | out |    1|   ap_fifo  | matrix_e3x3_stream_o_50_V |    pointer   |
|matrix_e3x3_stream_o_51_V_dout     |  in |   32|   ap_fifo  | matrix_e3x3_stream_o_51_V |    pointer   |
|matrix_e3x3_stream_o_51_V_empty_n  |  in |    1|   ap_fifo  | matrix_e3x3_stream_o_51_V |    pointer   |
|matrix_e3x3_stream_o_51_V_read     | out |    1|   ap_fifo  | matrix_e3x3_stream_o_51_V |    pointer   |
|matrix_e3x3_stream_o_52_V_dout     |  in |   32|   ap_fifo  | matrix_e3x3_stream_o_52_V |    pointer   |
|matrix_e3x3_stream_o_52_V_empty_n  |  in |    1|   ap_fifo  | matrix_e3x3_stream_o_52_V |    pointer   |
|matrix_e3x3_stream_o_52_V_read     | out |    1|   ap_fifo  | matrix_e3x3_stream_o_52_V |    pointer   |
|matrix_e3x3_stream_o_53_V_dout     |  in |   32|   ap_fifo  | matrix_e3x3_stream_o_53_V |    pointer   |
|matrix_e3x3_stream_o_53_V_empty_n  |  in |    1|   ap_fifo  | matrix_e3x3_stream_o_53_V |    pointer   |
|matrix_e3x3_stream_o_53_V_read     | out |    1|   ap_fifo  | matrix_e3x3_stream_o_53_V |    pointer   |
|matrix_e3x3_stream_o_54_V_dout     |  in |   32|   ap_fifo  | matrix_e3x3_stream_o_54_V |    pointer   |
|matrix_e3x3_stream_o_54_V_empty_n  |  in |    1|   ap_fifo  | matrix_e3x3_stream_o_54_V |    pointer   |
|matrix_e3x3_stream_o_54_V_read     | out |    1|   ap_fifo  | matrix_e3x3_stream_o_54_V |    pointer   |
|matrix_e3x3_stream_o_55_V_dout     |  in |   32|   ap_fifo  | matrix_e3x3_stream_o_55_V |    pointer   |
|matrix_e3x3_stream_o_55_V_empty_n  |  in |    1|   ap_fifo  | matrix_e3x3_stream_o_55_V |    pointer   |
|matrix_e3x3_stream_o_55_V_read     | out |    1|   ap_fifo  | matrix_e3x3_stream_o_55_V |    pointer   |
|matrix_e3x3_stream_o_56_V_dout     |  in |   32|   ap_fifo  | matrix_e3x3_stream_o_56_V |    pointer   |
|matrix_e3x3_stream_o_56_V_empty_n  |  in |    1|   ap_fifo  | matrix_e3x3_stream_o_56_V |    pointer   |
|matrix_e3x3_stream_o_56_V_read     | out |    1|   ap_fifo  | matrix_e3x3_stream_o_56_V |    pointer   |
|matrix_e3x3_stream_o_57_V_dout     |  in |   32|   ap_fifo  | matrix_e3x3_stream_o_57_V |    pointer   |
|matrix_e3x3_stream_o_57_V_empty_n  |  in |    1|   ap_fifo  | matrix_e3x3_stream_o_57_V |    pointer   |
|matrix_e3x3_stream_o_57_V_read     | out |    1|   ap_fifo  | matrix_e3x3_stream_o_57_V |    pointer   |
|matrix_e3x3_stream_o_58_V_dout     |  in |   32|   ap_fifo  | matrix_e3x3_stream_o_58_V |    pointer   |
|matrix_e3x3_stream_o_58_V_empty_n  |  in |    1|   ap_fifo  | matrix_e3x3_stream_o_58_V |    pointer   |
|matrix_e3x3_stream_o_58_V_read     | out |    1|   ap_fifo  | matrix_e3x3_stream_o_58_V |    pointer   |
|matrix_e3x3_stream_o_59_V_dout     |  in |   32|   ap_fifo  | matrix_e3x3_stream_o_59_V |    pointer   |
|matrix_e3x3_stream_o_59_V_empty_n  |  in |    1|   ap_fifo  | matrix_e3x3_stream_o_59_V |    pointer   |
|matrix_e3x3_stream_o_59_V_read     | out |    1|   ap_fifo  | matrix_e3x3_stream_o_59_V |    pointer   |
|matrix_e3x3_stream_o_60_V_dout     |  in |   32|   ap_fifo  | matrix_e3x3_stream_o_60_V |    pointer   |
|matrix_e3x3_stream_o_60_V_empty_n  |  in |    1|   ap_fifo  | matrix_e3x3_stream_o_60_V |    pointer   |
|matrix_e3x3_stream_o_60_V_read     | out |    1|   ap_fifo  | matrix_e3x3_stream_o_60_V |    pointer   |
|matrix_e3x3_stream_o_61_V_dout     |  in |   32|   ap_fifo  | matrix_e3x3_stream_o_61_V |    pointer   |
|matrix_e3x3_stream_o_61_V_empty_n  |  in |    1|   ap_fifo  | matrix_e3x3_stream_o_61_V |    pointer   |
|matrix_e3x3_stream_o_61_V_read     | out |    1|   ap_fifo  | matrix_e3x3_stream_o_61_V |    pointer   |
|matrix_e3x3_stream_o_62_V_dout     |  in |   32|   ap_fifo  | matrix_e3x3_stream_o_62_V |    pointer   |
|matrix_e3x3_stream_o_62_V_empty_n  |  in |    1|   ap_fifo  | matrix_e3x3_stream_o_62_V |    pointer   |
|matrix_e3x3_stream_o_62_V_read     | out |    1|   ap_fifo  | matrix_e3x3_stream_o_62_V |    pointer   |
|matrix_e3x3_stream_o_63_V_dout     |  in |   32|   ap_fifo  | matrix_e3x3_stream_o_63_V |    pointer   |
|matrix_e3x3_stream_o_63_V_empty_n  |  in |    1|   ap_fifo  | matrix_e3x3_stream_o_63_V |    pointer   |
|matrix_e3x3_stream_o_63_V_read     | out |    1|   ap_fifo  | matrix_e3x3_stream_o_63_V |    pointer   |
|matrix_o_0_V_din                   | out |   32|   ap_fifo  |        matrix_o_0_V       |    pointer   |
|matrix_o_0_V_full_n                |  in |    1|   ap_fifo  |        matrix_o_0_V       |    pointer   |
|matrix_o_0_V_write                 | out |    1|   ap_fifo  |        matrix_o_0_V       |    pointer   |
|matrix_o_1_V_din                   | out |   32|   ap_fifo  |        matrix_o_1_V       |    pointer   |
|matrix_o_1_V_full_n                |  in |    1|   ap_fifo  |        matrix_o_1_V       |    pointer   |
|matrix_o_1_V_write                 | out |    1|   ap_fifo  |        matrix_o_1_V       |    pointer   |
|matrix_o_2_V_din                   | out |   32|   ap_fifo  |        matrix_o_2_V       |    pointer   |
|matrix_o_2_V_full_n                |  in |    1|   ap_fifo  |        matrix_o_2_V       |    pointer   |
|matrix_o_2_V_write                 | out |    1|   ap_fifo  |        matrix_o_2_V       |    pointer   |
|matrix_o_3_V_din                   | out |   32|   ap_fifo  |        matrix_o_3_V       |    pointer   |
|matrix_o_3_V_full_n                |  in |    1|   ap_fifo  |        matrix_o_3_V       |    pointer   |
|matrix_o_3_V_write                 | out |    1|   ap_fifo  |        matrix_o_3_V       |    pointer   |
|matrix_o_4_V_din                   | out |   32|   ap_fifo  |        matrix_o_4_V       |    pointer   |
|matrix_o_4_V_full_n                |  in |    1|   ap_fifo  |        matrix_o_4_V       |    pointer   |
|matrix_o_4_V_write                 | out |    1|   ap_fifo  |        matrix_o_4_V       |    pointer   |
|matrix_o_5_V_din                   | out |   32|   ap_fifo  |        matrix_o_5_V       |    pointer   |
|matrix_o_5_V_full_n                |  in |    1|   ap_fifo  |        matrix_o_5_V       |    pointer   |
|matrix_o_5_V_write                 | out |    1|   ap_fifo  |        matrix_o_5_V       |    pointer   |
|matrix_o_6_V_din                   | out |   32|   ap_fifo  |        matrix_o_6_V       |    pointer   |
|matrix_o_6_V_full_n                |  in |    1|   ap_fifo  |        matrix_o_6_V       |    pointer   |
|matrix_o_6_V_write                 | out |    1|   ap_fifo  |        matrix_o_6_V       |    pointer   |
|matrix_o_7_V_din                   | out |   32|   ap_fifo  |        matrix_o_7_V       |    pointer   |
|matrix_o_7_V_full_n                |  in |    1|   ap_fifo  |        matrix_o_7_V       |    pointer   |
|matrix_o_7_V_write                 | out |    1|   ap_fifo  |        matrix_o_7_V       |    pointer   |
|matrix_o_8_V_din                   | out |   32|   ap_fifo  |        matrix_o_8_V       |    pointer   |
|matrix_o_8_V_full_n                |  in |    1|   ap_fifo  |        matrix_o_8_V       |    pointer   |
|matrix_o_8_V_write                 | out |    1|   ap_fifo  |        matrix_o_8_V       |    pointer   |
|matrix_o_9_V_din                   | out |   32|   ap_fifo  |        matrix_o_9_V       |    pointer   |
|matrix_o_9_V_full_n                |  in |    1|   ap_fifo  |        matrix_o_9_V       |    pointer   |
|matrix_o_9_V_write                 | out |    1|   ap_fifo  |        matrix_o_9_V       |    pointer   |
|matrix_o_10_V_din                  | out |   32|   ap_fifo  |       matrix_o_10_V       |    pointer   |
|matrix_o_10_V_full_n               |  in |    1|   ap_fifo  |       matrix_o_10_V       |    pointer   |
|matrix_o_10_V_write                | out |    1|   ap_fifo  |       matrix_o_10_V       |    pointer   |
|matrix_o_11_V_din                  | out |   32|   ap_fifo  |       matrix_o_11_V       |    pointer   |
|matrix_o_11_V_full_n               |  in |    1|   ap_fifo  |       matrix_o_11_V       |    pointer   |
|matrix_o_11_V_write                | out |    1|   ap_fifo  |       matrix_o_11_V       |    pointer   |
|matrix_o_12_V_din                  | out |   32|   ap_fifo  |       matrix_o_12_V       |    pointer   |
|matrix_o_12_V_full_n               |  in |    1|   ap_fifo  |       matrix_o_12_V       |    pointer   |
|matrix_o_12_V_write                | out |    1|   ap_fifo  |       matrix_o_12_V       |    pointer   |
|matrix_o_13_V_din                  | out |   32|   ap_fifo  |       matrix_o_13_V       |    pointer   |
|matrix_o_13_V_full_n               |  in |    1|   ap_fifo  |       matrix_o_13_V       |    pointer   |
|matrix_o_13_V_write                | out |    1|   ap_fifo  |       matrix_o_13_V       |    pointer   |
|matrix_o_14_V_din                  | out |   32|   ap_fifo  |       matrix_o_14_V       |    pointer   |
|matrix_o_14_V_full_n               |  in |    1|   ap_fifo  |       matrix_o_14_V       |    pointer   |
|matrix_o_14_V_write                | out |    1|   ap_fifo  |       matrix_o_14_V       |    pointer   |
|matrix_o_15_V_din                  | out |   32|   ap_fifo  |       matrix_o_15_V       |    pointer   |
|matrix_o_15_V_full_n               |  in |    1|   ap_fifo  |       matrix_o_15_V       |    pointer   |
|matrix_o_15_V_write                | out |    1|   ap_fifo  |       matrix_o_15_V       |    pointer   |
|matrix_o_16_V_din                  | out |   32|   ap_fifo  |       matrix_o_16_V       |    pointer   |
|matrix_o_16_V_full_n               |  in |    1|   ap_fifo  |       matrix_o_16_V       |    pointer   |
|matrix_o_16_V_write                | out |    1|   ap_fifo  |       matrix_o_16_V       |    pointer   |
|matrix_o_17_V_din                  | out |   32|   ap_fifo  |       matrix_o_17_V       |    pointer   |
|matrix_o_17_V_full_n               |  in |    1|   ap_fifo  |       matrix_o_17_V       |    pointer   |
|matrix_o_17_V_write                | out |    1|   ap_fifo  |       matrix_o_17_V       |    pointer   |
|matrix_o_18_V_din                  | out |   32|   ap_fifo  |       matrix_o_18_V       |    pointer   |
|matrix_o_18_V_full_n               |  in |    1|   ap_fifo  |       matrix_o_18_V       |    pointer   |
|matrix_o_18_V_write                | out |    1|   ap_fifo  |       matrix_o_18_V       |    pointer   |
|matrix_o_19_V_din                  | out |   32|   ap_fifo  |       matrix_o_19_V       |    pointer   |
|matrix_o_19_V_full_n               |  in |    1|   ap_fifo  |       matrix_o_19_V       |    pointer   |
|matrix_o_19_V_write                | out |    1|   ap_fifo  |       matrix_o_19_V       |    pointer   |
|matrix_o_20_V_din                  | out |   32|   ap_fifo  |       matrix_o_20_V       |    pointer   |
|matrix_o_20_V_full_n               |  in |    1|   ap_fifo  |       matrix_o_20_V       |    pointer   |
|matrix_o_20_V_write                | out |    1|   ap_fifo  |       matrix_o_20_V       |    pointer   |
|matrix_o_21_V_din                  | out |   32|   ap_fifo  |       matrix_o_21_V       |    pointer   |
|matrix_o_21_V_full_n               |  in |    1|   ap_fifo  |       matrix_o_21_V       |    pointer   |
|matrix_o_21_V_write                | out |    1|   ap_fifo  |       matrix_o_21_V       |    pointer   |
|matrix_o_22_V_din                  | out |   32|   ap_fifo  |       matrix_o_22_V       |    pointer   |
|matrix_o_22_V_full_n               |  in |    1|   ap_fifo  |       matrix_o_22_V       |    pointer   |
|matrix_o_22_V_write                | out |    1|   ap_fifo  |       matrix_o_22_V       |    pointer   |
|matrix_o_23_V_din                  | out |   32|   ap_fifo  |       matrix_o_23_V       |    pointer   |
|matrix_o_23_V_full_n               |  in |    1|   ap_fifo  |       matrix_o_23_V       |    pointer   |
|matrix_o_23_V_write                | out |    1|   ap_fifo  |       matrix_o_23_V       |    pointer   |
|matrix_o_24_V_din                  | out |   32|   ap_fifo  |       matrix_o_24_V       |    pointer   |
|matrix_o_24_V_full_n               |  in |    1|   ap_fifo  |       matrix_o_24_V       |    pointer   |
|matrix_o_24_V_write                | out |    1|   ap_fifo  |       matrix_o_24_V       |    pointer   |
|matrix_o_25_V_din                  | out |   32|   ap_fifo  |       matrix_o_25_V       |    pointer   |
|matrix_o_25_V_full_n               |  in |    1|   ap_fifo  |       matrix_o_25_V       |    pointer   |
|matrix_o_25_V_write                | out |    1|   ap_fifo  |       matrix_o_25_V       |    pointer   |
|matrix_o_26_V_din                  | out |   32|   ap_fifo  |       matrix_o_26_V       |    pointer   |
|matrix_o_26_V_full_n               |  in |    1|   ap_fifo  |       matrix_o_26_V       |    pointer   |
|matrix_o_26_V_write                | out |    1|   ap_fifo  |       matrix_o_26_V       |    pointer   |
|matrix_o_27_V_din                  | out |   32|   ap_fifo  |       matrix_o_27_V       |    pointer   |
|matrix_o_27_V_full_n               |  in |    1|   ap_fifo  |       matrix_o_27_V       |    pointer   |
|matrix_o_27_V_write                | out |    1|   ap_fifo  |       matrix_o_27_V       |    pointer   |
|matrix_o_28_V_din                  | out |   32|   ap_fifo  |       matrix_o_28_V       |    pointer   |
|matrix_o_28_V_full_n               |  in |    1|   ap_fifo  |       matrix_o_28_V       |    pointer   |
|matrix_o_28_V_write                | out |    1|   ap_fifo  |       matrix_o_28_V       |    pointer   |
|matrix_o_29_V_din                  | out |   32|   ap_fifo  |       matrix_o_29_V       |    pointer   |
|matrix_o_29_V_full_n               |  in |    1|   ap_fifo  |       matrix_o_29_V       |    pointer   |
|matrix_o_29_V_write                | out |    1|   ap_fifo  |       matrix_o_29_V       |    pointer   |
|matrix_o_30_V_din                  | out |   32|   ap_fifo  |       matrix_o_30_V       |    pointer   |
|matrix_o_30_V_full_n               |  in |    1|   ap_fifo  |       matrix_o_30_V       |    pointer   |
|matrix_o_30_V_write                | out |    1|   ap_fifo  |       matrix_o_30_V       |    pointer   |
|matrix_o_31_V_din                  | out |   32|   ap_fifo  |       matrix_o_31_V       |    pointer   |
|matrix_o_31_V_full_n               |  in |    1|   ap_fifo  |       matrix_o_31_V       |    pointer   |
|matrix_o_31_V_write                | out |    1|   ap_fifo  |       matrix_o_31_V       |    pointer   |
|matrix_o_32_V_din                  | out |   32|   ap_fifo  |       matrix_o_32_V       |    pointer   |
|matrix_o_32_V_full_n               |  in |    1|   ap_fifo  |       matrix_o_32_V       |    pointer   |
|matrix_o_32_V_write                | out |    1|   ap_fifo  |       matrix_o_32_V       |    pointer   |
|matrix_o_33_V_din                  | out |   32|   ap_fifo  |       matrix_o_33_V       |    pointer   |
|matrix_o_33_V_full_n               |  in |    1|   ap_fifo  |       matrix_o_33_V       |    pointer   |
|matrix_o_33_V_write                | out |    1|   ap_fifo  |       matrix_o_33_V       |    pointer   |
|matrix_o_34_V_din                  | out |   32|   ap_fifo  |       matrix_o_34_V       |    pointer   |
|matrix_o_34_V_full_n               |  in |    1|   ap_fifo  |       matrix_o_34_V       |    pointer   |
|matrix_o_34_V_write                | out |    1|   ap_fifo  |       matrix_o_34_V       |    pointer   |
|matrix_o_35_V_din                  | out |   32|   ap_fifo  |       matrix_o_35_V       |    pointer   |
|matrix_o_35_V_full_n               |  in |    1|   ap_fifo  |       matrix_o_35_V       |    pointer   |
|matrix_o_35_V_write                | out |    1|   ap_fifo  |       matrix_o_35_V       |    pointer   |
|matrix_o_36_V_din                  | out |   32|   ap_fifo  |       matrix_o_36_V       |    pointer   |
|matrix_o_36_V_full_n               |  in |    1|   ap_fifo  |       matrix_o_36_V       |    pointer   |
|matrix_o_36_V_write                | out |    1|   ap_fifo  |       matrix_o_36_V       |    pointer   |
|matrix_o_37_V_din                  | out |   32|   ap_fifo  |       matrix_o_37_V       |    pointer   |
|matrix_o_37_V_full_n               |  in |    1|   ap_fifo  |       matrix_o_37_V       |    pointer   |
|matrix_o_37_V_write                | out |    1|   ap_fifo  |       matrix_o_37_V       |    pointer   |
|matrix_o_38_V_din                  | out |   32|   ap_fifo  |       matrix_o_38_V       |    pointer   |
|matrix_o_38_V_full_n               |  in |    1|   ap_fifo  |       matrix_o_38_V       |    pointer   |
|matrix_o_38_V_write                | out |    1|   ap_fifo  |       matrix_o_38_V       |    pointer   |
|matrix_o_39_V_din                  | out |   32|   ap_fifo  |       matrix_o_39_V       |    pointer   |
|matrix_o_39_V_full_n               |  in |    1|   ap_fifo  |       matrix_o_39_V       |    pointer   |
|matrix_o_39_V_write                | out |    1|   ap_fifo  |       matrix_o_39_V       |    pointer   |
|matrix_o_40_V_din                  | out |   32|   ap_fifo  |       matrix_o_40_V       |    pointer   |
|matrix_o_40_V_full_n               |  in |    1|   ap_fifo  |       matrix_o_40_V       |    pointer   |
|matrix_o_40_V_write                | out |    1|   ap_fifo  |       matrix_o_40_V       |    pointer   |
|matrix_o_41_V_din                  | out |   32|   ap_fifo  |       matrix_o_41_V       |    pointer   |
|matrix_o_41_V_full_n               |  in |    1|   ap_fifo  |       matrix_o_41_V       |    pointer   |
|matrix_o_41_V_write                | out |    1|   ap_fifo  |       matrix_o_41_V       |    pointer   |
|matrix_o_42_V_din                  | out |   32|   ap_fifo  |       matrix_o_42_V       |    pointer   |
|matrix_o_42_V_full_n               |  in |    1|   ap_fifo  |       matrix_o_42_V       |    pointer   |
|matrix_o_42_V_write                | out |    1|   ap_fifo  |       matrix_o_42_V       |    pointer   |
|matrix_o_43_V_din                  | out |   32|   ap_fifo  |       matrix_o_43_V       |    pointer   |
|matrix_o_43_V_full_n               |  in |    1|   ap_fifo  |       matrix_o_43_V       |    pointer   |
|matrix_o_43_V_write                | out |    1|   ap_fifo  |       matrix_o_43_V       |    pointer   |
|matrix_o_44_V_din                  | out |   32|   ap_fifo  |       matrix_o_44_V       |    pointer   |
|matrix_o_44_V_full_n               |  in |    1|   ap_fifo  |       matrix_o_44_V       |    pointer   |
|matrix_o_44_V_write                | out |    1|   ap_fifo  |       matrix_o_44_V       |    pointer   |
|matrix_o_45_V_din                  | out |   32|   ap_fifo  |       matrix_o_45_V       |    pointer   |
|matrix_o_45_V_full_n               |  in |    1|   ap_fifo  |       matrix_o_45_V       |    pointer   |
|matrix_o_45_V_write                | out |    1|   ap_fifo  |       matrix_o_45_V       |    pointer   |
|matrix_o_46_V_din                  | out |   32|   ap_fifo  |       matrix_o_46_V       |    pointer   |
|matrix_o_46_V_full_n               |  in |    1|   ap_fifo  |       matrix_o_46_V       |    pointer   |
|matrix_o_46_V_write                | out |    1|   ap_fifo  |       matrix_o_46_V       |    pointer   |
|matrix_o_47_V_din                  | out |   32|   ap_fifo  |       matrix_o_47_V       |    pointer   |
|matrix_o_47_V_full_n               |  in |    1|   ap_fifo  |       matrix_o_47_V       |    pointer   |
|matrix_o_47_V_write                | out |    1|   ap_fifo  |       matrix_o_47_V       |    pointer   |
|matrix_o_48_V_din                  | out |   32|   ap_fifo  |       matrix_o_48_V       |    pointer   |
|matrix_o_48_V_full_n               |  in |    1|   ap_fifo  |       matrix_o_48_V       |    pointer   |
|matrix_o_48_V_write                | out |    1|   ap_fifo  |       matrix_o_48_V       |    pointer   |
|matrix_o_49_V_din                  | out |   32|   ap_fifo  |       matrix_o_49_V       |    pointer   |
|matrix_o_49_V_full_n               |  in |    1|   ap_fifo  |       matrix_o_49_V       |    pointer   |
|matrix_o_49_V_write                | out |    1|   ap_fifo  |       matrix_o_49_V       |    pointer   |
|matrix_o_50_V_din                  | out |   32|   ap_fifo  |       matrix_o_50_V       |    pointer   |
|matrix_o_50_V_full_n               |  in |    1|   ap_fifo  |       matrix_o_50_V       |    pointer   |
|matrix_o_50_V_write                | out |    1|   ap_fifo  |       matrix_o_50_V       |    pointer   |
|matrix_o_51_V_din                  | out |   32|   ap_fifo  |       matrix_o_51_V       |    pointer   |
|matrix_o_51_V_full_n               |  in |    1|   ap_fifo  |       matrix_o_51_V       |    pointer   |
|matrix_o_51_V_write                | out |    1|   ap_fifo  |       matrix_o_51_V       |    pointer   |
|matrix_o_52_V_din                  | out |   32|   ap_fifo  |       matrix_o_52_V       |    pointer   |
|matrix_o_52_V_full_n               |  in |    1|   ap_fifo  |       matrix_o_52_V       |    pointer   |
|matrix_o_52_V_write                | out |    1|   ap_fifo  |       matrix_o_52_V       |    pointer   |
|matrix_o_53_V_din                  | out |   32|   ap_fifo  |       matrix_o_53_V       |    pointer   |
|matrix_o_53_V_full_n               |  in |    1|   ap_fifo  |       matrix_o_53_V       |    pointer   |
|matrix_o_53_V_write                | out |    1|   ap_fifo  |       matrix_o_53_V       |    pointer   |
|matrix_o_54_V_din                  | out |   32|   ap_fifo  |       matrix_o_54_V       |    pointer   |
|matrix_o_54_V_full_n               |  in |    1|   ap_fifo  |       matrix_o_54_V       |    pointer   |
|matrix_o_54_V_write                | out |    1|   ap_fifo  |       matrix_o_54_V       |    pointer   |
|matrix_o_55_V_din                  | out |   32|   ap_fifo  |       matrix_o_55_V       |    pointer   |
|matrix_o_55_V_full_n               |  in |    1|   ap_fifo  |       matrix_o_55_V       |    pointer   |
|matrix_o_55_V_write                | out |    1|   ap_fifo  |       matrix_o_55_V       |    pointer   |
|matrix_o_56_V_din                  | out |   32|   ap_fifo  |       matrix_o_56_V       |    pointer   |
|matrix_o_56_V_full_n               |  in |    1|   ap_fifo  |       matrix_o_56_V       |    pointer   |
|matrix_o_56_V_write                | out |    1|   ap_fifo  |       matrix_o_56_V       |    pointer   |
|matrix_o_57_V_din                  | out |   32|   ap_fifo  |       matrix_o_57_V       |    pointer   |
|matrix_o_57_V_full_n               |  in |    1|   ap_fifo  |       matrix_o_57_V       |    pointer   |
|matrix_o_57_V_write                | out |    1|   ap_fifo  |       matrix_o_57_V       |    pointer   |
|matrix_o_58_V_din                  | out |   32|   ap_fifo  |       matrix_o_58_V       |    pointer   |
|matrix_o_58_V_full_n               |  in |    1|   ap_fifo  |       matrix_o_58_V       |    pointer   |
|matrix_o_58_V_write                | out |    1|   ap_fifo  |       matrix_o_58_V       |    pointer   |
|matrix_o_59_V_din                  | out |   32|   ap_fifo  |       matrix_o_59_V       |    pointer   |
|matrix_o_59_V_full_n               |  in |    1|   ap_fifo  |       matrix_o_59_V       |    pointer   |
|matrix_o_59_V_write                | out |    1|   ap_fifo  |       matrix_o_59_V       |    pointer   |
|matrix_o_60_V_din                  | out |   32|   ap_fifo  |       matrix_o_60_V       |    pointer   |
|matrix_o_60_V_full_n               |  in |    1|   ap_fifo  |       matrix_o_60_V       |    pointer   |
|matrix_o_60_V_write                | out |    1|   ap_fifo  |       matrix_o_60_V       |    pointer   |
|matrix_o_61_V_din                  | out |   32|   ap_fifo  |       matrix_o_61_V       |    pointer   |
|matrix_o_61_V_full_n               |  in |    1|   ap_fifo  |       matrix_o_61_V       |    pointer   |
|matrix_o_61_V_write                | out |    1|   ap_fifo  |       matrix_o_61_V       |    pointer   |
|matrix_o_62_V_din                  | out |   32|   ap_fifo  |       matrix_o_62_V       |    pointer   |
|matrix_o_62_V_full_n               |  in |    1|   ap_fifo  |       matrix_o_62_V       |    pointer   |
|matrix_o_62_V_write                | out |    1|   ap_fifo  |       matrix_o_62_V       |    pointer   |
|matrix_o_63_V_din                  | out |   32|   ap_fifo  |       matrix_o_63_V       |    pointer   |
|matrix_o_63_V_full_n               |  in |    1|   ap_fifo  |       matrix_o_63_V       |    pointer   |
|matrix_o_63_V_write                | out |    1|   ap_fifo  |       matrix_o_63_V       |    pointer   |
|matrix_o_64_V_din                  | out |   32|   ap_fifo  |       matrix_o_64_V       |    pointer   |
|matrix_o_64_V_full_n               |  in |    1|   ap_fifo  |       matrix_o_64_V       |    pointer   |
|matrix_o_64_V_write                | out |    1|   ap_fifo  |       matrix_o_64_V       |    pointer   |
|matrix_o_65_V_din                  | out |   32|   ap_fifo  |       matrix_o_65_V       |    pointer   |
|matrix_o_65_V_full_n               |  in |    1|   ap_fifo  |       matrix_o_65_V       |    pointer   |
|matrix_o_65_V_write                | out |    1|   ap_fifo  |       matrix_o_65_V       |    pointer   |
|matrix_o_66_V_din                  | out |   32|   ap_fifo  |       matrix_o_66_V       |    pointer   |
|matrix_o_66_V_full_n               |  in |    1|   ap_fifo  |       matrix_o_66_V       |    pointer   |
|matrix_o_66_V_write                | out |    1|   ap_fifo  |       matrix_o_66_V       |    pointer   |
|matrix_o_67_V_din                  | out |   32|   ap_fifo  |       matrix_o_67_V       |    pointer   |
|matrix_o_67_V_full_n               |  in |    1|   ap_fifo  |       matrix_o_67_V       |    pointer   |
|matrix_o_67_V_write                | out |    1|   ap_fifo  |       matrix_o_67_V       |    pointer   |
|matrix_o_68_V_din                  | out |   32|   ap_fifo  |       matrix_o_68_V       |    pointer   |
|matrix_o_68_V_full_n               |  in |    1|   ap_fifo  |       matrix_o_68_V       |    pointer   |
|matrix_o_68_V_write                | out |    1|   ap_fifo  |       matrix_o_68_V       |    pointer   |
|matrix_o_69_V_din                  | out |   32|   ap_fifo  |       matrix_o_69_V       |    pointer   |
|matrix_o_69_V_full_n               |  in |    1|   ap_fifo  |       matrix_o_69_V       |    pointer   |
|matrix_o_69_V_write                | out |    1|   ap_fifo  |       matrix_o_69_V       |    pointer   |
|matrix_o_70_V_din                  | out |   32|   ap_fifo  |       matrix_o_70_V       |    pointer   |
|matrix_o_70_V_full_n               |  in |    1|   ap_fifo  |       matrix_o_70_V       |    pointer   |
|matrix_o_70_V_write                | out |    1|   ap_fifo  |       matrix_o_70_V       |    pointer   |
|matrix_o_71_V_din                  | out |   32|   ap_fifo  |       matrix_o_71_V       |    pointer   |
|matrix_o_71_V_full_n               |  in |    1|   ap_fifo  |       matrix_o_71_V       |    pointer   |
|matrix_o_71_V_write                | out |    1|   ap_fifo  |       matrix_o_71_V       |    pointer   |
|matrix_o_72_V_din                  | out |   32|   ap_fifo  |       matrix_o_72_V       |    pointer   |
|matrix_o_72_V_full_n               |  in |    1|   ap_fifo  |       matrix_o_72_V       |    pointer   |
|matrix_o_72_V_write                | out |    1|   ap_fifo  |       matrix_o_72_V       |    pointer   |
|matrix_o_73_V_din                  | out |   32|   ap_fifo  |       matrix_o_73_V       |    pointer   |
|matrix_o_73_V_full_n               |  in |    1|   ap_fifo  |       matrix_o_73_V       |    pointer   |
|matrix_o_73_V_write                | out |    1|   ap_fifo  |       matrix_o_73_V       |    pointer   |
|matrix_o_74_V_din                  | out |   32|   ap_fifo  |       matrix_o_74_V       |    pointer   |
|matrix_o_74_V_full_n               |  in |    1|   ap_fifo  |       matrix_o_74_V       |    pointer   |
|matrix_o_74_V_write                | out |    1|   ap_fifo  |       matrix_o_74_V       |    pointer   |
|matrix_o_75_V_din                  | out |   32|   ap_fifo  |       matrix_o_75_V       |    pointer   |
|matrix_o_75_V_full_n               |  in |    1|   ap_fifo  |       matrix_o_75_V       |    pointer   |
|matrix_o_75_V_write                | out |    1|   ap_fifo  |       matrix_o_75_V       |    pointer   |
|matrix_o_76_V_din                  | out |   32|   ap_fifo  |       matrix_o_76_V       |    pointer   |
|matrix_o_76_V_full_n               |  in |    1|   ap_fifo  |       matrix_o_76_V       |    pointer   |
|matrix_o_76_V_write                | out |    1|   ap_fifo  |       matrix_o_76_V       |    pointer   |
|matrix_o_77_V_din                  | out |   32|   ap_fifo  |       matrix_o_77_V       |    pointer   |
|matrix_o_77_V_full_n               |  in |    1|   ap_fifo  |       matrix_o_77_V       |    pointer   |
|matrix_o_77_V_write                | out |    1|   ap_fifo  |       matrix_o_77_V       |    pointer   |
|matrix_o_78_V_din                  | out |   32|   ap_fifo  |       matrix_o_78_V       |    pointer   |
|matrix_o_78_V_full_n               |  in |    1|   ap_fifo  |       matrix_o_78_V       |    pointer   |
|matrix_o_78_V_write                | out |    1|   ap_fifo  |       matrix_o_78_V       |    pointer   |
|matrix_o_79_V_din                  | out |   32|   ap_fifo  |       matrix_o_79_V       |    pointer   |
|matrix_o_79_V_full_n               |  in |    1|   ap_fifo  |       matrix_o_79_V       |    pointer   |
|matrix_o_79_V_write                | out |    1|   ap_fifo  |       matrix_o_79_V       |    pointer   |
|matrix_o_80_V_din                  | out |   32|   ap_fifo  |       matrix_o_80_V       |    pointer   |
|matrix_o_80_V_full_n               |  in |    1|   ap_fifo  |       matrix_o_80_V       |    pointer   |
|matrix_o_80_V_write                | out |    1|   ap_fifo  |       matrix_o_80_V       |    pointer   |
|matrix_o_81_V_din                  | out |   32|   ap_fifo  |       matrix_o_81_V       |    pointer   |
|matrix_o_81_V_full_n               |  in |    1|   ap_fifo  |       matrix_o_81_V       |    pointer   |
|matrix_o_81_V_write                | out |    1|   ap_fifo  |       matrix_o_81_V       |    pointer   |
|matrix_o_82_V_din                  | out |   32|   ap_fifo  |       matrix_o_82_V       |    pointer   |
|matrix_o_82_V_full_n               |  in |    1|   ap_fifo  |       matrix_o_82_V       |    pointer   |
|matrix_o_82_V_write                | out |    1|   ap_fifo  |       matrix_o_82_V       |    pointer   |
|matrix_o_83_V_din                  | out |   32|   ap_fifo  |       matrix_o_83_V       |    pointer   |
|matrix_o_83_V_full_n               |  in |    1|   ap_fifo  |       matrix_o_83_V       |    pointer   |
|matrix_o_83_V_write                | out |    1|   ap_fifo  |       matrix_o_83_V       |    pointer   |
|matrix_o_84_V_din                  | out |   32|   ap_fifo  |       matrix_o_84_V       |    pointer   |
|matrix_o_84_V_full_n               |  in |    1|   ap_fifo  |       matrix_o_84_V       |    pointer   |
|matrix_o_84_V_write                | out |    1|   ap_fifo  |       matrix_o_84_V       |    pointer   |
|matrix_o_85_V_din                  | out |   32|   ap_fifo  |       matrix_o_85_V       |    pointer   |
|matrix_o_85_V_full_n               |  in |    1|   ap_fifo  |       matrix_o_85_V       |    pointer   |
|matrix_o_85_V_write                | out |    1|   ap_fifo  |       matrix_o_85_V       |    pointer   |
|matrix_o_86_V_din                  | out |   32|   ap_fifo  |       matrix_o_86_V       |    pointer   |
|matrix_o_86_V_full_n               |  in |    1|   ap_fifo  |       matrix_o_86_V       |    pointer   |
|matrix_o_86_V_write                | out |    1|   ap_fifo  |       matrix_o_86_V       |    pointer   |
|matrix_o_87_V_din                  | out |   32|   ap_fifo  |       matrix_o_87_V       |    pointer   |
|matrix_o_87_V_full_n               |  in |    1|   ap_fifo  |       matrix_o_87_V       |    pointer   |
|matrix_o_87_V_write                | out |    1|   ap_fifo  |       matrix_o_87_V       |    pointer   |
|matrix_o_88_V_din                  | out |   32|   ap_fifo  |       matrix_o_88_V       |    pointer   |
|matrix_o_88_V_full_n               |  in |    1|   ap_fifo  |       matrix_o_88_V       |    pointer   |
|matrix_o_88_V_write                | out |    1|   ap_fifo  |       matrix_o_88_V       |    pointer   |
|matrix_o_89_V_din                  | out |   32|   ap_fifo  |       matrix_o_89_V       |    pointer   |
|matrix_o_89_V_full_n               |  in |    1|   ap_fifo  |       matrix_o_89_V       |    pointer   |
|matrix_o_89_V_write                | out |    1|   ap_fifo  |       matrix_o_89_V       |    pointer   |
|matrix_o_90_V_din                  | out |   32|   ap_fifo  |       matrix_o_90_V       |    pointer   |
|matrix_o_90_V_full_n               |  in |    1|   ap_fifo  |       matrix_o_90_V       |    pointer   |
|matrix_o_90_V_write                | out |    1|   ap_fifo  |       matrix_o_90_V       |    pointer   |
|matrix_o_91_V_din                  | out |   32|   ap_fifo  |       matrix_o_91_V       |    pointer   |
|matrix_o_91_V_full_n               |  in |    1|   ap_fifo  |       matrix_o_91_V       |    pointer   |
|matrix_o_91_V_write                | out |    1|   ap_fifo  |       matrix_o_91_V       |    pointer   |
|matrix_o_92_V_din                  | out |   32|   ap_fifo  |       matrix_o_92_V       |    pointer   |
|matrix_o_92_V_full_n               |  in |    1|   ap_fifo  |       matrix_o_92_V       |    pointer   |
|matrix_o_92_V_write                | out |    1|   ap_fifo  |       matrix_o_92_V       |    pointer   |
|matrix_o_93_V_din                  | out |   32|   ap_fifo  |       matrix_o_93_V       |    pointer   |
|matrix_o_93_V_full_n               |  in |    1|   ap_fifo  |       matrix_o_93_V       |    pointer   |
|matrix_o_93_V_write                | out |    1|   ap_fifo  |       matrix_o_93_V       |    pointer   |
|matrix_o_94_V_din                  | out |   32|   ap_fifo  |       matrix_o_94_V       |    pointer   |
|matrix_o_94_V_full_n               |  in |    1|   ap_fifo  |       matrix_o_94_V       |    pointer   |
|matrix_o_94_V_write                | out |    1|   ap_fifo  |       matrix_o_94_V       |    pointer   |
|matrix_o_95_V_din                  | out |   32|   ap_fifo  |       matrix_o_95_V       |    pointer   |
|matrix_o_95_V_full_n               |  in |    1|   ap_fifo  |       matrix_o_95_V       |    pointer   |
|matrix_o_95_V_write                | out |    1|   ap_fifo  |       matrix_o_95_V       |    pointer   |
|matrix_o_96_V_din                  | out |   32|   ap_fifo  |       matrix_o_96_V       |    pointer   |
|matrix_o_96_V_full_n               |  in |    1|   ap_fifo  |       matrix_o_96_V       |    pointer   |
|matrix_o_96_V_write                | out |    1|   ap_fifo  |       matrix_o_96_V       |    pointer   |
|matrix_o_97_V_din                  | out |   32|   ap_fifo  |       matrix_o_97_V       |    pointer   |
|matrix_o_97_V_full_n               |  in |    1|   ap_fifo  |       matrix_o_97_V       |    pointer   |
|matrix_o_97_V_write                | out |    1|   ap_fifo  |       matrix_o_97_V       |    pointer   |
|matrix_o_98_V_din                  | out |   32|   ap_fifo  |       matrix_o_98_V       |    pointer   |
|matrix_o_98_V_full_n               |  in |    1|   ap_fifo  |       matrix_o_98_V       |    pointer   |
|matrix_o_98_V_write                | out |    1|   ap_fifo  |       matrix_o_98_V       |    pointer   |
|matrix_o_99_V_din                  | out |   32|   ap_fifo  |       matrix_o_99_V       |    pointer   |
|matrix_o_99_V_full_n               |  in |    1|   ap_fifo  |       matrix_o_99_V       |    pointer   |
|matrix_o_99_V_write                | out |    1|   ap_fifo  |       matrix_o_99_V       |    pointer   |
|matrix_o_100_V_din                 | out |   32|   ap_fifo  |       matrix_o_100_V      |    pointer   |
|matrix_o_100_V_full_n              |  in |    1|   ap_fifo  |       matrix_o_100_V      |    pointer   |
|matrix_o_100_V_write               | out |    1|   ap_fifo  |       matrix_o_100_V      |    pointer   |
|matrix_o_101_V_din                 | out |   32|   ap_fifo  |       matrix_o_101_V      |    pointer   |
|matrix_o_101_V_full_n              |  in |    1|   ap_fifo  |       matrix_o_101_V      |    pointer   |
|matrix_o_101_V_write               | out |    1|   ap_fifo  |       matrix_o_101_V      |    pointer   |
|matrix_o_102_V_din                 | out |   32|   ap_fifo  |       matrix_o_102_V      |    pointer   |
|matrix_o_102_V_full_n              |  in |    1|   ap_fifo  |       matrix_o_102_V      |    pointer   |
|matrix_o_102_V_write               | out |    1|   ap_fifo  |       matrix_o_102_V      |    pointer   |
|matrix_o_103_V_din                 | out |   32|   ap_fifo  |       matrix_o_103_V      |    pointer   |
|matrix_o_103_V_full_n              |  in |    1|   ap_fifo  |       matrix_o_103_V      |    pointer   |
|matrix_o_103_V_write               | out |    1|   ap_fifo  |       matrix_o_103_V      |    pointer   |
|matrix_o_104_V_din                 | out |   32|   ap_fifo  |       matrix_o_104_V      |    pointer   |
|matrix_o_104_V_full_n              |  in |    1|   ap_fifo  |       matrix_o_104_V      |    pointer   |
|matrix_o_104_V_write               | out |    1|   ap_fifo  |       matrix_o_104_V      |    pointer   |
|matrix_o_105_V_din                 | out |   32|   ap_fifo  |       matrix_o_105_V      |    pointer   |
|matrix_o_105_V_full_n              |  in |    1|   ap_fifo  |       matrix_o_105_V      |    pointer   |
|matrix_o_105_V_write               | out |    1|   ap_fifo  |       matrix_o_105_V      |    pointer   |
|matrix_o_106_V_din                 | out |   32|   ap_fifo  |       matrix_o_106_V      |    pointer   |
|matrix_o_106_V_full_n              |  in |    1|   ap_fifo  |       matrix_o_106_V      |    pointer   |
|matrix_o_106_V_write               | out |    1|   ap_fifo  |       matrix_o_106_V      |    pointer   |
|matrix_o_107_V_din                 | out |   32|   ap_fifo  |       matrix_o_107_V      |    pointer   |
|matrix_o_107_V_full_n              |  in |    1|   ap_fifo  |       matrix_o_107_V      |    pointer   |
|matrix_o_107_V_write               | out |    1|   ap_fifo  |       matrix_o_107_V      |    pointer   |
|matrix_o_108_V_din                 | out |   32|   ap_fifo  |       matrix_o_108_V      |    pointer   |
|matrix_o_108_V_full_n              |  in |    1|   ap_fifo  |       matrix_o_108_V      |    pointer   |
|matrix_o_108_V_write               | out |    1|   ap_fifo  |       matrix_o_108_V      |    pointer   |
|matrix_o_109_V_din                 | out |   32|   ap_fifo  |       matrix_o_109_V      |    pointer   |
|matrix_o_109_V_full_n              |  in |    1|   ap_fifo  |       matrix_o_109_V      |    pointer   |
|matrix_o_109_V_write               | out |    1|   ap_fifo  |       matrix_o_109_V      |    pointer   |
|matrix_o_110_V_din                 | out |   32|   ap_fifo  |       matrix_o_110_V      |    pointer   |
|matrix_o_110_V_full_n              |  in |    1|   ap_fifo  |       matrix_o_110_V      |    pointer   |
|matrix_o_110_V_write               | out |    1|   ap_fifo  |       matrix_o_110_V      |    pointer   |
|matrix_o_111_V_din                 | out |   32|   ap_fifo  |       matrix_o_111_V      |    pointer   |
|matrix_o_111_V_full_n              |  in |    1|   ap_fifo  |       matrix_o_111_V      |    pointer   |
|matrix_o_111_V_write               | out |    1|   ap_fifo  |       matrix_o_111_V      |    pointer   |
|matrix_o_112_V_din                 | out |   32|   ap_fifo  |       matrix_o_112_V      |    pointer   |
|matrix_o_112_V_full_n              |  in |    1|   ap_fifo  |       matrix_o_112_V      |    pointer   |
|matrix_o_112_V_write               | out |    1|   ap_fifo  |       matrix_o_112_V      |    pointer   |
|matrix_o_113_V_din                 | out |   32|   ap_fifo  |       matrix_o_113_V      |    pointer   |
|matrix_o_113_V_full_n              |  in |    1|   ap_fifo  |       matrix_o_113_V      |    pointer   |
|matrix_o_113_V_write               | out |    1|   ap_fifo  |       matrix_o_113_V      |    pointer   |
|matrix_o_114_V_din                 | out |   32|   ap_fifo  |       matrix_o_114_V      |    pointer   |
|matrix_o_114_V_full_n              |  in |    1|   ap_fifo  |       matrix_o_114_V      |    pointer   |
|matrix_o_114_V_write               | out |    1|   ap_fifo  |       matrix_o_114_V      |    pointer   |
|matrix_o_115_V_din                 | out |   32|   ap_fifo  |       matrix_o_115_V      |    pointer   |
|matrix_o_115_V_full_n              |  in |    1|   ap_fifo  |       matrix_o_115_V      |    pointer   |
|matrix_o_115_V_write               | out |    1|   ap_fifo  |       matrix_o_115_V      |    pointer   |
|matrix_o_116_V_din                 | out |   32|   ap_fifo  |       matrix_o_116_V      |    pointer   |
|matrix_o_116_V_full_n              |  in |    1|   ap_fifo  |       matrix_o_116_V      |    pointer   |
|matrix_o_116_V_write               | out |    1|   ap_fifo  |       matrix_o_116_V      |    pointer   |
|matrix_o_117_V_din                 | out |   32|   ap_fifo  |       matrix_o_117_V      |    pointer   |
|matrix_o_117_V_full_n              |  in |    1|   ap_fifo  |       matrix_o_117_V      |    pointer   |
|matrix_o_117_V_write               | out |    1|   ap_fifo  |       matrix_o_117_V      |    pointer   |
|matrix_o_118_V_din                 | out |   32|   ap_fifo  |       matrix_o_118_V      |    pointer   |
|matrix_o_118_V_full_n              |  in |    1|   ap_fifo  |       matrix_o_118_V      |    pointer   |
|matrix_o_118_V_write               | out |    1|   ap_fifo  |       matrix_o_118_V      |    pointer   |
|matrix_o_119_V_din                 | out |   32|   ap_fifo  |       matrix_o_119_V      |    pointer   |
|matrix_o_119_V_full_n              |  in |    1|   ap_fifo  |       matrix_o_119_V      |    pointer   |
|matrix_o_119_V_write               | out |    1|   ap_fifo  |       matrix_o_119_V      |    pointer   |
|matrix_o_120_V_din                 | out |   32|   ap_fifo  |       matrix_o_120_V      |    pointer   |
|matrix_o_120_V_full_n              |  in |    1|   ap_fifo  |       matrix_o_120_V      |    pointer   |
|matrix_o_120_V_write               | out |    1|   ap_fifo  |       matrix_o_120_V      |    pointer   |
|matrix_o_121_V_din                 | out |   32|   ap_fifo  |       matrix_o_121_V      |    pointer   |
|matrix_o_121_V_full_n              |  in |    1|   ap_fifo  |       matrix_o_121_V      |    pointer   |
|matrix_o_121_V_write               | out |    1|   ap_fifo  |       matrix_o_121_V      |    pointer   |
|matrix_o_122_V_din                 | out |   32|   ap_fifo  |       matrix_o_122_V      |    pointer   |
|matrix_o_122_V_full_n              |  in |    1|   ap_fifo  |       matrix_o_122_V      |    pointer   |
|matrix_o_122_V_write               | out |    1|   ap_fifo  |       matrix_o_122_V      |    pointer   |
|matrix_o_123_V_din                 | out |   32|   ap_fifo  |       matrix_o_123_V      |    pointer   |
|matrix_o_123_V_full_n              |  in |    1|   ap_fifo  |       matrix_o_123_V      |    pointer   |
|matrix_o_123_V_write               | out |    1|   ap_fifo  |       matrix_o_123_V      |    pointer   |
|matrix_o_124_V_din                 | out |   32|   ap_fifo  |       matrix_o_124_V      |    pointer   |
|matrix_o_124_V_full_n              |  in |    1|   ap_fifo  |       matrix_o_124_V      |    pointer   |
|matrix_o_124_V_write               | out |    1|   ap_fifo  |       matrix_o_124_V      |    pointer   |
|matrix_o_125_V_din                 | out |   32|   ap_fifo  |       matrix_o_125_V      |    pointer   |
|matrix_o_125_V_full_n              |  in |    1|   ap_fifo  |       matrix_o_125_V      |    pointer   |
|matrix_o_125_V_write               | out |    1|   ap_fifo  |       matrix_o_125_V      |    pointer   |
|matrix_o_126_V_din                 | out |   32|   ap_fifo  |       matrix_o_126_V      |    pointer   |
|matrix_o_126_V_full_n              |  in |    1|   ap_fifo  |       matrix_o_126_V      |    pointer   |
|matrix_o_126_V_write               | out |    1|   ap_fifo  |       matrix_o_126_V      |    pointer   |
|matrix_o_127_V_din                 | out |   32|   ap_fifo  |       matrix_o_127_V      |    pointer   |
|matrix_o_127_V_full_n              |  in |    1|   ap_fifo  |       matrix_o_127_V      |    pointer   |
|matrix_o_127_V_write               | out |    1|   ap_fifo  |       matrix_o_127_V      |    pointer   |
+-----------------------------------+-----+-----+------------+---------------------------+--------------+

