

================================================================
== Vivado HLS Report for 'fire2'
================================================================
* Date:           Sat Apr 29 16:15:02 2017

* Version:        2015.4 (Build 1412921 on Wed Nov 18 09:58:55 AM 2015)
* Project:        fire_module
* Solution:       solution1
* Product family: zynq
* Target device:  xc7z020clg484-1


================================================================
== Performance Estimates
================================================================
+ Timing (ns): 
    * Summary: 
    +--------+-------+----------+------------+
    |  Clock | Target| Estimated| Uncertainty|
    +--------+-------+----------+------------+
    |ap_clk  |   5.00|      4.08|        0.63|
    +--------+-------+----------+------------+

+ Latency (clock cycles): 
    * Summary: 
    +--------+--------+--------+--------+----------+
    |     Latency     |     Interval    | Pipeline |
    |   min  |   max  |   min  |   max  |   Type   |
    +--------+--------+--------+--------+----------+
    |  196662|  196662|  193611|  193611| dataflow |
    +--------+--------+--------+--------+----------+

    + Detail: 
        * Instance: 
        +-----------------------------+-----------------+--------+--------+--------+--------+---------+
        |                             |                 |     Latency     |     Interval    | Pipeline|
        |           Instance          |      Module     |   min  |   max  |   min  |   max  |   Type  |
        +-----------------------------+-----------------+--------+--------+--------+--------+---------+
        |grp_fire2_squeeze_fu_4099    |fire2_squeeze    |   48413|   48413|   48413|   48413|   none  |
        |grp_fire2_copy_fu_4724       |fire2_copy       |    3027|    3027|    3027|    3027|   none  |
        |grp_fire2_expand1x1_fu_4638  |fire2_expand1x1  |  193610|  193610|  193610|  193610|   none  |
        |grp_fire2_expand3x3_fu_4076  |fire2_expand3x3  |    4741|    4741|    4741|    4741|   none  |
        |grp_fire2_combine_fu_4313    |fire2_combine    |    6065|    6065|    6065|    6065|   none  |
        +-----------------------------+-----------------+--------+--------+--------+--------+---------+

        * Loop: 
        N/A



================================================================
== Utilization Estimates
================================================================
* Summary: 
+-----------------+---------+-------+--------+-------+
|       Name      | BRAM_18K| DSP48E|   FF   |  LUT  |
+-----------------+---------+-------+--------+-------+
|DSP              |        -|      -|       -|      -|
|Expression       |        -|      -|       -|      -|
|FIFO             |        0|      -|     560|   3136|
|Instance         |        1|      2|    4482|   2341|
|Memory           |        -|      -|       -|      -|
|Multiplexer      |        -|      -|       -|      3|
|Register         |        -|      -|      10|      -|
+-----------------+---------+-------+--------+-------+
|Total            |        1|      2|    5052|   5480|
+-----------------+---------+-------+--------+-------+
|Available        |      280|    220|  106400|  53200|
+-----------------+---------+-------+--------+-------+
|Utilization (%)  |    ~0   |   ~0  |       4|     10|
+-----------------+---------+-------+--------+-------+

+ Detail: 
    * Instance: 
    +--------------------+-----------------+---------+-------+------+------+
    |      Instance      |      Module     | BRAM_18K| DSP48E|  FF  |  LUT |
    +--------------------+-----------------+---------+-------+------+------+
    |fire2_combine_U0    |fire2_combine    |        0|      0|   682|    73|
    |fire2_copy_U0       |fire2_copy       |        0|      0|    19|    32|
    |fire2_expand1x1_U0  |fire2_expand1x1  |        0|      1|   466|   364|
    |fire2_expand3x3_U0  |fire2_expand3x3  |        1|      0|   470|   835|
    |fire2_squeeze_U0    |fire2_squeeze    |        0|      1|  2845|  1037|
    +--------------------+-----------------+---------+-------+------+------+
    |Total               |                 |        1|      2|  4482|  2341|
    +--------------------+-----------------+---------+-------+------+------+

    * DSP48: 
    N/A

    * Memory: 
    +--------------------------+------------------------------+---------+---+----+------+-----+------+-------------+
    |          Memory          |            Module            | BRAM_18K| FF| LUT| Words| Bits| Banks| W*Bits*Banks|
    +--------------------------+------------------------------+---------+---+----+------+-----+------+-------------+
    |matrix_e3x3_stream_o_V_U  |fire2_matrix_e3x3_stream_o_V  |        0|  0|   0|    64|   16|     2|         2048|
    +--------------------------+------------------------------+---------+---+----+------+-----+------+-------------+
    |Total                     |                              |        0|  0|   0|    64|   16|     2|         2048|
    +--------------------------+------------------------------+---------+---+----+------+-----+------+-------------+

    * FIFO: 
    +-----------------------------+---------+---+----+------+-----+---------+
    |             Name            | BRAM_18K| FF| LUT| Depth| Bits| Size:D*B|
    +-----------------------------+---------+---+----+------+-----+---------+
    |matrix_e1x1_stream_i_0_V_U   |        0|  5|  28|     1|   16|       16|
    |matrix_e1x1_stream_i_10_V_U  |        0|  5|  28|     1|   16|       16|
    |matrix_e1x1_stream_i_11_V_U  |        0|  5|  28|     1|   16|       16|
    |matrix_e1x1_stream_i_12_V_U  |        0|  5|  28|     1|   16|       16|
    |matrix_e1x1_stream_i_13_V_U  |        0|  5|  28|     1|   16|       16|
    |matrix_e1x1_stream_i_14_V_U  |        0|  5|  28|     1|   16|       16|
    |matrix_e1x1_stream_i_15_V_U  |        0|  5|  28|     1|   16|       16|
    |matrix_e1x1_stream_i_1_V_U   |        0|  5|  28|     1|   16|       16|
    |matrix_e1x1_stream_i_2_V_U   |        0|  5|  28|     1|   16|       16|
    |matrix_e1x1_stream_i_3_V_U   |        0|  5|  28|     1|   16|       16|
    |matrix_e1x1_stream_i_4_V_U   |        0|  5|  28|     1|   16|       16|
    |matrix_e1x1_stream_i_5_V_U   |        0|  5|  28|     1|   16|       16|
    |matrix_e1x1_stream_i_6_V_U   |        0|  5|  28|     1|   16|       16|
    |matrix_e1x1_stream_i_7_V_U   |        0|  5|  28|     1|   16|       16|
    |matrix_e1x1_stream_i_8_V_U   |        0|  5|  28|     1|   16|       16|
    |matrix_e1x1_stream_i_9_V_U   |        0|  5|  28|     1|   16|       16|
    |matrix_e1x1_stream_o_0_V_U   |        0|  5|  28|     1|   16|       16|
    |matrix_e1x1_stream_o_10_V_U  |        0|  5|  28|     1|   16|       16|
    |matrix_e1x1_stream_o_11_V_U  |        0|  5|  28|     1|   16|       16|
    |matrix_e1x1_stream_o_12_V_U  |        0|  5|  28|     1|   16|       16|
    |matrix_e1x1_stream_o_13_V_U  |        0|  5|  28|     1|   16|       16|
    |matrix_e1x1_stream_o_14_V_U  |        0|  5|  28|     1|   16|       16|
    |matrix_e1x1_stream_o_15_V_U  |        0|  5|  28|     1|   16|       16|
    |matrix_e1x1_stream_o_16_V_U  |        0|  5|  28|     1|   16|       16|
    |matrix_e1x1_stream_o_17_V_U  |        0|  5|  28|     1|   16|       16|
    |matrix_e1x1_stream_o_18_V_U  |        0|  5|  28|     1|   16|       16|
    |matrix_e1x1_stream_o_19_V_U  |        0|  5|  28|     1|   16|       16|
    |matrix_e1x1_stream_o_1_V_U   |        0|  5|  28|     1|   16|       16|
    |matrix_e1x1_stream_o_20_V_U  |        0|  5|  28|     1|   16|       16|
    |matrix_e1x1_stream_o_21_V_U  |        0|  5|  28|     1|   16|       16|
    |matrix_e1x1_stream_o_22_V_U  |        0|  5|  28|     1|   16|       16|
    |matrix_e1x1_stream_o_23_V_U  |        0|  5|  28|     1|   16|       16|
    |matrix_e1x1_stream_o_24_V_U  |        0|  5|  28|     1|   16|       16|
    |matrix_e1x1_stream_o_25_V_U  |        0|  5|  28|     1|   16|       16|
    |matrix_e1x1_stream_o_26_V_U  |        0|  5|  28|     1|   16|       16|
    |matrix_e1x1_stream_o_27_V_U  |        0|  5|  28|     1|   16|       16|
    |matrix_e1x1_stream_o_28_V_U  |        0|  5|  28|     1|   16|       16|
    |matrix_e1x1_stream_o_29_V_U  |        0|  5|  28|     1|   16|       16|
    |matrix_e1x1_stream_o_2_V_U   |        0|  5|  28|     1|   16|       16|
    |matrix_e1x1_stream_o_30_V_U  |        0|  5|  28|     1|   16|       16|
    |matrix_e1x1_stream_o_31_V_U  |        0|  5|  28|     1|   16|       16|
    |matrix_e1x1_stream_o_32_V_U  |        0|  5|  28|     1|   16|       16|
    |matrix_e1x1_stream_o_33_V_U  |        0|  5|  28|     1|   16|       16|
    |matrix_e1x1_stream_o_34_V_U  |        0|  5|  28|     1|   16|       16|
    |matrix_e1x1_stream_o_35_V_U  |        0|  5|  28|     1|   16|       16|
    |matrix_e1x1_stream_o_36_V_U  |        0|  5|  28|     1|   16|       16|
    |matrix_e1x1_stream_o_37_V_U  |        0|  5|  28|     1|   16|       16|
    |matrix_e1x1_stream_o_38_V_U  |        0|  5|  28|     1|   16|       16|
    |matrix_e1x1_stream_o_39_V_U  |        0|  5|  28|     1|   16|       16|
    |matrix_e1x1_stream_o_3_V_U   |        0|  5|  28|     1|   16|       16|
    |matrix_e1x1_stream_o_40_V_U  |        0|  5|  28|     1|   16|       16|
    |matrix_e1x1_stream_o_41_V_U  |        0|  5|  28|     1|   16|       16|
    |matrix_e1x1_stream_o_42_V_U  |        0|  5|  28|     1|   16|       16|
    |matrix_e1x1_stream_o_43_V_U  |        0|  5|  28|     1|   16|       16|
    |matrix_e1x1_stream_o_44_V_U  |        0|  5|  28|     1|   16|       16|
    |matrix_e1x1_stream_o_45_V_U  |        0|  5|  28|     1|   16|       16|
    |matrix_e1x1_stream_o_46_V_U  |        0|  5|  28|     1|   16|       16|
    |matrix_e1x1_stream_o_47_V_U  |        0|  5|  28|     1|   16|       16|
    |matrix_e1x1_stream_o_48_V_U  |        0|  5|  28|     1|   16|       16|
    |matrix_e1x1_stream_o_49_V_U  |        0|  5|  28|     1|   16|       16|
    |matrix_e1x1_stream_o_4_V_U   |        0|  5|  28|     1|   16|       16|
    |matrix_e1x1_stream_o_50_V_U  |        0|  5|  28|     1|   16|       16|
    |matrix_e1x1_stream_o_51_V_U  |        0|  5|  28|     1|   16|       16|
    |matrix_e1x1_stream_o_52_V_U  |        0|  5|  28|     1|   16|       16|
    |matrix_e1x1_stream_o_53_V_U  |        0|  5|  28|     1|   16|       16|
    |matrix_e1x1_stream_o_54_V_U  |        0|  5|  28|     1|   16|       16|
    |matrix_e1x1_stream_o_55_V_U  |        0|  5|  28|     1|   16|       16|
    |matrix_e1x1_stream_o_56_V_U  |        0|  5|  28|     1|   16|       16|
    |matrix_e1x1_stream_o_57_V_U  |        0|  5|  28|     1|   16|       16|
    |matrix_e1x1_stream_o_58_V_U  |        0|  5|  28|     1|   16|       16|
    |matrix_e1x1_stream_o_59_V_U  |        0|  5|  28|     1|   16|       16|
    |matrix_e1x1_stream_o_5_V_U   |        0|  5|  28|     1|   16|       16|
    |matrix_e1x1_stream_o_60_V_U  |        0|  5|  28|     1|   16|       16|
    |matrix_e1x1_stream_o_61_V_U  |        0|  5|  28|     1|   16|       16|
    |matrix_e1x1_stream_o_62_V_U  |        0|  5|  28|     1|   16|       16|
    |matrix_e1x1_stream_o_63_V_U  |        0|  5|  28|     1|   16|       16|
    |matrix_e1x1_stream_o_6_V_U   |        0|  5|  28|     1|   16|       16|
    |matrix_e1x1_stream_o_7_V_U   |        0|  5|  28|     1|   16|       16|
    |matrix_e1x1_stream_o_8_V_U   |        0|  5|  28|     1|   16|       16|
    |matrix_e1x1_stream_o_9_V_U   |        0|  5|  28|     1|   16|       16|
    |matrix_e3x3_stream_i_0_V_U   |        0|  5|  28|     1|   16|       16|
    |matrix_e3x3_stream_i_10_V_U  |        0|  5|  28|     1|   16|       16|
    |matrix_e3x3_stream_i_11_V_U  |        0|  5|  28|     1|   16|       16|
    |matrix_e3x3_stream_i_12_V_U  |        0|  5|  28|     1|   16|       16|
    |matrix_e3x3_stream_i_13_V_U  |        0|  5|  28|     1|   16|       16|
    |matrix_e3x3_stream_i_14_V_U  |        0|  5|  28|     1|   16|       16|
    |matrix_e3x3_stream_i_15_V_U  |        0|  5|  28|     1|   16|       16|
    |matrix_e3x3_stream_i_1_V_U   |        0|  5|  28|     1|   16|       16|
    |matrix_e3x3_stream_i_2_V_U   |        0|  5|  28|     1|   16|       16|
    |matrix_e3x3_stream_i_3_V_U   |        0|  5|  28|     1|   16|       16|
    |matrix_e3x3_stream_i_4_V_U   |        0|  5|  28|     1|   16|       16|
    |matrix_e3x3_stream_i_5_V_U   |        0|  5|  28|     1|   16|       16|
    |matrix_e3x3_stream_i_6_V_U   |        0|  5|  28|     1|   16|       16|
    |matrix_e3x3_stream_i_7_V_U   |        0|  5|  28|     1|   16|       16|
    |matrix_e3x3_stream_i_8_V_U   |        0|  5|  28|     1|   16|       16|
    |matrix_e3x3_stream_i_9_V_U   |        0|  5|  28|     1|   16|       16|
    |matrix_s1x1_stream_o_0_V_U   |        0|  5|  28|     1|   16|       16|
    |matrix_s1x1_stream_o_10_V_U  |        0|  5|  28|     1|   16|       16|
    |matrix_s1x1_stream_o_11_V_U  |        0|  5|  28|     1|   16|       16|
    |matrix_s1x1_stream_o_12_V_U  |        0|  5|  28|     1|   16|       16|
    |matrix_s1x1_stream_o_13_V_U  |        0|  5|  28|     1|   16|       16|
    |matrix_s1x1_stream_o_14_V_U  |        0|  5|  28|     1|   16|       16|
    |matrix_s1x1_stream_o_15_V_U  |        0|  5|  28|     1|   16|       16|
    |matrix_s1x1_stream_o_1_V_U   |        0|  5|  28|     1|   16|       16|
    |matrix_s1x1_stream_o_2_V_U   |        0|  5|  28|     1|   16|       16|
    |matrix_s1x1_stream_o_3_V_U   |        0|  5|  28|     1|   16|       16|
    |matrix_s1x1_stream_o_4_V_U   |        0|  5|  28|     1|   16|       16|
    |matrix_s1x1_stream_o_5_V_U   |        0|  5|  28|     1|   16|       16|
    |matrix_s1x1_stream_o_6_V_U   |        0|  5|  28|     1|   16|       16|
    |matrix_s1x1_stream_o_7_V_U   |        0|  5|  28|     1|   16|       16|
    |matrix_s1x1_stream_o_8_V_U   |        0|  5|  28|     1|   16|       16|
    |matrix_s1x1_stream_o_9_V_U   |        0|  5|  28|     1|   16|       16|
    +-----------------------------+---------+---+----+------+-----+---------+
    |Total                        |        0|560|3136|   112| 1792|     1792|
    +-----------------------------+---------+---+----+------+-----+---------+

    * Expression: 
    N/A

    * Multiplexer: 
    +------------------------------------------+----+-----------+-----+-----------+
    |                   Name                   | LUT| Input Size| Bits| Total Bits|
    +------------------------------------------+----+-----------+-----+-----------+
    |ap_sig_ready_fire2_expand1x1_U0_ap_ready  |   1|          2|    1|          2|
    |ap_sig_ready_fire2_expand3x3_U0_ap_ready  |   1|          2|    1|          2|
    |ap_sig_ready_fire2_squeeze_U0_ap_ready    |   1|          2|    1|          2|
    +------------------------------------------+----+-----------+-----+-----------+
    |Total                                     |   3|          6|    3|          6|
    +------------------------------------------+----+-----------+-----+-----------+

    * Register: 
    +------------------------------------------+---+----+-----+-----------+
    |                   Name                   | FF| LUT| Bits| Const Bits|
    +------------------------------------------+---+----+-----+-----------+
    |ap_CS                                     |  1|   0|    1|          0|
    |ap_reg_procdone_fire2_combine_U0          |  1|   0|    1|          0|
    |ap_reg_procdone_fire2_copy_U0             |  1|   0|    1|          0|
    |ap_reg_procdone_fire2_expand1x1_U0        |  1|   0|    1|          0|
    |ap_reg_procdone_fire2_expand3x3_U0        |  1|   0|    1|          0|
    |ap_reg_procdone_fire2_squeeze_U0          |  1|   0|    1|          0|
    |ap_reg_ready_fire2_expand1x1_U0_ap_ready  |  1|   0|    1|          0|
    |ap_reg_ready_fire2_expand3x3_U0_ap_ready  |  1|   0|    1|          0|
    |ap_reg_ready_fire2_squeeze_U0_ap_ready    |  1|   0|    1|          0|
    |fire2_copy_U0_ap_start                    |  1|   0|    1|          0|
    +------------------------------------------+---+----+-----+-----------+
    |Total                                     | 10|   0|   10|          0|
    +------------------------------------------+---+----+-----+-----------+



================================================================
== Interface
================================================================
* Summary: 
+-----------------------+-----+-----+------------+----------------+--------------+
|       RTL Ports       | Dir | Bits|  Protocol  |  Source Object |    C Type    |
+-----------------------+-----+-----+------------+----------------+--------------+
|matrix_i_0_V_dout      |  in |   16|   ap_fifo  |  matrix_i_0_V  |    pointer   |
|matrix_i_0_V_empty_n   |  in |    1|   ap_fifo  |  matrix_i_0_V  |    pointer   |
|matrix_i_0_V_read      | out |    1|   ap_fifo  |  matrix_i_0_V  |    pointer   |
|matrix_i_1_V_dout      |  in |   16|   ap_fifo  |  matrix_i_1_V  |    pointer   |
|matrix_i_1_V_empty_n   |  in |    1|   ap_fifo  |  matrix_i_1_V  |    pointer   |
|matrix_i_1_V_read      | out |    1|   ap_fifo  |  matrix_i_1_V  |    pointer   |
|matrix_i_2_V_dout      |  in |   16|   ap_fifo  |  matrix_i_2_V  |    pointer   |
|matrix_i_2_V_empty_n   |  in |    1|   ap_fifo  |  matrix_i_2_V  |    pointer   |
|matrix_i_2_V_read      | out |    1|   ap_fifo  |  matrix_i_2_V  |    pointer   |
|matrix_i_3_V_dout      |  in |   16|   ap_fifo  |  matrix_i_3_V  |    pointer   |
|matrix_i_3_V_empty_n   |  in |    1|   ap_fifo  |  matrix_i_3_V  |    pointer   |
|matrix_i_3_V_read      | out |    1|   ap_fifo  |  matrix_i_3_V  |    pointer   |
|matrix_i_4_V_dout      |  in |   16|   ap_fifo  |  matrix_i_4_V  |    pointer   |
|matrix_i_4_V_empty_n   |  in |    1|   ap_fifo  |  matrix_i_4_V  |    pointer   |
|matrix_i_4_V_read      | out |    1|   ap_fifo  |  matrix_i_4_V  |    pointer   |
|matrix_i_5_V_dout      |  in |   16|   ap_fifo  |  matrix_i_5_V  |    pointer   |
|matrix_i_5_V_empty_n   |  in |    1|   ap_fifo  |  matrix_i_5_V  |    pointer   |
|matrix_i_5_V_read      | out |    1|   ap_fifo  |  matrix_i_5_V  |    pointer   |
|matrix_i_6_V_dout      |  in |   16|   ap_fifo  |  matrix_i_6_V  |    pointer   |
|matrix_i_6_V_empty_n   |  in |    1|   ap_fifo  |  matrix_i_6_V  |    pointer   |
|matrix_i_6_V_read      | out |    1|   ap_fifo  |  matrix_i_6_V  |    pointer   |
|matrix_i_7_V_dout      |  in |   16|   ap_fifo  |  matrix_i_7_V  |    pointer   |
|matrix_i_7_V_empty_n   |  in |    1|   ap_fifo  |  matrix_i_7_V  |    pointer   |
|matrix_i_7_V_read      | out |    1|   ap_fifo  |  matrix_i_7_V  |    pointer   |
|matrix_i_8_V_dout      |  in |   16|   ap_fifo  |  matrix_i_8_V  |    pointer   |
|matrix_i_8_V_empty_n   |  in |    1|   ap_fifo  |  matrix_i_8_V  |    pointer   |
|matrix_i_8_V_read      | out |    1|   ap_fifo  |  matrix_i_8_V  |    pointer   |
|matrix_i_9_V_dout      |  in |   16|   ap_fifo  |  matrix_i_9_V  |    pointer   |
|matrix_i_9_V_empty_n   |  in |    1|   ap_fifo  |  matrix_i_9_V  |    pointer   |
|matrix_i_9_V_read      | out |    1|   ap_fifo  |  matrix_i_9_V  |    pointer   |
|matrix_i_10_V_dout     |  in |   16|   ap_fifo  |  matrix_i_10_V |    pointer   |
|matrix_i_10_V_empty_n  |  in |    1|   ap_fifo  |  matrix_i_10_V |    pointer   |
|matrix_i_10_V_read     | out |    1|   ap_fifo  |  matrix_i_10_V |    pointer   |
|matrix_i_11_V_dout     |  in |   16|   ap_fifo  |  matrix_i_11_V |    pointer   |
|matrix_i_11_V_empty_n  |  in |    1|   ap_fifo  |  matrix_i_11_V |    pointer   |
|matrix_i_11_V_read     | out |    1|   ap_fifo  |  matrix_i_11_V |    pointer   |
|matrix_i_12_V_dout     |  in |   16|   ap_fifo  |  matrix_i_12_V |    pointer   |
|matrix_i_12_V_empty_n  |  in |    1|   ap_fifo  |  matrix_i_12_V |    pointer   |
|matrix_i_12_V_read     | out |    1|   ap_fifo  |  matrix_i_12_V |    pointer   |
|matrix_i_13_V_dout     |  in |   16|   ap_fifo  |  matrix_i_13_V |    pointer   |
|matrix_i_13_V_empty_n  |  in |    1|   ap_fifo  |  matrix_i_13_V |    pointer   |
|matrix_i_13_V_read     | out |    1|   ap_fifo  |  matrix_i_13_V |    pointer   |
|matrix_i_14_V_dout     |  in |   16|   ap_fifo  |  matrix_i_14_V |    pointer   |
|matrix_i_14_V_empty_n  |  in |    1|   ap_fifo  |  matrix_i_14_V |    pointer   |
|matrix_i_14_V_read     | out |    1|   ap_fifo  |  matrix_i_14_V |    pointer   |
|matrix_i_15_V_dout     |  in |   16|   ap_fifo  |  matrix_i_15_V |    pointer   |
|matrix_i_15_V_empty_n  |  in |    1|   ap_fifo  |  matrix_i_15_V |    pointer   |
|matrix_i_15_V_read     | out |    1|   ap_fifo  |  matrix_i_15_V |    pointer   |
|matrix_i_16_V_dout     |  in |   16|   ap_fifo  |  matrix_i_16_V |    pointer   |
|matrix_i_16_V_empty_n  |  in |    1|   ap_fifo  |  matrix_i_16_V |    pointer   |
|matrix_i_16_V_read     | out |    1|   ap_fifo  |  matrix_i_16_V |    pointer   |
|matrix_i_17_V_dout     |  in |   16|   ap_fifo  |  matrix_i_17_V |    pointer   |
|matrix_i_17_V_empty_n  |  in |    1|   ap_fifo  |  matrix_i_17_V |    pointer   |
|matrix_i_17_V_read     | out |    1|   ap_fifo  |  matrix_i_17_V |    pointer   |
|matrix_i_18_V_dout     |  in |   16|   ap_fifo  |  matrix_i_18_V |    pointer   |
|matrix_i_18_V_empty_n  |  in |    1|   ap_fifo  |  matrix_i_18_V |    pointer   |
|matrix_i_18_V_read     | out |    1|   ap_fifo  |  matrix_i_18_V |    pointer   |
|matrix_i_19_V_dout     |  in |   16|   ap_fifo  |  matrix_i_19_V |    pointer   |
|matrix_i_19_V_empty_n  |  in |    1|   ap_fifo  |  matrix_i_19_V |    pointer   |
|matrix_i_19_V_read     | out |    1|   ap_fifo  |  matrix_i_19_V |    pointer   |
|matrix_i_20_V_dout     |  in |   16|   ap_fifo  |  matrix_i_20_V |    pointer   |
|matrix_i_20_V_empty_n  |  in |    1|   ap_fifo  |  matrix_i_20_V |    pointer   |
|matrix_i_20_V_read     | out |    1|   ap_fifo  |  matrix_i_20_V |    pointer   |
|matrix_i_21_V_dout     |  in |   16|   ap_fifo  |  matrix_i_21_V |    pointer   |
|matrix_i_21_V_empty_n  |  in |    1|   ap_fifo  |  matrix_i_21_V |    pointer   |
|matrix_i_21_V_read     | out |    1|   ap_fifo  |  matrix_i_21_V |    pointer   |
|matrix_i_22_V_dout     |  in |   16|   ap_fifo  |  matrix_i_22_V |    pointer   |
|matrix_i_22_V_empty_n  |  in |    1|   ap_fifo  |  matrix_i_22_V |    pointer   |
|matrix_i_22_V_read     | out |    1|   ap_fifo  |  matrix_i_22_V |    pointer   |
|matrix_i_23_V_dout     |  in |   16|   ap_fifo  |  matrix_i_23_V |    pointer   |
|matrix_i_23_V_empty_n  |  in |    1|   ap_fifo  |  matrix_i_23_V |    pointer   |
|matrix_i_23_V_read     | out |    1|   ap_fifo  |  matrix_i_23_V |    pointer   |
|matrix_i_24_V_dout     |  in |   16|   ap_fifo  |  matrix_i_24_V |    pointer   |
|matrix_i_24_V_empty_n  |  in |    1|   ap_fifo  |  matrix_i_24_V |    pointer   |
|matrix_i_24_V_read     | out |    1|   ap_fifo  |  matrix_i_24_V |    pointer   |
|matrix_i_25_V_dout     |  in |   16|   ap_fifo  |  matrix_i_25_V |    pointer   |
|matrix_i_25_V_empty_n  |  in |    1|   ap_fifo  |  matrix_i_25_V |    pointer   |
|matrix_i_25_V_read     | out |    1|   ap_fifo  |  matrix_i_25_V |    pointer   |
|matrix_i_26_V_dout     |  in |   16|   ap_fifo  |  matrix_i_26_V |    pointer   |
|matrix_i_26_V_empty_n  |  in |    1|   ap_fifo  |  matrix_i_26_V |    pointer   |
|matrix_i_26_V_read     | out |    1|   ap_fifo  |  matrix_i_26_V |    pointer   |
|matrix_i_27_V_dout     |  in |   16|   ap_fifo  |  matrix_i_27_V |    pointer   |
|matrix_i_27_V_empty_n  |  in |    1|   ap_fifo  |  matrix_i_27_V |    pointer   |
|matrix_i_27_V_read     | out |    1|   ap_fifo  |  matrix_i_27_V |    pointer   |
|matrix_i_28_V_dout     |  in |   16|   ap_fifo  |  matrix_i_28_V |    pointer   |
|matrix_i_28_V_empty_n  |  in |    1|   ap_fifo  |  matrix_i_28_V |    pointer   |
|matrix_i_28_V_read     | out |    1|   ap_fifo  |  matrix_i_28_V |    pointer   |
|matrix_i_29_V_dout     |  in |   16|   ap_fifo  |  matrix_i_29_V |    pointer   |
|matrix_i_29_V_empty_n  |  in |    1|   ap_fifo  |  matrix_i_29_V |    pointer   |
|matrix_i_29_V_read     | out |    1|   ap_fifo  |  matrix_i_29_V |    pointer   |
|matrix_i_30_V_dout     |  in |   16|   ap_fifo  |  matrix_i_30_V |    pointer   |
|matrix_i_30_V_empty_n  |  in |    1|   ap_fifo  |  matrix_i_30_V |    pointer   |
|matrix_i_30_V_read     | out |    1|   ap_fifo  |  matrix_i_30_V |    pointer   |
|matrix_i_31_V_dout     |  in |   16|   ap_fifo  |  matrix_i_31_V |    pointer   |
|matrix_i_31_V_empty_n  |  in |    1|   ap_fifo  |  matrix_i_31_V |    pointer   |
|matrix_i_31_V_read     | out |    1|   ap_fifo  |  matrix_i_31_V |    pointer   |
|matrix_i_32_V_dout     |  in |   16|   ap_fifo  |  matrix_i_32_V |    pointer   |
|matrix_i_32_V_empty_n  |  in |    1|   ap_fifo  |  matrix_i_32_V |    pointer   |
|matrix_i_32_V_read     | out |    1|   ap_fifo  |  matrix_i_32_V |    pointer   |
|matrix_i_33_V_dout     |  in |   16|   ap_fifo  |  matrix_i_33_V |    pointer   |
|matrix_i_33_V_empty_n  |  in |    1|   ap_fifo  |  matrix_i_33_V |    pointer   |
|matrix_i_33_V_read     | out |    1|   ap_fifo  |  matrix_i_33_V |    pointer   |
|matrix_i_34_V_dout     |  in |   16|   ap_fifo  |  matrix_i_34_V |    pointer   |
|matrix_i_34_V_empty_n  |  in |    1|   ap_fifo  |  matrix_i_34_V |    pointer   |
|matrix_i_34_V_read     | out |    1|   ap_fifo  |  matrix_i_34_V |    pointer   |
|matrix_i_35_V_dout     |  in |   16|   ap_fifo  |  matrix_i_35_V |    pointer   |
|matrix_i_35_V_empty_n  |  in |    1|   ap_fifo  |  matrix_i_35_V |    pointer   |
|matrix_i_35_V_read     | out |    1|   ap_fifo  |  matrix_i_35_V |    pointer   |
|matrix_i_36_V_dout     |  in |   16|   ap_fifo  |  matrix_i_36_V |    pointer   |
|matrix_i_36_V_empty_n  |  in |    1|   ap_fifo  |  matrix_i_36_V |    pointer   |
|matrix_i_36_V_read     | out |    1|   ap_fifo  |  matrix_i_36_V |    pointer   |
|matrix_i_37_V_dout     |  in |   16|   ap_fifo  |  matrix_i_37_V |    pointer   |
|matrix_i_37_V_empty_n  |  in |    1|   ap_fifo  |  matrix_i_37_V |    pointer   |
|matrix_i_37_V_read     | out |    1|   ap_fifo  |  matrix_i_37_V |    pointer   |
|matrix_i_38_V_dout     |  in |   16|   ap_fifo  |  matrix_i_38_V |    pointer   |
|matrix_i_38_V_empty_n  |  in |    1|   ap_fifo  |  matrix_i_38_V |    pointer   |
|matrix_i_38_V_read     | out |    1|   ap_fifo  |  matrix_i_38_V |    pointer   |
|matrix_i_39_V_dout     |  in |   16|   ap_fifo  |  matrix_i_39_V |    pointer   |
|matrix_i_39_V_empty_n  |  in |    1|   ap_fifo  |  matrix_i_39_V |    pointer   |
|matrix_i_39_V_read     | out |    1|   ap_fifo  |  matrix_i_39_V |    pointer   |
|matrix_i_40_V_dout     |  in |   16|   ap_fifo  |  matrix_i_40_V |    pointer   |
|matrix_i_40_V_empty_n  |  in |    1|   ap_fifo  |  matrix_i_40_V |    pointer   |
|matrix_i_40_V_read     | out |    1|   ap_fifo  |  matrix_i_40_V |    pointer   |
|matrix_i_41_V_dout     |  in |   16|   ap_fifo  |  matrix_i_41_V |    pointer   |
|matrix_i_41_V_empty_n  |  in |    1|   ap_fifo  |  matrix_i_41_V |    pointer   |
|matrix_i_41_V_read     | out |    1|   ap_fifo  |  matrix_i_41_V |    pointer   |
|matrix_i_42_V_dout     |  in |   16|   ap_fifo  |  matrix_i_42_V |    pointer   |
|matrix_i_42_V_empty_n  |  in |    1|   ap_fifo  |  matrix_i_42_V |    pointer   |
|matrix_i_42_V_read     | out |    1|   ap_fifo  |  matrix_i_42_V |    pointer   |
|matrix_i_43_V_dout     |  in |   16|   ap_fifo  |  matrix_i_43_V |    pointer   |
|matrix_i_43_V_empty_n  |  in |    1|   ap_fifo  |  matrix_i_43_V |    pointer   |
|matrix_i_43_V_read     | out |    1|   ap_fifo  |  matrix_i_43_V |    pointer   |
|matrix_i_44_V_dout     |  in |   16|   ap_fifo  |  matrix_i_44_V |    pointer   |
|matrix_i_44_V_empty_n  |  in |    1|   ap_fifo  |  matrix_i_44_V |    pointer   |
|matrix_i_44_V_read     | out |    1|   ap_fifo  |  matrix_i_44_V |    pointer   |
|matrix_i_45_V_dout     |  in |   16|   ap_fifo  |  matrix_i_45_V |    pointer   |
|matrix_i_45_V_empty_n  |  in |    1|   ap_fifo  |  matrix_i_45_V |    pointer   |
|matrix_i_45_V_read     | out |    1|   ap_fifo  |  matrix_i_45_V |    pointer   |
|matrix_i_46_V_dout     |  in |   16|   ap_fifo  |  matrix_i_46_V |    pointer   |
|matrix_i_46_V_empty_n  |  in |    1|   ap_fifo  |  matrix_i_46_V |    pointer   |
|matrix_i_46_V_read     | out |    1|   ap_fifo  |  matrix_i_46_V |    pointer   |
|matrix_i_47_V_dout     |  in |   16|   ap_fifo  |  matrix_i_47_V |    pointer   |
|matrix_i_47_V_empty_n  |  in |    1|   ap_fifo  |  matrix_i_47_V |    pointer   |
|matrix_i_47_V_read     | out |    1|   ap_fifo  |  matrix_i_47_V |    pointer   |
|matrix_i_48_V_dout     |  in |   16|   ap_fifo  |  matrix_i_48_V |    pointer   |
|matrix_i_48_V_empty_n  |  in |    1|   ap_fifo  |  matrix_i_48_V |    pointer   |
|matrix_i_48_V_read     | out |    1|   ap_fifo  |  matrix_i_48_V |    pointer   |
|matrix_i_49_V_dout     |  in |   16|   ap_fifo  |  matrix_i_49_V |    pointer   |
|matrix_i_49_V_empty_n  |  in |    1|   ap_fifo  |  matrix_i_49_V |    pointer   |
|matrix_i_49_V_read     | out |    1|   ap_fifo  |  matrix_i_49_V |    pointer   |
|matrix_i_50_V_dout     |  in |   16|   ap_fifo  |  matrix_i_50_V |    pointer   |
|matrix_i_50_V_empty_n  |  in |    1|   ap_fifo  |  matrix_i_50_V |    pointer   |
|matrix_i_50_V_read     | out |    1|   ap_fifo  |  matrix_i_50_V |    pointer   |
|matrix_i_51_V_dout     |  in |   16|   ap_fifo  |  matrix_i_51_V |    pointer   |
|matrix_i_51_V_empty_n  |  in |    1|   ap_fifo  |  matrix_i_51_V |    pointer   |
|matrix_i_51_V_read     | out |    1|   ap_fifo  |  matrix_i_51_V |    pointer   |
|matrix_i_52_V_dout     |  in |   16|   ap_fifo  |  matrix_i_52_V |    pointer   |
|matrix_i_52_V_empty_n  |  in |    1|   ap_fifo  |  matrix_i_52_V |    pointer   |
|matrix_i_52_V_read     | out |    1|   ap_fifo  |  matrix_i_52_V |    pointer   |
|matrix_i_53_V_dout     |  in |   16|   ap_fifo  |  matrix_i_53_V |    pointer   |
|matrix_i_53_V_empty_n  |  in |    1|   ap_fifo  |  matrix_i_53_V |    pointer   |
|matrix_i_53_V_read     | out |    1|   ap_fifo  |  matrix_i_53_V |    pointer   |
|matrix_i_54_V_dout     |  in |   16|   ap_fifo  |  matrix_i_54_V |    pointer   |
|matrix_i_54_V_empty_n  |  in |    1|   ap_fifo  |  matrix_i_54_V |    pointer   |
|matrix_i_54_V_read     | out |    1|   ap_fifo  |  matrix_i_54_V |    pointer   |
|matrix_i_55_V_dout     |  in |   16|   ap_fifo  |  matrix_i_55_V |    pointer   |
|matrix_i_55_V_empty_n  |  in |    1|   ap_fifo  |  matrix_i_55_V |    pointer   |
|matrix_i_55_V_read     | out |    1|   ap_fifo  |  matrix_i_55_V |    pointer   |
|matrix_i_56_V_dout     |  in |   16|   ap_fifo  |  matrix_i_56_V |    pointer   |
|matrix_i_56_V_empty_n  |  in |    1|   ap_fifo  |  matrix_i_56_V |    pointer   |
|matrix_i_56_V_read     | out |    1|   ap_fifo  |  matrix_i_56_V |    pointer   |
|matrix_i_57_V_dout     |  in |   16|   ap_fifo  |  matrix_i_57_V |    pointer   |
|matrix_i_57_V_empty_n  |  in |    1|   ap_fifo  |  matrix_i_57_V |    pointer   |
|matrix_i_57_V_read     | out |    1|   ap_fifo  |  matrix_i_57_V |    pointer   |
|matrix_i_58_V_dout     |  in |   16|   ap_fifo  |  matrix_i_58_V |    pointer   |
|matrix_i_58_V_empty_n  |  in |    1|   ap_fifo  |  matrix_i_58_V |    pointer   |
|matrix_i_58_V_read     | out |    1|   ap_fifo  |  matrix_i_58_V |    pointer   |
|matrix_i_59_V_dout     |  in |   16|   ap_fifo  |  matrix_i_59_V |    pointer   |
|matrix_i_59_V_empty_n  |  in |    1|   ap_fifo  |  matrix_i_59_V |    pointer   |
|matrix_i_59_V_read     | out |    1|   ap_fifo  |  matrix_i_59_V |    pointer   |
|matrix_i_60_V_dout     |  in |   16|   ap_fifo  |  matrix_i_60_V |    pointer   |
|matrix_i_60_V_empty_n  |  in |    1|   ap_fifo  |  matrix_i_60_V |    pointer   |
|matrix_i_60_V_read     | out |    1|   ap_fifo  |  matrix_i_60_V |    pointer   |
|matrix_i_61_V_dout     |  in |   16|   ap_fifo  |  matrix_i_61_V |    pointer   |
|matrix_i_61_V_empty_n  |  in |    1|   ap_fifo  |  matrix_i_61_V |    pointer   |
|matrix_i_61_V_read     | out |    1|   ap_fifo  |  matrix_i_61_V |    pointer   |
|matrix_i_62_V_dout     |  in |   16|   ap_fifo  |  matrix_i_62_V |    pointer   |
|matrix_i_62_V_empty_n  |  in |    1|   ap_fifo  |  matrix_i_62_V |    pointer   |
|matrix_i_62_V_read     | out |    1|   ap_fifo  |  matrix_i_62_V |    pointer   |
|matrix_i_63_V_dout     |  in |   16|   ap_fifo  |  matrix_i_63_V |    pointer   |
|matrix_i_63_V_empty_n  |  in |    1|   ap_fifo  |  matrix_i_63_V |    pointer   |
|matrix_i_63_V_read     | out |    1|   ap_fifo  |  matrix_i_63_V |    pointer   |
|matrix_i_64_V_dout     |  in |   16|   ap_fifo  |  matrix_i_64_V |    pointer   |
|matrix_i_64_V_empty_n  |  in |    1|   ap_fifo  |  matrix_i_64_V |    pointer   |
|matrix_i_64_V_read     | out |    1|   ap_fifo  |  matrix_i_64_V |    pointer   |
|matrix_i_65_V_dout     |  in |   16|   ap_fifo  |  matrix_i_65_V |    pointer   |
|matrix_i_65_V_empty_n  |  in |    1|   ap_fifo  |  matrix_i_65_V |    pointer   |
|matrix_i_65_V_read     | out |    1|   ap_fifo  |  matrix_i_65_V |    pointer   |
|matrix_i_66_V_dout     |  in |   16|   ap_fifo  |  matrix_i_66_V |    pointer   |
|matrix_i_66_V_empty_n  |  in |    1|   ap_fifo  |  matrix_i_66_V |    pointer   |
|matrix_i_66_V_read     | out |    1|   ap_fifo  |  matrix_i_66_V |    pointer   |
|matrix_i_67_V_dout     |  in |   16|   ap_fifo  |  matrix_i_67_V |    pointer   |
|matrix_i_67_V_empty_n  |  in |    1|   ap_fifo  |  matrix_i_67_V |    pointer   |
|matrix_i_67_V_read     | out |    1|   ap_fifo  |  matrix_i_67_V |    pointer   |
|matrix_i_68_V_dout     |  in |   16|   ap_fifo  |  matrix_i_68_V |    pointer   |
|matrix_i_68_V_empty_n  |  in |    1|   ap_fifo  |  matrix_i_68_V |    pointer   |
|matrix_i_68_V_read     | out |    1|   ap_fifo  |  matrix_i_68_V |    pointer   |
|matrix_i_69_V_dout     |  in |   16|   ap_fifo  |  matrix_i_69_V |    pointer   |
|matrix_i_69_V_empty_n  |  in |    1|   ap_fifo  |  matrix_i_69_V |    pointer   |
|matrix_i_69_V_read     | out |    1|   ap_fifo  |  matrix_i_69_V |    pointer   |
|matrix_i_70_V_dout     |  in |   16|   ap_fifo  |  matrix_i_70_V |    pointer   |
|matrix_i_70_V_empty_n  |  in |    1|   ap_fifo  |  matrix_i_70_V |    pointer   |
|matrix_i_70_V_read     | out |    1|   ap_fifo  |  matrix_i_70_V |    pointer   |
|matrix_i_71_V_dout     |  in |   16|   ap_fifo  |  matrix_i_71_V |    pointer   |
|matrix_i_71_V_empty_n  |  in |    1|   ap_fifo  |  matrix_i_71_V |    pointer   |
|matrix_i_71_V_read     | out |    1|   ap_fifo  |  matrix_i_71_V |    pointer   |
|matrix_i_72_V_dout     |  in |   16|   ap_fifo  |  matrix_i_72_V |    pointer   |
|matrix_i_72_V_empty_n  |  in |    1|   ap_fifo  |  matrix_i_72_V |    pointer   |
|matrix_i_72_V_read     | out |    1|   ap_fifo  |  matrix_i_72_V |    pointer   |
|matrix_i_73_V_dout     |  in |   16|   ap_fifo  |  matrix_i_73_V |    pointer   |
|matrix_i_73_V_empty_n  |  in |    1|   ap_fifo  |  matrix_i_73_V |    pointer   |
|matrix_i_73_V_read     | out |    1|   ap_fifo  |  matrix_i_73_V |    pointer   |
|matrix_i_74_V_dout     |  in |   16|   ap_fifo  |  matrix_i_74_V |    pointer   |
|matrix_i_74_V_empty_n  |  in |    1|   ap_fifo  |  matrix_i_74_V |    pointer   |
|matrix_i_74_V_read     | out |    1|   ap_fifo  |  matrix_i_74_V |    pointer   |
|matrix_i_75_V_dout     |  in |   16|   ap_fifo  |  matrix_i_75_V |    pointer   |
|matrix_i_75_V_empty_n  |  in |    1|   ap_fifo  |  matrix_i_75_V |    pointer   |
|matrix_i_75_V_read     | out |    1|   ap_fifo  |  matrix_i_75_V |    pointer   |
|matrix_i_76_V_dout     |  in |   16|   ap_fifo  |  matrix_i_76_V |    pointer   |
|matrix_i_76_V_empty_n  |  in |    1|   ap_fifo  |  matrix_i_76_V |    pointer   |
|matrix_i_76_V_read     | out |    1|   ap_fifo  |  matrix_i_76_V |    pointer   |
|matrix_i_77_V_dout     |  in |   16|   ap_fifo  |  matrix_i_77_V |    pointer   |
|matrix_i_77_V_empty_n  |  in |    1|   ap_fifo  |  matrix_i_77_V |    pointer   |
|matrix_i_77_V_read     | out |    1|   ap_fifo  |  matrix_i_77_V |    pointer   |
|matrix_i_78_V_dout     |  in |   16|   ap_fifo  |  matrix_i_78_V |    pointer   |
|matrix_i_78_V_empty_n  |  in |    1|   ap_fifo  |  matrix_i_78_V |    pointer   |
|matrix_i_78_V_read     | out |    1|   ap_fifo  |  matrix_i_78_V |    pointer   |
|matrix_i_79_V_dout     |  in |   16|   ap_fifo  |  matrix_i_79_V |    pointer   |
|matrix_i_79_V_empty_n  |  in |    1|   ap_fifo  |  matrix_i_79_V |    pointer   |
|matrix_i_79_V_read     | out |    1|   ap_fifo  |  matrix_i_79_V |    pointer   |
|matrix_i_80_V_dout     |  in |   16|   ap_fifo  |  matrix_i_80_V |    pointer   |
|matrix_i_80_V_empty_n  |  in |    1|   ap_fifo  |  matrix_i_80_V |    pointer   |
|matrix_i_80_V_read     | out |    1|   ap_fifo  |  matrix_i_80_V |    pointer   |
|matrix_i_81_V_dout     |  in |   16|   ap_fifo  |  matrix_i_81_V |    pointer   |
|matrix_i_81_V_empty_n  |  in |    1|   ap_fifo  |  matrix_i_81_V |    pointer   |
|matrix_i_81_V_read     | out |    1|   ap_fifo  |  matrix_i_81_V |    pointer   |
|matrix_i_82_V_dout     |  in |   16|   ap_fifo  |  matrix_i_82_V |    pointer   |
|matrix_i_82_V_empty_n  |  in |    1|   ap_fifo  |  matrix_i_82_V |    pointer   |
|matrix_i_82_V_read     | out |    1|   ap_fifo  |  matrix_i_82_V |    pointer   |
|matrix_i_83_V_dout     |  in |   16|   ap_fifo  |  matrix_i_83_V |    pointer   |
|matrix_i_83_V_empty_n  |  in |    1|   ap_fifo  |  matrix_i_83_V |    pointer   |
|matrix_i_83_V_read     | out |    1|   ap_fifo  |  matrix_i_83_V |    pointer   |
|matrix_i_84_V_dout     |  in |   16|   ap_fifo  |  matrix_i_84_V |    pointer   |
|matrix_i_84_V_empty_n  |  in |    1|   ap_fifo  |  matrix_i_84_V |    pointer   |
|matrix_i_84_V_read     | out |    1|   ap_fifo  |  matrix_i_84_V |    pointer   |
|matrix_i_85_V_dout     |  in |   16|   ap_fifo  |  matrix_i_85_V |    pointer   |
|matrix_i_85_V_empty_n  |  in |    1|   ap_fifo  |  matrix_i_85_V |    pointer   |
|matrix_i_85_V_read     | out |    1|   ap_fifo  |  matrix_i_85_V |    pointer   |
|matrix_i_86_V_dout     |  in |   16|   ap_fifo  |  matrix_i_86_V |    pointer   |
|matrix_i_86_V_empty_n  |  in |    1|   ap_fifo  |  matrix_i_86_V |    pointer   |
|matrix_i_86_V_read     | out |    1|   ap_fifo  |  matrix_i_86_V |    pointer   |
|matrix_i_87_V_dout     |  in |   16|   ap_fifo  |  matrix_i_87_V |    pointer   |
|matrix_i_87_V_empty_n  |  in |    1|   ap_fifo  |  matrix_i_87_V |    pointer   |
|matrix_i_87_V_read     | out |    1|   ap_fifo  |  matrix_i_87_V |    pointer   |
|matrix_i_88_V_dout     |  in |   16|   ap_fifo  |  matrix_i_88_V |    pointer   |
|matrix_i_88_V_empty_n  |  in |    1|   ap_fifo  |  matrix_i_88_V |    pointer   |
|matrix_i_88_V_read     | out |    1|   ap_fifo  |  matrix_i_88_V |    pointer   |
|matrix_i_89_V_dout     |  in |   16|   ap_fifo  |  matrix_i_89_V |    pointer   |
|matrix_i_89_V_empty_n  |  in |    1|   ap_fifo  |  matrix_i_89_V |    pointer   |
|matrix_i_89_V_read     | out |    1|   ap_fifo  |  matrix_i_89_V |    pointer   |
|matrix_i_90_V_dout     |  in |   16|   ap_fifo  |  matrix_i_90_V |    pointer   |
|matrix_i_90_V_empty_n  |  in |    1|   ap_fifo  |  matrix_i_90_V |    pointer   |
|matrix_i_90_V_read     | out |    1|   ap_fifo  |  matrix_i_90_V |    pointer   |
|matrix_i_91_V_dout     |  in |   16|   ap_fifo  |  matrix_i_91_V |    pointer   |
|matrix_i_91_V_empty_n  |  in |    1|   ap_fifo  |  matrix_i_91_V |    pointer   |
|matrix_i_91_V_read     | out |    1|   ap_fifo  |  matrix_i_91_V |    pointer   |
|matrix_i_92_V_dout     |  in |   16|   ap_fifo  |  matrix_i_92_V |    pointer   |
|matrix_i_92_V_empty_n  |  in |    1|   ap_fifo  |  matrix_i_92_V |    pointer   |
|matrix_i_92_V_read     | out |    1|   ap_fifo  |  matrix_i_92_V |    pointer   |
|matrix_i_93_V_dout     |  in |   16|   ap_fifo  |  matrix_i_93_V |    pointer   |
|matrix_i_93_V_empty_n  |  in |    1|   ap_fifo  |  matrix_i_93_V |    pointer   |
|matrix_i_93_V_read     | out |    1|   ap_fifo  |  matrix_i_93_V |    pointer   |
|matrix_i_94_V_dout     |  in |   16|   ap_fifo  |  matrix_i_94_V |    pointer   |
|matrix_i_94_V_empty_n  |  in |    1|   ap_fifo  |  matrix_i_94_V |    pointer   |
|matrix_i_94_V_read     | out |    1|   ap_fifo  |  matrix_i_94_V |    pointer   |
|matrix_i_95_V_dout     |  in |   16|   ap_fifo  |  matrix_i_95_V |    pointer   |
|matrix_i_95_V_empty_n  |  in |    1|   ap_fifo  |  matrix_i_95_V |    pointer   |
|matrix_i_95_V_read     | out |    1|   ap_fifo  |  matrix_i_95_V |    pointer   |
|kernel_s1x1_address0   | out |    4|  ap_memory |   kernel_s1x1  |     array    |
|kernel_s1x1_ce0        | out |    1|  ap_memory |   kernel_s1x1  |     array    |
|kernel_s1x1_d0         | out |   16|  ap_memory |   kernel_s1x1  |     array    |
|kernel_s1x1_q0         |  in |   16|  ap_memory |   kernel_s1x1  |     array    |
|kernel_s1x1_we0        | out |    1|  ap_memory |   kernel_s1x1  |     array    |
|kernel_s1x1_address1   | out |    4|  ap_memory |   kernel_s1x1  |     array    |
|kernel_s1x1_ce1        | out |    1|  ap_memory |   kernel_s1x1  |     array    |
|kernel_s1x1_d1         | out |   16|  ap_memory |   kernel_s1x1  |     array    |
|kernel_s1x1_q1         |  in |   16|  ap_memory |   kernel_s1x1  |     array    |
|kernel_s1x1_we1        | out |    1|  ap_memory |   kernel_s1x1  |     array    |
|kernel_e1x1_address0   | out |    6|  ap_memory |   kernel_e1x1  |     array    |
|kernel_e1x1_ce0        | out |    1|  ap_memory |   kernel_e1x1  |     array    |
|kernel_e1x1_d0         | out |   16|  ap_memory |   kernel_e1x1  |     array    |
|kernel_e1x1_q0         |  in |   16|  ap_memory |   kernel_e1x1  |     array    |
|kernel_e1x1_we0        | out |    1|  ap_memory |   kernel_e1x1  |     array    |
|kernel_e1x1_address1   | out |    6|  ap_memory |   kernel_e1x1  |     array    |
|kernel_e1x1_ce1        | out |    1|  ap_memory |   kernel_e1x1  |     array    |
|kernel_e1x1_d1         | out |   16|  ap_memory |   kernel_e1x1  |     array    |
|kernel_e1x1_q1         |  in |   16|  ap_memory |   kernel_e1x1  |     array    |
|kernel_e1x1_we1        | out |    1|  ap_memory |   kernel_e1x1  |     array    |
|kernel_e3x3_address0   | out |   10|  ap_memory |   kernel_e3x3  |     array    |
|kernel_e3x3_ce0        | out |    1|  ap_memory |   kernel_e3x3  |     array    |
|kernel_e3x3_d0         | out |   16|  ap_memory |   kernel_e3x3  |     array    |
|kernel_e3x3_q0         |  in |   16|  ap_memory |   kernel_e3x3  |     array    |
|kernel_e3x3_we0        | out |    1|  ap_memory |   kernel_e3x3  |     array    |
|kernel_e3x3_address1   | out |   10|  ap_memory |   kernel_e3x3  |     array    |
|kernel_e3x3_ce1        | out |    1|  ap_memory |   kernel_e3x3  |     array    |
|kernel_e3x3_d1         | out |   16|  ap_memory |   kernel_e3x3  |     array    |
|kernel_e3x3_q1         |  in |   16|  ap_memory |   kernel_e3x3  |     array    |
|kernel_e3x3_we1        | out |    1|  ap_memory |   kernel_e3x3  |     array    |
|matrix_o_0_V_din       | out |   16|   ap_fifo  |  matrix_o_0_V  |    pointer   |
|matrix_o_0_V_full_n    |  in |    1|   ap_fifo  |  matrix_o_0_V  |    pointer   |
|matrix_o_0_V_write     | out |    1|   ap_fifo  |  matrix_o_0_V  |    pointer   |
|matrix_o_1_V_din       | out |   16|   ap_fifo  |  matrix_o_1_V  |    pointer   |
|matrix_o_1_V_full_n    |  in |    1|   ap_fifo  |  matrix_o_1_V  |    pointer   |
|matrix_o_1_V_write     | out |    1|   ap_fifo  |  matrix_o_1_V  |    pointer   |
|matrix_o_2_V_din       | out |   16|   ap_fifo  |  matrix_o_2_V  |    pointer   |
|matrix_o_2_V_full_n    |  in |    1|   ap_fifo  |  matrix_o_2_V  |    pointer   |
|matrix_o_2_V_write     | out |    1|   ap_fifo  |  matrix_o_2_V  |    pointer   |
|matrix_o_3_V_din       | out |   16|   ap_fifo  |  matrix_o_3_V  |    pointer   |
|matrix_o_3_V_full_n    |  in |    1|   ap_fifo  |  matrix_o_3_V  |    pointer   |
|matrix_o_3_V_write     | out |    1|   ap_fifo  |  matrix_o_3_V  |    pointer   |
|matrix_o_4_V_din       | out |   16|   ap_fifo  |  matrix_o_4_V  |    pointer   |
|matrix_o_4_V_full_n    |  in |    1|   ap_fifo  |  matrix_o_4_V  |    pointer   |
|matrix_o_4_V_write     | out |    1|   ap_fifo  |  matrix_o_4_V  |    pointer   |
|matrix_o_5_V_din       | out |   16|   ap_fifo  |  matrix_o_5_V  |    pointer   |
|matrix_o_5_V_full_n    |  in |    1|   ap_fifo  |  matrix_o_5_V  |    pointer   |
|matrix_o_5_V_write     | out |    1|   ap_fifo  |  matrix_o_5_V  |    pointer   |
|matrix_o_6_V_din       | out |   16|   ap_fifo  |  matrix_o_6_V  |    pointer   |
|matrix_o_6_V_full_n    |  in |    1|   ap_fifo  |  matrix_o_6_V  |    pointer   |
|matrix_o_6_V_write     | out |    1|   ap_fifo  |  matrix_o_6_V  |    pointer   |
|matrix_o_7_V_din       | out |   16|   ap_fifo  |  matrix_o_7_V  |    pointer   |
|matrix_o_7_V_full_n    |  in |    1|   ap_fifo  |  matrix_o_7_V  |    pointer   |
|matrix_o_7_V_write     | out |    1|   ap_fifo  |  matrix_o_7_V  |    pointer   |
|matrix_o_8_V_din       | out |   16|   ap_fifo  |  matrix_o_8_V  |    pointer   |
|matrix_o_8_V_full_n    |  in |    1|   ap_fifo  |  matrix_o_8_V  |    pointer   |
|matrix_o_8_V_write     | out |    1|   ap_fifo  |  matrix_o_8_V  |    pointer   |
|matrix_o_9_V_din       | out |   16|   ap_fifo  |  matrix_o_9_V  |    pointer   |
|matrix_o_9_V_full_n    |  in |    1|   ap_fifo  |  matrix_o_9_V  |    pointer   |
|matrix_o_9_V_write     | out |    1|   ap_fifo  |  matrix_o_9_V  |    pointer   |
|matrix_o_10_V_din      | out |   16|   ap_fifo  |  matrix_o_10_V |    pointer   |
|matrix_o_10_V_full_n   |  in |    1|   ap_fifo  |  matrix_o_10_V |    pointer   |
|matrix_o_10_V_write    | out |    1|   ap_fifo  |  matrix_o_10_V |    pointer   |
|matrix_o_11_V_din      | out |   16|   ap_fifo  |  matrix_o_11_V |    pointer   |
|matrix_o_11_V_full_n   |  in |    1|   ap_fifo  |  matrix_o_11_V |    pointer   |
|matrix_o_11_V_write    | out |    1|   ap_fifo  |  matrix_o_11_V |    pointer   |
|matrix_o_12_V_din      | out |   16|   ap_fifo  |  matrix_o_12_V |    pointer   |
|matrix_o_12_V_full_n   |  in |    1|   ap_fifo  |  matrix_o_12_V |    pointer   |
|matrix_o_12_V_write    | out |    1|   ap_fifo  |  matrix_o_12_V |    pointer   |
|matrix_o_13_V_din      | out |   16|   ap_fifo  |  matrix_o_13_V |    pointer   |
|matrix_o_13_V_full_n   |  in |    1|   ap_fifo  |  matrix_o_13_V |    pointer   |
|matrix_o_13_V_write    | out |    1|   ap_fifo  |  matrix_o_13_V |    pointer   |
|matrix_o_14_V_din      | out |   16|   ap_fifo  |  matrix_o_14_V |    pointer   |
|matrix_o_14_V_full_n   |  in |    1|   ap_fifo  |  matrix_o_14_V |    pointer   |
|matrix_o_14_V_write    | out |    1|   ap_fifo  |  matrix_o_14_V |    pointer   |
|matrix_o_15_V_din      | out |   16|   ap_fifo  |  matrix_o_15_V |    pointer   |
|matrix_o_15_V_full_n   |  in |    1|   ap_fifo  |  matrix_o_15_V |    pointer   |
|matrix_o_15_V_write    | out |    1|   ap_fifo  |  matrix_o_15_V |    pointer   |
|matrix_o_16_V_din      | out |   16|   ap_fifo  |  matrix_o_16_V |    pointer   |
|matrix_o_16_V_full_n   |  in |    1|   ap_fifo  |  matrix_o_16_V |    pointer   |
|matrix_o_16_V_write    | out |    1|   ap_fifo  |  matrix_o_16_V |    pointer   |
|matrix_o_17_V_din      | out |   16|   ap_fifo  |  matrix_o_17_V |    pointer   |
|matrix_o_17_V_full_n   |  in |    1|   ap_fifo  |  matrix_o_17_V |    pointer   |
|matrix_o_17_V_write    | out |    1|   ap_fifo  |  matrix_o_17_V |    pointer   |
|matrix_o_18_V_din      | out |   16|   ap_fifo  |  matrix_o_18_V |    pointer   |
|matrix_o_18_V_full_n   |  in |    1|   ap_fifo  |  matrix_o_18_V |    pointer   |
|matrix_o_18_V_write    | out |    1|   ap_fifo  |  matrix_o_18_V |    pointer   |
|matrix_o_19_V_din      | out |   16|   ap_fifo  |  matrix_o_19_V |    pointer   |
|matrix_o_19_V_full_n   |  in |    1|   ap_fifo  |  matrix_o_19_V |    pointer   |
|matrix_o_19_V_write    | out |    1|   ap_fifo  |  matrix_o_19_V |    pointer   |
|matrix_o_20_V_din      | out |   16|   ap_fifo  |  matrix_o_20_V |    pointer   |
|matrix_o_20_V_full_n   |  in |    1|   ap_fifo  |  matrix_o_20_V |    pointer   |
|matrix_o_20_V_write    | out |    1|   ap_fifo  |  matrix_o_20_V |    pointer   |
|matrix_o_21_V_din      | out |   16|   ap_fifo  |  matrix_o_21_V |    pointer   |
|matrix_o_21_V_full_n   |  in |    1|   ap_fifo  |  matrix_o_21_V |    pointer   |
|matrix_o_21_V_write    | out |    1|   ap_fifo  |  matrix_o_21_V |    pointer   |
|matrix_o_22_V_din      | out |   16|   ap_fifo  |  matrix_o_22_V |    pointer   |
|matrix_o_22_V_full_n   |  in |    1|   ap_fifo  |  matrix_o_22_V |    pointer   |
|matrix_o_22_V_write    | out |    1|   ap_fifo  |  matrix_o_22_V |    pointer   |
|matrix_o_23_V_din      | out |   16|   ap_fifo  |  matrix_o_23_V |    pointer   |
|matrix_o_23_V_full_n   |  in |    1|   ap_fifo  |  matrix_o_23_V |    pointer   |
|matrix_o_23_V_write    | out |    1|   ap_fifo  |  matrix_o_23_V |    pointer   |
|matrix_o_24_V_din      | out |   16|   ap_fifo  |  matrix_o_24_V |    pointer   |
|matrix_o_24_V_full_n   |  in |    1|   ap_fifo  |  matrix_o_24_V |    pointer   |
|matrix_o_24_V_write    | out |    1|   ap_fifo  |  matrix_o_24_V |    pointer   |
|matrix_o_25_V_din      | out |   16|   ap_fifo  |  matrix_o_25_V |    pointer   |
|matrix_o_25_V_full_n   |  in |    1|   ap_fifo  |  matrix_o_25_V |    pointer   |
|matrix_o_25_V_write    | out |    1|   ap_fifo  |  matrix_o_25_V |    pointer   |
|matrix_o_26_V_din      | out |   16|   ap_fifo  |  matrix_o_26_V |    pointer   |
|matrix_o_26_V_full_n   |  in |    1|   ap_fifo  |  matrix_o_26_V |    pointer   |
|matrix_o_26_V_write    | out |    1|   ap_fifo  |  matrix_o_26_V |    pointer   |
|matrix_o_27_V_din      | out |   16|   ap_fifo  |  matrix_o_27_V |    pointer   |
|matrix_o_27_V_full_n   |  in |    1|   ap_fifo  |  matrix_o_27_V |    pointer   |
|matrix_o_27_V_write    | out |    1|   ap_fifo  |  matrix_o_27_V |    pointer   |
|matrix_o_28_V_din      | out |   16|   ap_fifo  |  matrix_o_28_V |    pointer   |
|matrix_o_28_V_full_n   |  in |    1|   ap_fifo  |  matrix_o_28_V |    pointer   |
|matrix_o_28_V_write    | out |    1|   ap_fifo  |  matrix_o_28_V |    pointer   |
|matrix_o_29_V_din      | out |   16|   ap_fifo  |  matrix_o_29_V |    pointer   |
|matrix_o_29_V_full_n   |  in |    1|   ap_fifo  |  matrix_o_29_V |    pointer   |
|matrix_o_29_V_write    | out |    1|   ap_fifo  |  matrix_o_29_V |    pointer   |
|matrix_o_30_V_din      | out |   16|   ap_fifo  |  matrix_o_30_V |    pointer   |
|matrix_o_30_V_full_n   |  in |    1|   ap_fifo  |  matrix_o_30_V |    pointer   |
|matrix_o_30_V_write    | out |    1|   ap_fifo  |  matrix_o_30_V |    pointer   |
|matrix_o_31_V_din      | out |   16|   ap_fifo  |  matrix_o_31_V |    pointer   |
|matrix_o_31_V_full_n   |  in |    1|   ap_fifo  |  matrix_o_31_V |    pointer   |
|matrix_o_31_V_write    | out |    1|   ap_fifo  |  matrix_o_31_V |    pointer   |
|matrix_o_32_V_din      | out |   16|   ap_fifo  |  matrix_o_32_V |    pointer   |
|matrix_o_32_V_full_n   |  in |    1|   ap_fifo  |  matrix_o_32_V |    pointer   |
|matrix_o_32_V_write    | out |    1|   ap_fifo  |  matrix_o_32_V |    pointer   |
|matrix_o_33_V_din      | out |   16|   ap_fifo  |  matrix_o_33_V |    pointer   |
|matrix_o_33_V_full_n   |  in |    1|   ap_fifo  |  matrix_o_33_V |    pointer   |
|matrix_o_33_V_write    | out |    1|   ap_fifo  |  matrix_o_33_V |    pointer   |
|matrix_o_34_V_din      | out |   16|   ap_fifo  |  matrix_o_34_V |    pointer   |
|matrix_o_34_V_full_n   |  in |    1|   ap_fifo  |  matrix_o_34_V |    pointer   |
|matrix_o_34_V_write    | out |    1|   ap_fifo  |  matrix_o_34_V |    pointer   |
|matrix_o_35_V_din      | out |   16|   ap_fifo  |  matrix_o_35_V |    pointer   |
|matrix_o_35_V_full_n   |  in |    1|   ap_fifo  |  matrix_o_35_V |    pointer   |
|matrix_o_35_V_write    | out |    1|   ap_fifo  |  matrix_o_35_V |    pointer   |
|matrix_o_36_V_din      | out |   16|   ap_fifo  |  matrix_o_36_V |    pointer   |
|matrix_o_36_V_full_n   |  in |    1|   ap_fifo  |  matrix_o_36_V |    pointer   |
|matrix_o_36_V_write    | out |    1|   ap_fifo  |  matrix_o_36_V |    pointer   |
|matrix_o_37_V_din      | out |   16|   ap_fifo  |  matrix_o_37_V |    pointer   |
|matrix_o_37_V_full_n   |  in |    1|   ap_fifo  |  matrix_o_37_V |    pointer   |
|matrix_o_37_V_write    | out |    1|   ap_fifo  |  matrix_o_37_V |    pointer   |
|matrix_o_38_V_din      | out |   16|   ap_fifo  |  matrix_o_38_V |    pointer   |
|matrix_o_38_V_full_n   |  in |    1|   ap_fifo  |  matrix_o_38_V |    pointer   |
|matrix_o_38_V_write    | out |    1|   ap_fifo  |  matrix_o_38_V |    pointer   |
|matrix_o_39_V_din      | out |   16|   ap_fifo  |  matrix_o_39_V |    pointer   |
|matrix_o_39_V_full_n   |  in |    1|   ap_fifo  |  matrix_o_39_V |    pointer   |
|matrix_o_39_V_write    | out |    1|   ap_fifo  |  matrix_o_39_V |    pointer   |
|matrix_o_40_V_din      | out |   16|   ap_fifo  |  matrix_o_40_V |    pointer   |
|matrix_o_40_V_full_n   |  in |    1|   ap_fifo  |  matrix_o_40_V |    pointer   |
|matrix_o_40_V_write    | out |    1|   ap_fifo  |  matrix_o_40_V |    pointer   |
|matrix_o_41_V_din      | out |   16|   ap_fifo  |  matrix_o_41_V |    pointer   |
|matrix_o_41_V_full_n   |  in |    1|   ap_fifo  |  matrix_o_41_V |    pointer   |
|matrix_o_41_V_write    | out |    1|   ap_fifo  |  matrix_o_41_V |    pointer   |
|matrix_o_42_V_din      | out |   16|   ap_fifo  |  matrix_o_42_V |    pointer   |
|matrix_o_42_V_full_n   |  in |    1|   ap_fifo  |  matrix_o_42_V |    pointer   |
|matrix_o_42_V_write    | out |    1|   ap_fifo  |  matrix_o_42_V |    pointer   |
|matrix_o_43_V_din      | out |   16|   ap_fifo  |  matrix_o_43_V |    pointer   |
|matrix_o_43_V_full_n   |  in |    1|   ap_fifo  |  matrix_o_43_V |    pointer   |
|matrix_o_43_V_write    | out |    1|   ap_fifo  |  matrix_o_43_V |    pointer   |
|matrix_o_44_V_din      | out |   16|   ap_fifo  |  matrix_o_44_V |    pointer   |
|matrix_o_44_V_full_n   |  in |    1|   ap_fifo  |  matrix_o_44_V |    pointer   |
|matrix_o_44_V_write    | out |    1|   ap_fifo  |  matrix_o_44_V |    pointer   |
|matrix_o_45_V_din      | out |   16|   ap_fifo  |  matrix_o_45_V |    pointer   |
|matrix_o_45_V_full_n   |  in |    1|   ap_fifo  |  matrix_o_45_V |    pointer   |
|matrix_o_45_V_write    | out |    1|   ap_fifo  |  matrix_o_45_V |    pointer   |
|matrix_o_46_V_din      | out |   16|   ap_fifo  |  matrix_o_46_V |    pointer   |
|matrix_o_46_V_full_n   |  in |    1|   ap_fifo  |  matrix_o_46_V |    pointer   |
|matrix_o_46_V_write    | out |    1|   ap_fifo  |  matrix_o_46_V |    pointer   |
|matrix_o_47_V_din      | out |   16|   ap_fifo  |  matrix_o_47_V |    pointer   |
|matrix_o_47_V_full_n   |  in |    1|   ap_fifo  |  matrix_o_47_V |    pointer   |
|matrix_o_47_V_write    | out |    1|   ap_fifo  |  matrix_o_47_V |    pointer   |
|matrix_o_48_V_din      | out |   16|   ap_fifo  |  matrix_o_48_V |    pointer   |
|matrix_o_48_V_full_n   |  in |    1|   ap_fifo  |  matrix_o_48_V |    pointer   |
|matrix_o_48_V_write    | out |    1|   ap_fifo  |  matrix_o_48_V |    pointer   |
|matrix_o_49_V_din      | out |   16|   ap_fifo  |  matrix_o_49_V |    pointer   |
|matrix_o_49_V_full_n   |  in |    1|   ap_fifo  |  matrix_o_49_V |    pointer   |
|matrix_o_49_V_write    | out |    1|   ap_fifo  |  matrix_o_49_V |    pointer   |
|matrix_o_50_V_din      | out |   16|   ap_fifo  |  matrix_o_50_V |    pointer   |
|matrix_o_50_V_full_n   |  in |    1|   ap_fifo  |  matrix_o_50_V |    pointer   |
|matrix_o_50_V_write    | out |    1|   ap_fifo  |  matrix_o_50_V |    pointer   |
|matrix_o_51_V_din      | out |   16|   ap_fifo  |  matrix_o_51_V |    pointer   |
|matrix_o_51_V_full_n   |  in |    1|   ap_fifo  |  matrix_o_51_V |    pointer   |
|matrix_o_51_V_write    | out |    1|   ap_fifo  |  matrix_o_51_V |    pointer   |
|matrix_o_52_V_din      | out |   16|   ap_fifo  |  matrix_o_52_V |    pointer   |
|matrix_o_52_V_full_n   |  in |    1|   ap_fifo  |  matrix_o_52_V |    pointer   |
|matrix_o_52_V_write    | out |    1|   ap_fifo  |  matrix_o_52_V |    pointer   |
|matrix_o_53_V_din      | out |   16|   ap_fifo  |  matrix_o_53_V |    pointer   |
|matrix_o_53_V_full_n   |  in |    1|   ap_fifo  |  matrix_o_53_V |    pointer   |
|matrix_o_53_V_write    | out |    1|   ap_fifo  |  matrix_o_53_V |    pointer   |
|matrix_o_54_V_din      | out |   16|   ap_fifo  |  matrix_o_54_V |    pointer   |
|matrix_o_54_V_full_n   |  in |    1|   ap_fifo  |  matrix_o_54_V |    pointer   |
|matrix_o_54_V_write    | out |    1|   ap_fifo  |  matrix_o_54_V |    pointer   |
|matrix_o_55_V_din      | out |   16|   ap_fifo  |  matrix_o_55_V |    pointer   |
|matrix_o_55_V_full_n   |  in |    1|   ap_fifo  |  matrix_o_55_V |    pointer   |
|matrix_o_55_V_write    | out |    1|   ap_fifo  |  matrix_o_55_V |    pointer   |
|matrix_o_56_V_din      | out |   16|   ap_fifo  |  matrix_o_56_V |    pointer   |
|matrix_o_56_V_full_n   |  in |    1|   ap_fifo  |  matrix_o_56_V |    pointer   |
|matrix_o_56_V_write    | out |    1|   ap_fifo  |  matrix_o_56_V |    pointer   |
|matrix_o_57_V_din      | out |   16|   ap_fifo  |  matrix_o_57_V |    pointer   |
|matrix_o_57_V_full_n   |  in |    1|   ap_fifo  |  matrix_o_57_V |    pointer   |
|matrix_o_57_V_write    | out |    1|   ap_fifo  |  matrix_o_57_V |    pointer   |
|matrix_o_58_V_din      | out |   16|   ap_fifo  |  matrix_o_58_V |    pointer   |
|matrix_o_58_V_full_n   |  in |    1|   ap_fifo  |  matrix_o_58_V |    pointer   |
|matrix_o_58_V_write    | out |    1|   ap_fifo  |  matrix_o_58_V |    pointer   |
|matrix_o_59_V_din      | out |   16|   ap_fifo  |  matrix_o_59_V |    pointer   |
|matrix_o_59_V_full_n   |  in |    1|   ap_fifo  |  matrix_o_59_V |    pointer   |
|matrix_o_59_V_write    | out |    1|   ap_fifo  |  matrix_o_59_V |    pointer   |
|matrix_o_60_V_din      | out |   16|   ap_fifo  |  matrix_o_60_V |    pointer   |
|matrix_o_60_V_full_n   |  in |    1|   ap_fifo  |  matrix_o_60_V |    pointer   |
|matrix_o_60_V_write    | out |    1|   ap_fifo  |  matrix_o_60_V |    pointer   |
|matrix_o_61_V_din      | out |   16|   ap_fifo  |  matrix_o_61_V |    pointer   |
|matrix_o_61_V_full_n   |  in |    1|   ap_fifo  |  matrix_o_61_V |    pointer   |
|matrix_o_61_V_write    | out |    1|   ap_fifo  |  matrix_o_61_V |    pointer   |
|matrix_o_62_V_din      | out |   16|   ap_fifo  |  matrix_o_62_V |    pointer   |
|matrix_o_62_V_full_n   |  in |    1|   ap_fifo  |  matrix_o_62_V |    pointer   |
|matrix_o_62_V_write    | out |    1|   ap_fifo  |  matrix_o_62_V |    pointer   |
|matrix_o_63_V_din      | out |   16|   ap_fifo  |  matrix_o_63_V |    pointer   |
|matrix_o_63_V_full_n   |  in |    1|   ap_fifo  |  matrix_o_63_V |    pointer   |
|matrix_o_63_V_write    | out |    1|   ap_fifo  |  matrix_o_63_V |    pointer   |
|matrix_o_64_V_din      | out |   16|   ap_fifo  |  matrix_o_64_V |    pointer   |
|matrix_o_64_V_full_n   |  in |    1|   ap_fifo  |  matrix_o_64_V |    pointer   |
|matrix_o_64_V_write    | out |    1|   ap_fifo  |  matrix_o_64_V |    pointer   |
|matrix_o_65_V_din      | out |   16|   ap_fifo  |  matrix_o_65_V |    pointer   |
|matrix_o_65_V_full_n   |  in |    1|   ap_fifo  |  matrix_o_65_V |    pointer   |
|matrix_o_65_V_write    | out |    1|   ap_fifo  |  matrix_o_65_V |    pointer   |
|matrix_o_66_V_din      | out |   16|   ap_fifo  |  matrix_o_66_V |    pointer   |
|matrix_o_66_V_full_n   |  in |    1|   ap_fifo  |  matrix_o_66_V |    pointer   |
|matrix_o_66_V_write    | out |    1|   ap_fifo  |  matrix_o_66_V |    pointer   |
|matrix_o_67_V_din      | out |   16|   ap_fifo  |  matrix_o_67_V |    pointer   |
|matrix_o_67_V_full_n   |  in |    1|   ap_fifo  |  matrix_o_67_V |    pointer   |
|matrix_o_67_V_write    | out |    1|   ap_fifo  |  matrix_o_67_V |    pointer   |
|matrix_o_68_V_din      | out |   16|   ap_fifo  |  matrix_o_68_V |    pointer   |
|matrix_o_68_V_full_n   |  in |    1|   ap_fifo  |  matrix_o_68_V |    pointer   |
|matrix_o_68_V_write    | out |    1|   ap_fifo  |  matrix_o_68_V |    pointer   |
|matrix_o_69_V_din      | out |   16|   ap_fifo  |  matrix_o_69_V |    pointer   |
|matrix_o_69_V_full_n   |  in |    1|   ap_fifo  |  matrix_o_69_V |    pointer   |
|matrix_o_69_V_write    | out |    1|   ap_fifo  |  matrix_o_69_V |    pointer   |
|matrix_o_70_V_din      | out |   16|   ap_fifo  |  matrix_o_70_V |    pointer   |
|matrix_o_70_V_full_n   |  in |    1|   ap_fifo  |  matrix_o_70_V |    pointer   |
|matrix_o_70_V_write    | out |    1|   ap_fifo  |  matrix_o_70_V |    pointer   |
|matrix_o_71_V_din      | out |   16|   ap_fifo  |  matrix_o_71_V |    pointer   |
|matrix_o_71_V_full_n   |  in |    1|   ap_fifo  |  matrix_o_71_V |    pointer   |
|matrix_o_71_V_write    | out |    1|   ap_fifo  |  matrix_o_71_V |    pointer   |
|matrix_o_72_V_din      | out |   16|   ap_fifo  |  matrix_o_72_V |    pointer   |
|matrix_o_72_V_full_n   |  in |    1|   ap_fifo  |  matrix_o_72_V |    pointer   |
|matrix_o_72_V_write    | out |    1|   ap_fifo  |  matrix_o_72_V |    pointer   |
|matrix_o_73_V_din      | out |   16|   ap_fifo  |  matrix_o_73_V |    pointer   |
|matrix_o_73_V_full_n   |  in |    1|   ap_fifo  |  matrix_o_73_V |    pointer   |
|matrix_o_73_V_write    | out |    1|   ap_fifo  |  matrix_o_73_V |    pointer   |
|matrix_o_74_V_din      | out |   16|   ap_fifo  |  matrix_o_74_V |    pointer   |
|matrix_o_74_V_full_n   |  in |    1|   ap_fifo  |  matrix_o_74_V |    pointer   |
|matrix_o_74_V_write    | out |    1|   ap_fifo  |  matrix_o_74_V |    pointer   |
|matrix_o_75_V_din      | out |   16|   ap_fifo  |  matrix_o_75_V |    pointer   |
|matrix_o_75_V_full_n   |  in |    1|   ap_fifo  |  matrix_o_75_V |    pointer   |
|matrix_o_75_V_write    | out |    1|   ap_fifo  |  matrix_o_75_V |    pointer   |
|matrix_o_76_V_din      | out |   16|   ap_fifo  |  matrix_o_76_V |    pointer   |
|matrix_o_76_V_full_n   |  in |    1|   ap_fifo  |  matrix_o_76_V |    pointer   |
|matrix_o_76_V_write    | out |    1|   ap_fifo  |  matrix_o_76_V |    pointer   |
|matrix_o_77_V_din      | out |   16|   ap_fifo  |  matrix_o_77_V |    pointer   |
|matrix_o_77_V_full_n   |  in |    1|   ap_fifo  |  matrix_o_77_V |    pointer   |
|matrix_o_77_V_write    | out |    1|   ap_fifo  |  matrix_o_77_V |    pointer   |
|matrix_o_78_V_din      | out |   16|   ap_fifo  |  matrix_o_78_V |    pointer   |
|matrix_o_78_V_full_n   |  in |    1|   ap_fifo  |  matrix_o_78_V |    pointer   |
|matrix_o_78_V_write    | out |    1|   ap_fifo  |  matrix_o_78_V |    pointer   |
|matrix_o_79_V_din      | out |   16|   ap_fifo  |  matrix_o_79_V |    pointer   |
|matrix_o_79_V_full_n   |  in |    1|   ap_fifo  |  matrix_o_79_V |    pointer   |
|matrix_o_79_V_write    | out |    1|   ap_fifo  |  matrix_o_79_V |    pointer   |
|matrix_o_80_V_din      | out |   16|   ap_fifo  |  matrix_o_80_V |    pointer   |
|matrix_o_80_V_full_n   |  in |    1|   ap_fifo  |  matrix_o_80_V |    pointer   |
|matrix_o_80_V_write    | out |    1|   ap_fifo  |  matrix_o_80_V |    pointer   |
|matrix_o_81_V_din      | out |   16|   ap_fifo  |  matrix_o_81_V |    pointer   |
|matrix_o_81_V_full_n   |  in |    1|   ap_fifo  |  matrix_o_81_V |    pointer   |
|matrix_o_81_V_write    | out |    1|   ap_fifo  |  matrix_o_81_V |    pointer   |
|matrix_o_82_V_din      | out |   16|   ap_fifo  |  matrix_o_82_V |    pointer   |
|matrix_o_82_V_full_n   |  in |    1|   ap_fifo  |  matrix_o_82_V |    pointer   |
|matrix_o_82_V_write    | out |    1|   ap_fifo  |  matrix_o_82_V |    pointer   |
|matrix_o_83_V_din      | out |   16|   ap_fifo  |  matrix_o_83_V |    pointer   |
|matrix_o_83_V_full_n   |  in |    1|   ap_fifo  |  matrix_o_83_V |    pointer   |
|matrix_o_83_V_write    | out |    1|   ap_fifo  |  matrix_o_83_V |    pointer   |
|matrix_o_84_V_din      | out |   16|   ap_fifo  |  matrix_o_84_V |    pointer   |
|matrix_o_84_V_full_n   |  in |    1|   ap_fifo  |  matrix_o_84_V |    pointer   |
|matrix_o_84_V_write    | out |    1|   ap_fifo  |  matrix_o_84_V |    pointer   |
|matrix_o_85_V_din      | out |   16|   ap_fifo  |  matrix_o_85_V |    pointer   |
|matrix_o_85_V_full_n   |  in |    1|   ap_fifo  |  matrix_o_85_V |    pointer   |
|matrix_o_85_V_write    | out |    1|   ap_fifo  |  matrix_o_85_V |    pointer   |
|matrix_o_86_V_din      | out |   16|   ap_fifo  |  matrix_o_86_V |    pointer   |
|matrix_o_86_V_full_n   |  in |    1|   ap_fifo  |  matrix_o_86_V |    pointer   |
|matrix_o_86_V_write    | out |    1|   ap_fifo  |  matrix_o_86_V |    pointer   |
|matrix_o_87_V_din      | out |   16|   ap_fifo  |  matrix_o_87_V |    pointer   |
|matrix_o_87_V_full_n   |  in |    1|   ap_fifo  |  matrix_o_87_V |    pointer   |
|matrix_o_87_V_write    | out |    1|   ap_fifo  |  matrix_o_87_V |    pointer   |
|matrix_o_88_V_din      | out |   16|   ap_fifo  |  matrix_o_88_V |    pointer   |
|matrix_o_88_V_full_n   |  in |    1|   ap_fifo  |  matrix_o_88_V |    pointer   |
|matrix_o_88_V_write    | out |    1|   ap_fifo  |  matrix_o_88_V |    pointer   |
|matrix_o_89_V_din      | out |   16|   ap_fifo  |  matrix_o_89_V |    pointer   |
|matrix_o_89_V_full_n   |  in |    1|   ap_fifo  |  matrix_o_89_V |    pointer   |
|matrix_o_89_V_write    | out |    1|   ap_fifo  |  matrix_o_89_V |    pointer   |
|matrix_o_90_V_din      | out |   16|   ap_fifo  |  matrix_o_90_V |    pointer   |
|matrix_o_90_V_full_n   |  in |    1|   ap_fifo  |  matrix_o_90_V |    pointer   |
|matrix_o_90_V_write    | out |    1|   ap_fifo  |  matrix_o_90_V |    pointer   |
|matrix_o_91_V_din      | out |   16|   ap_fifo  |  matrix_o_91_V |    pointer   |
|matrix_o_91_V_full_n   |  in |    1|   ap_fifo  |  matrix_o_91_V |    pointer   |
|matrix_o_91_V_write    | out |    1|   ap_fifo  |  matrix_o_91_V |    pointer   |
|matrix_o_92_V_din      | out |   16|   ap_fifo  |  matrix_o_92_V |    pointer   |
|matrix_o_92_V_full_n   |  in |    1|   ap_fifo  |  matrix_o_92_V |    pointer   |
|matrix_o_92_V_write    | out |    1|   ap_fifo  |  matrix_o_92_V |    pointer   |
|matrix_o_93_V_din      | out |   16|   ap_fifo  |  matrix_o_93_V |    pointer   |
|matrix_o_93_V_full_n   |  in |    1|   ap_fifo  |  matrix_o_93_V |    pointer   |
|matrix_o_93_V_write    | out |    1|   ap_fifo  |  matrix_o_93_V |    pointer   |
|matrix_o_94_V_din      | out |   16|   ap_fifo  |  matrix_o_94_V |    pointer   |
|matrix_o_94_V_full_n   |  in |    1|   ap_fifo  |  matrix_o_94_V |    pointer   |
|matrix_o_94_V_write    | out |    1|   ap_fifo  |  matrix_o_94_V |    pointer   |
|matrix_o_95_V_din      | out |   16|   ap_fifo  |  matrix_o_95_V |    pointer   |
|matrix_o_95_V_full_n   |  in |    1|   ap_fifo  |  matrix_o_95_V |    pointer   |
|matrix_o_95_V_write    | out |    1|   ap_fifo  |  matrix_o_95_V |    pointer   |
|matrix_o_96_V_din      | out |   16|   ap_fifo  |  matrix_o_96_V |    pointer   |
|matrix_o_96_V_full_n   |  in |    1|   ap_fifo  |  matrix_o_96_V |    pointer   |
|matrix_o_96_V_write    | out |    1|   ap_fifo  |  matrix_o_96_V |    pointer   |
|matrix_o_97_V_din      | out |   16|   ap_fifo  |  matrix_o_97_V |    pointer   |
|matrix_o_97_V_full_n   |  in |    1|   ap_fifo  |  matrix_o_97_V |    pointer   |
|matrix_o_97_V_write    | out |    1|   ap_fifo  |  matrix_o_97_V |    pointer   |
|matrix_o_98_V_din      | out |   16|   ap_fifo  |  matrix_o_98_V |    pointer   |
|matrix_o_98_V_full_n   |  in |    1|   ap_fifo  |  matrix_o_98_V |    pointer   |
|matrix_o_98_V_write    | out |    1|   ap_fifo  |  matrix_o_98_V |    pointer   |
|matrix_o_99_V_din      | out |   16|   ap_fifo  |  matrix_o_99_V |    pointer   |
|matrix_o_99_V_full_n   |  in |    1|   ap_fifo  |  matrix_o_99_V |    pointer   |
|matrix_o_99_V_write    | out |    1|   ap_fifo  |  matrix_o_99_V |    pointer   |
|matrix_o_100_V_din     | out |   16|   ap_fifo  | matrix_o_100_V |    pointer   |
|matrix_o_100_V_full_n  |  in |    1|   ap_fifo  | matrix_o_100_V |    pointer   |
|matrix_o_100_V_write   | out |    1|   ap_fifo  | matrix_o_100_V |    pointer   |
|matrix_o_101_V_din     | out |   16|   ap_fifo  | matrix_o_101_V |    pointer   |
|matrix_o_101_V_full_n  |  in |    1|   ap_fifo  | matrix_o_101_V |    pointer   |
|matrix_o_101_V_write   | out |    1|   ap_fifo  | matrix_o_101_V |    pointer   |
|matrix_o_102_V_din     | out |   16|   ap_fifo  | matrix_o_102_V |    pointer   |
|matrix_o_102_V_full_n  |  in |    1|   ap_fifo  | matrix_o_102_V |    pointer   |
|matrix_o_102_V_write   | out |    1|   ap_fifo  | matrix_o_102_V |    pointer   |
|matrix_o_103_V_din     | out |   16|   ap_fifo  | matrix_o_103_V |    pointer   |
|matrix_o_103_V_full_n  |  in |    1|   ap_fifo  | matrix_o_103_V |    pointer   |
|matrix_o_103_V_write   | out |    1|   ap_fifo  | matrix_o_103_V |    pointer   |
|matrix_o_104_V_din     | out |   16|   ap_fifo  | matrix_o_104_V |    pointer   |
|matrix_o_104_V_full_n  |  in |    1|   ap_fifo  | matrix_o_104_V |    pointer   |
|matrix_o_104_V_write   | out |    1|   ap_fifo  | matrix_o_104_V |    pointer   |
|matrix_o_105_V_din     | out |   16|   ap_fifo  | matrix_o_105_V |    pointer   |
|matrix_o_105_V_full_n  |  in |    1|   ap_fifo  | matrix_o_105_V |    pointer   |
|matrix_o_105_V_write   | out |    1|   ap_fifo  | matrix_o_105_V |    pointer   |
|matrix_o_106_V_din     | out |   16|   ap_fifo  | matrix_o_106_V |    pointer   |
|matrix_o_106_V_full_n  |  in |    1|   ap_fifo  | matrix_o_106_V |    pointer   |
|matrix_o_106_V_write   | out |    1|   ap_fifo  | matrix_o_106_V |    pointer   |
|matrix_o_107_V_din     | out |   16|   ap_fifo  | matrix_o_107_V |    pointer   |
|matrix_o_107_V_full_n  |  in |    1|   ap_fifo  | matrix_o_107_V |    pointer   |
|matrix_o_107_V_write   | out |    1|   ap_fifo  | matrix_o_107_V |    pointer   |
|matrix_o_108_V_din     | out |   16|   ap_fifo  | matrix_o_108_V |    pointer   |
|matrix_o_108_V_full_n  |  in |    1|   ap_fifo  | matrix_o_108_V |    pointer   |
|matrix_o_108_V_write   | out |    1|   ap_fifo  | matrix_o_108_V |    pointer   |
|matrix_o_109_V_din     | out |   16|   ap_fifo  | matrix_o_109_V |    pointer   |
|matrix_o_109_V_full_n  |  in |    1|   ap_fifo  | matrix_o_109_V |    pointer   |
|matrix_o_109_V_write   | out |    1|   ap_fifo  | matrix_o_109_V |    pointer   |
|matrix_o_110_V_din     | out |   16|   ap_fifo  | matrix_o_110_V |    pointer   |
|matrix_o_110_V_full_n  |  in |    1|   ap_fifo  | matrix_o_110_V |    pointer   |
|matrix_o_110_V_write   | out |    1|   ap_fifo  | matrix_o_110_V |    pointer   |
|matrix_o_111_V_din     | out |   16|   ap_fifo  | matrix_o_111_V |    pointer   |
|matrix_o_111_V_full_n  |  in |    1|   ap_fifo  | matrix_o_111_V |    pointer   |
|matrix_o_111_V_write   | out |    1|   ap_fifo  | matrix_o_111_V |    pointer   |
|matrix_o_112_V_din     | out |   16|   ap_fifo  | matrix_o_112_V |    pointer   |
|matrix_o_112_V_full_n  |  in |    1|   ap_fifo  | matrix_o_112_V |    pointer   |
|matrix_o_112_V_write   | out |    1|   ap_fifo  | matrix_o_112_V |    pointer   |
|matrix_o_113_V_din     | out |   16|   ap_fifo  | matrix_o_113_V |    pointer   |
|matrix_o_113_V_full_n  |  in |    1|   ap_fifo  | matrix_o_113_V |    pointer   |
|matrix_o_113_V_write   | out |    1|   ap_fifo  | matrix_o_113_V |    pointer   |
|matrix_o_114_V_din     | out |   16|   ap_fifo  | matrix_o_114_V |    pointer   |
|matrix_o_114_V_full_n  |  in |    1|   ap_fifo  | matrix_o_114_V |    pointer   |
|matrix_o_114_V_write   | out |    1|   ap_fifo  | matrix_o_114_V |    pointer   |
|matrix_o_115_V_din     | out |   16|   ap_fifo  | matrix_o_115_V |    pointer   |
|matrix_o_115_V_full_n  |  in |    1|   ap_fifo  | matrix_o_115_V |    pointer   |
|matrix_o_115_V_write   | out |    1|   ap_fifo  | matrix_o_115_V |    pointer   |
|matrix_o_116_V_din     | out |   16|   ap_fifo  | matrix_o_116_V |    pointer   |
|matrix_o_116_V_full_n  |  in |    1|   ap_fifo  | matrix_o_116_V |    pointer   |
|matrix_o_116_V_write   | out |    1|   ap_fifo  | matrix_o_116_V |    pointer   |
|matrix_o_117_V_din     | out |   16|   ap_fifo  | matrix_o_117_V |    pointer   |
|matrix_o_117_V_full_n  |  in |    1|   ap_fifo  | matrix_o_117_V |    pointer   |
|matrix_o_117_V_write   | out |    1|   ap_fifo  | matrix_o_117_V |    pointer   |
|matrix_o_118_V_din     | out |   16|   ap_fifo  | matrix_o_118_V |    pointer   |
|matrix_o_118_V_full_n  |  in |    1|   ap_fifo  | matrix_o_118_V |    pointer   |
|matrix_o_118_V_write   | out |    1|   ap_fifo  | matrix_o_118_V |    pointer   |
|matrix_o_119_V_din     | out |   16|   ap_fifo  | matrix_o_119_V |    pointer   |
|matrix_o_119_V_full_n  |  in |    1|   ap_fifo  | matrix_o_119_V |    pointer   |
|matrix_o_119_V_write   | out |    1|   ap_fifo  | matrix_o_119_V |    pointer   |
|matrix_o_120_V_din     | out |   16|   ap_fifo  | matrix_o_120_V |    pointer   |
|matrix_o_120_V_full_n  |  in |    1|   ap_fifo  | matrix_o_120_V |    pointer   |
|matrix_o_120_V_write   | out |    1|   ap_fifo  | matrix_o_120_V |    pointer   |
|matrix_o_121_V_din     | out |   16|   ap_fifo  | matrix_o_121_V |    pointer   |
|matrix_o_121_V_full_n  |  in |    1|   ap_fifo  | matrix_o_121_V |    pointer   |
|matrix_o_121_V_write   | out |    1|   ap_fifo  | matrix_o_121_V |    pointer   |
|matrix_o_122_V_din     | out |   16|   ap_fifo  | matrix_o_122_V |    pointer   |
|matrix_o_122_V_full_n  |  in |    1|   ap_fifo  | matrix_o_122_V |    pointer   |
|matrix_o_122_V_write   | out |    1|   ap_fifo  | matrix_o_122_V |    pointer   |
|matrix_o_123_V_din     | out |   16|   ap_fifo  | matrix_o_123_V |    pointer   |
|matrix_o_123_V_full_n  |  in |    1|   ap_fifo  | matrix_o_123_V |    pointer   |
|matrix_o_123_V_write   | out |    1|   ap_fifo  | matrix_o_123_V |    pointer   |
|matrix_o_124_V_din     | out |   16|   ap_fifo  | matrix_o_124_V |    pointer   |
|matrix_o_124_V_full_n  |  in |    1|   ap_fifo  | matrix_o_124_V |    pointer   |
|matrix_o_124_V_write   | out |    1|   ap_fifo  | matrix_o_124_V |    pointer   |
|matrix_o_125_V_din     | out |   16|   ap_fifo  | matrix_o_125_V |    pointer   |
|matrix_o_125_V_full_n  |  in |    1|   ap_fifo  | matrix_o_125_V |    pointer   |
|matrix_o_125_V_write   | out |    1|   ap_fifo  | matrix_o_125_V |    pointer   |
|matrix_o_126_V_din     | out |   16|   ap_fifo  | matrix_o_126_V |    pointer   |
|matrix_o_126_V_full_n  |  in |    1|   ap_fifo  | matrix_o_126_V |    pointer   |
|matrix_o_126_V_write   | out |    1|   ap_fifo  | matrix_o_126_V |    pointer   |
|matrix_o_127_V_din     | out |   16|   ap_fifo  | matrix_o_127_V |    pointer   |
|matrix_o_127_V_full_n  |  in |    1|   ap_fifo  | matrix_o_127_V |    pointer   |
|matrix_o_127_V_write   | out |    1|   ap_fifo  | matrix_o_127_V |    pointer   |
|ap_clk                 |  in |    1| ap_ctrl_hs |      fire2     | return value |
|ap_rst                 |  in |    1| ap_ctrl_hs |      fire2     | return value |
|ap_done                | out |    1| ap_ctrl_hs |      fire2     | return value |
|ap_start               |  in |    1| ap_ctrl_hs |      fire2     | return value |
|ap_idle                | out |    1| ap_ctrl_hs |      fire2     | return value |
|ap_ready               | out |    1| ap_ctrl_hs |      fire2     | return value |
+-----------------------+-----+-----+------------+----------------+--------------+

